1	2	57
 0.947027  0.094824 -0.306836  0.295247
-0.085109  0.995359   0.04492 -0.050362
 0.309671 -0.016426  0.950702 -0.372147
        0         0         0         1
2	3	57
 0.785546  0.171452 -0.594577  0.793138
-0.162245  0.984301  0.069477  0.275069
 0.597155   0.04189  0.801031  -1.33158
        0         0         0         1
3	4	57
    0.997 -0.020763 -0.074569  0.076379
-0.002721  0.953358 -0.301829  0.750277
 0.077358  0.301126  0.950441 -0.228417
       -0         0         0         1
1	3	57
 0.512426  0.285022 -0.810051   1.46423
-0.227721  0.954641  0.191844  0.145149
 0.827987  0.086159  0.554088  -1.42599
       -0         0         0         1
0	1	57
 0.922524 -0.059999  0.381247  0.053128
-0.096963  0.920125  0.379431 -0.204337
 -0.37356 -0.387001   0.84302   1.47568
        0         0         0         1
4	5	57
 0.949612 -0.107967  0.294245  0.318609
-0.00486999    0.9336  0.358285   -1.0193
 -0.31339 -0.341665  0.886032  0.948088
       -0        -0        -0         1
2	4	57
 0.757003  0.037077 -0.652358  0.970196
-0.225127  0.952059 -0.207128   1.10163
 0.613404   0.30366  0.729059   -1.4423
       -0         0         0         1
1	4	57
 0.512175  0.032913  -0.85825   1.72823
-0.268034  0.955485 -0.123313  0.951506
 0.815987  0.293198  0.498197  -1.45621
       -0         0         0         1
5	6	57
 0.996039 -0.041322  0.078733   0.93413
 0.024187  0.977979  0.207299  0.132224
-0.085565 -0.204573  0.975104  0.248028
        0         0         0         1
0	2	57
 0.965703 -0.090782  0.243261  0.435659
 0.020829  0.960953  0.275927 -0.504502
-0.258812 -0.261396  0.929886   1.29086
        0         0         0         1
4	6	57
 0.959599 -0.085101  0.268195   1.27079
-0.069753  0.851463  0.519755 -0.712208
 -0.27259 -0.517464  0.811126  0.588481
       -0        -0        -0         1
6	7	57
 0.770451  -0.27852 -0.573439   0.74191
 -0.15868  0.787417 -0.595647   1.19799
 0.617435   0.54991   0.56247   -1.7011
       -0         0         0         1
1	5	57
 0.744623  0.246351 -0.620361   1.18971
-0.202408  0.968975  0.141837  -0.27493
 0.636057  0.019951  0.771385  -1.03807
       -0         0         0         1
0	3	57
 0.920352  0.087908 -0.381083  0.864706
 0.005932   0.97116  0.238355 -0.557084
 0.391046 -0.221631  0.893287 -0.307522
        0         0         0         1
2	6	57
 0.940415  0.144424 -0.307833  0.424332
-0.047699  0.952395  0.301111 -0.310959
 0.336666 -0.268486  0.902536 -0.183497
        0         0         0         1
5	7	57
 0.875947  0.155144 -0.456778   0.72564
-0.240783  0.961101 -0.135305  0.702216
 0.418019  0.228505   0.87923  -1.42861
       -0         0         0         1
0	4	57
 0.899138  0.026729 -0.436849  0.928822
-0.013138  0.999332  0.034103  0.070209
 0.437468 -0.024924  0.898888 -0.523033
        0         0         0         1
1	6	57
 0.804073  0.226362 -0.549752   2.06805
-0.104008  0.963979  0.244799 -0.369943
 0.585363 -0.139658  0.798653 -0.308979
        0         0         0         1
4	7	57
 0.952731 -0.037485 -0.301494   1.17847
 0.057452  0.996683  0.057631  -1.18522
 0.298334 -0.072229  0.951725  -1.30632
        0         0        -0         1
3	7	57
 0.965561 -0.033655  -0.25799   1.15335
-0.033898  0.966873 -0.252996  0.175493
 0.257958  0.253029  0.932434  -1.73576
       -0         0         0         1
0	5	57
 0.987458  0.100362 -0.121874   0.74875
-0.085495  0.988886  0.121634 -0.563624
 0.132727 -0.109689  0.985064 -0.136801
        0         0         0         1
6	8	57
 0.975806 -0.041529 -0.214658  0.534203
-0.079883  0.846197 -0.526849  0.720894
 0.203522   0.53125  0.822406  -2.11663
       -0         0         0         1
2	7	57
 0.717045 -0.046574 -0.695469   2.31903
-0.254732  0.911239 -0.323658  0.573601
 0.648812  0.409236  0.641536  -2.39531
       -0         0         0         1
1	7	57
 0.267188  0.282399 -0.921337   2.74482
-0.376627  0.910651  0.169901   0.14652
 0.886996  0.301605  0.349674  -1.68351
       -0         0         0         1
5	8	57
  0.98805  0.001124 -0.154129  0.988123
-0.045193  0.958135 -0.282726  0.269956
 0.147359  0.286314  0.946737  -1.76914
       -0         0         0         1
4	8	57
 0.997329 -0.063085 -0.036808   1.33745
 0.064171  0.997515  0.029093  -1.28636
 0.034881 -0.031378  0.998899  -1.61146
        0         0        -0         1
1	8	57
 0.707306  0.049688 -0.705159   3.06773
-0.223163  0.962211 -0.156042 -0.366939
 0.670758  0.267734  0.691666  -1.77991
       -0         0         0         1
0	7	57
-0.224629 -0.062132  0.972462   1.44157
 0.008934 -0.998055 -0.061704   3.04572
 0.974403 -0.005173  0.224747 -0.960693
        0         0         0         1
1	9	57
 0.681947  0.163084 -0.712988   2.53408
-0.077758  0.985465  0.151036  0.014302
 0.727256 -0.047558  0.684716 -0.788275
        0         0         0         1
0	8	57
 0.892711   0.21005 -0.398681   2.22342
-0.215848  0.975939  0.030867 -0.937286
 0.395572  0.058499   0.91657  -1.68199
       -0         0         0         1
1	15	57
 0.972691  0.022146 -0.231045  0.199252
 0.074299  0.913349  0.400342 -0.557041
 0.219891 -0.406575  0.886761  0.575676
        0         0         0         1
6	15	57
 0.818777  0.540604 -0.193266  -1.16304
 0.555833 -0.830711  0.031138   2.38067
-0.143715 -0.132918 -0.980652   3.58093
        0         0         0         1
5	15	57
 0.926039 -0.232601  0.297234 -0.060791
  0.15704  0.953577  0.256963  -0.24438
-0.343205  -0.19128  0.919577   1.37629
        0         0         0         1
6	16	57
-0.572416  -0.67481 -0.465802   5.00827
-0.805405  0.569293  0.165011   1.75434
 0.153826  0.469614 -0.869368   1.56696
        0         0         0         1
5	16	57
 0.830828  0.134671  0.539989 -0.941318
 0.114959  0.907825 -0.403284  0.460518
-0.544526  0.397136  0.738765  0.867398
        0         0         0         1
2	17	57
 0.747177 -0.377162  0.547244 -0.761808
 0.300645   0.92613  0.227808 -0.629878
-0.592739 -0.005687  0.805374   1.34564
        0         0         0         1
5	17	57
-0.657665 -0.079147 -0.749141   5.61271
  0.40529  0.801096 -0.440437  0.352694
 0.634993 -0.593279 -0.494776   1.48538
        0         0         0         1
6	20	57
  0.59584  0.469737   -0.6514   1.35901
 0.536193 -0.836527 -0.112776   1.69334
-0.597889  -0.28208 -0.750307   4.41067
        0         0         0         1
6	21	57
 0.493543  0.313043 -0.811431   1.55247
 0.745153 -0.633332  0.208896  0.901082
-0.448512 -0.707739 -0.545841   5.15515
        0         0        -0         1
5	21	57
 0.543625 -0.221046 -0.809698   4.05905
 0.127348 -0.931806  0.339882   3.03472
-0.829611 -0.287882 -0.478404   4.40974
        0         0        -0         1
7	20	57
 0.093984 -0.684039  0.723366   1.67211
 0.284569  -0.67781 -0.677933   3.35416
 0.954037  0.269563  0.130953 -0.580067
        0         0         0         1
6	27	57
-0.871132  0.488454  0.050408   2.22355
-0.277797 -0.405567  -0.87083   5.48982
-0.404916 -0.772611  0.488994   2.61171
       -0        -0         0         1
5	31	57
-0.787791  0.291781  0.542448   2.48569
 0.254278 -0.648068  0.717879   1.22762
 0.561006  0.703471  0.436349  -2.00661
       -0         0         0         1
6	34	57
 0.903522 -0.414753  -0.10783  0.241409
 0.262395  0.734364 -0.625986   1.25843
 0.338816  0.537299  0.772343  -2.24105
       -0         0         0         1
6	36	57
 0.803335  0.154835 -0.575047   1.05997
-0.290067  0.945057 -0.150758   1.31501
 0.520109  0.287912   0.80411  -1.35647
       -0         0         0         1
3	40	57
 0.997542  0.021218 -0.066781  -1.34152
-0.013298  0.993057  0.116879  -0.33346
 0.068797 -0.115704  0.990898  -1.76931
        0         0         0         1
6	41	57
-0.740313  0.198924 -0.642158   3.46945
-0.670134 -0.294315  0.681395   1.87325
 -0.05345  0.934777  0.351191 -0.534271
        0         0         0         1
1	42	57
 0.578838  0.178143 -0.795746   2.66918
-0.265829   0.96376  0.022388  0.066788
 0.770897  0.198573  0.605216  -3.27186
       -0         0         0         1
2	42	57
 0.824418  0.207832 -0.526442   1.19807
-0.319347  0.938748 -0.129499  0.889413
 0.467282  0.274879  0.840291    -3.559
       -0         0         0         1
6	42	57
 0.848287 -0.360194 -0.388162   1.53479
 0.514536  0.387424  0.764954  -1.65901
-0.125149 -0.848624  0.513979   1.27604
        0        -0         0         1
4	42	57
 -0.11565 -0.502933  0.856553  0.429969
 0.455723 -0.793088 -0.404139   2.75046
 0.882577  0.343612  0.320919  -2.87488
       -0         0         0         1
3	42	57
 0.997163 -0.069496 -0.028902 -0.265497
 0.063182   0.98157 -0.180355 -0.062928
 0.040904  0.178017  0.983177  -2.47052
       -0         0         0         1
1	43	57
  0.70225 -0.307099 -0.642289   3.21021
-0.154858  0.814686 -0.558842   1.30249
 0.694884  0.491911  0.524557  -3.22468
       -0         0         0         1
4	43	57
 0.686652   -0.7264 -0.029193   2.14332
 0.355922  0.300889  0.884752  -2.20966
  -0.6339 -0.617907  0.465147   3.47491
        0        -0         0         1
6	43	57
 0.589089 -0.609499 -0.530553   1.96023
 0.785542   0.58589   0.19914  -2.83154
  0.18947 -0.534083  0.823928  0.509548
        0         0        -0         1
1	44	57
  0.551343   0.242509  -0.798255    2.36163
  0.727149   0.329383   0.602297   -1.08289
  0.408994  -0.912522 0.00526302    2.39462
         0          0          0          1
6	44	57
 0.855702  0.419443 -0.303054 -0.516522
 0.005169 -0.592545 -0.805521   3.40538
-0.517443  0.687719  -0.50921   2.62856
        0         0         0         1
7	41	57
-0.038341  0.239641  0.970104 -0.831169
 0.011319   0.97086 -0.239381 -0.525244
-0.999201  0.001802 -0.039936   4.08504
        0         0         0         1
1	45	57
-0.778528  0.060239  0.624712   3.36886
 0.200767 -0.919176  0.338833   3.05677
 0.594631  0.389213   0.70351   -3.0451
       -0         0         0         1
6	45	57
 0.559773 -0.618669 -0.551274   2.66578
 0.796864  0.584379  0.153327  -2.33427
 0.227294 -0.525119  0.820114  0.253129
        0         0        -0         1
5	45	57
 0.653334 -0.607103 -0.452306   3.00181
 0.757067  0.525546  0.388138   -2.0418
 0.002068 -0.596009  0.802975  0.922151
        0         0        -0         1
7	42	57
 0.940939 -0.038159  0.336419  -1.78272
 0.027953  0.998992   0.03513 -0.143763
 -0.33742 -0.023651  0.941057 0.0690339
       -0        -0        -0         1
6	46	57
 0.974248 -0.185822  0.127712 -0.394635
 0.222832   0.87999 -0.419479  0.480315
-0.034437  0.437135  0.898736  -1.65586
        0         0         0         1
1	48	57
-0.308653  0.066265 -0.948864   5.30576
-0.904003  -0.33069  0.270966   3.84792
-0.295824   0.94141  0.161972 -0.699287
        0         0         0         1
6	48	57
 0.047284  0.649057 -0.759269   1.01355
-0.879531 -0.333255 -0.339655   4.49473
-0.473486  0.683861  0.555108 -0.799745
       -0         0         0         1
6	51	57
-0.243678  0.844207 -0.477426   2.02607
-0.872912 -0.405437 -0.271379   4.51501
-0.422666  0.350621  0.835714 -0.220154
       -0         0        -0         1
6	52	57
 0.316493  0.830887 -0.457668  0.428124
  -0.7465  -0.07953 -0.660615   4.20777
-0.585294  0.550729  0.595087  0.233473
       -0         0         0         1
4	53	57
-0.804945   0.57554  0.144279   2.41065
-0.245897 -0.544872  0.801654   0.35658
 0.539997   0.60981  0.580116  -2.02637
       -0         0         0         1
5	53	57
-0.354268 -0.850491  0.388791   2.79979
-0.930306  0.362767 -0.054135   3.56627
-0.094999 -0.380873 -0.919734   4.67945
        0         0        -0         1
0	54	57
-0.728408  0.627344 -0.275428   3.91454
-0.601033 -0.392097  0.696433    1.0695
 0.328908  0.672829  0.662661  -1.81395
       -0         0         0         1
1	55	57
-0.065697  0.442019 -0.894596   4.50295
-0.961122 -0.268996 -0.062329   3.78388
-0.268194  0.855722  0.442507 -0.275814
       -0         0        -0         1
6	55	57
-0.341019  0.208513  -0.91664   4.36184
  0.75521  0.641418 -0.135055  0.479456
 0.559789 -0.738312 -0.376207   2.85993
        0         0         0         1
11	12	57
 0.995205 -0.058962  0.078042  0.131861
 0.064223  0.995703 -0.066709 -0.598687
-0.073773  0.071402  0.994716  0.174251
        0         0         0         1
10	11	57
 0.351746 -0.928536 -0.118723   3.19406
 0.894393  0.370795 -0.250142 -0.571781
 0.276288 -0.018199  0.960903 -0.609908
        0         0         0         1
12	13	57
 0.875533 -0.316743  0.364851  0.848631
 0.056322  0.816896  0.574028  0.265038
-0.479865 -0.482031  0.733059   2.15956
        0         0         0         1
13	14	57
 0.880994 -0.370495  0.294251  0.739723
   0.2866  0.912738  0.291153 -0.344952
-0.376445 -0.172171    0.9103   1.03233
       -0        -0        -0         1
14	15	57
 0.839597  0.517941  0.163749   -1.1717
 0.301122 -0.694664  0.653274  0.791029
 0.452108 -0.499179 -0.739201   2.01842
        0         0         0         1
12	14	57
 0.663888 -0.554708   0.50155   1.47036
 0.047011  0.700301  0.712298   0.69615
-0.746353 -0.449308  0.490999   2.49758
       -0        -0        -0         1
10	12	57
 0.907253  0.065513  0.415451 -0.060831
 0.235148   0.73997 -0.630198  0.027758
-0.348708  0.669442  0.655935 -0.435105
        0         0         0         1
14	16	57
 0.460734 -0.877967  0.129992   2.80612
 0.748279   0.30549 -0.588858 -0.299764
 0.477287  0.368577  0.797715  -1.74279
       -0         0         0         1
11	14	57
 0.465584 -0.502759  -0.72833   2.85882
 0.874678  0.386753  0.292165 -0.640417
 0.134795 -0.773082  0.619818   1.52414
        0         0        -0         1
13	16	57
 0.720708  0.254766  0.644729 -0.552103
 0.096567  0.884061 -0.457286  0.015404
-0.686481  0.391828  0.612548  0.801276
       -0         0         0         1
8	9	57
 0.745399  0.663942  0.059674 -0.968416
-0.473595  0.590436 -0.653523   2.42461
-0.469136  0.458874   0.75455  0.845395
        0         0         0         1
11	15	57
-0.963521  0.049491 -0.263016   4.09203
  0.00739 -0.977459 -0.210998   3.55788
-0.267529 -0.205245  0.941437   1.14668
        0         0         0         1
12	16	57
-0.769586  -0.06597  0.635126   3.79154
 0.159448 -0.982994  0.091102   4.00934
 0.618315   0.17138  0.767017  -1.84143
       -0         0         0         1
9	12	57
 0.513537  0.851193  0.108394  -1.48652
-0.840379  0.473405  0.263914   2.23666
 0.173327 -0.226622  0.958436  0.639849
        0         0         0         1
11	16	57
   -0.857121     0.194222    -0.477097      4.12241
    -0.16948    -0.980957    -0.094863      4.17432
   -0.486436 -0.000450998     0.873716      1.31788
           0           -0            0            1
12	17	57
 0.752778  0.656548 -0.047645  -0.53773
 0.496511 -0.518779  0.695949  0.974502
 0.432207 -0.547551 -0.716509   2.35507
        0         0         0         1
10	15	57
 0.016034 -0.983629 -0.179489   4.04016
 0.961359  0.064507 -0.267633 -0.337756
  0.27483 -0.168262  0.946656 -0.304809
        0         0         0         1
13	18	57
   0.920649   -0.168348    0.352228      1.2454
   0.176309    0.984288    0.009609    0.273583
  -0.348311    0.053255    0.935865 -0.00121498
         -0          -0           0           1
11	18	57
-0.012583 -0.968602  0.248298   3.65226
 0.984246 -0.055794 -0.167773  0.280249
 0.176359  0.242275  0.954044 -0.496902
       -0         0         0         1
13	19	57
 0.983533  0.078905 -0.162596   0.41062
-0.082785  0.996419 -0.017216  0.828229
 0.160656  0.030393  0.986542 -0.964601
       -0         0         0         1
11	19	57
 0.493691 -0.807467  0.322903   1.95346
 0.808593  0.289559 -0.512185  0.429058
 0.320073  0.513958  0.795864  -1.12266
       -0         0         0         1
9	15	57
-0.680278  0.698531  0.221982   1.16539
-0.573389 -0.695839  0.432473   3.79805
  0.45656  0.166919  0.873894 -0.671457
        0         0         0         1
14	20	57
 0.828304  0.239703 -0.506413   2.47878
-0.411932  0.873199 -0.260454   1.10889
 0.379768  0.424343  0.822016  -1.65748
       -0         0         0         1
13	20	57
 0.852208  0.475563   0.21813  -0.15875
-0.508675  0.850667  0.132724   1.34625
-0.122437 -0.224066  0.966852 -0.080002
        0        -0         0         1
12	20	57
 0.267343 -0.772723  0.575697     1.584
 0.849512 -0.092988  -0.51931   2.80003
 0.454816  0.627896  0.631577 -0.806486
       -0         0         0         1
11	20	57
-0.076331 -0.786417 -0.612962   3.60909
    0.794  0.323907  -0.51444  0.718762
 0.603107 -0.525959  0.599691 -0.181503
        0         0         0         1
9	16	57
-0.824646  0.545338 -0.150221   3.47367
-0.433875 -0.439429  0.786546   3.52003
 0.362922  0.713799  0.598982  -2.19125
        0         0         0         1
12	21	57
-0.216008 -0.935556 -0.279419   4.69743
 0.914005 -0.093096 -0.394876    2.5041
 0.343416 -0.340687  0.875213 -0.515506
        0         0        -0         1
11	21	57
-0.182714  0.924883 -0.333478  0.713923
-0.892375 -0.013647  0.451088   2.94827
 0.412652  0.380007  0.827836  -1.75704
       -0         0         0         1
9	17	57
 -0.64604  0.727409 -0.231319   2.94127
-0.730211 -0.677233 -0.090266   4.62607
-0.222317  0.110596  0.968681  0.509752
        0         0         0         1
11	22	57
-0.805873 -0.556025 -0.203482   4.85858
 0.529127  -0.83053  0.173909   2.63117
-0.265695   0.03248   0.96351  0.456033
       -0         0        -0         1
12	22	57
 0.390459 -0.677297  0.623547   1.84789
-0.858866 -0.511878 -0.018189   5.12759
 0.331499 -0.528441 -0.781574    3.2296
        0         0         0         1
9	18	57
 0.943777 -0.131529   0.30329  0.127322
 0.151155  0.987615 -0.042062 -0.527172
-0.294001  0.085541   0.95197   1.04411
        0         0         0         1
12	23	57
 0.848295 -0.434242 -0.303035   1.30604
 0.521314  0.785252  0.334082 -0.685844
 0.092886 -0.441377  0.892502  0.451898
        0         0        -0         1
9	19	57
 0.991767  0.067464 -0.108839 -0.004894
-0.064318  0.997411  0.032163  0.172105
 0.110727 -0.024898  0.993539 -0.032495
        0         0         0         1
10	22	57
-0.928816 -0.346724  0.130707    4.4951
-0.307698  0.918247  0.249287 -0.810367
-0.206455  0.191323 -0.959569   2.73417
        0         0         0         1
10	23	57
 0.960917 -0.256575  0.103958  0.467432
 0.275587  0.922198 -0.271299 -0.771403
-0.026261  0.289345  0.956865 -0.871596
        0         0         0         1
9	20	57
 0.993152 -0.116268 -0.011476   0.40433
 0.109017  0.957558 -0.266831  0.617554
 0.042013  0.263752  0.963675 -0.428181
       -0         0         0         1
12	25	57
 0.151979 -0.809801  0.566679   2.44752
 0.981882  0.058046 -0.180384 -0.237822
 0.113182  0.583827   0.80395  -1.83846
       -0         0         0         1
14	25	57
  0.84621  0.518854 -0.121319  -1.19244
-0.532022  0.810029 -0.246586   2.05799
 -0.02967  0.273208  0.961497  -1.16417
        0         0         0         1
13	25	57
 0.366384 -0.452029 -0.813285   4.30292
-0.421697 -0.859812  0.287915   4.66003
-0.829418  0.237472 -0.505641   3.33193
        0         0         0         1
10	24	57
-0.657999 -0.084003  0.748318   2.94696
-0.506563 -0.685909  -0.52242   4.59104
 0.557163 -0.722822  0.408775  0.328222
        0         0         0         1
9	21	57
   0.8002 -0.555733  -0.22548   1.87848
 0.593028  0.677133   0.43567  -1.05392
-0.089436 -0.482339  0.871407   0.91794
        0        -0         0         1
10	25	57
 0.91353 0.109982 -0.39162 0.709777
-0.159402 0.982545  -0.0959 0.537743
0.374237 0.150032 0.915116  -1.7742
      -0        0        0        1
12	26	57
-0.126337   0.00036  0.991987  0.523973
-0.990856  0.047693 -0.126211   4.33406
-0.047356 -0.998862 -0.005668   2.00181
        0         0        -0         1
8	16	57
 0.553792  0.565757  0.610928  -1.49246
-0.370561  0.824506 -0.427638   1.92656
-0.745653  0.010437  0.666253   3.33028
        0         0         0         1
14	26	57
 0.627143 -0.770185 -0.116221   2.37604
-0.745865 -0.636815  0.195325   4.34679
-0.224448 -0.035811 -0.973828   4.39085
        0        -0         0         1
11	26	57
-0.283991 -0.273045  0.919128   1.30675
-0.947937  0.224017 -0.226344   3.80881
-0.144098 -0.935555 -0.322448    2.7949
        0         0        -0         1
13	26	57
 0.536178 -0.575722 -0.617299   4.09293
-0.778565  -0.61984 -0.098159   5.59531
-0.326114  0.533237 -0.780581   2.62569
        0         0        -0         1
10	26	57
-0.411466 -0.764282 -0.496558   4.60216
 -0.88607  0.207825  0.414354    2.0698
-0.213486  0.610477  -0.76272   3.36015
        0         0         0         1
15	16	57
-0.896398   0.30252 -0.323963   4.14222
-0.279096 -0.953024 -0.117692   4.72492
-0.344348 -0.015082  0.938721  0.796401
        0        -0         0         1
11	27	57
 0.608495 -0.362935    0.7057 -0.766395
 0.764081  0.027833  -0.64452   1.27124
 0.214277  0.931399  0.294248 -0.818197
       -0         0         0         1
12	27	57
 0.237672    -0.777  -0.58291   4.49572
  0.83687 -0.140852  0.528971 -0.241681
-0.493114 -0.613541  0.616771   1.66187
       -0        -0        -0         1
14	27	57
-0.597223  0.084467 -0.797615   4.77946
 -0.55256 -0.764142  0.332813   2.84899
 -0.58138  0.639494  0.503036  0.821327
        0         0         0         1
13	27	57
 0.156793 -0.578124  0.800743  0.459191
-0.800217  0.400828  0.446082   2.25915
-0.578851  -0.71071 -0.399778   4.73808
        0         0        -0         1
10	27	57
 0.073668  0.048931  0.996082 -0.981115
-0.794914  0.606028   0.02902   2.41025
-0.602234 -0.793937  0.083541   3.49533
        0        -0         0         1
9	25	57
-0.878088  0.347592  0.328849   2.88912
-0.107871 -0.813355  0.571679   2.63984
 0.466182  0.466512  0.751692  -2.00715
       -0         0         0         1
15	20	57
 0.841726  0.264466 -0.470696   2.51895
-0.127251  0.944431   0.30308  0.654677
 0.524694 -0.195214  0.828606 -0.805736
        0         0         0         1
15	21	57
  0.76183  0.231346 -0.605057  0.507756
-0.345319  0.935307 -0.077174  0.716539
  0.54806  0.267731  0.792433  -1.91163
       -0         0         0         1
14	29	57
-0.994253  0.106818 -0.007139   4.45643
  0.10699  0.993776  -0.03102 -0.862528
 0.003781 -0.031606 -0.999493   4.10949
        0         0         0         1
15	22	57
-0.671823  0.669066 -0.317813    2.6458
-0.713353 -0.699961  0.034382   4.56567
-0.199452  0.249812   0.94753 -0.314835
        0         0         0         1
8	20	57
 0.997661  0.045936  0.050615   0.06823
 -0.06431  0.881716  0.467377  0.574095
-0.023159 -0.469538  0.882608   1.22253
        0         0         0         1
9	27	57
 0.644692 -0.621638  0.444904  0.678137
-0.303204  0.326322  0.895311 -0.218483
-0.701741 -0.712096  0.021894   4.01554
       -0        -0        -0         1
12	30	57
 -0.06406  0.858792 -0.508304   1.71464
 0.997726  0.044422 -0.050688  0.374427
 -0.02095 -0.510396 -0.859684   4.36414
        0         0        -0         1
11	30	57
-0.265913 -0.746366  0.610105   2.17934
  0.96371 -0.221272   0.14934  -0.02892
 0.023537  0.627675  0.778119  -1.45744
       -0         0         0         1
8	21	57
  0.99276 -0.077673  0.091623 -0.112185
 0.098083  0.964532 -0.245069  0.562752
-0.069338  0.252281  0.965167   0.15287
        0         0         0         1
12	31	57
-0.544267  0.826502  0.143763    2.1066
   -0.808 -0.562548  0.175145   4.37703
 0.225632 -0.020835   0.97399  -1.65497
        0         0         0         1
14	31	57
 0.434645 -0.796925 -0.419516   3.88897
-0.436823 -0.593903  0.675621   1.54907
-0.787572 -0.110401 -0.606253   4.03538
        0        -0         0         1
11	31	57
-0.576653 -0.716232 -0.393044    5.0194
 0.748602  -0.27054 -0.605312   1.72287
  0.32721 -0.643288   0.69218 -0.435197
        0         0        -0         1
10	31	57
-0.504685  0.714856  0.484019   0.92224
-0.852451  -0.32403 -0.410283   4.95305
-0.136457 -0.619666  0.772913  0.348866
       -0        -0         0         1
13	31	57
 -0.97043  0.135243 -0.199938   5.11062
-0.114728  0.470338  0.874997 -0.249324
 0.212376  0.872062 -0.440914 -0.347988
       -0         0        -0         1
15	26	57
-0.979892 -0.150736  0.130731   4.89359
 0.194396 -0.573558  0.795765  0.172503
-0.044969  0.805177  0.591327  0.186592
        0         0         0         1
9	29	57
 0.216318 -0.685499  0.695196  -0.15018
 0.594977  0.657117  0.462817    -1.262
-0.774086   0.31351  0.550003  0.962471
       -0        -0         0         1
11	32	57
 0.887557  0.313622 -0.337467  0.695776
-0.296824  0.949497  0.101744  0.505383
 0.352333  0.009864  0.935823  -1.71148
       -0         0         0         1
12	32	57
-0.529472 -0.847642  0.034094   4.59148
-0.150084  0.054041 -0.987195   4.53841
 0.834945  -0.52781 -0.155831  0.193166
        0         0         0         1
10	32	57
 0.340656  0.940024 -0.017587    0.1415
-0.874864  0.310081 -0.372104   3.68787
-0.344334  0.142146  0.928024 -0.645585
        0         0         0         1
14	32	57
 0.844658 -0.020579  0.534911 -0.042852
-0.392112  0.656479  0.644425   0.01855
-0.364419 -0.754064  0.546431   1.48682
       -0        -0        -0         1
13	32	57
 -0.74644 -0.384152  0.543372   2.94959
-0.272164 -0.568894 -0.776072   5.03301
 0.607251 -0.727177  0.320093 -0.111121
        0         0         0         1
15	27	57
 0.180682 -0.198156  0.963373  0.170882
 0.975202 -0.091187 -0.201656  -0.79919
 0.127806   0.97592  0.176767 -0.627338
       -0         0         0         1
9	30	57
 0.627245 -0.426212  0.651849  0.076639
 0.473593  0.873176  0.115209 -0.764138
-0.618282  0.236446  0.749546  0.475695
       -0        -0         0         1
11	33	57
  -0.4367  0.101198 -0.893897   4.58608
  0.89875  0.092437 -0.428606  0.869195
 0.039255 -0.990563 -0.131319   3.12211
        0         0         0         1
12	33	57
-0.216323 -0.855598 -0.470273   5.09507
 0.932552 -0.038468  -0.35898   2.49387
 0.289052  -0.51621  0.806211 -0.115137
        0         0        -0         1
10	33	57
-0.439323  0.896069  -0.06368  0.704488
-0.842209 -0.435504 -0.317837    5.1173
-0.312537 -0.086001  0.946005 -0.301924
        0        -0         0         1
14	33	57
 0.243323  0.063495 -0.967865   3.59224
 0.625001  0.752812  0.206513   -1.4193
 0.741733 -0.655166  0.143492  0.503107
        0         0         0         1
15	28	57
-0.010151  0.485782 -0.874021   3.57629
 0.996349  0.079008  0.032341     -1.52
 0.084765 -0.870502 -0.484811   4.50853
        0         0        -0         1
15	29	57
-0.906381 -0.380306  0.183958   3.68006
 0.402658 -0.645938   0.64856  0.028502
-0.127825  0.661915  0.738599  -1.39033
        0         0         0         1
9	31	57
  0.94592 -0.164056  0.279857  -0.46131
 0.192674  0.978172 -0.077822 -0.280678
-0.260982  0.127534  0.956882 -0.378801
        0         0         0         1
12	34	57
-0.178506  0.906288 -0.383116   1.37637
-0.892182  0.015103  0.451422   3.79272
 0.414905  0.422391  0.805878  -2.90814
       -0         0         0         1
11	34	57
 0.449985  -0.66862 -0.591997   3.26732
 0.615808  0.712409 -0.336533  -1.04108
 0.646757 -0.213121  0.732315  -1.96935
        0         0         0         1
10	34	57
 0.793216  0.314555 -0.521405  0.246756
-0.486067  0.842844 -0.230982   1.55878
 0.366807  0.436656  0.821452  -2.86737
       -0         0         0         1
12	35	57
   0.70814  -0.473436  -0.523828    2.72366
  0.684535   0.642177   0.344993  -0.833604
  0.173058  -0.602882   0.778835 -0.0977081
         0          0         -0          1
13	35	57
 0.526645  0.268924 -0.806427   2.19651
 -0.36041  0.929799  0.074696   0.86087
 0.769903  0.251306  0.586596  -2.34591
       -0         0         0         1
10	35	57
-0.185548 -0.833915  0.519766   3.78256
-0.486401 -0.381658 -0.785972   5.13899
 0.853807 -0.398651 -0.334801  0.684701
        0         0         0         1
12	36	57
 0.830131  0.495205  0.256233   0.13821
-0.526731  0.847218  0.069111   1.54437
-0.182862 -0.192337  0.964141 -0.801501
        0        -0         0         1
11	36	57
 0.125322  0.879749 -0.458625   1.52285
-0.399513  0.467882  0.788337  0.244429
 0.908121  0.084431  0.410107  -1.30806
       -0         0         0         1
10	36	57
-0.313522 -0.945742 -0.085303   4.32669
-0.129466  0.131566 -0.982817   3.63668
 0.940714 -0.297091  -0.16369  0.217781
        0         0        -0         1
11	37	57
 0.576281  0.105502  0.810413  -1.06553
 0.241354 -0.969373  -0.04543   2.94862
   0.7808  0.221777 -0.584095   2.52971
       -0         0        -0         1
12	37	57
 0.958785  0.196536  0.205196  -0.15149
-0.232509  0.957792  0.169036  0.450227
-0.163314 -0.209779  0.964013  -1.42778
        0        -0         0         1
15	33	57
-0.595959  0.022962 -0.802687   4.39684
 0.801961  0.068225 -0.593468   1.42004
 0.041136 -0.997406 -0.059074   2.73337
        0         0         0         1
13	37	57
 0.890427  -0.06301  0.450742 -0.190273
 0.137583    0.9813 -0.134614   0.01284
-0.433832  0.181878  0.882446  -1.11425
        0         0         0         1
9	34	57
 0.992918  0.094788  0.071621 -0.400619
-0.063136  0.931678 -0.357757   1.10872
-0.100639  0.350702  0.931064  -1.45633
       -0         0        -0         1
10	37	57
 0.740656  0.307271  0.597505  -1.08894
-0.00823699  0.893384 -0.449218   1.36179
-0.671834  0.327794  0.664222 -0.802508
       -0         0        -0         1
11	38	57
-0.420252  0.822453  0.383353   0.62906
-0.790313 -0.539338  0.290724   3.96153
 0.445863 -0.180792  0.876653  -1.13529
        0         0         0         1
12	38	57
-0.663506 0.735952 0.134663  1.73819
-0.680562 -0.66846 0.299994  4.30462
0.310798 0.107401 0.944389 -1.66855
      -0        0        0        1
10	38	57
 -0.563541  -0.825601  -0.028367    4.94036
  0.283206  -0.160826  -0.945478    3.30821
  0.776025   -0.54085   0.324448 -0.0697572
         0          0         -0          1
9	35	57
0.653485   0.5123 -0.55723 0.995319
-0.441747  0.85591 0.268844  1.04078
0.614668 0.070469 0.785632 -1.58838
      -0        0        0        1
12	39	57
 0.218667  0.971985  0.086196 -0.564123
 -0.97406  0.212151  0.078736   4.16417
 0.058244 -0.101177  0.993162 -0.857568
        0         0        -0         1
11	39	57
 0.189813  0.951305  0.242879 -0.542876
-0.973362  0.214731  -0.08036   3.42038
  -0.1286 -0.221156  0.966722  0.065412
        0        -0         0         1
10	39	57
 -0.289369  -0.810527  -0.509226    4.89372
  0.862492 0.00996401  -0.505973    1.46769
  0.415179  -0.585616    0.69619   0.435201
         0          0          0          1
15	35	57
 -0.85351 -0.206252 -0.478518   5.23457
-0.392291 -0.350098  0.850611   1.58731
-0.342969  0.913724  0.217901 -0.780411
       -0         0         0         1
11	40	57
 0.143021 -0.908769 -0.392026   3.82414
 0.816386 -0.115602  0.565819 -0.843145
-0.559517 -0.400968  0.725373   1.07842
       -0        -0        -0         1
13	40	57
-0.381702  0.711489  0.589989  0.679784
-0.270699  0.524276 -0.807376   3.34395
-0.883757 -0.467887 -0.007517   2.98036
        0         0        -0         1
10	40	57
-0.542875  0.727394 -0.419743   2.83466
 0.010521 -0.493875 -0.869469   4.32305
-0.839748 -0.476429   0.26046   2.77554
        0        -0         0         1
9	37	57
 0.705793 -0.598814 -0.378522    3.6119
 0.035928  0.563889 -0.825069   3.34736
 0.707507  0.568728  0.419502  -2.26935
       -0         0         0         1
11	41	57
 0.116834 -0.979921  0.161571   4.19823
 0.867241  0.179943  0.464234  -1.11251
-0.483986  0.085883  0.870851  0.078344
       -0        -0         0         1
9	39	57
 0.826815 -0.320071  0.462527  0.192178
 0.347821  0.937179  0.026767 -0.366771
-0.442038  0.138745  0.886201  0.611623
       -0        -0         0         1
11	42	57
 -0.13355  0.982262   0.13163 -0.114357
 0.485989 -0.050844  0.872485  -1.27443
 0.863701  0.180491 -0.470578   1.39336
       -0         0        -0         1
14	42	57
 0.230543  0.968797 -0.091003  0.588038
-0.972779  0.227211 -0.045559   3.80262
-0.023461   0.09903  0.994808  -2.39252
        0         0         0         1
15	40	57
 0.902707 -0.123054  0.412283 -0.411164
 0.420287  0.047128 -0.906166   2.48042
 0.092078   0.99128   0.09426  0.456272
       -0         0         0         1
9	40	57
-0.989009  0.138215 -0.052522   3.94657
-0.041138 -0.598419 -0.800127    4.3602
 -0.14202 -0.789172  0.597527   1.35659
        0        -0         0         1
15	41	57
 0.867573 -0.085317 -0.489937    1.4442
 0.486717  0.347925  0.801284 -0.931719
 0.102098 -0.933632  0.343375   2.32327
        0         0        -0         1
10	43	57
 0.565035  0.395612  0.724035  -1.97573
-0.766298  0.576898    0.2828   1.09162
-0.305816 -0.714619  0.629124   2.22947
        0        -0         0         1
9	41	57
 -0.98244 -0.186262    0.0109   4.76064
 0.178486 -0.955234 -0.235949   4.45044
 0.054361  -0.22986  0.971704 -0.377438
        0         0         0         1
15	42	57
 0.141192  0.959568  0.243505 -0.392971
 -0.51838  0.281213  -0.80759   4.30413
-0.843414 -0.012202  0.537126  0.847367
        0        -0         0         1
11	44	57
-0.643284   0.73099 -0.227681   2.78155
 -0.73604 -0.672318 -0.078949   5.34885
-0.210785  0.116796   0.97053    -1.164
       -0         0        -0         1
14	44	57
 0.996312  0.056338 -0.064715  -1.31562
 0.005374  0.711778  0.702384  -1.41101
 0.085634 -0.700141  0.708851  0.415375
        0         0         0         1
12	44	57
  0.03773 -0.893816 -0.446843   5.06099
 0.989371  -0.02943  0.142408  -1.01821
-0.140437 -0.447467  0.883205  0.116125
       -0        -0        -0         1
10	44	57
-0.552282 -0.833156 -0.028921   5.53104
  0.73284 -0.468662 -0.493256   1.80342
 0.397405 -0.293611  0.869403  -1.76771
        0         0        -0         1
15	43	57
-0.793562   -0.2139  0.569655    4.1886
 0.271123 -0.962407  0.016315   3.85524
  0.54475  0.167393  0.821722  -3.13343
       -0         0         0         1
15	44	57
-0.621512  0.772054 -0.132876   2.76614
-0.766767 -0.634269 -0.098851   5.33842
-0.160597  0.040448  0.986191   -1.3355
       -0         0        -0         1
11	45	57
-0.305686  0.577412  0.757068  0.184732
-0.945876  -0.09316  -0.31087   5.05063
-0.108972 -0.811121  0.574637   2.35834
       -0        -0         0         1
12	45	57
-0.410681 -0.908135  0.081435   5.61366
  0.53721 -0.313167 -0.783155   2.94328
 0.736713 -0.277879  0.616471  -1.62382
        0         0         0         1
13	45	57
 0.202743 -0.154024  0.967043 -0.732363
-0.846942  0.468107  0.252121   1.41934
-0.491512 -0.870145 -0.035544   4.35635
        0         0        -0         1
15	45	57
 0.376917  0.407048  0.832013  -1.40391
-0.924054  0.227017   0.30755   2.32626
-0.063693 -0.884746  0.461701   2.28359
        0        -0         0         1
11	46	57
 0.314341  0.251863  0.915289 -0.774639
-0.949087  0.104287  0.297251   3.16264
-0.020586 -0.962127  0.271822   2.27065
        0        -0         0         1
12	46	57
  0.23803  0.528284   0.81502 -0.925715
-0.943494 -0.073434  0.323151   4.46868
 0.230565 -0.845886  0.480953  0.910403
        0         0         0         1
14	46	57
 0.997486 -0.054674  0.045073  0.278832
 0.008499  0.723822  0.689934 -0.848614
-0.070346 -0.687817  0.722468  0.987133
       -0        -0        -0         1
10	46	57
-0.055902 -0.996933 -0.054765   4.53178
 0.656399  0.004635   -0.7544    2.4163
  0.75234  -0.07812  0.654127  -1.52201
        0         0         0         1
13	46	57
 0.924613 -0.380162  0.023827  0.063687
 0.211324  0.564005  0.798273  -0.87835
-0.316912 -0.733059  0.601824    2.0193
       -0        -0        -0         1
15	46	57
-0.567437 -0.033185  0.822748   1.55614
 0.819274 -0.122862  0.560085 -0.752766
 0.082498  0.991869  0.096904 -0.205655
       -0         0         0         1
15	47	57
-0.237053  0.127805  0.963053   1.18164
-0.963156  0.098699 -0.250177   3.21319
-0.127026 -0.986876  0.099699   2.99139
        0        -0         0         1
11	47	57
 -0.560086   0.340288   0.755319   0.105842
  -0.80179 0.00670701  -0.597568    4.14412
 -0.208411  -0.940297   0.269083    2.71695
         0         -0          0          1
14	47	57
-0.010316   -0.9904  0.137844   4.60502
-0.496274 -0.114605 -0.860568   5.12065
 0.868104 -0.077286 -0.490328  0.080911
        0         0         0         1
10	47	57
 0.985238  0.127291  0.114467  -0.68561
-0.168528  0.603769  0.779141  -1.09374
 0.030066 -0.786931  0.616309   1.19068
        0         0        -0         1
9	46	57
 0.414532 -0.562513 -0.715361   3.32961
 0.879612  0.449219  0.156474  -1.31377
 0.233335 -0.694105  0.681009  0.756349
        0         0        -0         1
15	48	57
 0.434301 -0.900678 -0.012686     2.911
 0.894574  0.432921  -0.11098 -0.848964
 0.105449   0.03685  0.993742  -2.52868
       -0         0         0         1
11	48	57
 -0.67204 -0.472364  0.570293   3.20527
 0.731822    -0.306  0.608933  0.528126
-0.113128  0.826581  0.551331   -1.8658
        0         0         0         1
9	47	57
   0.8413  -0.50053 -0.204166   2.58619
  0.50101  0.580161  0.642185  -1.64523
-0.202984  -0.64256   0.73886   1.14084
        0        -0         0         1
15	49	57
 0.285113  0.711071 -0.642719    1.7485
 0.950825  -0.12517  0.283309 -0.736118
 0.121004 -0.691889 -0.711792   3.76359
        0         0         0         1
10	49	57
 0.501751  -0.69862  0.510075   0.67904
 0.634934 -0.103017 -0.765668   2.72521
 0.587457  0.708038  0.391888   -1.2042
       -0         0         0         1
8	34	57
 0.985663 -0.052273  0.160424 -0.407833
 0.026676  0.987119   0.15775 -0.256698
-0.166604 -0.151208  0.974361 -0.048908
       -0        -0        -0         1
15	50	57
-0.988541 -0.052708  0.141452    3.7003
-0.131839  0.757856 -0.638962   2.95129
-0.073521 -0.650289 -0.756121   3.84954
        0         0        -0         1
9	48	57
 0.937984 -0.186873  0.292001 -0.640037
 0.095264  0.948793  0.301191 -0.661622
-0.333333 -0.254695  0.907755  -0.49614
       -0        -0        -0         1
11	51	57
 0.385598  0.794132 -0.469754   1.77311
 0.889832 -0.185458  0.416898 -0.277717
 0.243952 -0.578758 -0.778156   3.73712
        0         0         0         1
15	51	57
-0.950322  0.208045 -0.231529   4.71876
 0.308069  0.735033 -0.604003   1.54046
 0.044521 -0.645324  -0.76261   3.82247
        0         0         0         1
12	51	57
-0.406034  0.853319 -0.327081    2.5996
 0.902797  0.319032 -0.288401  0.938995
-0.141749 -0.412389 -0.899913   4.38729
        0         0        -0         1
11	52	57
 -0.61839   0.67665 -0.399672   3.96494
 0.774277  0.437553 -0.457213  0.778439
-0.134496 -0.592193 -0.794493   4.63009
        0         0        -0         1
15	53	57
 0.522294 -0.478153  0.706101 -0.778619
-0.852468 -0.270892  0.447119    2.8907
-0.022514 -0.835456 -0.549095   3.76226
        0         0        -0         1
11	53	57
 0.668213  0.617317 -0.415223  0.964713
 0.712529 -0.370491  0.595851  -1.70372
 0.213993 -0.694014 -0.687424   3.59931
        0         0         0         1
10	53	57
-0.777364 -0.287363  0.559579   1.70502
-0.493565  0.830138 -0.259353   2.92915
-0.389999   -0.4778 -0.787152   5.12618
        0         0        -0         1
9	51	57
 0.654724   -0.4588  0.600698 -0.058182
 0.352795  0.888326  0.293959 -0.249865
-0.668485  0.019461  0.743471  0.755032
       -0        -0         0         1
15	54	57
 0.435976  0.581855 -0.686564   2.05502
 0.875463 -0.097423  0.473364  -1.63198
 0.208543 -0.807436 -0.551867   3.22931
        0         0         0         1
12	54	57
 0.671449  0.716971 -0.187374   1.47766
 0.660678 -0.464649  0.589581  0.215873
  0.33565 -0.519668 -0.785675   3.61618
        0         0         0         1
10	54	57
 0.476129  0.473609 -0.740942   2.40543
-0.744521 -0.231275 -0.626259   5.11962
-0.467964  0.849827  0.242495  0.413241
       -0         0         0         1
11	55	57
 0.519859  0.638312 -0.567718   1.73712
 0.830242 -0.221075  0.511687 -0.480543
 0.201107 -0.737349 -0.644882   3.71918
        0         0         0         1
10	55	57
-0.277109  0.489005 -0.827094   3.90563
-0.738356 -0.659213  -0.14237   4.61601
 -0.61485  0.571237  0.543734  0.335846
       -0         0        -0         1
15	56	57
-0.254602  0.455851 -0.852864   4.25194
-0.959778 -0.227035   0.16517   3.37078
-0.118337  0.860613   0.49532  -1.33702
        0         0         0         1
11	56	57
-0.823382 -0.465751  0.324219   2.78587
 0.553015 -0.530332   0.64259    0.1489
-0.127343  0.708395  0.694233  -1.52177
        0         0         0         1
12	56	57
-0.764572 -0.568341  0.304002    2.9245
 0.584921  -0.41371  0.697647  0.040691
-0.270732  0.711219  0.648746  -1.39937
        0         0         0         1
14	56	57
-0.127308  0.440312 -0.888773   3.96324
-0.740187 -0.638645  -0.21037   4.16006
-0.660239  0.631076  0.407218 0.0581718
       -0         0        -0         1
10	56	57
 0.793213  0.265492 -0.548021   1.91988
-0.535789 -0.123395 -0.835287   4.92815
-0.289385  0.956184  0.044369  0.159801
       -0         0         0         1
17	18	57
 0.827037  0.261684 -0.497525  0.644714
-0.258729  0.962925  0.076386  0.391555
 0.499068   0.06555   0.86408 -0.771543
       -0         0         0         1
16	17	57
 0.909266  0.070278   0.41024 -0.062292
-0.241011  0.892486   0.38129   1.38706
-0.339337 -0.445566  0.828445   1.30645
        0         0         0         1
9	54	57
 0.640864 -0.416909  0.644578 -0.106293
 0.440934  0.887256  0.135478  0.189672
-0.628388  0.197393  0.752439 -0.085103
       -0        -0         0         1
18	19	57
 0.851151  0.303176 -0.428517  0.537142
-0.309875  0.949126  0.056013  0.804693
 0.423699  0.085111  0.901796  -1.18514
       -0         0         0         1
16	18	57
 0.954653  0.108223 -0.277354   1.13681
 0.083824  0.796202  0.599196  0.541544
 0.285677 -0.595274  0.751025  0.634172
        0         0         0         1
21	22	57
 0.598666  0.678668   0.42545 -0.914791
-0.712633  0.693793  -0.10395   1.80324
-0.365722 -0.240958  0.898992   1.53565
        0         0         0         1
19	20	57
 0.995962 -0.089758 -0.001695  0.933901
  0.08785  0.978328   -0.1875  0.024696
 0.018488  0.186594  0.982263 -0.620774
       -0         0         0         1
20	21	57
  0.99875 -0.021366  -0.04519  0.082109
-0.006563  0.840167 -0.542287  0.230449
 0.049553  0.541906  0.838977  -1.23367
       -0         0         0         1
17	19	57
  0.36474  0.516959 -0.774415   1.74603
-0.507072  0.807842  0.300448    0.9969
 0.780924  0.283099  0.556788  -1.51334
       -0         0         0         1
18	20	57
 0.889055  0.137949 -0.436522  0.852204
-0.208951  0.970682 -0.118813  0.450748
 0.407334  0.196843  0.891814  -1.26654
       -0         0         0         1
9	55	57
 0.049849  0.542735 -0.838424   3.04388
-0.585966    0.6957  0.415507   1.11168
 0.808801  0.470575  0.352704  -1.45832
       -0         0         0         1
8	39	57
-0.756771  0.064731 -0.650467   5.03675
-0.250461  0.890431  0.380003   1.19955
 0.603794  0.450492  -0.65764   1.61702
        0         0         0         1
16	19	57
 0.636458  0.496816 -0.589996   1.51386
 -0.07689  0.801983  0.592378  0.821607
  0.76747 -0.331658  0.548628 -0.880628
        0         0         0         1
17	20	57
      0.4  0.374611 -0.836461   2.68306
-0.499585  0.854266  0.143681  0.403651
 0.768385   0.36041  0.528857  -1.07093
       -0         0         0         1
20	22	57
 -0.74464  0.186017 -0.641022   4.17991
 0.194251  0.979206  0.058503  -1.50885
 0.638575 -0.080956  -0.76529     1.823
        0         0         0         1
18	21	57
 0.849079  -0.09132 -0.520313  0.437995
  0.43034  0.690823  0.581009  -1.36851
 0.306386 -0.717234  0.625862    0.6548
        0         0        -0         1
16	20	57
 0.684181  0.291882 -0.668357   2.75855
 0.033006   0.90309  0.428181  0.369054
 0.728565 -0.315013  0.608243 -0.378422
        0         0         0         1
17	22	57
-0.996243  0.016545 -0.085004   4.33685
 0.085728  0.327263 -0.941037   2.10137
 0.012249 -0.944789 -0.327452    4.5829
        0         0         0         1
16	21	57
-0.927927 -0.225122  0.297106   4.46047
 0.257788 -0.963267  0.075245   3.61603
 0.269253  0.146412  0.951875  -1.12704
       -0         0         0         1
8	40	57
 0.210012 -0.280513  0.936593 -0.527258
-0.007015    0.9575  0.288348  0.066128
-0.977674 -0.067126  0.199119   3.65812
       -0        -0        -0         1
16	22	57
-0.756297 -0.631329 -0.171575   5.95667
 0.561463 -0.760958  0.325121   2.53697
-0.335819  0.149555  0.929978  0.434322
        0         0         0         1
22	24	57
-0.524899  0.316791  0.790016   1.69447
 -0.19797 -0.948142  0.248664   4.22789
 0.827822 -0.025876  0.560394   -1.5731
        0         0         0         1
21	25	57
 0.959593 -0.104106  0.261426  -0.35767
-0.062815  0.826351  0.559641 -0.548681
-0.274291 -0.553449  0.786421    1.4964
       -0        -0        -0         1
18	25	57
  0.94201  0.259906 -0.212288  -1.28772
 -0.26886  0.963078  -0.01394  0.467229
 0.200827  0.070207  0.977108  -1.37821
       -0         0         0         1
22	25	57
-0.002856 -0.835145 -0.550022   4.76856
 0.999645  0.012194 -0.023706 -0.203079
 0.026505 -0.549894  0.834814  0.483623
        0         0         0         1
20	25	57
  0.96804 -0.042721  0.247131  -1.00722
 0.016446  0.994078  0.107422 -0.492565
-0.250257 -0.099924  0.963009  0.437714
       -0        -0        -0         1
17	25	57
0.621297 0.367086 -0.69227  1.46897
-0.407596 0.905945 0.114581 0.398743
0.669219 0.210978 0.712484  -1.9974
      -0        0        0        1
19	25	57
 0.961768 -0.015328  0.273435 -0.919489
 0.044438  0.993935 -0.100588  -0.47879
-0.270235  0.108893  0.956616  0.075892
        0         0         0         1
18	26	57
 0.929564 -0.260934   0.26043 -0.340031
 0.286331  0.955979 -0.064184 -0.632135
-0.232218  0.134232  0.963357  -1.16511
        0         0         0         1
21	26	57
-0.806724 -0.284191 -0.518104   5.45239
 0.456334  0.257439 -0.851754   2.10414
 0.375441 -0.923559 -0.077996   1.28535
        0         0        -0         1
22	26	57
-0.945944  0.203363 -0.252651   4.22949
 0.296943  0.229753 -0.926843   2.79505
-0.130438 -0.951765 -0.277721   2.83351
        0         0        -0         1
16	25	57
 0.844488  0.108544 -0.524459   1.38077
 0.157402  0.885702  0.436757 -0.444803
 0.511922 -0.451387   0.73088 -0.749505
        0         0         0         1
17	26	57
 0.954025  0.170917 -0.246218  0.686706
-0.185111  0.982075 -0.035528  0.134853
 0.235732  0.079472  0.968563  -1.70564
       -0         0         0         1
20	26	57
 0.627927 -0.435884  0.644758  -1.17121
 0.351404  0.897983  0.264843   -1.5402
-0.694423  0.060269  0.717039   1.43712
       -0        -0         0         1
19	26	57
 0.622659 -0.389906  0.678432 -0.858154
 0.438954  0.891793   0.10966  -1.59046
-0.647778  0.229519  0.726433  0.797896
       -0        -0         0         1
18	27	57
-0.858814  0.022424 -0.511797   5.42004
 0.335114 -0.731049 -0.594363    3.4433
-0.387477 -0.681957   0.62032   1.49954
        0        -0         0         1
22	27	57
-0.824224  0.116125 -0.554228   5.14592
-0.205534  -0.97335  0.101718   4.23899
-0.527646  0.197751  0.826126 -0.253881
        0         0         0         1
17	27	57
 0.997823  0.056744 -0.033618 -0.181985
-0.065383  0.918015 -0.391117  0.172864
 0.008669  0.392464  0.919727  -2.34969
       -0         0         0         1
21	27	57
-0.710006 -0.435912 -0.553057   5.91555
 0.623374 -0.023743 -0.781563   2.18511
 0.327562 -0.899676  0.288594   1.37764
        0         0        -0         1
16	26	57
 0.995464 -0.076553  0.056494 -0.329467
 0.033734  0.839207  0.542765 -0.345705
 -0.08896 -0.538397  0.837982 -0.168822
       -0        -0        -0         1
20	27	57
 0.474045  -0.12523   0.87155  -2.53828
 0.308921  0.950568 -0.031442  -1.78334
 -0.82453  0.284144  0.489298   1.91109
        0         0         0         1
19	27	57
-0.997876   0.00142  0.065123   4.16261
-0.042846 -0.767341 -0.639806   4.29354
 0.049063 -0.641237  0.765772  0.445157
        0         0         0         1
18	28	57
 0.052328 -0.433552  0.899608 -0.186533
 0.568332  0.753656  0.330154  -1.26315
-0.821134  0.493999  0.285839  0.132379
       -0        -0         0         1
17	28	57
 0.834624   0.26414 -0.483356   2.33265
-0.323158  0.945441  -0.04135  0.532102
 0.446062  0.190712  0.874447  -2.44491
       -0         0         0         1
22	28	57
  0.90528  0.353271 -0.235941  0.853499
  0.41773  -0.63924  0.645658   1.50737
  0.07727 -0.683061 -0.726263   5.04542
        0         0         0         1
18	29	57
-0.629085 -0.560599  0.538499   1.56413
 0.439466  0.314926  0.841244  -1.40409
-0.641188  0.765866  0.048249  0.959133
       -0        -0         0         1
17	29	57
 0.457299 -0.623614  0.634022   1.47137
 0.490308  0.771587  0.405278 -0.727846
 -0.74194  0.125533  0.658609  0.143639
       -0        -0         0         1
22	29	57
 0.794207  0.499379 -0.346202   1.33673
 0.604038  -0.71083  0.360359   1.95292
-0.066136 -0.495319  -0.86619   4.54708
        0         0        -0         1
19	29	57
 0.593547 -0.540955  0.595877   0.80027
 0.448767  0.837075   0.31291 -0.517246
-0.668064  0.081684  0.739607 -0.119976
       -0        -0         0         1
18	30	57
 0.582214 -0.498749  0.642088 -0.111178
 0.449711  0.855482   0.25673  -0.96715
-0.677338  0.139282  0.722366  0.493334
       -0        -0         0         1
17	30	57
 0.949381  0.174641 -0.261106   1.87168
-0.154447  0.983314  0.096122  0.010457
 0.273536  -0.05093  0.960513 -0.961312
        0         0         0         1
22	30	57
 0.937113  0.266112 -0.225838  0.580117
 0.344435 -0.809698  0.475135   1.86521
-0.056421 -0.523042 -0.850438   4.62017
        0         0        -0         1
8	44	57
 0.824736 -0.554118  0.112975  0.558761
-0.105258  0.045871  0.993386   0.47116
-0.555636 -0.831173 -0.020494   4.91788
        0         0        -0         1
19	30	57
 0.776728 -0.391874  0.493081  0.645442
 0.350336  0.919396  0.178817 -0.620823
-0.523411  0.033852  0.851408 -0.001142
       -0        -0         0         1
16	30	57
 0.996055  0.086279 -0.020722   1.24155
-0.059889  0.826004  0.560474  0.279061
 0.065473 -0.557022  0.827913 -0.349288
        0         0         0         1
18	31	57
-0.932134  0.006683  0.362053   2.14263
-0.121043  0.936568 -0.328922   2.43112
-0.341285 -0.350423 -0.872197   4.35941
        0         0        -0         1
17	31	57
 0.409948  0.471334 -0.780888   2.86441
-0.478306  0.840066  0.255953  0.437784
 0.776637  0.268576  0.569826  -1.83954
       -0         0         0         1
22	31	57
-0.209344  0.871642  0.443187  0.713616
-0.823632 -0.401477  0.400558   2.71898
 0.527073 -0.281169  0.801959  -1.27275
        0         0         0         1
21	31	57
-0.961897   0.26692 -0.059224   3.69745
 0.246934  0.941112  0.230936  0.323119
 0.117378  0.207512 -0.971165   4.23822
       -0         0        -0         1
16	31	57
 0.815772  0.110223 -0.567773   2.28486
 0.212883  0.855535  0.471955 -0.250401
  0.53777 -0.505877  0.674457  -0.92441
        0         0         0         1
19	31	57
 0.969411 -0.103882  0.222374  0.378685
 0.127932  0.987068 -0.096597  0.128676
-0.209463  0.122091  0.970164  -1.11522
        0         0         0         1
20	31	57
  0.98114  0.029109  0.191092   -1.4922
 -0.07696  0.965689  0.248037 -0.135154
-0.177316 -0.258065  0.949717   0.38094
        0        -0         0         1
18	32	57
  0.98102 -0.181249 -0.068917  0.338294
 0.186554  0.785237  0.590424  -1.29377
-0.052897 -0.592074  0.804145 0.0343581
        0        -0         0         1
8	45	57
 0.595297 -0.738211  -0.31728   2.60112
 0.669227  0.236982  0.704255  -1.40601
-0.444699 -0.631573  0.635105   3.47222
        0        -0         0         1
16	32	57
-0.830754 -0.472948  0.293544   3.65748
-0.458383  0.880442  0.121277  0.849145
-0.315806 -0.033805 -0.948221   4.69566
        0        -0         0         1
22	33	57
-0.086127 -0.995948 -0.025893   4.46743
 0.991609 -0.088208  0.094505   1.20293
-0.096406 -0.017536  0.995188  -1.25759
       -0        -0        -0         1
21	33	57
  0.99688  0.035868  0.070305  0.476778
-0.046946   0.98553  0.162872 -0.507475
-0.063446 -0.165664  0.984139 -0.318762
        0        -0         0         1
16	33	57
 0.955296  0.287028 -0.070878  0.835277
 0.071113  0.009618  0.997422 -0.060493
  0.28697 -0.957874 -0.011223   2.45954
        0         0         0         1
17	34	57
 0.513605  0.178466 -0.839261    3.0411
-0.470283  0.876674 -0.101378  0.417538
 0.717666  0.446759  0.534194  -2.56501
       -0         0         0         1
8	46	57
 0.462827 -0.634384 -0.619151    2.6646
 0.823839   0.04999  0.564615 -0.563325
-0.327232   -0.7714  0.545767   3.21044
        0        -0         0         1
22	34	57
-0.562785  0.777429  0.280851   1.17019
-0.550701 -0.606016  0.573998   2.86558
 0.616442  0.168373  0.769188  -2.40944
       -0         0         0         1
16	34	57
 0.662138  0.184386 -0.726343   2.24628
-0.043924   0.97714  0.208011 -0.281398
 0.748093 -0.105829  0.655101  -2.07719
        0         0         0         1
21	34	57
 0.487066 -0.177644 -0.855108   3.69918
-0.404085 -0.913832 -0.040322    4.2088
-0.774262  0.365176  -0.51688   4.78094
        0         0        -0         1
19	34	57
 0.998561  0.009958  0.052686  0.155993
 0.016586  0.877044 -0.480123  0.497047
-0.050988  0.480306  0.875618  -2.21569
       -0         0         0         1
17	35	57
0.819764 0.234612 -0.52244  1.33666
-0.361878 0.919246 -0.15502 0.625142
0.443882  0.31614 0.838466 -1.72534
      -0        0        0        1
16	35	57
 0.996311  0.064295 -0.056844   1.70664
-0.036274  0.915779  0.400041  0.153295
 0.077777 -0.396503  0.914733 -0.198079
        0         0         0         1
20	34	57
 0.998015 -0.028404  0.056201 -0.788701
 0.042414  0.962893 -0.266531 -0.172603
-0.046545  0.268386  0.962186  -1.39587
        0         0         0         1
17	36	57
0.201164 0.686988 -0.69827  2.25114
-0.639224 0.632209 0.437841 0.467995
0.742244 0.358273 0.566317  -1.2919
      -0        0        0        1
22	36	57
 0.300401 -0.127817  -0.94521   3.41767
 0.505032  0.861981  0.043944  0.036271
 0.809137 -0.490562  0.323492  -0.17365
        0         0        -0         1
19	36	57
 0.868581  0.247882 -0.429094   1.42731
-0.257847  0.965521  0.035831  0.374515
 0.423181  0.079518  0.902549  -1.36904
       -0         0         0         1
22	37	57
 0.448237  0.088404 -0.889532     3.228
  0.32233  0.912171  0.253076 -0.427229
 0.833779 -0.400161  0.380374 -0.695295
        0         0         0         1
16	37	57
 0.370089  0.333383 -0.867116   3.92313
-0.020977  0.936151  0.350972 -0.248291
  0.92876 -0.111702  0.353452   -1.1449
        0         0         0         1
22	39	57
 0.700267  -0.61269 -0.366384     2.831
 0.680465  0.417688  0.602083  -1.44131
-0.215856 -0.670931  0.709407   1.72075
        0        -0         0         1
21	39	57
 -0.90655 -0.188127  0.377857   3.37472
 0.099189 -0.965064 -0.242512   4.04144
 0.410279  -0.18237  0.893539 -0.455691
        0         0         0         1
18	40	57
-0.609547  0.733701 -0.300225   2.43701
-0.791788 -0.582109   0.18499   3.34106
-0.039036  0.350474  0.935758  -1.38901
        0         0         0         1
22	40	57
  0.376591  -0.926379 0.00151402    2.84602
  0.451919    0.18514   0.872635  -0.922717
 -0.808671  -0.327942    0.48837    2.08998
        -0         -0         -0          1
16	40	57
-0.591738 -0.019743 -0.805889   6.28319
-0.797365  -0.13269  0.588729   2.72825
-0.118557  0.990961  0.062775   1.42833
       -0         0         0         1
21	40	57
-0.568439  0.691944 -0.445074   3.38006
-0.689141 -0.104955  0.716986   2.34392
 0.449402  0.714281  0.536508  -0.20912
       -0         0         0         1
22	41	57
 0.084954 -0.939459  0.331964   3.70437
 0.658323  0.303012  0.689053  -1.68596
-0.747926  0.160002   0.64421  0.944064
       -0        -0         0         1
20	40	57
 -0.98408  0.021523 -0.176415   3.97569
 0.101659 -0.746043 -0.658092   3.45906
-0.145778  -0.66555  0.731978   1.00651
        0        -0         0         1
20	41	57
 0.804094 -0.333496  0.492152  -1.06435
-0.202093  0.625204  0.753842  -1.32611
-0.559099  -0.70562  0.435325   3.99462
       -0        -0        -0         1
17	43	57
-0.375536  0.774697  0.508741 -0.592217
 0.033328   0.55985 -0.827923   2.08442
-0.926209 -0.293959 -0.236063   5.90105
        0        -0         0         1
21	43	57
 0.761277  -0.27958  0.585057  -1.03062
-0.524978  0.263847  0.809186   1.35632
-0.380598 -0.923158  0.054088    5.0541
       -0        -0        -0         1
17	44	57
-0.777303  0.255432 -0.574939   5.52967
  0.12701 -0.831339 -0.541058   4.03894
-0.616173 -0.493589   0.61376   2.48508
        0        -0         0         1
18	44	57
 0.965299 -0.243535  0.094282 -0.799762
 0.184341   0.89116   0.41455  -1.92913
-0.184978 -0.382785  0.905129 -0.172013
       -0        -0        -0         1
22	44	57
-0.984608 -0.155116  0.080534   4.57836
-0.173553  0.922152  -0.34571   2.07169
-0.020639 -0.354366 -0.934879   5.21345
        0         0        -0         1
16	44	57
  -0.904361   -0.259062    0.339144     4.40198
   0.324251     0.09958    0.940715   -0.129507
  -0.277476    0.960714 -0.00605499    0.765702
          0           0           0           1
21	44	57
 0.829685  0.146626  0.538631   -2.2183
-0.232577  0.967951  0.094756 -0.068625
-0.507475  -0.20389  0.837196   1.30761
        0        -0         0         1
17	45	57
-0.941648  0.085622  0.325528   4.50097
-0.170258 -0.955423 -0.241203   4.66588
 0.290365 -0.282552   0.91425 -0.632829
        0         0         0         1
8	53	57
 0.098179  0.950148  -0.29594  0.710217
-0.993843   0.07827 -0.078416   4.67108
-0.051344  0.301817  0.951982 -0.391996
        0         0         0         1
22	45	57
-0.155139 -0.261707 -0.952597   4.75632
 0.957002 -0.279062  -0.07919  0.789237
-0.245109 -0.923923  0.293748    3.4308
        0        -0         0         1
16	45	57
 0.238156 -0.065119 -0.969041   4.18598
 0.970094   0.06412  0.234106  -1.02231
 0.046891 -0.995815  0.078443   3.31388
        0         0        -0         1
21	45	57
 0.705291  -0.65557 -0.269801   1.82942
 0.482177   0.16462  0.860468  -1.63048
-0.519683 -0.736972  0.432206   4.17129
        0        -0         0         1
20	45	57
-0.00663801 -0.750403 -0.660948   4.50817
 0.947431   0.20672 -0.244214  -1.83455
  0.31989 -0.627824  0.709583  0.719318
        0         0         0         1
18	46	57
-0.948042  -0.09007  0.305128   2.42818
 -0.09891 -0.828115 -0.551763   4.38443
 0.302378 -0.553275  0.776179 -0.325982
        0         0         0         1
22	46	57
 0.453294  0.131587  0.881595 -0.240919
-0.837287 -0.276384  0.471765   4.56462
 0.305737 -0.951996 -0.015107   1.86159
        0         0         0         1
17	46	57
-0.951338 -0.055543 -0.303103   5.11183
 0.190286 -0.879567 -0.436066   3.38985
-0.242379 -0.472522  0.847334  0.821082
        0        -0         0         1
16	46	57
 0.756632  0.216017 -0.617126    1.6798
 0.644639 -0.088667  0.759327 -0.620053
 0.109309 -0.972355 -0.206342   2.82138
        0         0         0         1
19	46	57
 0.716009 -0.586139 -0.379173   1.99005
 0.628393  0.304583  0.715787  -1.64663
-0.304061  -0.75078   0.58641   2.46073
        0        -0         0         1
21	46	57
  0.96414 -0.013271  0.265062 -0.658859
-0.040297  0.979849  0.195634 -0.366891
-0.262317   -0.1993  0.944177  0.389907
       -0        -0        -0         1
20	46	57
 0.764561  -0.55038 -0.335451   1.16476
 0.576765   0.35187  0.737245  -2.15062
 -0.28773 -0.757145  0.586466   2.44042
        0        -0         0         1
17	47	57
-0.784593 -0.030598 -0.619256   5.34894
 0.343043 -0.853401 -0.392465   3.21395
-0.516465 -0.520356  0.680069   2.11823
        0        -0         0         1
16	47	57
 0.615353  0.323777  0.718686 -0.840691
-0.768191  0.041941  0.638846   1.68188
 0.176701 -0.945203  0.274531   2.16908
        0         0        -0         1
22	47	57
-0.025551 -0.965973 -0.257378   5.55368
 0.487976  0.212653 -0.846557   2.16961
 0.872483 -0.147225  0.465938    -1.713
        0         0         0         1
20	47	57
 0.818128 -0.518865 -0.247882    1.8341
  0.49136  0.406859  0.770086  -2.44757
-0.298718 -0.751828  0.587812   2.16388
        0        -0         0         1
16	49	57
 0.914373 -0.389265   0.11133  0.723168
 0.375179  0.711285 -0.594403   2.12725
 0.152193  0.585275  0.796424  -1.61229
       -0         0         0         1
22	49	57
-0.950196 -0.242971  0.195172    3.8458
 0.294776 -0.497391   0.81591  0.959802
-0.101166  0.832807  0.544241 -0.757849
        0         0         0         1
20	48	57
 0.880765 -0.047643   0.47115  -2.38953
 0.075269  0.996362 -0.039956 -0.473441
-0.467533  0.070655  0.881148 -0.357172
        0         0         0         1
18	50	57
 0.939496   0.28464 -0.190599  0.258879
-0.245263  0.947353  0.205834   1.54705
 0.239153 -0.146634  0.959846  -2.04106
        0         0         0         1
21	50	57
 0.570387  0.815745 -0.096013  0.763507
-0.787603   0.51001  -0.34579   3.80666
-0.233109  0.272855  0.933387 -0.770714
        0         0         0         1
23	25	57
 0.551103 -0.399697   0.73248  0.778479
 0.180039  0.914095  0.363342 -0.581609
-0.814783 -0.068364  0.575722   0.87797
       -0        -0        -0         1
18	51	57
 0.382308 -0.576115  0.722449  -0.54742
 0.561651  0.765719  0.313404 -0.238861
 -0.73375  0.285947  0.616316  0.215491
       -0        -0         0         1
17	51	57
  0.36364 -0.602301  0.710633  0.255122
-0.529478 -0.761287 -0.374293   4.06016
 0.766433 -0.240157 -0.595739   2.34042
        0         0         0         1
22	51	57
 0.708594  0.532191 -0.463322   1.49491
 0.692959 -0.648662  0.314715   1.02874
-0.133051 -0.544068 -0.828425   4.44014
        0         0        -0         1
18	52	57
 0.999243  0.026588  0.028407 -0.292436
-0.029113  0.995287  0.092497   1.22847
-0.025814 -0.093254  0.995308  -1.89978
        0        -0         0         1
17	53	57
0.583323 0.477555 -0.65702  3.30374
-0.440389 0.865633 0.238194  1.41257
0.682489 0.150401 0.715254 -2.28247
      -0        0        0        1
18	53	57
  0.99639 -0.041494  0.074056 -0.328634
 0.038045  0.998151  0.047401   1.29229
-0.075886 -0.044412  0.996127  -2.10952
       -0        -0        -0         1
22	53	57
  0.39929   0.66809 -0.627872      2.65
 0.895761 -0.430232  0.111861  0.396049
-0.195397 -0.607088 -0.770237   4.80467
        0         0        -0         1
20	52	57
 0.447379 -0.020416  0.894111  -1.77837
  0.89419 -0.008376  -0.44761  0.581369
 0.016627  0.999756  0.014509  0.375064
       -0         0         0         1
23	27	57
-0.364436  0.448306 -0.816216   4.26488
 0.921587  0.299427 -0.247023  0.633667
 0.133655 -0.842238 -0.522275   3.80959
        0         0         0         1
17	54	57
 0.371679 -0.561671  0.739175  0.429149
 0.525788  0.783564  0.331019 -0.511873
-0.765115  0.265617  0.586555  0.515429
       -0        -0         0         1
18	54	57
-0.071012 -0.517998  0.852429 -0.112919
 0.607689  0.655217  0.448781 -0.656761
-0.790994  0.549881  0.268253  0.824696
       -0        -0         0         1
22	54	57
-0.475962  0.620885 -0.622866   3.61359
 0.832413  0.089489 -0.546883   1.94183
-0.283812 -0.778777 -0.559426   4.52128
        0         0        -0         1
17	55	57
-0.289816 -0.591218  0.752641   1.79644
-0.520745 -0.562391 -0.642293   4.60999
 0.803014 -0.578081 -0.144884   1.66822
        0         0         0         1
18	55	57
-0.035887   -0.5404  0.840643 -0.106926
 0.593101  0.665507  0.453135 -0.561991
-0.804328  0.514848  0.296628  0.577198
       -0        -0         0         1
22	55	57
 0.988336  0.113254  0.101813   0.23789
 0.029579 -0.798568  0.601177   1.96582
  0.14939 -0.591153 -0.792604   4.00366
        0         0         0         1
16	55	57
 0.855529  0.484858 -0.181611  0.671079
 0.457223 -0.542922  0.704403   0.43771
 0.242934 -0.685674 -0.686174   3.61802
        0         0         0         1
16	56	57
-0.438927  0.207642 -0.874201   6.02471
-0.895889 -0.026699  0.443474    2.8759
 0.068743   0.97784  0.197744 -0.721839
       -0         0         0         1
22	56	57
-0.862307 -0.194131  0.467696   3.18417
 -0.50144  0.198585 -0.842094   5.38328
 0.070599 -0.960665 -0.268586   3.90829
        0         0         0         1
24	25	57
 0.786688 -0.248417  0.565165  0.392696
   0.2775  0.960061  0.035723 -0.512276
-0.551467   0.12873  0.824204  0.112643
       -0        -0         0         1
25	26	57
 0.798304 -0.305213  0.519187 -0.075766
 0.270052  0.951957  0.144391 -0.638943
-0.538314  0.024939  0.842375  0.929605
       -0        -0         0         1
26	27	57
 0.996741  0.000138  0.080665  -0.15756
  0.02601  0.946035 -0.323019 -0.091951
-0.076356  0.324065  0.942948  -0.65403
       -0         0         0         1
28	29	57
 0.964121  0.253645 -0.078323  0.541295
-0.209876  0.908969  0.360176  0.517422
 0.162551 -0.330815  0.929591  0.559027
        0         0         0         1
29	30	57
 0.749601  0.406833 -0.522097  0.254926
-0.385295  0.909583  0.155586  0.011602
 0.538188  0.084534  0.838575 -0.293351
        0         0         0         1
20	56	57
-0.577109  0.766998 -0.280463   2.21556
-0.816479 -0.534519   0.21829   2.98516
 0.017515   0.35497  0.934714  -1.35322
       -0         0         0         1
24	26	57
 0.288194 -0.440063  0.850464  0.609026
 0.446862  0.847314  0.287006  -1.20068
-0.846911  0.297327  0.440839   1.17841
       -0        -0         0         1
25	27	57
 0.645903 -0.069689  0.760232 -0.503687
 0.261178  0.955906 -0.134273 -0.790025
-0.717353  0.285283  0.635624  0.911461
        0         0         0         1
30	31	57
 0.787929  0.335008  -0.51666    1.0056
-0.403771  0.914577 -0.022747  0.643634
 0.464905  0.226536  0.855888 -0.905319
       -0         0         0         1
23	32	57
  -0.931836    -0.36288 0.000501998     4.66229
   0.346384   -0.889885   -0.296855     3.94903
    0.10817   -0.276446    0.954923   -0.597777
          0           0           0           1
23	33	57
   0.762537    0.315293    0.564914 0.000810012
  -0.634459    0.193733    0.748284     0.32026
   0.126486   -0.929009    0.347769     2.14849
          0           0          -0           1
27	31	57
 0.621227  0.376457 -0.687283   2.71381
-0.075289  0.901665  0.425831  0.500698
 0.780006 -0.212793  0.588481  0.327931
        0         0         0         1
30	33	57
 0.837282  0.040796 -0.545248   1.68627
-0.377946  0.763802 -0.523224  0.620559
 0.395116   0.64416  0.654936  -1.59449
       -0         0         0         1
23	34	57
  0.60683  0.037541 -0.793945   1.55362
-0.199229   0.97418 -0.106211  0.324577
 0.769458  0.222629  0.598641  -2.95922
       -0         0         0         1
25	30	57
 0.821901 -0.338477  0.458163  0.862402
 0.221102  0.930816  0.291024 -0.148181
 -0.52497 -0.137892  0.839876  0.822906
       -0        -0        -0         1
26	31	57
 0.776141  0.304248 -0.552303   2.41748
-0.317761  0.945265  0.074177  0.643701
 0.544641  0.117928  0.830337 -0.459835
        0         0         0         1
25	31	57
 0.997155  0.012014 -0.074412   1.35377
-0.009678  0.999451  0.031683  0.541013
 0.074752 -0.030873  0.996724 -0.768368
        0         0         0         1
27	33	57
 0.905092  0.021805 -0.424657   1.79776
-0.138182  0.959563 -0.245243  0.745091
 0.402138  0.280647  0.871506  -1.06839
        0         0         0         1
30	35	57
 0.994865  0.100567 -0.011416   0.53675
-0.098133  0.930826 -0.352042  0.290021
-0.024777  0.351354  0.935915 -0.155114
        0         0         0         1
23	37	57
 0.982662  0.065024  0.173629  0.122589
-0.076293  0.995336   0.05903 -0.036008
-0.168981 -0.071254   0.98304  -1.28898
        0        -0         0         1
25	32	57
 0.885239 -0.448058  0.124886  0.590074
  0.45914  0.798761 -0.388808  0.618837
 0.074454  0.401528  0.912815 -0.728219
       -0         0         0         1
30	36	57
 0.943958 -0.124057  0.305865  0.890739
 0.166445  0.979139 -0.116549 -0.141524
-0.285026  0.160926  0.944914  0.401999
        0         0         0         1
27	34	57
 0.494776   0.25851  -0.82968   3.66809
-0.284951  0.950207  0.126135  0.525502
 0.820975  0.174009  0.543802 -0.319042
       -0         0         0         1
26	33	57
  0.83453 -0.002102 -0.550959   2.72794
-0.293966  0.844064 -0.448486  0.616284
 0.465987  0.536238  0.703778  -1.23674
        0         0         0         1
24	34	57
 0.569752 -0.621572  0.537616    1.0374
  0.76041  0.150604  -0.63174  0.942358
 0.311705  0.768743  0.558457  -2.47259
       -0         0         0         1
25	34	57
 0.972737  0.153289 -0.174028  0.917216
-0.190763  0.955609 -0.224545  0.621867
 0.131882  0.251621  0.958798   -1.5657
       -0         0         0         1
26	34	57
-0.983965  -0.01468  0.177754   4.12263
-0.103295 -0.765557 -0.635021   4.44286
 0.145403   -0.6432  0.751766   1.41116
        0         0         0         1
24	35	57
 0.864891  0.271031 -0.422499  0.491974
 -0.20409  0.958861  0.197315 -0.224996
 0.458596 -0.084428  0.884625  -1.03185
        0         0         0         1
30	39	57
 0.899463  0.215622 -0.380096 -0.025797
-0.258414  0.963863 -0.064732  0.392338
 0.352403  0.156446  0.922679 -0.634568
        0         0         0         1
24	37	57
  0.99094 -0.098367 -0.091446   1.14974
 0.056023  0.921547 -0.384205  0.548393
 0.122065    0.3756  0.918708  -2.32867
       -0         0         0         1
26	37	57
 0.161851  0.527764 -0.833828   3.58955
-0.569863  0.739825  0.357652 -0.404809
 0.805643  0.417281  0.420494 -0.964576
        0         0         0         1
27	40	57
 0.999009  -0.00597 -0.044112  0.249644
 0.011277  0.992582  0.121056  0.475506
 0.043062 -0.121434  0.991665  0.211211
        0         0        -0         1
23	46	57
 0.961707  0.270049 -0.046836   -1.2766
-0.030749   0.27611  0.960634 -0.490753
  0.27235 -0.922408  0.273841   1.31733
        0         0         0         1
26	40	57
 0.976919 -0.085359  0.195815 -0.349189
 0.126477  0.969872 -0.208211  0.059037
-0.172143  0.228171  0.958282  0.072144
        0         0         0         1
23	47	57
 0.946004  0.270278  0.178956 -0.996689
-0.266529  0.334342  0.903979 -0.935272
 0.184493 -0.902865  0.388326    1.7047
        0         0        -0         1
27	44	57
 0.892528  0.042026 -0.449029   1.36119
-0.147026  0.968368 -0.201609  0.678806
 0.426352  0.245961  0.870475   -1.0355
       -0         0         0         1
24	47	57
 0.925394  0.062085 -0.373885  0.829852
-0.218456   0.89351 -0.392322   0.56467
 0.309713   0.44473  0.840412  -2.90192
       -0         0         0         1
29	48	57
  0.40913  0.242592 -0.879637   2.86721
-0.601337  0.796743 -0.059958  0.707826
 0.686299  0.553489  0.471851 -0.966362
       -0         0         0         1
29	49	57
-0.278934  0.675511 -0.682555   3.33039
-0.647655  0.392462  0.653083   1.18714
 0.709041  0.624227  0.328027 -0.374149
        0         0         0         1
26	45	57
 0.266647 -0.368624 -0.890514   4.90376
-0.517595  0.724649 -0.454949   1.27425
 0.813016  0.582237  0.002427  -1.68584
       -0         0         0         1
29	50	57
 0.991106 -0.042638  0.126055   0.28651
 0.044792  0.998894 -0.014294   0.45882
-0.125306  0.019813   0.99192  0.561981
        0         0         0         1
23	56	57
-0.963915 -0.093345 -0.249307   4.04834
-0.166262 -0.520299  0.837643  0.636451
-0.207904  0.848867  0.486004   -1.0148
       -0         0         0         1
29	51	57
 0.691973 -0.423133   0.58492  0.080931
 0.478155  0.875656  0.067786 -0.423705
-0.540871  0.232776  0.808253   1.27393
        0         0         0         1
28	48	57
  0.12126  0.337339 -0.933541   3.35192
-0.484635  0.840888  0.240909  0.577542
 0.866271  0.423214  0.265452 -0.459229
       -0         0         0         1
30	51	57
 0.775231 -0.387305   0.49901  -0.57834
 0.373413  0.918153  0.132509  0.110889
-0.509489  0.083612  0.856405  0.635602
        0         0         0         1
29	52	57
 0.910321  0.255067  -0.32597  0.403728
-0.284446  0.957634 -0.045022   1.04956
 0.300676  0.133705  0.944308 -0.490807
        0         0         0         1
31	32	57
-0.678052 -0.658647  0.326236   3.77168
 0.400352 -0.703183 -0.587581   3.13018
 0.616413 -0.267801  0.740485 -0.056345
        0         0         0         1
24	54	57
 0.399431  0.394139  0.827714 -0.838161
 0.881193  0.083995 -0.465235  0.983499
-0.252891  0.915205 -0.313762   1.25522
       -0        -0         0         1
29	53	57
 0.637296  0.471235 -0.609747   1.48589
-0.547122  0.833897  0.072625   1.69729
  0.54269  0.287323  0.789261  -1.11767
        0         0         0         1
30	53	57
 0.995536 -0.042427  0.084308  -1.00457
 0.047023  0.997471 -0.053294   1.34225
-0.081833  0.057021  0.995013 -0.896485
        0         0         0         1
29	54	57
 0.999111  0.023935 -0.034699 -0.313586
  -0.0284  0.990509 -0.134481  0.939766
 0.031151  0.135347  0.990308 -0.418059
        0         0         0         1
30	54	57
0.841318 -0.33461 0.424523 -0.73256
0.322469    0.941  0.10263 0.262092
-0.433817 0.050551 0.899582 0.148298
       0        0        0        1
29	55	57
 0.937947 -0.205161  0.279581 -0.530828
 0.238802  0.966725 -0.091745  0.079105
-0.251455  0.152816  0.955729  0.454476
        0         0         0         1
31	34	57
 0.990417   0.00281 -0.138081   0.13456
-0.063093  0.898573 -0.434265  0.426315
 0.122856  0.438816  0.890139    -1.248
       -0         0         0         1
32	33	57
 0.964319  0.017247   0.26418 -0.908162
 0.021138  0.989674 -0.141771  -0.11063
-0.263897  0.142297  0.953997 -0.258784
       -0         0         0         1
30	55	57
 0.516236 -0.491823  0.701149 -0.167872
 0.516696  0.831753  0.203007 -0.367245
-0.683026  0.257481  0.683504   1.10149
        0         0         0         1
29	56	57
 0.554787 -0.385541  0.737272  0.344761
  0.51543  0.854885  0.059191 -0.984721
-0.653103  0.347174  0.672998   1.71878
       -0        -0         0         1
28	53	57
 0.671339  0.463071 -0.578679   1.06397
-0.349556   0.88632  0.303723   1.64638
  0.65354  -0.00162   0.75689  -1.16118
        0         0         0         1
32	34	57
  0.94874  0.015706 -0.315668 -0.306486
-0.048267  0.994249 -0.095599 -0.117511
 0.312352  0.105935  0.944042 -0.957654
       -0         0         0         1
33	34	57
 0.957261 -0.026694  -0.28799 -0.483016
 0.063513  0.990828  0.119274  0.060506
 0.282165 -0.132468  0.950176 -0.231677
        0         0        -0         1
28	54	57
 0.959684  0.234435 -0.155072 -0.040459
-0.225359  0.971463  0.073974   1.42947
 0.167989 -0.036045   0.98513 -0.109511
        0         0         0         1
28	55	57
 0.977322 -0.110523  0.180628 -0.321373
  0.08942  0.988606  0.121086  0.556734
-0.191953 -0.102188  0.976069  0.860086
        0         0         0         1
32	37	57
  0.70579 -0.140554  0.694338 -0.489388
 0.060363  0.988488   0.13874  -0.05728
-0.705845 -0.056009  0.706149   1.16664
        0         0         0         1
35	36	57
 0.957169 -0.150426  0.247384  0.361863
 0.094549  0.969993  0.223996 -0.059225
-0.273656 -0.191012   0.94267  0.494339
       -0        -0        -0         1
35	37	57
 0.936357 -0.109437  0.333557 -0.069826
 0.163601  0.976712 -0.138808  0.102714
-0.310598  0.184544  0.932455 -0.537685
        0         0         0         1
33	37	57
-0.328398 -0.561583  0.759459  0.502387
 0.221067 -0.827418 -0.516244    4.5056
 0.918305 -0.001642   0.39587 -0.075339
        0         0         0         1
37	38	57
 0.916383 -0.283704  0.282408 -0.124729
 0.283143  0.958081  0.043708 -0.749594
 -0.28297  0.039908  0.958298   1.22456
        0         0         0         1
35	38	57
  0.71106 -0.258327  0.653958  0.077559
 0.228755  0.964459  0.132252  -0.44866
 -0.66488  0.055558  0.744882   1.28224
        0         0         0         1
36	37	57
 0.993787 -0.073993  0.083144 -0.207572
 0.097026  0.941949  -0.32143  0.146906
-0.054534    0.3275  0.943276  -1.00582
        0         0         0         1
32	39	57
 0.007377  0.856745  0.515687 -0.644105
-0.932876  0.191616    -0.305   4.80258
-0.360121 -0.478822  0.800651   2.37399
        0         0         0         1
26	55	57
 0.904428 -0.423318 -0.053024  0.399498
-0.035905  0.048319 -0.998186   4.28932
 0.425112  0.904692  0.028502  0.294914
        0         0         0         1
36	38	57
 0.949838 -0.261014  0.172275 -0.220222
    0.294  0.933057  -0.20729 -0.327131
-0.106636  0.247541  0.962991 -0.057848
        0         0         0         1
33	39	57
-0.980742 -0.090719  0.172958   3.50347
-0.002042 -0.880762 -0.473555   4.68954
 0.195296 -0.464788  0.863615   1.25915
        0         0         0         1
31	40	57
-0.952467  0.101348 -0.287289   4.89308
 0.118326 -0.745925 -0.655435   3.83954
-0.280723 -0.658274  0.698477   2.24221
        0        -0         0         1
36	39	57
0.299828    -0.48 0.824441 0.330483
0.504577 0.813218 0.289964 -1.66831
-0.809633 0.329054 0.486022  2.39182
       0        0        0        1
38	39	57
  0.784804   -0.30044    0.54205 -0.0384521
  0.271355   0.952923   0.135293  -0.678666
  -0.55718   0.040909   0.829384      1.595
        -0         -0          0          1
34	41	57
-0.989787 -0.140356  -0.02495     5.119
 0.136484 -0.983534  0.118459   4.12945
-0.041165  0.113844  0.992645 -0.004042
        0         0         0         1
33	45	57
 0.820983 -0.204823 -0.532949  0.598581
0.00371001  0.935332 -0.353751  0.183532
 0.570941  0.288446  0.768651  -1.75002
       -0         0         0         1
31	46	57
-0.720046 -0.361359  0.592413   2.77407
 0.070522 -0.887398 -0.455578   3.49056
 0.690334 -0.286259  0.664451 -0.154931
        0         0         0         1
33	46	57
 0.997276 -0.061277   0.04107 -0.374981
 0.060065   0.99774  0.030101  -0.02129
-0.042821 -0.027552  0.998703  0.340901
       -0        -0        -0         1
34	45	57
 0.675855 -0.645026 -0.356598   2.32233
 0.680131  0.359401  0.638946  -1.79709
-0.283975 -0.674369  0.681605   3.89808
        0         0         0         1
32	47	57
 0.918505  0.064681  0.390084  -1.14702
 0.036071   0.96871  -0.24556 -0.164037
-0.393762  0.239619  0.887431 -0.164908
       -0         0         0         1
37	47	57
 0.501947 -0.860577 -0.086346   3.08184
 0.609697  0.281264  0.741053  -1.59128
-0.613448 -0.424614  0.665871   2.80347
        0        -0         0         1
36	47	57
 0.984304 -0.034969  -0.17298 -0.302611
-0.082409  0.775669 -0.625737  0.964291
 0.156056  0.630171  0.760612  -2.03125
       -0         0         0         1
34	46	57
 0.971595  0.110604  0.209214 -0.656387
-0.078879  0.984863 -0.154344  0.161726
-0.223119  0.133457  0.965612  0.584811
       -0         0        -0         1
38	50	57
-0.042044  0.986977 -0.155271   1.34485
-0.917752 -0.099579 -0.384468   4.07552
-0.394923  0.126336  0.909986  0.457193
       -0         0        -0         1
34	49	57
 0.689256  0.721233 -0.068911   0.14237
-0.592488  0.506354  -0.62655   4.45082
-0.416995  0.472682  0.776329   1.33466
        0         0         0         1
34	50	57
 0.746471   0.66428  0.038915 -0.155274
-0.516194  0.614984 -0.596102   4.07649
-0.419911  0.424885  0.801965   1.11575
        0         0         0         1
38	55	57
 0.895181 -0.254195  0.366109 -0.925497
 0.132851  0.936259  0.325222    0.4837
-0.425443 -0.242494  0.871892 -0.065307
       -0        -0        -0         1
40	41	57
 0.995665 -0.042595 -0.082689  0.193369
-0.014352  0.807987 -0.589026  0.213647
 0.091901  0.587659  0.803873  -1.32543
        0         0         0         1
41	42	57
 0.948997 -0.045103  0.312041  0.281019
-0.094119   0.90406  0.416914  0.523151
-0.300908  -0.42502  0.853705   1.37062
       -0        -0        -0         1
42	43	57
 0.999374  0.035029  0.005044  0.089671
-0.028747  0.886638  -0.46157  0.028632
-0.020641  0.461135   0.88709 -0.648231
        0         0         0         1
43	44	57
  0.99958 -0.014938   0.02482  0.303082
 0.008115  0.966873  0.255127 -0.036119
-0.027809 -0.254819  0.966589 -0.100199
       -0        -0        -0         1
41	43	57
 0.925445  0.089492  0.368161  0.319095
-0.076867  0.995844 -0.048848  0.183776
-0.371002  0.016907  0.928478  0.985583
       -0         0        -0         1
40	42	57
 0.948615 -0.084576  0.304919  0.353101
 0.140673  0.975877 -0.166957 -0.259286
-0.283443  0.201272   0.93763  0.244862
        0         0         0         1
44	45	57
 0.921682  0.111329  0.371628 -0.076251
-0.000425  0.958229 -0.286003  0.132286
-0.387945  0.263447   0.88323  0.066846
        0         0         0         1
43	45	57
   0.916645   -0.127555   -0.378802     1.22004
   0.138082    0.990421 0.000633001   -0.163948
   0.375093   -0.052886    0.925477   -0.408261
          0           0          -0           1
41	44	57
 0.013282  0.009315  0.999868  0.578706
-0.265994  0.963959 -0.005447   1.21199
-0.963883 -0.265887  0.015281   4.84399
        0        -0         0         1
44	46	57
 0.945866  0.010197 -0.324397   1.11179
-0.002416    0.9997  0.024379  0.300215
 0.324548 -0.022276  0.945607 -0.241387
        0         0         0         1
43	46	57
  0.92717  0.113266   0.35711  -1.17228
-0.231171  0.923067   0.30742   1.35649
-0.294816 -0.367584  0.882024   2.47258
        0        -0         0         1
39	44	57
  -0.949711 -0.00314599   -0.313111     6.67878
   0.124523   -0.921274   -0.368441     4.71746
  -0.287302   -0.388902    0.875336     1.14498
          0          -0           0           1
44	47	57
 0.946268  -0.18832  0.262894  0.745812
 0.198257  0.980082 -0.011547   -0.6209
-0.255483  0.063047  0.964756 -0.073138
        0         0         0         1
39	45	57
 -0.326406   0.284234   0.901482   0.532764
 -0.469439  -0.876531   0.106394    5.41573
  0.820418  -0.388463   0.419536 -0.0354081
         0          0          0          1
41	46	57
-0.828822  0.558925 -0.025634   3.44196
-0.167595 -0.291714 -0.941709   5.10489
-0.533823 -0.776212  0.335452   4.36284
        0        -0         0         1
39	46	57
 0.995245  0.072759 -0.064758 -0.095126
 0.029705  0.406451   0.91319 -0.154245
 0.092764 -0.910771  0.402357   2.37721
        0         0         0         1
46	47	57
 0.824185  0.050487  0.564065 -0.348857
-0.061759  0.998091  0.000905  -0.30994
-0.562943 -0.035582   0.82573  0.457731
        0         0         0         1
44	48	57
 -0.99648  0.017915  0.081899   3.96317
-0.038291 -0.966311 -0.254514    4.9164
 0.074581 -0.256754  0.963595 -0.452621
        0         0         0         1
39	48	57
 0.987963 -0.101427  0.116794  0.370659
 0.133509  0.940438 -0.312652   1.08226
-0.078126  0.324482   0.94266  -1.82976
        0         0         0         1
39	49	57
 0.419877 -0.701008  0.576447  0.970083
 0.765512 -0.067648 -0.639856   1.99998
  0.48754  0.709938  0.508226   -0.8405
        0         0         0         1
41	50	57
-0.981344 -0.156546   0.11161   4.37593
 0.092556 -0.893499 -0.439424   4.22991
 0.168514 -0.420896  0.891319  0.538211
        0         0         0         1
45	53	57
-0.481648  0.517174 -0.707493   4.71805
-0.253843 -0.855027 -0.452209   5.29839
-0.838796 -0.038214  0.543103   2.84003
        0         0         0         1
39	55	57
 0.157095 -0.603956  0.781382  0.727358
 0.898418  -0.24114  -0.36701   1.07923
  0.41008  0.759664  0.504723  -1.38618
       -0         0         0         1
39	56	57
 -0.368902  -0.555651   0.745093    2.10556
  0.838807  -0.544348 0.00935399    1.15455
  0.400392    0.62844   0.666895   -1.40676
        -0          0          0          1
49	50	57
 0.850977 -0.346924  0.394312 -0.053739
 0.357399  0.932652  0.049253 -0.935677
-0.384843  0.099013  0.917656   0.93795
       -0        -0         0         1
50	51	57
 0.789058 -0.373151  0.488002  0.205764
 0.407968   0.91221  0.037872  -0.90396
-0.459292  0.169206  0.872021  0.845157
        0         0         0         1
51	52	57
 0.811105 -0.365859   0.45635   0.24827
 0.369962  0.925224  0.084197  -1.05793
 -0.45303  0.100539  0.885808    1.2016
        0         0         0         1
49	51	57
 0.397884 -0.566399  0.721721  0.777416
 0.642997  0.733291  0.220995   -1.6597
-0.654403  0.376134  0.655957   1.47484
       -0        -0         0         1
50	52	57
 0.906671  0.236705 -0.349167    0.9252
-0.260664  0.965166  -0.02256  0.494732
 0.331664   0.11147  0.936789 -0.945904
        0         0         0         1
49	52	57
 0.948567 -0.196517  0.248197 -0.532365
 0.221606   0.97207 -0.077276 -0.561915
-0.226078  0.128303  0.965622  0.243299
        0         0         0         1
51	53	57
 0.404974 -0.535747  0.740926  0.719842
  0.54984  0.790151  0.270809  -1.56095
-0.730528   0.29772  0.614566   1.89868
       -0        -0         0         1
50	53	57
 0.921281 -0.223134  0.318516 -0.734716
 0.261817  0.961479 -0.083729 -0.405388
-0.287563  0.160531  0.944213  0.183875
        0         0         0         1
52	53	57
 0.844206 -0.323201  0.427618    0.0272
 0.334924   0.94092  0.049953  -0.72379
  -0.4185  0.101049  0.902578  0.895691
       -0        -0         0         1
49	53	57
 0.799934 -0.349269  0.487972 -0.473691
  0.40611  0.913749 -0.011716 -0.969728
-0.441792  0.207542  0.872781  0.688922
        0         0         0         1
51	54	57
 0.971916 -0.124598  0.199634 -0.402634
 0.130872  0.991227 -0.018488 -0.181068
-0.195579  0.044096  0.979696  0.112054
        0         0         0         1
50	54	57
  0.750498  -0.379008   0.541392  -0.158157
  0.446717   0.894648 0.00705301  -0.963649
 -0.487029   0.236555   0.840741    0.74558
        -0         -0          0          1
53	54	57
 0.992054 -0.069226  0.105056 -0.031301
 0.072355  0.997033 -0.026268  -0.06225
-0.102926  0.033661  0.994119  0.118341
        0         0         0         1
49	54	57
 0.959068 -0.150495  0.239874 -0.823699
 0.189903  0.970185 -0.150588 -0.148197
 -0.21006  0.189977  0.959053 -0.125481
        0         0         0         1
52	54	57
  0.77898  -0.34954  0.520588 0.0709211
  0.37305  0.925649  0.063299 -0.711945
-0.504008  0.144897  0.851458  0.931653
       -0        -0         0         1
51	55	57
 0.600023 -0.454652  0.658228  0.408549
  0.49028  0.859162  0.146515  -1.49532
-0.632138  0.234804  0.738423   1.73721
       -0        -0         0         1
50	55	57
-0.111587  0.558871 -0.821713   3.84905
-0.669015   0.56918  0.477967  0.444897
 0.734824  0.603073   0.31038 -0.814628
       -0         0         0         1
49	55	57
-0.981095 -0.189289  0.040292    3.4811
 0.016025  0.128023  0.991642  -2.13224
-0.192865   0.97354 -0.122569   2.04594
        0         0         0         1
52	55	57
 0.998245 -0.015701  0.057107 -0.260526
 0.017918  0.999097 -0.038525 -0.050394
 -0.05645   0.03948  0.997625  0.021859
        0         0         0         1
53	55	57
 0.691431 -0.421704  0.586591  0.437341
 0.433773  0.891638  0.129704  -1.29458
-0.577724  0.164766   0.79943   1.70321
        0         0         0         1
51	56	57
 0.963527   0.11202 -0.243038  0.311033
-0.140878   0.98447 -0.104753  0.406376
 0.227529  0.135171  0.964344 -0.837674
       -0         0         0         1
49	56	57
 0.971366 -0.141356   0.19096 -0.117759
 0.179937  0.962551 -0.202778 -0.693247
-0.155145  0.231333  0.960425  0.219275
        0         0         0         1
52	56	57
 0.662742 -0.442402  0.604197  0.657658
 0.483682  0.868846  0.105632  -1.15463
-0.571686  0.222233  0.789802   1.25043
       -0        -0         0         1
53	56	57
 0.948724  0.105464 -0.297994  0.838315
-0.127031  0.990433 -0.053902  0.390653
 0.289459  0.088993  0.953045 -0.775004
       -0         0         0         1
54	55	57
 0.881724 -0.254236  0.397401 -0.144011
   0.2618  0.964445  0.036137 -0.844636
-0.392458  0.072177  0.916933   1.21464
        0         0         0         1
55	56	57
 0.864047 -0.284546  0.415278  0.379856
 0.306845  0.951662  0.013635 -0.810197
-0.399084  0.115645  0.909592   1.01382
       -0        -0         0         1
54	56	57
  0.52471 -0.486684   0.69844  0.872828
 0.526168  0.830383  0.183335  -1.42093
-0.669199    0.2713  0.691787   1.79914
       -0        -0         0         1
48	56	57
 0.942901 -0.123178  0.309461 -0.567939
 0.149841  0.986648 -0.063828  0.349313
-0.297466  0.106554  0.948768  0.764224
        0         0         0         1
