1	2	57
  0.94938  0.114749 -0.292423  0.232028
-0.115381  0.993206 0.0151451 0.0746174
 0.292174 0.0193616  0.956169 -0.397134
        0         0         0         1
4	5	57
  0.955176 -0.0627897   0.289303   0.257959
-0.0348831   0.946568   0.320613  -0.959045
 -0.293976  -0.316334   0.901949   0.805209
         0          0          0          1
6	7	57
 0.802694 0.0191604 -0.596083  0.434051
-0.290266  0.885667 -0.362408  0.750099
 0.520988  0.463925  0.716481  -1.82278
        0         0         0         1
0	1	57
 0.848881 -0.152508  0.506104  0.377709
0.0212779  0.966556  0.255571 -0.405839
-0.528155  -0.20618  0.823737   1.67282
        0         0         0         1
4	6	57
 0.945701  -0.15125  0.287704   1.28828
-0.0227423  0.852178  0.522758   -0.8174
-0.324242 -0.500916  0.802466  0.665287
        0         0         0         1
1	3	57
 0.548768  0.261366 -0.794066   1.45246
-0.248629  0.957914  0.143472  0.238272
 0.798146  0.118695  0.590656  -1.42792
        0         0         0         1
3	4	57
  0.998842 -0.0165598 -0.0451663   0.051181
0.00314024   0.959326  -0.282282   0.684917
 0.0480039   0.281813   0.958268  -0.184117
         0          0          0          1
1	4	57
  0.53269 0.0227076 -0.846006   1.68248
-0.247268  0.960198  -0.12992  0.900397
 0.809383  0.278397  0.517103  -1.43872
        0         0         0         1
3	5	57
  0.963036 -0.0764358   0.258302   0.286263
 0.0610777   0.995883   0.066979  -0.499858
 -0.262358 -0.0487266    0.96374   0.388188
         0          0          0          1
2	3	57
 0.794824  0.167058 -0.583393  0.783636
-0.176261  0.983469 0.0414828  0.343725
 0.580678 0.0698576  0.811131  -1.36326
        0         0         0         1
4	7	57
   0.970323 -0.00951846   -0.241626    0.962063
  0.0364955    0.993544     0.10742    -1.25329
   0.239043    -0.11305    0.964406    -1.09419
          0           0           0           1
3	6	57
 0.947188 -0.228937  0.224552   1.42949
 0.168964  0.951443  0.257309 -0.349653
-0.272556 -0.205778  0.939877  0.236249
        0         0         0         1
0	2	57
  0.969711 -0.0529391    0.23845   0.363835
-0.00394438   0.972709   0.231996  -0.464647
 -0.244225  -0.225909   0.943037    1.16866
         0          0          0          1
5	6	57
  0.996902 -0.0416096  0.0667549   0.982204
 0.0251528   0.972705   0.230678  0.0845218
-0.0745312  -0.228284   0.970738   0.276029
         0          0          0          1
1	5	57
 0.752005  0.226811 -0.618907   1.23824
-0.210138  0.972437   0.10104 -0.211952
 0.624765 0.0540737  0.778939  -1.09634
        0         0         0         1
6	8	57
   0.97314 0.00947726  -0.230019     0.4962
 -0.125393   0.859754  -0.495076   0.751547
  0.193068   0.510621   0.837849   -2.07471
         0          0          0          1
7	8	57
  0.922061  0.0126733   0.386837  -0.059315
 0.0131578    0.99786 -0.0640539 -0.0795197
 -0.386821  0.0641515   0.919921  -0.259683
         0          0          0          1
1	6	57
 0.787252  0.333686 -0.518543   1.84491
-0.166146  0.924616  0.342754 -0.369332
 0.593826  -0.18368  0.783347 -0.193219
        0         0         0         1
2	4	57
  0.748669 -0.0104696  -0.662862    1.06683
 -0.165588    0.96523  -0.202268   0.936724
  0.641931   0.261194   0.720904   -1.42632
         0          0          0          1
5	7	57
 0.842144 0.0494307 -0.536982   1.15902
-0.156885  0.975174 -0.156274  0.292688
 0.515927   0.21585  0.828992  -1.64188
        0         0         0         1
4	9	57
-0.576807  0.482762  0.658965   1.16228
 0.440067 -0.495982  0.748561  0.843582
 0.688211  0.721764 0.0736383  -1.67401
        0         0         0         1
2	5	57
  0.917228   0.149654  -0.369182   0.685651
 -0.123434    0.98791  0.0937949  -0.227985
  0.378756 -0.0404618   0.924612  -0.884795
         0          0          0          1
6	9	57
  0.994722  0.0767091 -0.0681499   0.480653
-0.0729198   0.995739  0.0564553   0.515429
 0.0721901 -0.0511881   0.996077  -0.343939
         0          0          0          1
1	9	57
-0.869226 -0.457741  0.186869   4.95476
 0.483666 -0.708863  0.513402   1.62176
 -0.10254  0.536644  0.837555 -0.669526
        0         0         0         1
0	3	57
 0.913719  0.122053 -0.387583   0.83023
-0.0208751  0.966664  0.255198 -0.515391
  0.40581 -0.225088  0.885807 -0.326595
        0         0         0         1
1	10	57
  0.56245 -0.574374 -0.594765   2.60697
 0.788374  0.589372  0.176375 -0.987443
 0.249232 -0.568099  0.784313  0.928213
        0         0         0         1
4	10	57
-0.198644 -0.886906  0.417059   3.61855
 0.979019 -0.159849  0.126373  -0.45251
-0.0454149  0.433412  0.900051 -0.747804
        0         0         0         1
3	10	57
-0.452801  0.787952  0.417257  0.386402
-0.332069 -0.583346   0.74124   3.06059
 0.827467  0.197076  0.525794  -1.09545
        0         0         0         1
7	10	57
-0.0716771 -0.0747924    0.99462    1.65586
 -0.990513   0.122554 -0.0621656    3.83902
 -0.117245   -0.98964 -0.0828671     2.8489
         0          0          0          1
3	11	57
 0.0199405  -0.997236 -0.0715789    3.17918
 -0.056256  0.0703606  -0.995934    4.07065
  0.998217  0.0238862 -0.0546975  -0.010873
         0          0          0          1
4	11	57
-0.0911903  0.728583  -0.67886   2.40063
 0.911187  0.336082    0.2383   -1.0215
 0.401774 -0.596838 -0.694523   2.67082
        0         0         0         1
1	11	57
-0.431052 0.876193 0.215592  1.07926
0.831968 0.293433 0.470878 -1.12906
0.349319 0.382338 -0.85545    1.738
       0        0        0        1
7	11	57
  0.207695   0.196936   0.958165   0.748589
 -0.486084   0.870806 -0.0736157    1.34498
 -0.848873  -0.450459   0.276589    2.82115
         0          0          0          1
0	4	57
   0.88994 0.00455795  -0.456056    1.01841
-0.0180717   0.999517 -0.0252753   0.128628
   0.45572  0.0307352   0.889592  -0.669735
         0          0          0          1
6	10	57
 -0.378858  -0.443197  -0.812431    3.48737
 -0.895265 -0.0468807    0.44306    2.34913
  -0.23445   0.895198  -0.379017    1.58261
         0          0          0          1
2	6	57
 0.953138  0.136656 -0.269915   1.64794
-0.086886  0.978231  0.188454 -0.107822
 0.289792 -0.156171  0.944262 -0.493201
        0         0         0         1
4	12	57
 0.969414 -0.205995 -0.133431  0.541681
 0.169034  0.954532 -0.245555  -1.07888
 0.177948   0.21549  0.960156  -0.89522
        0         0         0         1
6	11	57
  0.670689  -0.538099   0.510516  -0.354533
   0.71767   0.644678  -0.263327   -1.21182
 -0.187422   0.542992   0.818555 -0.0871457
         0          0          0          1
3	12	57
 0.554839  0.828199 0.0789955  -1.84291
-0.601582  0.333799  0.725726   1.89314
 0.574676 -0.450184  0.683434   0.90274
        0         0         0         1
5	8	57
  0.98954 0.0176931 -0.143172    1.2445
-0.0604474  0.951978 -0.300141  0.384421
 0.130986  0.305656  0.943089  -1.96111
        0         0         0         1
1	12	57
 0.237887 -0.932302 -0.272438   4.25576
 0.956465  0.176029  0.232783 -0.832461
-0.169067 -0.315953   0.93359   1.50761
        0         0         0         1
7	12	57
  0.657375  -0.675694   0.333612    1.73289
   0.40079 -0.0614026   -0.91411    1.59766
  0.638143   0.734621   0.230446   -2.18137
         0          0          0          1
6	12	57
-0.248129   0.91988   0.30373 -0.530722
-0.505315  0.144595 -0.850734   3.15912
-0.826492 -0.364572  0.428951   3.42709
        0         0         0         1
0	5	57
 0.981521 0.0570376 -0.182657   0.98517
-0.00940524   0.96777  0.251661 -0.898629
 0.191124 -0.245293  0.950422 0.0234945
        0         0         0         1
3	13	57
 0.957319 -0.247187  0.149798   0.35308
 0.224972  0.962634   0.15074 -0.674708
-0.181462 -0.110606  0.977158   1.07028
        0         0         0         1
4	13	57
 -0.38738  0.737259 -0.553521   1.77638
-0.912831 -0.222634  0.342306   3.66304
 0.129135  0.637873  0.759237  -1.32589
        0         0         0         1
7	13	57
-0.0889632 -0.505288  0.858353    2.3158
-0.127447 -0.848911  -0.51294   3.92081
 0.987848 -0.155027 0.0111246 -0.170552
        0         0         0         1
6	13	57
 0.239813 -0.131178  0.961916    0.1031
  0.89067 -0.364493 -0.271757   1.13066
  0.38626  0.921921 0.0294265    -1.538
        0         0         0         1
1	13	57
  0.721333   0.493003  -0.486443 -0.0818353
 -0.339669   0.863908   0.371872   0.304624
  0.603576  -0.103013   0.790623  -0.586089
         0          0          0          1
0	6	57
 0.991612 0.0618069 -0.113513   1.91172
0.00134362  0.873274  0.487227 -0.771213
 0.129242 -0.483293  0.865866  0.499725
        0         0         0         1
4	14	57
-0.555269  0.625576  0.548025   1.27991
-0.084669 -0.698042  0.711033   2.46079
  0.82735  0.348414  0.440568  -1.78419
        0         0         0         1
3	14	57
 0.704974 -0.422489  0.569661  0.838718
0.0988862  0.853915  0.510931 -0.210919
-0.702306 -0.303861  0.643766   2.55943
        0         0         0         1
1	14	57
 0.977727 0.0842582 -0.192224  0.159507
0.0207936  0.872482  0.488203 -0.233648
 0.208847 -0.481327  0.851297  0.757656
        0         0         0         1
7	14	57
  0.460634   0.789174  -0.406227      1.597
  0.619457  -0.613615  -0.489643    1.89519
  -0.63568 -0.0260937  -0.771512    3.13195
         0          0          0          1
6	14	57
 0.196683 -0.337289 -0.920626   2.53729
-0.823962 -0.565783 0.0312534   3.35437
-0.531415  0.752414 -0.389193   2.21236
        0         0         0         1
5	9	57
  0.999312  0.0268149 -0.0256259    1.48696
 -0.017808   0.952922   0.302693   0.486859
 0.0325359  -0.302029   0.952743  -0.190881
         0          0          0          1
4	15	57
 0.674078 -0.206304  0.709266  0.580598
 0.205121  0.974721 0.0885727  -1.15384
-0.709609 0.0857805  0.699355   1.58914
        0         0         0         1
3	15	57
 0.919156 -0.392407 0.0341876  0.235611
-0.0397912 -0.178853  -0.98307   4.46377
 0.391879  0.902235 -0.180008  -0.84289
        0         0         0         1
1	15	57
  0.679809  -0.680774  -0.272775    2.55356
  0.662835   0.729505  -0.168735   -1.34401
  0.313861 -0.0660976   0.947166  -0.159025
         0          0          0          1
6	15	57
 0.157661  0.940646 -0.300546  -0.80208
  0.85216 0.0241855  0.522722  -2.06746
 0.498965 -0.338526 -0.797768   2.15308
        0         0         0         1
7	15	57
  0.460144 -0.0814033   0.884105   0.364593
 0.0722807   0.995918  0.0540789  -0.191783
 -0.884898  0.0390199   0.464149     2.9988
         0          0          0          1
5	10	57
  0.570567   0.820216  0.0412212   0.493097
  0.821239  -0.570116 -0.0231164     1.1461
0.00454054  0.0470419  -0.998883    2.71669
         0          0          0          1
6	16	57
 0.705056 -0.332922  0.626146 -0.356174
 0.644745  0.668606 -0.370501  -1.43419
-0.295297  0.664928  0.686054 -0.314631
        0         0         0         1
4	17	57
-0.545403  0.797223  0.258789   1.67342
-0.643758 -0.596153  0.479768   4.11727
  0.53676 0.0950695  0.838362  -1.53914
        0         0         0         1
1	17	57
  0.996856  0.0626221 -0.0485578  -0.115755
-0.0434241   0.944269   0.326299  -0.155297
 0.0662851  -0.323164   0.944019   0.643681
         0          0          0          1
5	11	57
  -0.7588  0.125055 -0.639205   4.12363
-0.118622  0.938447  0.324416 -0.756354
  0.64043  0.321991  -0.69726  0.896734
        0         0         0         1
3	17	57
-0.724715  0.281068 -0.629118   4.05514
 0.631537  0.636113 -0.443308  0.263823
  0.27559 -0.718583 -0.638505    3.1442
        0         0         0         1
6	17	57
 0.545109 -0.101135  0.832242  -1.40422
 0.693322  0.612488 -0.379688  -0.54068
-0.471339  0.783984  0.403992   1.02826
        0         0         0         1
4	18	57
  0.88135 -0.264924  0.391199   0.43913
-0.00600831  0.821647  0.569965 -0.393912
-0.472425 -0.504689  0.722567   2.31348
        0         0         0         1
3	18	57
  0.94635 -0.177164  0.270248  0.547026
 0.109871  0.962896  0.246494 -0.254352
 -0.30389 -0.203577  0.930703    1.3549
        0         0         0         1
1	18	57
 0.989106 0.0042976 -0.147143  0.419249
0.0495044  0.931645  0.359983 -0.511274
 0.138632 -0.363345  0.921282   1.15692
        0         0         0         1
7	16	57
    0.311235   -0.0532203     0.948842 -0.000725746
    0.347943     0.935486   -0.0616596    -0.570512
   -0.884346     0.349333     0.309673      3.20807
           0            0            0            1
6	18	57
  0.470892   0.629038  -0.618525 -0.0864549
  0.811176  -0.584339  0.0232892    1.93957
 -0.346778  -0.512699   -0.78542    4.31451
         0          0          0          1
7	17	57
 0.302604 -0.773812  0.556458   1.60621
  -0.1452  0.539589  0.829314 -0.932654
-0.941991 -0.331752 0.0509248   4.36394
        0         0         0         1
5	12	57
  0.511097 -0.0171553   0.859352 -0.0362647
   0.29188   0.943853  -0.154752   -0.90072
 -0.808447   0.329921   0.487407    1.72871
         0          0          0          1
7	18	57
 -0.013144   0.994007   -0.10853  -0.261344
 -0.992079 -0.0265248  -0.122786    3.83825
 -0.124929   0.106057   0.986481   0.976535
         0          0          0          1
2	9	57
-0.850233 -0.274789  0.448994   3.45094
 0.511245  -0.63428  0.579929   1.52766
  0.12543  0.722621   0.67977  -1.50121
        0         0         0         1
0	9	57
 -0.832946 -0.0706519   0.548825    3.93446
  0.508116  -0.490422   0.708029   0.823923
  0.219132   0.868617   0.444395   -1.71274
         0          0          0          1
5	13	57
  0.838551   0.229006  -0.494357   0.432451
  -0.17607    0.97259   0.151883   0.521955
  0.515589 -0.0403205   0.855887  -0.552742
         0          0          0          1
2	10	57
  0.961271  -0.274712 -0.0221803   0.677876
  0.266605   0.906461   0.327491  -0.580836
  -0.06986  -0.320721   0.944594    0.73256
         0          0          0          1
0	10	57
 0.420455 -0.890198 -0.175401   3.36499
 0.882366  0.356159  0.307542  -1.10895
-0.211303 -0.284075  0.935229   1.18454
        0         0         0         1
5	14	57
-0.484693 -0.609568 -0.627296   4.03404
  0.18519 -0.772426  0.607506   2.84025
-0.854856  0.178285  0.487275   2.29692
        0         0         0         1
2	11	57
 0.141635  0.976991  0.159462   -1.2782
 0.475978 0.0740302 -0.876336   3.03197
-0.867977   0.20002 -0.454541   2.96176
        0         0         0         1
0	11	57
 -0.810534   -0.52709  -0.255366    4.56634
 -0.228294  -0.117198   0.966512    1.56305
 -0.539367    0.84169 -0.0253386   0.339213
         0          0          0          1
7	20	57
 0.879438 -0.164813  0.446572  0.258147
0.0317921  0.956389   0.29036  0.371621
-0.474951 -0.241156  0.846325   1.27262
        0         0         0         1
5	15	57
  0.727859  -0.513543   0.454416   0.998599
  0.648999   0.729866  -0.214698   -1.02141
 -0.221406   0.451186    0.86453 -0.0346712
         0          0          0          1
6	20	57
  0.982952 -0.0843634  -0.163364   0.760238
 0.0425914   0.968828  -0.244046   0.819924
   0.17886   0.232928   0.955905  -0.867481
         0          0          0          1
2	12	57
-0.517914  0.806047 -0.286448  0.724215
-0.683118 -0.188157  0.705653   3.37145
 0.514892  0.561146  0.648075   -1.9655
        0         0         0         1
0	12	57
 -0.872979   0.134569  -0.468826    4.10777
 -0.476646 -0.0313707   0.878535    2.14123
  0.103517   0.990408   0.091528    -1.8965
         0          0          0          1
6	21	57
   0.56409 -0.0673047  -0.822966    1.03311
  0.480417  -0.783859   0.393401   0.618174
 -0.671567   -0.61728  -0.409832    5.27654
         0          0          0          1
0	13	57
 0.830203  0.263186 -0.491422  0.813968
0.0197789  0.867075  0.497785 -0.681416
  0.55711 -0.422982  0.714643  0.528646
        0         0         0         1
2	13	57
 0.691083  -0.42495 -0.584655   2.41936
 0.439897  0.889126 -0.126278  -0.73251
 0.573494 -0.169919  0.801394 -0.588421
        0         0         0         1
7	21	57
   0.87744  0.0857482   0.471961 0.00367475
 0.0480804   0.963217   -0.26439   0.184125
 -0.477272   0.254678   0.841042   -0.24543
         0          0          0          1
5	16	57
  0.57599 -0.461608  0.674651  0.421832
 0.706927  0.695692 -0.127542  -1.64655
-0.410475  0.550391  0.727035   0.44656
        0         0         0         1
4	22	57
0.0120734 -0.485527  0.874138   2.60189
 0.998764 0.0480004 0.0128665  -1.13096
-0.0482062  0.872903  0.485507  -1.78695
        0         0         0         1
3	22	57
 0.381605  0.892135  -0.24181  -1.70382
-0.328687   0.37548  0.866591   1.05436
 0.863911 -0.251216  0.436518 -0.324777
        0         0         0         1
6	22	57
-0.725021 -0.656287 -0.208886   4.81761
-0.687533  0.707524  0.163425  0.895174
0.0405384  0.262103 -0.964188   2.44917
        0         0         0         1
2	14	57
 0.045833  0.740228  0.670792 -0.394951
-0.254817  -0.64062  0.724344    2.9806
 0.965903 -0.204128  0.159261 -0.368549
        0         0         0         1
7	22	57
-0.0663206   -0.70455  -0.706549    5.01536
 -0.987511   0.147765 -0.0546537    3.62065
   0.14291     0.6941  -0.705551    1.54798
         0          0          0          1
5	17	57
 -0.775683  -0.631082 0.00719236    5.70459
 -0.488995   0.593757  -0.639012    3.43889
  0.398998  -0.499188  -0.769163    2.15572
         0          0          0          1
0	14	57
 0.871181 -0.475005  0.124149   1.40688
 0.146208  0.492401     0.858 -0.144898
-0.468686 -0.729322   0.49842   2.84357
        0         0         0         1
3	23	57
-0.775904 -0.511822 -0.368797   4.32161
-0.129058 -0.443455  0.886956   2.13023
-0.617509  0.735789  0.278024   1.32068
        0         0         0         1
4	23	57
-0.448307 -0.740602   0.50053   4.12378
 0.893396  -0.35281  0.278153  0.217631
-0.0294082  0.571869  0.819817  -1.24564
        0         0         0         1
1	23	57
0.0127312  0.261424  -0.96514   2.39483
-0.299769  0.921821  0.245736  0.172632
 0.953927  0.286191 0.0901024  -1.85522
        0         0         0         1
7	23	57
  0.744174   0.169496  -0.646123    1.46648
  0.124359  -0.985516  -0.115297     3.5255
 -0.656307 0.00545011  -0.754474    4.75454
         0          0          0          1
2	15	57
  0.402561   0.909639   0.102478   -1.62239
  0.296135 -0.0234821  -0.954857    3.28488
 -0.866169   0.414736  -0.278829    3.00247
         0          0          0          1
0	15	57
 0.958525 -0.106782 -0.264248   1.21169
-0.149181 -0.977981 -0.145935   3.39931
-0.242847  0.179304  -0.95335   3.20183
        0         0         0         1
5	18	57
 0.957351  0.189709  0.217923  0.465101
-0.267126  0.868589  0.417369  0.747797
-0.110107 -0.457781  0.882221   1.51098
        0         0         0         1
0	16	57
 0.571137 -0.618171  0.540063   1.78802
 0.618739  0.756554  0.211632  -2.15948
-0.539411  0.213287  0.814582   1.37201
        0         0         0         1
3	24	57
  0.95555 0.0907023  -0.28053  -0.59695
-0.0294419  0.976102  0.215312 -0.267791
 0.293355 -0.197482  0.935385  0.142925
        0         0         0         1
0	17	57
 0.896369 -0.232089    0.3777  0.866522
0.0521177  0.901265  0.430122 -0.569242
-0.440235 -0.365863  0.819962   1.93322
        0         0         0         1
7	24	57
  0.72013 -0.639382  0.269448   1.12132
 0.538944  0.270885 -0.797597   1.16234
  0.43698  0.719591  0.539664  -1.67752
        0         0         0         1
2	18	57
 0.964412 0.0769055 -0.252972  0.323557
-0.118713  0.980853 -0.154385  0.654498
 0.236255  0.178922  0.955076 -0.625911
        0         0         0         1
6	24	57
 0.662631 -0.566959 -0.489365   1.21127
 0.113948  0.722116 -0.682323  0.411347
 0.740227  0.396366    0.5431  -2.08629
        0         0         0         1
0	18	57
 0.943997 -0.276175  0.180547   1.42993
 0.198474  0.912408  0.357939 -0.748758
-0.263586 -0.302059  0.916124   1.35897
        0         0         0         1
5	20	57
 0.933851 -0.305447 -0.186078   1.77048
 0.304137  0.951938 -0.036261  0.663871
 0.188211 -0.022731  0.981866 -0.711915
        0         0         0         1
5	21	57
-0.388843   0.55154  0.737974 -0.260955
 -0.68422 -0.709286  0.169579    3.7206
 0.616964 -0.438997  0.653175  0.243412
        0         0         0         1
5	22	57
 -0.239362  -0.700577   0.672234    4.14951
  0.934804  -0.353392 -0.0354363    1.16181
  0.262388   0.619925    0.73949   -1.87283
         0          0          0          1
0	23	57
  0.737782 -0.0696307  -0.671438    1.45872
   0.13754   0.989307  0.0485357  -0.862832
  0.660879  -0.128159    0.73947  -0.855839
         0          0          0          1
5	23	57
  0.736672     0.1361   0.662413  -0.371058
 -0.156498   0.987258 -0.0288011   0.584752
 -0.657893 -0.0824489   0.748585    1.77036
         0          0          0          1
5	25	57
   0.94243  -0.270295   0.196892   0.506661
  0.228159   0.950188   0.212334   -0.31658
 -0.244478  -0.155187   0.957156 -0.0721456
         0          0          0          1
6	29	57
-0.624502  0.741766   -0.2445   1.99041
-0.767717 -0.640547 0.0176047   3.95201
-0.143555  0.198701  0.969489  -1.15513
        0         0         0         1
4	38	57
  0.986776 -0.0696282   0.146372  -0.194435
 0.0252534   0.958049   0.285491  -0.990098
 -0.160109  -0.278019   0.947138   0.192419
         0          0          0          1
6	38	57
   0.943122    0.320713  -0.0875433    -1.15187
  -0.322626    0.946491 -0.00827339    0.648056
  0.0802052   0.0360466    0.996126   -0.638164
          0           0           0           1
0	38	57
 -0.720325   0.211253   0.660685    1.73534
  0.574549  -0.351933   0.738943 0.00598836
   0.38862   0.911875   0.132131      -1.76
         0          0          0          1
6	41	57
 -0.990131 -0.0141458  -0.139432    4.27468
 0.0496279  -0.965817  -0.254431    4.71296
 -0.131067   -0.25884   0.956987  0.0332394
         0          0          0          1
7	37	57
-0.502822  0.410712 -0.760582   4.85053
  0.26918 -0.761753   -0.5893   4.00804
-0.821409 -0.501046  0.272471   3.78403
        0         0         0         1
6	43	57
 0.915978  -0.40055 0.0233455 -0.308737
 0.307663   0.73853  0.599931  -2.72592
-0.257544 -0.542341  0.799711   1.67187
        0         0         0         1
7	39	57
-0.534298  0.423686 -0.731447   5.09269
-0.080965  0.835686  0.543208 -0.312218
 0.841409  0.349457 -0.412202 -0.726667
        0         0         0         1
5	38	57
 0.848524 -0.483812 -0.214319   1.50095
 0.403395  0.853551 -0.329732   0.29767
 0.342461  0.193331  0.919426  -1.46379
        0         0         0         1
10	11	57
 0.951894  0.251898  0.174486 -0.185914
-0.131065  0.849397 -0.511221  0.674686
-0.276983  0.463759  0.841551    -0.304
        0         0         0         1
10	12	57
 0.912808 0.0271603  0.407485 0.0258245
 0.204169  0.833794 -0.512934 -0.299581
 -0.35369  0.551406  0.755549 -0.308921
        0         0         0         1
10	13	57
 0.509268 -0.393158  0.765554   1.60486
 0.451779  0.879256  0.151015 -0.935704
-0.732491  0.268954  0.625397   1.36447
        0         0         0         1
8	9	57
 0.994779  -0.04829 0.0899004  0.415099
-0.00932537  0.834251  0.551306   0.67459
-0.101622 -0.549266  0.829445   1.48685
        0         0         0         1
9	10	57
 0.801748  -0.31515   0.50782   1.16521
   0.3302  0.941796 0.0631516 -0.519511
-0.498165   0.11705  0.859146  0.731722
        0         0         0         1
9	11	57
 0.259186 -0.812899  0.521553    3.1581
 0.956628  0.141711 -0.254523  0.161663
 0.132992  0.564901  0.814371  -1.18136
        0         0         0         1
8	10	57
  0.76101 -0.307815  0.571064   1.54392
-0.0444593  0.853451  0.519274  0.691321
-0.647215 -0.420562  0.635799    2.2951
        0         0         0         1
10	14	57
-0.718682 -0.515401 -0.466754   5.08447
-0.581331 0.0770611   0.81001   1.49178
-0.381511  0.853478 -0.355001   1.66386
        0         0         0         1
8	11	57
 -0.159074   0.731443   0.663089  -0.602992
 -0.971967 0.00175549   -0.23511    4.12053
 -0.173133    -0.6819   0.710659     3.2294
         0          0          0          1
9	12	57
 0.435003 0.0103652   0.90037   1.28637
 0.516093  0.816517 -0.258744 -0.959739
-0.737849  0.577229  0.349838   0.39961
        0         0         0         1
7	42	57
  0.942564  -0.126985   0.308945   -1.43757
   0.13056   0.991398 0.00916547   -0.40219
 -0.307452   0.031697   0.951036  -0.406765
         0          0          0          1
10	15	57
-0.774308 -0.632787 0.0052726   5.34114
-0.503447  0.621047  0.600701   1.10597
-0.383391  0.462473 -0.799456   2.94514
        0         0         0         1
8	12	57
   0.662567   -0.666073    0.342568     1.15896
   0.454529 -0.00596464   -0.890712     1.51267
   0.595322    0.745863    0.298798   -0.840605
          0           0           0           1
9	13	57
-0.116545 -0.446468  0.887178   3.40686
 0.568938  0.702167  0.428102 -0.800354
-0.814081  0.554642  0.172179  0.910061
        0         0         0         1
10	16	57
 0.649345  0.758929 0.0487714  -1.35118
-0.500466  0.474729 -0.723993    2.3193
-0.572613  0.445713  0.688081  0.544988
        0         0         0         1
9	14	57
 -0.313828    0.19611   0.929006    2.03935
 -0.790675    0.48774  -0.370059    3.40052
 -0.525685  -0.850677 0.00199246    3.70419
         0          0          0          1
9	15	57
-0.199273 -0.973627 -0.111094   4.29117
 0.514023 -0.200373  0.834045  0.573925
-0.834309  0.109098  0.540395   2.47384
        0         0         0         1
8	15	57
-0.184641  0.840471 -0.509428   1.15781
 0.965438  0.252126 0.0660447 -0.806503
 0.183949 -0.479626 -0.857975   4.31032
        0         0         0         1
6	54	57
-0.693815  0.675303 -0.250174   3.05056
-0.716211 -0.683342  0.141721   3.58636
-0.0752497  0.277506  0.957773  -1.47474
        0         0         0         1
9	16	57
-0.856333  0.368506 -0.361798   3.60365
-0.508708 -0.481266  0.713862   3.80731
0.0889411  0.795353  0.599586  -1.34071
        0         0         0         1
7	43	57
 0.901646  0.124504  0.414166  -1.81853
0.0481256  0.922832 -0.382186 -0.374661
-0.429789  0.364529  0.826075 -0.485194
        0         0         0         1
9	17	57
 0.420741 -0.518126  0.744663  0.453895
 0.490843  0.820341  0.293451  -1.54278
-0.762922  0.242045   0.59947   2.56271
        0         0         0         1
9	18	57
 -0.839011   0.460624   0.289633    1.51932
 -0.362708  -0.870251   0.333325    4.04731
  0.405591   0.174612   0.897222 -0.0781941
         0          0          0          1
6	55	57
 -0.31701   0.80397 -0.503126   2.50751
-0.879377 -0.447867 -0.161591   4.52055
-0.355248  0.391211  0.848971 -0.630494
        0         0         0         1
8	17	57
-0.710132  0.689872 -0.140677   2.22264
-0.538221 -0.403097  0.740156    4.4152
 0.453907  0.601324  0.657555   -1.0471
        0         0         0         1
11	12	57
 0.322965 -0.812417  0.485461   2.26442
-0.786343  -0.51579 -0.340038   4.37385
 0.526649 -0.271918  -0.80542   2.21584
        0         0         0         1
8	18	57
 0.816876 -0.367119  0.444902  0.398125
-0.0571618   0.71599  0.695767   1.11917
-0.573974 -0.593787   0.56389   4.01134
        0         0         0         1
12	13	57
0.858583  -0.2864 0.425218 0.768457
0.021073 0.848425 0.528896 0.378848
-0.512241 -0.44514 0.734479  2.14252
       0        0        0        1
10	21	57
  0.0985504   -0.995132 0.000405759     3.90291
   0.447662   0.0439689   -0.893121     1.57548
   0.888756   0.0881991    0.449816    -1.80043
          0           0           0           1
11	13	57
-0.969844 0.0783811  0.230779   3.75379
-0.183204 -0.858938 -0.478186   4.23643
 0.160744 -0.506046  0.847395   0.94838
        0         0         0         1
11	14	57
0.0385881  0.860782  0.507509  0.338154
-0.988548  0.107035 -0.106378   3.62107
-0.145889 -0.497592  0.855055   1.39053
        0         0         0         1
8	19	57
 0.300732   0.14475  -0.94266   2.73966
 0.484361 -0.874635 0.0202183   3.18156
-0.821556 -0.462668 -0.333142   5.11765
        0         0         0         1
12	14	57
 0.494155 -0.638957  0.589529   1.91675
0.00633779  0.680738    0.7325  0.811167
 -0.86935 -0.358232   0.34044   2.77159
        0         0         0         1
11	15	57
  0.975194  -0.115327  -0.188931   0.627617
  0.121785   0.992293  0.0228952  -0.173735
  0.184835 -0.0453363   0.981723 -0.0272328
         0          0          0          1
10	22	57
 0.975881   0.17231  0.134037 -0.552686
0.0174082 -0.673463  0.739017    1.5902
 0.217609 -0.718859 -0.660219   3.59891
        0         0         0         1
12	15	57
 0.121037  -0.59412  0.795218   2.36148
 0.917387  0.372937  0.138995 0.0277114
-0.379146  0.712699  0.590177 0.0626087
        0         0         0         1
11	16	57
-0.354081    0.8589 -0.370023   1.30311
-0.820488 -0.475169 -0.317826   5.78861
-0.448804  0.191063  0.872966  0.914575
        0         0         0         1
10	23	57
 0.849005 -0.523737 0.0699348     1.203
 0.521384   0.80891 -0.271708 -0.535271
0.0857326  0.267145  0.959836  -0.74385
        0         0         0         1
11	17	57
-0.281024 -0.789124  0.546176    3.5058
-0.897608 0.0147414 -0.440548   4.34047
 0.339596 -0.614057 -0.712467    2.9153
        0         0         0         1
8	20	57
 0.991784  -0.11569  0.054589   0.29989
0.0927639  0.944271  0.315828  0.477112
-0.088085 -0.308169  0.947245   1.06566
        0         0         0         1
9	23	57
 0.480625  0.320165  0.816391 -0.234709
0.00594244  0.929758 -0.368123  0.235488
-0.876906   0.18178  0.444962    1.8684
        0         0         0         1
10	24	57
 0.0258839    0.95689   0.289297   0.112848
 -0.933449 -0.0804375   0.349576    3.38668
  0.357776  -0.279092   0.891125  -0.606429
         0          0          0          1
13	14	57
 0.876576 -0.341496  0.339111  0.638945
 0.239269  0.920609  0.308591 -0.236772
-0.417571 -0.189365  0.888693   1.19215
        0         0         0         1
8	21	57
  0.995414 0.00737879  0.0953809   0.262241
 0.0106166   0.982342  -0.186792   0.637004
 -0.095075   0.186948   0.977758  -0.117038
         0          0          0          1
8	22	57
  0.74476  0.303095  0.594529 -0.975878
-0.164434  0.946786 -0.276693  0.717548
-0.646756  0.108309  0.754967   2.07428
        0         0         0         1
7	45	57
 -0.47278 -0.868392  0.149581   4.68671
 0.237624 -0.289105 -0.927337   4.46241
 0.848537 -0.402882  0.343033  0.426337
        0         0         0         1
11	22	57
 0.193065 -0.836309  0.513141    2.5738
-0.979572 -0.194274 0.0519313   4.30453
0.0562594 -0.512685 -0.856732   3.98135
        0         0         0         1
12	22	57
 0.830429   0.18778  0.524526  -1.20664
0.0513956 -0.963293  0.263489   4.53109
 0.554749 -0.191851 -0.809597   1.94318
        0         0         0         1
8	23	57
-0.695395 -0.656458  0.292385   4.37393
 0.694548 -0.718391 0.0389596   1.94361
 0.184471  0.230167  0.955507 -0.210849
        0         0         0         1
11	23	57
 0.939101 -0.301208  0.165422  0.640567
 0.203897  0.100914 -0.973777   1.92357
 0.276616  0.948204  0.156184  -2.06669
        0         0         0         1
12	23	57
  0.95865 0.0227308 -0.283678   0.31325
0.0299295  0.983225  0.179927   0.29036
 0.283009 -0.180977  0.941888 -0.455648
        0         0         0         1
13	17	57
 0.110736 -0.621811  0.775299   2.29679
 0.459739  0.723664  0.514733 -0.688856
-0.881123  0.299436  0.366007   1.91046
        0         0         0         1
12	24	57
  0.993483 -0.0603955   0.096658   0.190219
0.00188452   0.856649   0.515896   0.308764
  -0.11396  -0.512352    0.85118   0.588238
         0          0          0          1
13	18	57
  0.919336  -0.283603   0.272747     1.5732
  0.267364   0.958822  0.0957957   0.158253
 -0.288684 -0.0151457   0.957305  0.0597609
         0          0          0          1
13	23	57
  0.718031   0.186298  -0.670615   0.630584
 -0.300081   0.952223 -0.0567695   0.684235
  0.627999   0.242001    0.73963   -1.84131
         0          0          0          1
5	49	57
  0.319378  -0.242973   0.915949  -0.404169
  0.944768 0.00660557  -0.327674    1.31336
 0.0735657   0.970011   0.231663  -0.147212
         0          0          0          1
13	24	57
-0.229551 -0.965502 -0.122934   4.48046
 0.969241 -0.238282 0.0615878  0.690952
-0.0887561 -0.105015  0.990502 -0.301925
        0         0         0         1
5	51	57
-0.709042  0.694416 -0.122662   3.60357
-0.699528 -0.670697  0.246631   3.57499
0.0889956  0.260677  0.961316  -1.90059
        0         0         0         1
7	49	57
 -0.26846   0.41142  0.871013  0.135875
 0.753889 -0.473136  0.455844   -0.3736
 0.599651  0.779023 -0.183147  0.264535
        0         0         0         1
7	50	57
-0.285064  0.914538  0.286982   1.20116
-0.888874 -0.364262  0.277879   3.36477
 0.358668 -0.175877  0.916747  -1.32125
        0         0         0         1
10	38	57
  0.746423   0.377292  -0.548182    1.35638
 -0.448848     0.8936 0.00386313   0.905062
  0.491313   0.243167    0.83635   -1.97515
         0          0          0          1
8	29	57
-0.763621  0.580705  0.282248    1.2049
-0.246264 -0.666049  0.704082   1.83898
 0.596855  0.468145  0.651617  -1.21474
        0         0         0         1
14	15	57
  0.999946 -0.0100721 -0.0024092  0.0222881
0.00639185   0.783273  -0.621645   0.224437
0.00814831   0.621597   0.783295   -1.35043
         0          0          0          1
14	16	57
 0.976958 0.0205345  0.212441 0.0792751
 0.140296  0.688314 -0.711717 0.0912018
-0.160841  0.725122  0.669573  -1.22492
        0         0         0         1
8	30	57
 0.230043   0.92915 -0.289415 -0.576591
-0.960643  0.169222 -0.220292   4.73269
-0.155709  0.328701  0.931509  0.148207
        0         0         0         1
14	17	57
  0.899664  -0.258484   0.351839 -0.0216932
  0.332386   0.928038  -0.168123  -0.272001
 -0.283063   0.268201   0.920839 -0.0682082
         0          0          0          1
14	18	57
   0.993754    0.111535 -0.00376882     1.02561
  -0.110149    0.974862   -0.193678    0.448591
 -0.0179278    0.192884    0.981058   -0.424758
          0           0           0           1
8	31	57
 0.956053 -0.139661  0.257796 -0.222596
0.00590301  0.888252  0.459319  0.618681
-0.293137 -0.437612   0.85004  0.849403
        0         0         0         1
15	16	57
  0.974184  0.0011937   0.225753  0.0950708
 0.0367711   0.985793  -0.163891 -0.0145102
 -0.222741   0.167961     0.9603   0.149142
         0          0          0          1
14	22	57
-0.977168  0.120097 -0.175271   4.31604
-0.0229888 -0.879844 -0.474707   4.28113
-0.211222 -0.459839  0.862516   1.62584
        0         0         0         1
15	17	57
 0.775325  0.602195 -0.190348 -0.312255
-0.555773  0.507403 -0.658528   2.89159
-0.299979  0.616363  0.728086 -0.105823
        0         0         0         1
15	18	57
-0.0642937    0.92813  -0.366662   0.788913
  -0.98918  -0.107826 -0.0994867    4.00026
 -0.131872   0.356298    0.92502  -0.177995
         0          0          0          1
14	23	57
 0.180522   0.40667 -0.895562   1.42662
-0.711722  0.682459  0.166437   1.65129
 0.678869  0.607346  0.412635   -2.4606
        0         0         0         1
14	24	57
   0.572161    0.408456   -0.711193    0.562316
  -0.588401    0.808519 -0.00902119     1.52703
   0.571328    0.423628     0.70294    -2.12694
          0           0           0           1
8	32	57
 0.644905  0.499129  0.578765  -1.70649
-0.700109   0.68953  0.185463   1.83998
-0.306506 -0.524804  0.794125   1.66055
        0         0         0         1
15	21	57
 0.804053  0.153647 -0.574362   2.57058
-0.280048   0.95003   -0.1379  0.482894
 0.524473  0.271728  0.806903  -1.80661
        0         0         0         1
14	25	57
 0.943425  0.115406 -0.310855  0.821352
 -0.21561  0.925738 -0.310679  0.861813
 0.251916  0.360125  0.898247  -2.13114
        0         0         0         1
15	22	57
 0.160111  0.966786  -0.19922 -0.249423
 0.971049  -0.11802  0.207688 -0.568179
 0.177278 -0.226706 -0.957694   3.02075
        0         0         0         1
15	23	57
 0.0534391  -0.988988  -0.138009    3.89955
 -0.985112 -0.0295977  -0.169349    3.90954
    0.1634   0.145004  -0.975846     2.3719
         0          0          0          1
8	33	57
-0.535164  0.519166  0.666383 -0.865701
-0.481467 -0.835641  0.264372   4.30168
  0.69411 -0.179359  0.697167  0.102149
        0         0         0         1
17	18	57
 0.805582  0.322739 -0.496868  0.507218
-0.315607  0.943485  0.101137  0.574739
 0.501428 0.0753408  0.861913 -0.826586
        0         0         0         1
16	17	57
 0.941742 -0.177067  0.285955  0.864579
-0.0209004  0.817751  0.575194  0.719651
-0.335688  -0.54766  0.766409   1.67498
        0         0         0         1
18	19	57
 0.849092  0.305512 -0.430935  0.525119
-0.312728  0.948188 0.0560375  0.796359
 0.425727  0.087184  0.900642  -1.18308
        0         0         0         1
17	19	57
 0.372766   0.51836 -0.769642   1.74819
-0.504464  0.809352  0.300774  0.978085
 0.778821  0.276138  0.563192  -1.50423
        0         0         0         1
16	18	57
 0.965381  0.139426 -0.220454   0.94336
0.0179985  0.807537  0.589542  0.688969
 0.260223 -0.573101  0.777071  0.605851
        0         0         0         1
16	19	57
 0.662938  0.418378 -0.620865   1.97241
0.0397282  0.808458  0.587211  0.600226
  0.74762  -0.41395  0.519337 -0.577881
        0         0         0         1
16	20	57
   0.6882  0.278253 -0.670042   2.76922
0.0253846  0.913732  0.405525  0.399502
 0.725077 -0.296091  0.621767  -0.42852
        0         0         0         1
16	21	57
  0.678298  -0.326531  -0.658247    3.83539
  0.217479   0.944912  -0.244631 -0.0371444
  0.701865  0.0227777   0.711945   -1.11767
         0          0          0          1
18	25	57
 0.971551 0.0661281 -0.227413 -0.676432
-0.113049  0.973262 -0.199956  0.266193
 0.208109  0.219976  0.953049  -1.75027
        0         0         0         1
16	22	57
 -0.277325   0.960367  -0.028026  0.0600576
  0.960546   0.276502 -0.0299905   -1.29667
-0.0210526 -0.0352374  -0.999158    3.06244
         0          0          0          1
16	23	57
 0.902765   0.42342 0.0757108  -0.66005
-0.429796   0.89496  0.119674   1.07305
-0.0170858 -0.140578  0.989922 0.0679415
        0         0         0         1
16	24	57
  0.330791 0.00366396  -0.943697    2.89556
  0.315582   0.941992   0.114277  -0.571494
  0.889374  -0.335616   0.310446  -0.904813
         0          0          0          1
14	35	57
-0.969119 0.0227772 -0.245541   4.23328
-0.135391 -0.881369  0.452614   2.96292
-0.206103   0.47188  0.857234  -1.50113
        0         0         0         1
16	25	57
   0.843722    0.234399   -0.482898    0.846114
-0.00417199    0.902456    0.430763 -0.00913191
   0.536764   -0.361429    0.762399    -1.11828
          0           0           0           1
14	38	57
 0.781038  0.462462 -0.419652  0.666421
-0.551551     0.826 -0.116259   1.22733
 0.292867  0.322262  0.900209  -2.11775
        0         0         0         1
16	26	57
   0.99736 -0.0521807   0.050496      0.416
 0.0162863   0.838445   0.544744  -0.278468
-0.0707634  -0.542483   0.837081 -0.0170258
         0          0          0          1
16	27	57
  0.956478  0.0910123   0.277249  -0.305153
 -0.128215   0.984566   0.119125 -0.0929155
 -0.262128  -0.149488   0.953385  -0.508683
         0          0          0          1
20	21	57
 0.931833 -0.355083 0.0748595 -0.877457
 0.303037   0.64792 -0.698834 -0.311268
 0.199641  0.673881  0.711356 -0.813256
        0         0         0         1
8	41	57
-0.252605  0.327093 -0.910605    3.9922
-0.949464 0.0974142  0.298376   3.99807
 0.186303  0.939958  0.285956 -0.635052
        0         0         0         1
20	22	57
 0.804357  0.196114  0.560847   -1.0292
 0.183331  0.815971 -0.548254 -0.442528
-0.565155  0.543812  0.620378  0.577868
        0         0         0         1
19	20	57
   0.998727 -0.00601316    0.050081    0.639907
  0.0153874    0.981863   -0.188966   0.0822015
 -0.0480364    0.189496    0.980706   -0.513802
          0           0           0           1
8	43	57
 -0.621153  -0.359044   0.696604    2.21825
 -0.649646  -0.261255  -0.713938    5.47542
  0.438326   -0.89601 -0.0709721    3.77791
         0          0          0          1
20	24	57
 0.884922 -0.175178 -0.431538 -0.208312
 0.081401  0.970479 -0.227033 -0.659261
  0.45857  0.165779  0.873058 -0.846533
        0         0         0         1
20	25	57
  0.983239 -0.0561702   0.173453   -1.70728
 0.0424904   0.995759  0.0815998  -0.673477
 -0.177301 -0.0728621   0.981456   0.580242
         0          0          0          1
19	24	57
  0.934777   0.295281  -0.197488   -1.13881
 -0.285558   0.955288  0.0766916   0.194584
  0.211303 -0.0152955   0.977301   0.198024
         0          0          0          1
19	25	57
  0.960011 -0.0672833    0.27176   -1.05278
  0.111072   0.982564  -0.149104  -0.675178
 -0.256989   0.173326   0.950744  0.0143273
         0          0          0          1
20	26	57
 0.618741  -0.55029  0.560661 -0.597533
 0.483351  0.829269  0.280507  -1.75295
-0.619299 0.0974349  0.779086  0.934443
        0         0         0         1
20	27	57
  0.46884 -0.248293  0.847667  -0.66484
  0.42504  0.904681 0.0299061   -1.7401
-0.774294  0.346271  0.529684   0.72202
        0         0         0         1
19	26	57
 0.546987 -0.430326  0.718071 -0.514436
 0.478173  0.864671  0.153935  -1.71374
-0.687136  0.259161  0.678733  0.893036
        0         0         0         1
8	49	57
-0.652213   0.11368  0.749463   1.56403
  0.57458 -0.570756  0.586597 -0.122114
 0.494445  0.813213  0.306937 -0.650472
        0         0         0         1
8	51	57
-0.542383  0.833313 -0.106821   1.47172
-0.750458   -0.4234   0.50749   2.96901
  0.37767  0.355418  0.855011 -0.722542
        0         0         0         1
8	53	57
-0.701262  0.712291 0.0295834   2.37686
-0.481401 -0.503738  0.717289   2.14867
  0.52582  0.488765  0.696149  -1.50502
        0         0         0         1
8	54	57
-0.732379  0.674404 0.0938078   2.22651
-0.354432 -0.495229  0.793175   1.88457
 0.581377  0.547656  0.601725  -1.45554
        0         0         0         1
20	30	57
 0.706636 -0.435807  0.557438 -0.107432
 0.265625  0.893579  0.361884  -0.68696
-0.655827 -0.107651  0.747197  0.851949
        0         0         0         1
19	29	57
-0.000762098 -0.698036  0.716062   1.26869
 0.545808  0.599706   0.58519  -0.87122
 -0.83791  0.391278  0.380537   0.38031
        0         0         0         1
8	55	57
 -0.079888   0.935098  -0.345268    1.33343
 -0.982884 -0.0162119   0.183512    4.77863
  0.166004   0.354019   0.920388   -1.02983
         0          0          0          1
21	22	57
  0.758922   0.399622    0.51414  -0.178906
 -0.389821   0.911254   -0.13287   0.562318
  -0.52161 -0.0995848   0.847352     1.2965
         0          0          0          1
19	30	57
 0.598418 -0.472366  0.647122  0.743278
    0.426  0.871664  0.242333 -0.704139
-0.678543  0.130657  0.722847  0.207919
        0         0         0         1
8	56	57
 -0.74849    0.6615 0.0466926   2.22287
-0.364829 -0.469557     0.804  0.863717
 0.553771  0.584751  0.592794  -1.44583
        0         0         0         1
21	23	57
0.608219 0.192478 0.770079 -1.54145
-0.518959 0.830516 0.202296  1.47129
-0.600626 -0.52268 0.605024  3.51823
       0        0        0        1
22	23	57
  0.984724 -0.0338065   0.170809   0.273765
-0.0537652      0.874   0.482942   0.587622
 -0.165614  -0.484748   0.858831    1.26797
         0          0          0          1
20	31	57
  0.972051 0.00355344   0.234742  -0.717517
-0.0534559    0.97697   0.206569 -0.0683991
 -0.228602  -0.213344   0.949855  -0.053156
         0          0          0          1
23	24	57
 0.913764 -0.190839  0.358631  0.179453
0.0831767  0.951979  0.294651 -0.166542
 -0.39764 -0.239412  0.885757  0.946273
        0         0         0         1
19	31	57
  0.967105  -0.153039   0.203193   0.344242
  0.173342   0.981091 -0.0861011 -0.0597124
 -0.186174   0.118491   0.975346   -1.06508
         0          0          0          1
20	32	57
  0.877494 -0.0620101   0.475562 -0.0625691
  0.201505   0.947503  -0.248265   -0.22021
 -0.435201   0.313679   0.843923  -0.937426
         0          0          0          1
20	33	57
 0.953935 -0.108933   0.27954   0.29864
 0.216915  0.894115   -0.3918 -0.296052
-0.207261  0.434388  0.876556  -1.72294
        0         0         0         1
20	34	57
  0.999475 -0.0224676  0.0233418  -0.389954
 0.0276187   0.967504  -0.251342  -0.151817
-0.0169361   0.251855   0.967617   -1.61022
         0          0          0          1
19	35	57
  0.711605  -0.229941   0.663886   0.983993
  0.379683   0.920921 -0.0880069  -0.270298
 -0.591151   0.314693   0.742637  -0.469992
         0          0          0          1
24	25	57
 0.796727 -0.261473  0.544847  0.485249
 0.274556  0.959753 0.0591056 -0.530605
-0.538373    0.1025   0.83645  0.126683
        0         0         0         1
24	26	57
 0.275121 -0.479566  0.833262  0.984564
 0.464239  0.825235  0.321668  -1.20898
-0.841897  0.298335  0.449672  0.891868
        0         0         0         1
20	38	57
 -0.327747 -0.0772667   0.941601 -0.0540364
  -0.55766  -0.788685  -0.258826    4.14073
  0.762625  -0.609923   0.215401   0.961272
         0          0          0          1
25	26	57
  0.80071 -0.323298  0.504323  0.117114
 0.278367  0.946259  0.164641 -0.693478
-0.530448 0.0085575  0.847675  0.882714
        0         0         0         1
20	39	57
-0.756406  0.633572 -0.162596   2.85372
-0.608593 -0.590588  0.529925   3.55274
 0.239718  0.499792  0.832312  -2.02424
        0         0         0         1
23	35	57
  0.989723   0.142076 -0.0162304  0.0675257
 -0.134545   0.963635   0.230879  0.0919884
 0.0484426  -0.226322   0.972847  -0.677622
         0          0          0          1
22	36	57
-0.0636228   0.894892   0.441725    0.16093
 -0.212922  -0.444603   0.870053    1.63883
  0.974996 -0.0386976   0.218829  -0.890167
         0          0          0          1
25	27	57
  0.693534 -0.0827905   0.715651  -0.324162
  0.308516   0.931808  -0.191185  -0.723326
 -0.651021   0.353383   0.671783   0.475205
         0          0          0          1
21	32	57
  0.881783 0.00557402   0.471623  -0.659018
 -0.175315   0.932161   0.316766 -0.0527236
 -0.437863  -0.362001   0.822941   0.933666
         0          0          0          1
20	44	57
-0.853864 -0.127132  0.504732    1.9828
0.0154102 -0.975462 -0.219629   3.76139
 0.520269 -0.179755  0.834871  -1.24631
        0         0         0         1
20	45	57
  0.903361 -0.0960739  -0.417983  -0.341542
 -0.201748   0.764834  -0.611823   0.481321
  0.378467   0.637024   0.671538   -2.73742
         0          0          0          1
25	30	57
 0.801575 -0.381581  0.460297   1.53146
 0.264413  0.916726  0.299498 -0.103279
-0.536249 -0.118361  0.835719  0.658147
        0         0         0         1
20	46	57
 0.968547 -0.122135  0.216794 -0.302522
 0.202145  0.894256 -0.399305 -0.316152
  -0.1451  0.430569  0.890818  -1.35913
        0         0         0         1
22	49	57
-0.938923 -0.296311  0.174997   3.43641
   0.2959 -0.435533   0.85015  0.647576
-0.175691  0.850006   0.49661 -0.570952
        0         0         0         1
25	31	57
   0.999845    0.017024 -0.00459738     1.47251
 -0.0168072    0.998904   0.0436876    0.570222
 0.00533629  -0.0436038    0.999035   -0.761332
          0           0           0           1
26	27	57
  0.980777 -0.0536356   0.187616 -0.0968554
  0.118073   0.928613  -0.351762   -0.21432
 -0.155356   0.367152   0.917096  -0.513607
         0          0          0          1
21	38	57
 0.971432  -0.13898 -0.192365  0.289114
 0.216331  0.851863  0.477001  -1.03661
0.0975749 -0.504989  0.857593  0.815082
        0         0         0         1
20	49	57
  0.310686  -0.198164   0.929626    -1.0938
  0.933983  -0.117956  -0.337286   0.232021
  0.176493   0.973045   0.148435 -0.0173671
         0          0          0          1
26	29	57
  0.756233  -0.402255   0.516044    1.50825
  0.279849   0.911765   0.300615  -0.157929
 -0.591435 -0.0829205   0.802078    1.20451
         0          0          0          1
24	38	57
 0.947628 -0.237914   0.21307  0.606788
 0.275108  0.946942 -0.166183 -0.139199
-0.162228  0.216097    0.9628 -0.697753
        0         0         0         1
27	28	57
 0.834698 -0.203852  0.511589  0.848025
0.0339076  0.946228  0.321719  0.181863
-0.549663 -0.251191  0.796727   1.37433
        0         0         0         1
20	52	57
 0.607566 0.0306775  0.793676  -2.00245
 0.787776  0.104231 -0.607078   0.97917
-0.101349   0.99408 0.0391602  0.602249
        0         0         0         1
28	29	57
 0.988586 0.0938802 -0.117832  0.344911
-0.0540109  0.950971  0.304527 0.0876379
 0.140644 -0.294687  0.945187  0.816414
        0         0         0         1
27	29	57
 0.934852 -0.227166  0.272851   1.50035
0.0297287  0.815898  0.577431  0.537539
-0.353791 -0.531701  0.769497   1.62307
        0         0         0         1
26	30	57
 0.999442 0.0297451 0.0152247    1.4391
-0.0315302  0.990352  0.134946   0.11523
-0.0110636  -0.13535  0.990736  0.621265
        0         0         0         1
28	30	57
  0.697777   0.470721  -0.539934    0.44708
 -0.333533   0.880577   0.336661   0.287983
  0.633927 -0.0548284   0.771447   0.488029
         0          0          0          1
21	43	57
 0.224437  0.203577 -0.952988   2.56516
-0.972978  0.101264 -0.207513   4.63364
0.0542589  0.973809  0.220803 -0.410093
        0         0         0         1
27	30	57
 0.971654  0.141148 -0.189648   1.58076
-0.0332851  0.875891   0.48136  0.564917
 0.234054 -0.461403  0.855761   1.19718
        0         0         0         1
21	44	57
   0.80171   0.310761   0.510576   -2.06363
 -0.396482   0.915724  0.0652062 0.00293541
 -0.447283  -0.254711   0.857357    1.07003
         0          0          0          1
27	31	57
  0.64031  0.362811 -0.677031   2.53341
-0.101183  0.913577  0.393878  0.633992
 0.761423   -0.1837  0.621683  0.188467
        0         0         0         1
21	45	57
   0.91153 -0.0780834  -0.403752  -0.524477
 0.0162709   0.987887  -0.154318    -0.5403
  0.410911   0.134096    0.90176   -1.44052
         0          0          0          1
29	30	57
  0.774679   0.358689  -0.520783   0.337472
 -0.415462   0.909572 0.00845751   0.334308
  0.476723   0.209813   0.853647  -0.403397
         0          0          0          1
26	31	57
 0.800275  0.303122 -0.517375   2.34593
 -0.32666  0.943935 0.0477595   0.70715
 0.502845  0.130785  0.854425 -0.485998
        0         0         0         1
25	38	57
  0.926479   0.183456  -0.328605   0.210287
 -0.225696    0.96955 -0.0950453    0.59845
  0.301163   0.162223   0.939673  -0.635379
         0          0          0          1
30	31	57
  0.802125   0.293751   -0.51991   0.824733
 -0.375693    0.92499 -0.0570031   0.711068
  0.464166    0.24105   0.852317  -0.983456
         0          0          0          1
21	46	57
  0.685306 -0.0610548  -0.725691    2.89911
 -0.113007  -0.993325 -0.0231466    4.34533
 -0.719434  0.0978708  -0.687631    4.95708
         0          0          0          1
25	39	57
  0.960011  -0.168249   0.223767  -0.441704
  0.170357   0.985332 0.00999495  -0.309983
 -0.222166  0.0285248   0.974592   0.900638
         0          0          0          1
27	32	57
  0.726286  -0.093754  -0.680969    3.87381
 0.0426051    0.99489 -0.0915335   0.449337
  0.686071  0.0374665   0.726569   0.429431
         0          0          0          1
26	32	57
 -0.904301 -0.0239121   0.426225    2.65601
  0.225797   0.820542   0.525097   -2.28697
 -0.362292   0.571087  -0.736617     4.4335
         0          0          0          1
30	33	57
 0.844381 0.0525394 -0.533162   1.58168
-0.392582  0.737866  -0.54903  0.856145
 0.364556    0.6729  0.643665   -1.5591
        0         0         0         1
25	41	57
-0.944126 -0.299589 -0.137379   5.58173
  0.27776 -0.947627   0.15765   3.38957
-0.177414  0.110683  0.977893 -0.156152
        0         0         0         1
26	33	57
 0.784572  0.269476 -0.558416   2.67393
-0.534191  0.750999 -0.388124  0.791738
  0.31478  0.602812  0.733165  -1.15812
        0         0         0         1
27	33	57
   0.547901    0.512047   -0.661523     2.05736
  -0.688993    0.724703 -0.00970145     1.27942
    0.47444      0.4611    0.749862   -0.813063
          0           0           0           1
30	34	57
 0.714224 0.0909512 -0.693983   1.52843
-0.428247  0.841051 -0.330512  0.876729
 0.553614  0.533256  0.639648  -1.80485
        0         0         0         1
21	49	57
-0.778524  0.616473  0.117738   2.09776
-0.310266 -0.541106  0.781626   1.44302
  0.54556  0.571985  0.612535  -1.15332
        0         0         0         1
29	35	57
  0.716204   0.285802  -0.636686   0.908526
 -0.485673   0.859257  -0.160619  -0.112538
  0.501172   0.424257    0.75421 -0.0178816
         0          0          0          1
21	50	57
-0.811623  0.567236  0.139687   2.34294
-0.214363 -0.511616  0.832044   1.07602
 0.543431  0.645362  0.536833  -1.27293
        0         0         0         1
30	35	57
  0.993243    0.10978 -0.0376323    0.69449
 -0.116031   0.945366  -0.304662   0.171292
0.00213069    0.30697   0.951717 -0.0520012
         0          0          0          1
21	51	57
 0.663758 0.0922889  0.742233  -1.13136
 0.512954  0.666045 -0.541536   1.71972
-0.544338   0.74018  0.394753   0.65703
        0         0         0         1
27	34	57
 0.535766  0.112469 -0.836843   3.42898
 -0.14667  0.988419 0.0389393  0.479581
  0.83153  0.101877  0.546057 -0.481641
        0         0         0         1
26	34	57
 0.778978 0.0535741 -0.624759   2.80036
-0.320773  0.890154 -0.323622  0.889861
 0.538794    0.4525  0.710595  -1.34769
        0         0         0         1
30	36	57
  0.960281 -0.0879314    0.26482    1.06928
  0.107044   0.992526 -0.0585987  -0.235106
 -0.257688  0.0846186   0.962516   0.492354
         0          0          0          1
27	35	57
  0.146682  0.0357484  -0.988538    3.37521
  -0.98451 -0.0917538  -0.149402    4.31621
-0.0960431    0.99514   0.021736   0.706079
         0          0          0          1
29	37	57
 0.942261  0.150113  -0.29935  0.816041
-0.264808  0.881184 -0.391653 -0.069151
 0.204991   0.44831  0.870056 -0.409342
        0         0         0         1
30	37	57
   0.95554 -0.0210072   0.294113   0.607549
  0.124749   0.932593  -0.338685  0.0438361
 -0.267174   0.360318    0.89375  -0.510402
         0          0          0          1
29	38	57
  0.999311 0.00853566  0.0361192  0.0682373
0.00438607   0.939214  -0.343304  -0.790915
-0.0368539   0.343226   0.938529   0.736805
         0          0          0          1
30	38	57
  0.752872  -0.272152   0.599264   0.875906
  0.396617   0.914216 -0.0830951  -0.959471
 -0.525242   0.300238   0.796228     1.0693
         0          0          0          1
21	55	57
-0.674826  0.724322 -0.141304   2.44905
-0.551716 -0.368003  0.748454   1.58254
 0.490122  0.583036  0.647958  -1.67067
        0         0         0         1
29	39	57
 0.803089 -0.243107  0.544011  0.200057
 0.358327  0.926493 -0.114946  -1.76949
-0.476078  0.287245  0.831168    2.0274
        0         0         0         1
26	38	57
 0.418372  0.656556 -0.627615  0.721072
-0.680719  0.684127  0.261903   1.13357
 0.601321  0.317656  0.733149 -0.940317
        0         0         0         1
26	39	57
 0.848693  0.476106 -0.230311 -0.212937
 -0.50918  0.853294 -0.112361   1.14516
 0.143027   0.21263  0.966608 0.0759625
        0         0         0         1
29	41	57
 -0.999343 0.00436068  0.0359829    4.87975
-0.0210927    -0.8773  -0.479478    4.26038
 0.0294771  -0.479922   0.876816    2.23337
         0          0          0          1
31	32	57
0.0148236 -0.974581  0.223545   4.06524
   0.8433 -0.107938 -0.526494     1.605
  0.53724   0.19632  0.820264  -1.00066
        0         0         0         1
32	33	57
  0.986239  0.0199142  -0.164124  -0.039521
-0.0457581   0.986818   -0.15523 -0.0263109
  0.158869   0.160603    0.97415  -0.540348
         0          0          0          1
29	43	57
   0.63048  -0.770424 -0.0945629    4.03051
  0.772461   0.610813   0.173814   -2.98057
-0.0761497  -0.182632   0.980228   0.933249
         0          0          0          1
27	41	57
-0.710265 -0.226427 -0.666524   6.32669
 0.135437 -0.973121  0.186257    2.4811
-0.690783 0.0420201  0.721841   2.03259
        0         0         0         1
31	33	57
  0.993041 -0.0196738   0.116112   0.490745
 0.0804203   0.833555  -0.546552   0.165719
-0.0860332   0.552086   0.829337    -1.0566
         0          0          0          1
26	41	57
  0.995709  0.0352498  0.0855613 -0.0885975
  0.040004   0.669781   -0.74148   0.502822
-0.0834444   0.741721   0.665497  -0.954089
         0          0          0          1
32	34	57
   0.939463   0.0136743   -0.342376   -0.251752
-0.00956358    0.999861   0.0136916   -0.128435
   0.342516 -0.00958841    0.939463   -0.660313
          0           0           0           1
27	42	57
   0.847796  -0.0600841    0.526908   -0.351886
  0.0752604    0.997137 -0.00738922    0.239597
  -0.524955   0.0459199     0.84989     1.30694
          0           0           0           1
25	50	57
  0.956042  -0.191333   0.222207 -0.0762408
  0.107022   0.933193    0.34307   0.941097
 -0.273003  -0.304208   0.912648 -0.0783298
         0          0          0          1
30	45	57
-0.742815   0.45318  0.492803    1.3563
-0.577699  -0.80588 -0.129697   5.26817
 0.338364 -0.381032  0.860421  0.535024
        0         0         0         1
32	35	57
 0.943894 -0.117322  0.308706 -0.151723
 0.040976  0.969152  0.243035  0.120827
-0.327696 -0.216749  0.919584    1.2545
        0         0         0         1
27	43	57
-0.993328 0.0297499  0.111421   4.39289
-0.0103463 -0.985247  0.170826   3.09424
 0.114859  0.168533  0.978981  -1.02738
        0         0         0         1
32	36	57
 0.736033 -0.300798  0.606445  0.151815
0.0379327  0.912774    0.4067  0.268926
-0.675882 -0.276341  0.683242   1.76779
        0         0         0         1
25	52	57
  0.999624  0.0176762 -0.0209463 -0.0527377
-0.0119933   0.969294   0.245612    1.23034
 0.0246446  -0.245268   0.969142   -1.24151
         0          0          0          1
31	34	57
  0.98999 0.0200151 -0.139714  0.130435
-0.0709393  0.926336 -0.369959  0.238947
 0.122017  0.376167  0.918482  -1.10348
        0         0         0         1
25	53	57
  0.813969  -0.333047   0.475956  -0.172346
  0.274206   0.942588   0.190628   0.848079
 -0.512119 -0.0246548   0.858561  -0.117344
         0          0          0          1
32	37	57
 0.689092 -0.364963  0.626063  0.123943
 0.161762  0.919592  0.358028 -0.599857
 -0.70639 -0.145441   0.69272   1.32902
        0         0         0         1
26	44	57
  0.950106 -0.0115833  -0.311713    1.10407
 -0.154561   0.850526  -0.502709   0.663456
  0.270943   0.525805     0.8063   -1.61306
         0          0          0          1
27	44	57
 0.733094  0.419223 -0.535562  0.665372
-0.610624  0.752473 -0.246826   2.33894
  0.29952  0.507974  0.807621  -1.46635
        0         0         0         1
31	35	57
  0.818875  -0.166314   0.549348   0.514922
  0.228863   0.972334 -0.0467793  -0.390875
 -0.526369   0.164032   0.834283   0.921877
         0          0          0          1
25	54	57
 0.484072 -0.497616  0.719758  0.578045
 0.395098  0.858229  0.327628  0.346405
-0.780751   0.12578  0.612053   0.79439
        0         0         0         1
30	48	57
  0.91814  0.235425  -0.31874  0.666301
-0.321954  0.912134 -0.253687   1.18234
 0.231009   0.33554  0.913263  -1.64459
        0         0         0         1
32	39	57
-0.575385  0.679359  0.455416  0.416504
-0.804543 -0.369982 -0.464568   5.00224
-0.147113 -0.633707  0.759456   2.50861
        0         0         0         1
26	45	57
 0.203476 -0.235391 -0.950362   4.66504
-0.560573  0.767812 -0.310197  0.992199
 0.802717  0.595865 0.0242771  -1.76627
        0         0         0         1
29	49	57
   0.999115   0.0336768  -0.0252055     0.13644
 -0.0335784    0.999427  0.00431514    0.817507
  0.0253364 -0.00346494    0.999673    0.102068
          0           0           0           1
27	45	57
 0.975146 -0.116703 -0.188338    1.8841
0.00896924  0.870132 -0.492737  0.569754
 0.221383  0.478801  0.849552  -1.42366
        0         0         0         1
28	48	57
 0.369936  0.272752 -0.888118   2.84476
-0.402226  0.908721  0.111537  0.422577
 0.837474  0.315963  0.445876 -0.261763
        0         0         0         1
31	36	57
  0.687561  -0.452133   0.568187    1.46397
  0.303119   0.889767   0.341225  -0.566959
 -0.659832 -0.0623853   0.748819    1.25904
         0          0          0          1
29	50	57
 0.875518  0.340278 -0.343045  0.255079
-0.347831  0.936645 0.0413557   1.46257
 0.335384 0.0831141  0.938408 -0.591087
        0         0         0         1
30	50	57
 -0.936302  -0.257493   0.238822    3.23296
  0.206528    0.14631    0.96744   -1.24788
 -0.284051   0.955139 -0.0838108    2.52874
         0          0          0          1
28	49	57
 0.111159 -0.684702  0.720297   1.56616
-0.449209 -0.681138 -0.578154   6.12413
 0.886485 -0.259297 -0.383289   2.16494
        0         0         0         1
30	51	57
 0.916848 -0.228907  0.327096 -0.484442
 0.225268  0.973038  0.049524  0.624182
-0.329613  0.028278  0.943693  0.106531
        0         0         0         1
26	46	57
-0.785694  0.104907  0.609655   2.04402
 0.372398   0.86715  0.330712  -2.63817
-0.493968  0.486873 -0.720382   4.61582
        0         0         0         1
27	46	57
 -0.965219 -0.0911728   -0.24503    5.21504
  0.134529  -0.976827  -0.166467    4.36981
 -0.224175  -0.193641   0.955117    1.54621
         0          0          0          1
29	51	57
  0.947459   0.203191  -0.247053  -0.432971
 -0.224871   0.972372 -0.0626532     1.5994
  0.227497   0.114917   0.966974  -0.938302
         0          0          0          1
28	50	57
 0.517061  0.568597 -0.639801   1.34743
-0.385269  0.822079   0.41923   1.60412
  0.76434 0.0297284  0.644128 -0.753196
        0         0         0         1
30	52	57
 0.546016 -0.499775  0.672378  0.204915
 0.448294  0.852303  0.269467 -0.283005
-0.707742   0.15429  0.689417   1.23966
        0         0         0         1
31	37	57
  0.479952  -0.101252   0.871432 -0.0763311
  0.255261   0.966458 -0.0282952  -0.544467
 -0.839338   0.236023   0.489699    1.09703
         0          0          0          1
29	52	57
 0.329553  0.565332 -0.756172   1.71804
-0.637866    0.7238  0.263137   2.16191
 0.696077  0.395619  0.599136  -1.66925
        0         0         0         1
32	41	57
  0.032951  -0.900504   0.433599    3.55354
  0.958162 -0.0949548  -0.270018   0.441544
  0.284324   0.424355   0.859699    -1.6103
         0          0          0          1
33	34	57
  0.970025 -0.0137614  -0.242613  -0.199383
 0.0479182   0.989624   0.135455  0.0471838
  0.238232   -0.14302    0.96062  -0.236136
         0          0          0          1
28	51	57
 0.945914 -0.180759  0.269394  0.190906
 0.120465  0.966726  0.225673  0.580251
-0.301223 -0.181015  0.936215   1.09694
        0         0         0         1
30	53	57
  0.998429 -0.0254304   0.049934  -0.892991
 0.0278033   0.998488 -0.0474147    1.34918
-0.0486527  0.0487285   0.997626  -0.961692
         0          0          0          1
29	53	57
  0.761796   0.386226  -0.520093   0.685929
 -0.448275   0.893867 0.00719208    1.94624
  0.467671   0.227666   0.854079   -1.44508
         0          0          0          1
31	38	57
 0.244568 -0.457413  0.854962   1.73812
 0.415691   0.84606   0.33374  -1.00206
-0.876007  0.273778  0.397062   1.86794
        0         0         0         1
28	52	57
 0.197532   0.59323 -0.780423   2.35574
-0.433807  0.766813  0.473084   1.63289
 0.879086  0.245104  0.408818  -1.26631
        0         0         0         1
30	54	57
 0.488874  -0.51469  0.704341 -0.416462
 0.528921   0.81695  0.229861 -0.341527
-0.693718  0.260167  0.671616    1.0541
        0         0         0         1
29	54	57
 0.988296 0.0920956 -0.121614 -0.235994
-0.110973  0.981038 -0.158904   1.25574
 0.104674   0.17054  0.979775 -0.658981
        0         0         0         1
30	55	57
 0.488405 -0.476424  0.731082  0.135227
 0.484017  0.845017  0.227321 -0.434117
-0.726077  0.242831  0.643308   1.36105
        0         0         0         1
28	53	57
  0.713901   0.414765  -0.564194    1.08088
 -0.311543   0.909704   0.274554    1.46836
  0.627125 -0.0202338   0.778656  -0.997157
         0          0          0          1
26	48	57
 0.926899  0.130141 -0.352026   2.49642
-0.200379  0.964685 -0.170971  0.930704
 0.317344  0.229011  0.920243   -1.2312
        0         0         0         1
27	48	57
 0.821612  0.161067  -0.54682   3.12656
-0.049565  0.975805  0.212952  0.500473
 0.567889 -0.147861  0.809716 -0.394942
        0         0         0         1
29	55	57
  0.93562 -0.193277  0.295396 -0.623287
 0.236269  0.964592 -0.117213  0.144544
-0.262282   0.17946  0.948157  0.452677
        0         0         0         1
27	49	57
 0.255155 -0.936443  0.240769   1.97957
  0.92361  0.162379 -0.347242   1.24944
 0.286076  0.310977  0.906341 -0.213581
        0         0         0         1
28	54	57
 0.963601  0.135525 -0.230449  0.286876
-0.100911  0.982603  0.155911     1.038
  0.24757 -0.126982  0.960513 -0.192622
        0         0         0         1
33	37	57
-0.0393276 0.948192 0.315254 -1.60399
-0.853531 0.132168   -0.504  4.39721
-0.519555  -0.2889 0.804114  1.24445
       0        0        0        1
34	35	57
 0.778765 -0.210024  0.591114  0.786798
0.0631968  0.963763  0.259168  0.175505
-0.624125 -0.164475  0.763817   1.75978
        0         0         0         1
26	50	57
 0.462567 -0.801307  0.379392   1.42943
 0.681844 0.0480128  -0.72992   1.18174
 0.566674  0.596323  0.568576 -0.774177
        0         0         0         1
33	38	57
  0.763574  -0.460181  -0.452977    1.46174
  0.504681   0.862917 -0.0259101  -0.673329
  0.402805  -0.208825   0.891146   0.351282
         0          0          0          1
26	51	57
 0.901736 -0.431399 0.0277001   0.78784
 0.135662  0.221564 -0.965663   3.56833
 0.410449  0.874531  0.258317  0.185426
        0         0         0         1
27	51	57
 0.986948 -0.156423 0.0382925   1.41357
 0.112613  0.840335  0.530241  0.937205
 -0.11512 -0.519009  0.846982  0.827476
        0         0         0         1
29	56	57
-0.152615 -0.50128  0.85172   1.2507
0.684135 0.568355 0.457091 -1.38336
-0.71321  0.65245 0.256203  1.96885
       0        0        0        1
34	36	57
 0.459892 -0.439006  0.771864   1.34224
0.0597556  0.882571  0.466368  0.263622
-0.885962 -0.168356   0.43212   2.16431
        0         0         0         1
28	55	57
  0.997182 -0.0520324  0.0540541   -0.10562
 0.0442237   0.989615   0.136767    0.58758
-0.0606091  -0.133991   0.989128   0.688459
         0          0          0          1
27	52	57
 0.703335 -0.404508  0.584545   1.39871
 0.078276  0.861379  0.501895  0.937239
-0.706536 -0.307245  0.637501   2.18054
        0         0         0         1
33	39	57
   0.9659  0.235803 -0.106928 -0.712282
 0.166152 -0.881246 -0.442492   4.36519
-0.198571  0.409637 -0.890375   4.55202
        0         0         0         1
26	52	57
   0.809217    0.369664   -0.456636     1.42435
  -0.318045    0.929137    0.188555     1.96478
   0.493979 -0.00735095    0.869443    -1.51481
          0           0           0           1
32	46	57
   0.97543   -0.11276  -0.189264   0.563743
 0.0803804   0.982021  -0.170804 -0.0298533
  0.205121   0.151394   0.966956  -0.606134
         0          0          0          1
31	43	57
 0.100368 -0.770521  0.629464   3.50331
 0.492128 -0.511401 -0.704471   3.21516
 0.864718  0.380483  0.327866  -2.45543
        0         0         0         1
27	53	57
 0.966234  0.155274 -0.205628    1.1102
-0.029867  0.860146  0.509173   1.13491
 0.255931 -0.485839   0.83574 -0.525197
        0         0         0         1
34	37	57
 0.362429 -0.260984  0.894725  0.536514
0.0548581  0.964303  0.259058 -0.144357
-0.930395 -0.044807  0.363808   2.08727
        0         0         0         1
26	53	57
 0.998529 0.0409561  0.035531  0.532794
-0.0455934  0.988898   0.14143   1.24362
-0.0293442 -0.142842   0.98931 -0.508149
        0         0         0         1
27	54	57
 0.923695 -0.226884  0.308724  0.619618
0.0544697  0.875382  0.480354  0.988156
-0.379236 -0.426884  0.820944  0.996964
        0         0         0         1
28	56	57
  0.784191  -0.335148   0.522225   0.278845
  0.298035   0.941597   0.156748 -0.0450659
  -0.54426  0.0327212   0.838278     1.8298
         0          0          0          1
26	54	57
 0.855009 -0.278915  0.437225  0.663962
 0.234497   0.95988   0.15376  0.592237
 -0.46257 -0.028938  0.886111  0.655242
        0         0         0         1
34	38	57
0.0950762 -0.406409  0.908731   1.83666
 0.123989  0.910592  0.394269 -0.037658
-0.987719 0.0751871  0.136966   2.79861
        0         0         0         1
32	47	57
  0.920871 -0.0793542   0.381705  -0.825671
  0.176514   0.957833  -0.226715  -0.432352
 -0.347619   0.276151   0.896048  -0.547656
         0          0          0          1
27	55	57
 0.736588 -0.384975  0.556088   1.19499
0.0939592  0.872472  0.479547  0.831694
-0.669784 -0.300979  0.678823   2.23686
        0         0         0         1
34	39	57
 -0.66439 -0.222437 -0.713518   6.25986
-0.635784  0.670076  0.383114    1.3428
 0.392893   0.70818 -0.586613   1.96735
        0         0         0         1
33	41	57
 0.606771  0.269467  0.747808  -1.14837
-0.0156737  0.944658 -0.327682  0.180743
-0.794722  0.187107  0.577415   2.08954
        0         0         0         1
35	36	57
 0.954208 -0.139603   0.26457   0.33404
0.0917767  0.978396  0.185256 0.0140595
-0.284717 -0.152491  0.946405   0.42255
        0         0         0         1
36	37	57
   0.994369 -0.00802335    0.105675   -0.374104
  0.0318901    0.973569   -0.226156 -0.00737154
  -0.101068    0.228252    0.968342   -0.797588
          0           0           0           1
38	39	57
  0.788126  -0.281089   0.547582   0.142513
  0.233623   0.959671   0.156374  -0.582467
 -0.569453 0.00468518    0.82201    1.52315
         0          0          0          1
32	50	57
   0.96025   0.270601 -0.0685246  -0.247361
 -0.216453   0.566806  -0.794908    3.29876
 -0.176263   0.778142   0.602848    0.53596
         0          0          0          1
37	38	57
  0.935497  -0.143476   0.322895  -0.382952
  0.108669   0.986382   0.123456  -0.183362
  -0.33621 -0.0804041   0.938348    1.58979
         0          0          0          1
35	37	57
   0.903272   -0.102435    0.416662   -0.276377
   0.115631    0.993271 -0.00648327   -0.274233
  -0.413195   0.0540354    0.909038   -0.130267
          0           0           0           1
33	43	57
   0.96835 -0.0880666  -0.233544   0.526445
  0.019753    0.95979  -0.280022  -0.179151
  0.248814   0.266546   0.931152   -1.70956
         0          0          0          1
37	39	57
  0.246769   0.967573 -0.0539241   -1.45106
  -0.75866   0.158267   -0.63197    4.80332
 -0.602943    0.19686   0.773115    3.08249
         0          0          0          1
38	41	57
 -0.995901 -0.0152109  0.0891619    4.67773
 0.0154438  -0.999879 0.00192297    4.74528
 0.0891218 0.00329193   0.996016  -0.857202
         0          0          0          1
36	38	57
  0.887559   -0.17349    0.42678  -0.581478
   0.23696   0.966363 -0.0999621  -0.564514
 -0.395081   0.189852   0.898814   0.670427
         0          0          0          1
36	39	57
 0.357934 -0.583894  0.728664  0.843971
 0.770676  0.625337  0.122525 -0.927277
-0.527202  0.517708  0.673823   1.04586
        0         0         0         1
35	38	57
 0.722699 -0.291173  0.626836  0.140803
 0.251991  0.955507  0.153316 -0.582034
-0.643588 0.0471558  0.763918   1.30526
        0         0         0         1
33	44	57
  -0.964185 -0.00068373   -0.265232     3.95615
  0.0367648    0.989999   -0.136201     0.21294
   0.262673   -0.141074   -0.954516      5.6144
          0           0           0           1
38	43	57
 0.707666 -0.692743 -0.138982   2.39502
 0.656474  0.571934  0.491867  -2.38766
-0.261249 -0.439316  0.859506   1.80729
        0         0         0         1
35	39	57
 0.136256 -0.421639  0.896468   1.21357
 0.330305  0.872464  0.360146 -0.788695
-0.933988  0.247036  0.258148   2.33936
        0         0         0         1
31	48	57
 0.955095 0.0413575    0.2934 -0.557076
0.0088914  0.985765 -0.167897  0.228967
-0.296167  0.162966  0.941131 -0.756079
        0         0         0         1
34	44	57
  0.79127 -0.245911  0.559839 -0.522482
 0.408038  0.894248 -0.183916 -0.664964
-0.455408  0.373963  0.807933  0.629196
        0         0         0         1
36	41	57
  0.272665  -0.959156 -0.0753141    3.26266
  0.961494   0.268856  0.0569788   -1.92726
-0.0344029 -0.0879502   0.995531   0.687283
         0          0          0          1
33	45	57
 0.660688  -0.24037 -0.711136   1.66951
0.00584817  0.948966 -0.315325  0.095611
 0.750638  0.204173  0.628376  -1.52702
        0         0         0         1
31	49	57
-0.569115  0.289326 -0.769674    4.3083
 0.594902  0.791063 -0.142518 -0.579696
 0.567627  -0.53899 -0.622326   4.19296
        0         0         0         1
34	45	57
 0.891355 -0.300824 -0.339103  0.839553
0.0503771  0.809171 -0.585409  0.314399
 0.450498  0.504725  0.736413  -1.59086
        0         0         0         1
33	46	57
  0.988031  -0.143512 -0.0565661  -0.107221
  0.143933   0.989581 0.00340699    0.11218
 0.0554879 -0.0115078   0.998393  0.0724206
         0          0          0          1
36	43	57
 -0.373567  -0.926133   0.052213    4.71997
 0.0742939 -0.0859795  -0.993523    3.21869
  0.924623  -0.367269   0.100925    0.67586
         0          0          0          1
34	46	57
  0.94737 -0.222696  0.229994  0.245619
 0.269389  0.942696  -0.19686 0.0114183
-0.172975  0.248457  0.953074  0.246299
        0         0         0         1
36	44	57
0.0426772 -0.899959 -0.433881   4.15959
 0.862114  0.252644 -0.439238   0.46842
 0.504914 -0.355309   0.78665  0.395232
        0         0         0         1
31	52	57
  0.999848 -0.0122473 -0.0123948   -1.51061
 0.0141547   0.985715   0.167822     0.7428
 0.0101624  -0.167972   0.985739  -0.398156
         0          0          0          1
33	47	57
 0.864243 0.0553469  0.500022  -1.84096
-0.0026009  0.994408 -0.105574 0.0196249
-0.503069 0.0899411  0.859554   0.45183
        0         0         0         1
38	49	57
 0.784766  0.542001  0.300629 -0.794991
0.0696175  0.404894  -0.91171   3.94991
 -0.61587  0.736408  0.280014   2.22216
        0         0         0         1
37	46	57
0.0579238 -0.893935 -0.444438   3.79725
 0.943658  0.194318 -0.267861 -0.703872
 0.325813 -0.403882  0.854825   1.03841
        0         0         0         1
34	48	57
  0.916376 -0.0228232   0.399667  -0.700876
-0.0864309   0.963546   0.253196   0.345146
 -0.390877  -0.266567   0.880998    0.64546
         0          0          0          1
31	54	57
 0.522339 -0.524096  0.672671 -0.667039
 0.336992  0.851493  0.401743 -0.441079
-0.783326 0.0168388  0.621383   1.72348
        0         0         0         1
34	49	57
-0.359909   0.20344 -0.910537   4.87131
  0.87513   0.41194 -0.253874  0.462814
 0.323439  -0.88821 -0.326298   4.43714
        0         0         0         1
39	45	57
 0.540609 -0.205954 -0.815674   4.14799
 0.747632  0.562172  0.353566   -2.1477
 0.385731 -0.800965  0.457893    1.9965
        0         0         0         1
34	50	57
-0.956462 0.0638808  0.284782   3.09867
 0.216313 -0.499896  0.838638  0.312085
 0.195934  0.863727  0.464313  0.287763
        0         0         0         1
34	51	57
  0.503171   -0.26925   0.821172   -1.12834
  0.579825   0.809781 -0.0897703   0.544196
 -0.640799   0.521305   0.563576    2.02726
         0          0          0          1
31	55	57
-0.0905241 -0.534955  0.840017  0.639515
 0.464535  0.723417   0.51076 -0.660244
-0.880916  0.436454  0.183018   2.34987
        0         0         0         1
34	54	57
  0.239524  -0.619928   0.747207  -0.320526
 0.0979591   0.781113   0.616658   0.294809
 -0.965936 -0.0745086   0.247823    3.07428
         0          0          0          1
35	55	57
 0.482821 -0.480377  0.732204  -1.10008
 0.335185   0.87382  0.352264 0.0907457
-0.809034 0.0753438  0.582914   1.10258
        0         0         0         1
41	42	57
  0.952476 -0.0354743   0.302541   0.355393
-0.0951896   0.908795   0.406241   0.545524
 -0.289359  -0.415734   0.862228    1.38066
         0          0          0          1
40	41	57
  0.177709   0.291416   0.939945  -0.768885
 -0.277081  -0.901689    0.33194     2.3803
   0.94427   -0.31943 -0.0794923  0.0339642
         0          0          0          1
34	55	57
-0.175817  0.786331  -0.59226   2.81494
 -0.94183 0.0406937  0.333617   3.22451
 0.286434  0.616464  0.733436 -0.558638
        0         0         0         1
41	43	57
-0.336764  0.319237  0.885821  0.544575
 0.288217 -0.860666  0.419744   2.30232
 0.896394  0.396664  0.197831  -1.07584
        0         0         0         1
43	44	57
 0.790954  0.175402  0.586197 -0.126435
-0.327475  0.930624  0.163399    1.0058
-0.516868 -0.321205   0.79352   1.77784
        0         0         0         1
42	43	57
  0.988832  0.0356518    0.14471  -0.191679
 0.0370395   0.881717  -0.470324 -0.0657446
 -0.144361   0.470431   0.870549  -0.298057
         0          0          0          1
45	46	57
  0.801024 -0.0831692   0.592827   0.465777
 -0.135966   0.939144   0.315471   0.425416
 -0.582988  -0.333304   0.740968    1.87227
         0          0          0          1
44	45	57
 0.902098 -0.191345  -0.38679   2.26339
0.0645587  0.946073 -0.317454 0.0392735
 0.426675  0.261404  0.865804  -1.32421
        0         0         0         1
40	42	57
  0.948038 -0.0294789   0.316789   0.126937
 0.0870845   0.981717  -0.169259  -0.161467
 -0.306008   0.188052   0.933272   0.299713
         0          0          0          1
43	45	57
  0.999571  0.0291461 0.00284007   0.448182
-0.0291644   0.999553 0.00665191 -0.0618457
-0.00264491 -0.0067319   0.999974  -0.592164
         0          0          0          1
46	47	57
  0.911737  0.0374114   0.409066  -0.655273
-0.0144371   0.998147 -0.0591085  -0.292539
  -0.41052  0.0479856   0.910588   0.182561
         0          0          0          1
40	43	57
  0.931887  0.0737389   0.355176    0.25067
  0.127315   0.850351  -0.510583  -0.515484
 -0.339674   0.521025   0.783042 -0.0597525
         0          0          0          1
44	46	57
 0.963964 -0.127701  -0.23338 -0.220868
 0.147363  0.986688 0.0687797 -0.157437
  0.22149 -0.100693   0.96995  0.170811
        0         0         0         1
43	46	57
  0.954856 -0.0319565   0.295346   0.854533
-0.0738575   0.937444   0.340213   0.534387
 -0.287743  -0.346668   0.892763    1.29909
         0          0          0          1
45	47	57
  0.955047 -0.0141912  -0.296115    1.10453
  0.108054   0.946805   0.303126  -0.426818
  0.276061  -0.321496   0.905776   0.201081
         0          0          0          1
39	56	57
   0.948913   -0.144189    0.280668    0.583702
   0.136272    0.989526    0.047633     0.91962
  -0.284596 -0.00695242    0.958622   -0.711595
          0           0           0           1
44	49	57
-0.379624  0.646606 -0.661655   4.01201
-0.0360531  -0.72499 -0.687815   4.21236
-0.924439 -0.237256  0.298535   3.37393
        0         0         0         1
43	51	57
 0.673014  0.454436 -0.583559   1.84645
-0.238785 -0.613241 -0.752939   5.56726
-0.700025  0.646083 -0.304207   3.50654
        0         0         0         1
45	50	57
 -0.963138  -0.183757   0.196466    4.33856
 0.0868793  -0.903677   -0.41931    4.18925
  0.254592  -0.386785    0.88633 -0.0438867
         0          0          0          1
42	51	57
 0.941353  0.187658 -0.280427   0.39186
0.0272896 -0.870701 -0.491055     3.363
-0.336319  0.454603 -0.824758   4.80945
        0         0         0         1
45	51	57
 -0.97096  0.112055 -0.211379    4.5582
-0.0319642  -0.93637 -0.349558   4.58108
-0.237098  -0.33265  0.912759  0.975265
        0         0         0         1
47	48	57
  0.90338  0.104996 -0.415788   0.21303
  0.07519  0.915765  0.394615  0.333304
 0.422197 -0.387751  0.819389 -0.349905
        0         0         0         1
43	54	57
 0.509465  0.507476  -0.69492   2.03257
-0.314459 -0.641928 -0.699317   5.91739
-0.800975  0.574801  -0.16746   3.70778
        0         0         0         1
40	49	57
-0.0531542 -0.199354  0.978485  0.518215
-0.946349  0.322827 0.0143635   2.70211
-0.318745 -0.925225 -0.205818   5.43598
        0         0         0         1
45	55	57
-0.784467 -0.367908  0.499254   3.28268
 0.217142 -0.917013  -0.33457   4.10894
 0.580914  -0.15405  0.799255 -0.888968
        0         0         0         1
49	50	57
  0.859728  -0.336315   0.384397 -0.0978496
  0.344568   0.937453  0.0495462  -0.928854
 -0.377017  0.0898551   0.921838   0.955641
         0          0          0          1
50	51	57
 0.780203 -0.384202  0.493632  0.414721
 0.416882  0.907714 0.0475936 -0.927697
-0.466362  0.168653  0.868368  0.863615
        0         0         0         1
49	51	57
 0.333596 -0.579897  0.743258  0.954263
 0.651052  0.711925  0.263239  -1.64537
-0.681795  0.396084  0.615038   1.49199
        0         0         0         1
51	52	57
 0.830865 -0.335751  0.443773  0.173939
 0.341044  0.937386 0.0706812 -0.972074
-0.439718 0.0926198  0.893347   1.15193
        0         0         0         1
48	49	57
  0.900386   0.293404  -0.321278  -0.681647
 -0.121687   0.878761   0.461488   0.867937
  0.417729  -0.376421   0.826928 -0.0343392
         0          0          0          1
52	53	57
 0.835249 -0.331224  0.438919 0.0272565
 0.341598  0.938064 0.0578463 -0.802049
-0.430895  0.101618  0.896663  0.974198
        0         0         0         1
49	52	57
  0.999769  0.0207168 -0.0057835   0.116232
-0.0212117   0.994181  -0.105614   0.321238
0.00356168   0.105712    0.99439   -0.61072
         0          0          0          1
51	53	57
  0.985265   0.092454  -0.143892 -0.0917153
 -0.098761   0.994411 -0.0373089    0.30687
  0.139639  0.0509698    0.98889  -0.546074
         0          0          0          1
50	52	57
  0.990825 -0.0837883   0.106046    0.12552
 0.0935155   0.991511 -0.0903417 -0.0965234
-0.0975761  0.0994296   0.990249  -0.144495
         0          0          0          1
49	53	57
  0.840007   0.299573  -0.452377   0.220999
 -0.360908    0.93106 -0.0535941     1.2045
  0.405135   0.208286   0.890215   -1.64141
         0          0          0          1
52	54	57
   0.939403   -0.207581    0.272824   0.0408869
   0.217304    0.976088 -0.00556779   -0.394704
  -0.265144   0.0645162    0.962048    0.426752
          0           0           0           1
48	50	57
-0.969659  0.148299 -0.194339   3.87393
0.0968051 -0.497048 -0.862306   5.51127
-0.224475 -0.854956  0.467612   3.03607
        0         0         0         1
53	54	57
 0.866838 -0.285092  0.409042 0.0579605
 0.292015   0.95526 0.0469573 -0.786792
-0.404129  0.078742  0.911307   1.07356
        0         0         0         1
49	54	57
 0.960072   0.15986 -0.229581 -0.140234
-0.195168  0.970689 -0.140259  0.750945
  0.20043  0.179465  0.963131  -1.10502
        0         0         0         1
50	53	57
  0.937199  -0.209278   0.279036  -0.268748
  0.238711    0.96814 -0.0756509  -0.408847
 -0.254313   0.137509   0.957296    0.12905
         0          0          0          1
48	51	57
 0.970107  0.134813 -0.201786 -0.892446
-0.0551076  0.932157  0.357837  0.757949
 0.236337  -0.33602  0.911721 -0.256357
        0         0         0         1
52	55	57
  0.999498 -0.0206304  0.0240357  -0.204734
  0.021777   0.998588 -0.0484533 -0.0860988
-0.0230021  0.0489525   0.998536   0.011687
         0          0          0          1
49	55	57
 0.983253 -0.116228  0.140375 -0.722248
 0.137524  0.978609  -0.15301 -0.225242
-0.119588  0.169752  0.978204 -0.199593
        0         0         0         1
53	55	57
0.479795 -0.50145 0.719962 0.781535
0.515311 0.825192  0.23133 -1.64997
-0.710108 0.260013 0.654325  2.23502
       0        0        0        1
51	54	57
  0.996987 -0.0368208  0.0682756  0.0852771
 0.0404893   0.997766  -0.053148 -0.0153443
-0.0661661  0.0557523    0.99625 -0.0900552
         0          0          0          1
50	54	57
 0.677306 -0.425348  0.600279  0.144594
 0.493435  0.867835 0.0581817  -1.13883
-0.545691  0.256792  0.797671  0.943667
        0         0         0         1
40	56	57
 0.947056    0.1167 -0.299111  0.990015
-0.0534529  0.975912  0.211514  0.950417
 0.316589 -0.184327  0.930481  -1.03331
        0         0         0         1
49	56	57
  0.721729  -0.402426   0.563171  0.0651577
  0.504421   0.862944 -0.0298027   -1.17682
 -0.473991   0.305585   0.825803   0.679623
         0          0          0          1
52	56	57
  0.992593 -0.0947324  0.0760668  -0.102979
  0.103199   0.987824   -0.11642 -0.0939424
-0.0641122   0.123408   0.990283  -0.125297
         0          0          0          1
48	52	57
 0.981222  0.113658 -0.155839  -1.30794
-0.0525174  0.934848  0.351144  0.598279
 0.185595 -0.336365  0.923262 0.0893638
        0         0         0         1
53	56	57
  0.932328  -0.192533   0.306097  -0.576444
  0.219886   0.973847 -0.0571957  -0.543916
  -0.28708   0.120631   0.950281   0.639821
         0          0          0          1
48	53	57
-0.843635   0.33513 -0.419486   3.76042
-0.150346   0.60258  0.783769  0.297347
 0.515439  0.724283 -0.457972  0.907433
        0         0         0         1
50	55	57
 0.455124 -0.523262  0.720458  0.775268
  0.61315   0.77089  0.172555  -1.76272
-0.645685  0.363215  0.671688   1.52887
        0         0         0         1
51	55	57
  0.901125  -0.242862   0.359154 -0.0604491
  0.265373   0.964045 -0.0139339  -0.736123
 -0.342856   0.107866   0.933174   0.788412
         0          0          0          1
48	54	57
 0.784562 -0.345527  0.514853 -0.623533
 0.180251  0.921577  0.343809  0.127222
-0.593273 -0.176937  0.785316   1.67184
        0         0         0         1
54	55	57
 0.873642 -0.276966  0.400049 -0.105904
 0.277831  0.958928  0.057158 -0.905366
-0.399449 0.0612105   0.91471   1.26571
        0         0         0         1
50	56	57
 0.875627 -0.267917  0.401867 -0.411341
 0.340416  0.932587 -0.119992 -0.744941
-0.342628   0.24187  0.907802  0.361271
        0         0         0         1
48	55	57
 0.405492  -0.52414  0.748901 -0.140655
 0.277395  0.851201  0.445543 -0.312851
-0.870993 0.0270774   0.49055   2.85053
        0         0         0         1
51	56	57
   0.99036  0.0546129  -0.127295 -0.0705743
   -0.0693   0.991065  -0.113962   0.251806
  0.119934   0.121685   0.985296  -0.599544
         0          0          0          1
55	56	57
    0.858705    -0.259125     0.442132     0.369122
     0.28908     0.957305 -0.000390321    -0.762434
   -0.423155     0.128146      0.89695      1.08052
           0            0            0            1
54	56	57
  0.998796 -0.0317572  0.0373986   -0.03057
 0.0341306   0.997325  -0.064635    0.13217
-0.0352459  0.0658336   0.997208  -0.306224
         0          0          0          1
48	56	57
  0.807073  -0.306143   0.504886  -0.916456
  0.171275   0.939703   0.296011 -0.0346446
 -0.565065  -0.152428   0.810844    1.88158
         0          0          0          1
