1	2	57
 0.946498  0.155528 -0.282758  0.140631
-0.167417  0.985718 -0.018224  0.251422
 0.275885  0.064588  0.959018 -0.460279
       -0         0         0         1
0	1	57
 0.973883  0.047306  0.222068   0.20014
-0.181973  0.747545  0.638798 -0.076622
-0.135787 -0.662524   0.73663    1.7181
        0         0         0         1
2	3	57
 0.761232  0.197938 -0.617532  0.843743
-0.182122  0.979207  0.089365    0.2956
  0.62238  0.044439  0.781453  -1.34282
        0         0         0         1
3	4	57
 0.998688 -0.026285  -0.04396  0.065594
 0.012158    0.9554 -0.295063  0.700794
 0.049755  0.294141  0.954466 -0.186572
       -0         0         0         1
4	5	57
 0.942067 -0.232985  0.241305  0.650102
 0.183812  0.960349  0.209627    -1.412
-0.280577 -0.153128  0.947538  0.421341
       -0        -0        -0         1
1	3	57
 0.500626  0.240803 -0.831497   1.63528
-0.288884  0.951941  0.101754  0.401915
 0.816039  0.189265  0.546131   -1.5175
       -0         0         0         1
5	6	57
 0.998511 -0.045708  0.029764   1.01617
 0.037909  0.973892  0.223826   0.08565
-0.039217 -0.222364  0.974175  0.225968
        0         0         0         1
0	2	57
 0.966137 -0.053114  0.252506  0.330525
-0.020382  0.959818  0.279882 -0.459954
-0.257225 -0.275551  0.926233   1.30643
        0         0         0         1
2	4	57
   0.735562 0.000811994   -0.677456     1.13814
  -0.181521     0.96367   -0.195935    0.968876
   0.652685    0.267095    0.708987    -1.46737
         -0           0           0           1
1	4	57
   0.532581 -0.00436199   -0.846368     1.74832
  -0.253419    0.953288   -0.164379    0.975902
    0.80755    0.302031    0.506597    -1.44435
         -0           0           0           1
4	6	57
 0.947109 -0.165059  0.275208   1.32393
-0.013828  0.835795  0.548867 -0.807682
-0.320613 -0.523643  0.789307  0.693508
       -0        -0        -0         1
0	3	57
 0.958161    0.0877 -0.272465   0.66055
-0.009967   0.96155  0.274449 -0.519446
 0.286058  -0.26025  0.922193 -0.044346
        0         0         0         1
6	7	57
 0.777637  0.164344 -0.606854  0.367244
-0.350073  0.914944 -0.200813  0.656828
 0.522235  0.368603  0.769027  -1.79483
       -0         0         0         1
2	5	57
 0.770177  0.228683 -0.595425   1.03703
-0.040633  0.949212  0.312003 -0.554223
 0.636535 -0.216104  0.740353 -0.657021
        0         0         0         1
1	5	57
 0.739106   0.23817 -0.630077   1.24082
-0.201977  0.970723  0.130007 -0.246333
 0.642594  0.031172  0.765573  -1.08375
       -0         0         0         1
5	7	57
 0.785289   0.11301 -0.608728   1.13828
-0.174413  0.983761 -0.042367  0.388716
 0.594055   0.13944  0.792247  -1.43579
       -0         0         0         1
0	4	57
   0.872836    0.143502   -0.466437    0.937672
  -0.123481    0.989629    0.073397    0.508164
   0.472133 -0.00646699    0.881504   -0.636763
          0           0           0           1
4	7	57
-0.271201 -0.364118 -0.890993   5.47744
-0.369316 -0.815468  0.445666   2.96364
-0.888851  0.449923  0.086682   2.39924
       -0         0         0         1
1	6	57
 0.768497  0.442267 -0.462398   1.58014
-0.272999  0.880221   0.38818 -0.147072
 0.578691 -0.172081  0.797186 -0.195286
        0         0         0         1
0	5	57
 0.991093  0.029973 -0.129757  0.928993
0.000997001  0.972645  0.232292 -0.893227
  0.13317 -0.230353  0.963952  0.099756
        0         0         0         1
6	8	57
   0.972448 -0.00563199   -0.233052    0.548307
  -0.111818     0.86593   -0.487507    0.692283
   0.204552    0.500134    0.841442    -2.08404
         -0           0           0           1
5	8	57
  0.98805  0.001124 -0.154129  0.988123
-0.045193  0.958135 -0.282726  0.269956
 0.147359  0.286314  0.946737  -1.76914
       -0         0         0         1
0	6	57
 0.998679   0.01585 -0.048873    1.8231
 0.020649  0.747203  0.664275 -0.769066
 0.047046 -0.664407  0.745889   1.07845
        0         0         0         1
1	8	57
 0.665359  0.071269 -0.743114   3.18355
-0.227593  0.967409    -0.111 -0.456701
 0.710985  0.242983  0.659894  -1.74101
       -0         0         0         1
5	15	57
 0.803812 -0.563835  0.189673  0.372062
 0.519738  0.820738  0.237194 -0.416544
 -0.28941 -0.092079  0.952766   1.33273
        0         0         0         1
1	16	57
 0.806921  0.243643  0.538067  -1.58652
-0.205476 -0.738272  0.642444   3.81061
 0.553767 -0.628962 -0.545664   2.17904
        0         0         0         1
6	20	57
 -0.443655   0.263588   0.856558 0.00954307
 -0.814337  -0.517642  -0.262493    3.32832
  0.374201  -0.813983   0.444304   0.980261
         0          0          0          1
6	21	57
 0.578446  0.016126 -0.815562   2.46182
 0.543752 -0.752901  0.370774   1.30305
-0.608058 -0.657936 -0.444281   5.00138
        0         0        -0         1
7	20	57
 0.064878 -0.698761  0.712407   1.77439
 0.280163 -0.672443 -0.685076   3.34365
 0.957757  0.244037   0.15214 -0.591393
        0         0         0         1
5	25	57
 0.962191  0.078687  0.260764 -0.036999
-0.117213  0.983801  0.135637  0.097777
-0.245867 -0.161074  0.955827 -0.217154
        0        -0         0         1
2	27	57
 0.878499 -0.120126  0.462395  -1.25144
 0.194514  0.973953 -0.116532 -0.586084
-0.436352  0.192316  0.878983 -0.728697
        0         0         0         1
6	31	57
-0.785257   0.08549  0.613239   1.64713
-0.039381 -0.995313  0.088326   2.98238
 0.617916  0.045209  0.784943  -1.67275
       -0         0         0         1
6	33	57
-0.667751  0.279974  0.689727 -0.215941
-0.558275 -0.801248 -0.215245   4.74278
 0.492379 -0.528787  0.691337 -0.023834
        0         0         0         1
5	34	57
 0.939817 -0.340364 -0.029926   1.34203
 0.297999  0.859375 -0.415536   1.80923
 0.167151   0.38161  0.909084   -2.1051
       -0         0         0         1
6	34	57
 0.985577  0.034455  -0.16568  0.200732
-0.115464  0.852668 -0.509534   1.25183
 0.123714  0.521315  0.844349  -2.27647
       -0         0         0         1
6	41	57
-0.644177  0.169079 -0.745954   3.47465
-0.750931  -0.32518  0.574769   2.29182
-0.145388  0.930414  0.336441 -0.285718
        0         0         0         1
1	42	57
 0.593583   0.08622  -0.80014   2.94262
-0.149115  0.988811 -0.004071 -0.236809
 0.790837  0.121729  0.599799  -3.11288
       -0         0         0         1
3	42	57
 0.997624 -0.062474 -0.029058 -0.284006
  0.06218  0.998005 -0.010907 -0.683067
 0.029681  0.009074  0.999518  -2.05708
       -0         0         0         1
6	42	57
 0.858525  0.507737  -0.07168  -1.82942
-0.512173  0.855855 -0.072048    1.7845
 0.024766  0.098568  0.994822  -1.91365
       -0         0         0         1
4	43	57
 0.668579 -0.743204  0.025508     2.134
 0.319265  0.317849  0.892772   -2.0405
-0.671619 -0.588745  0.449786   3.54694
       -0        -0        -0         1
1	43	57
 0.665203 -0.203441 -0.718413   2.96515
-0.238206  0.854065 -0.462419  0.713284
 0.707646  0.478733  0.519666  -3.35855
       -0         0         0         1
6	43	57
  0.34891 -0.668423 -0.656865    2.5131
 0.872926  0.486821  -0.03171  -2.25085
 0.340972 -0.562331  0.753341  0.640522
        0         0         0         1
6	44	57
 0.850458  0.415697  -0.32236 -0.522008
-0.019867 -0.586985 -0.809354    3.4707
-0.525667  0.694726 -0.490947   2.64905
        0         0        -0         1
2	44	57
 0.951467 -0.116093 -0.285012  0.909221
 0.307581  0.389344   0.86822  -1.65812
 0.010173 -0.913747  0.406156   1.85487
        0         0        -0         1
5	45	57
 0.669071 -0.602953 -0.434502   2.86851
 0.739079  0.478332  0.474301   -2.0367
-0.078144 -0.638472  0.765667   1.37232
        0        -0         0         1
6	45	57
 0.923947  0.266868  -0.27405 -0.918723
-0.020124 -0.681527 -0.731516   4.37371
-0.381991  0.681397 -0.624324    2.6245
        0         0        -0         1
5	46	57
 0.623429 -0.372544 -0.687421   4.66159
-0.126968 -0.915757  0.381141   2.98235
-0.771502 -0.150334 -0.618211   4.57829
        0        -0         0         1
6	46	57
 0.987156  0.021806  0.158263  -1.12554
 0.013405  0.975842 -0.218066  0.192298
-0.159194  0.217387  0.963016 -0.976125
       -0         0         0         1
7	42	57
 0.917754 -0.085044  0.387937  -1.78985
  0.07124  0.996212  0.049857 -0.252559
-0.390708  -0.01812  0.920336  0.166154
       -0        -0        -0         1
5	51	57
 0.285818  0.883871 -0.370243   1.40054
-0.863575  0.070094 -0.499324   5.55172
-0.415387  0.462449  0.783323 -0.104115
        0         0         0         1
5	54	57
 0.611039 -0.244782  0.752804   -1.2173
 0.570481  0.795471 -0.204394  0.834514
-0.548802  0.554353  0.625707  0.233727
        0         0         0         1
6	55	57
 0.686652  0.651395 -0.322791 0.0680492
-0.477755  0.069658 -0.875727   4.22274
-0.547959  0.755535  0.359038  0.244038
        0         0         0         1
5	56	57
-0.764628  0.626862 -0.149625   3.61318
-0.600215 -0.608111   0.51956   2.58616
 0.234704  0.487078  0.841231  -2.35107
       -0         0         0         1
11	12	57
 0.975398  0.017051  0.219791 -0.125057
 0.002583  0.996052 -0.088738 -0.002576
-0.220436  0.087123  0.971503  0.446236
       -0         0         0         1
10	11	57
 0.981513 -0.134557  0.136115  0.326859
 0.179638  0.893062 -0.412517   0.11179
-0.066052  0.429342  0.900723  -0.60057
        0         0         0         1
12	13	57
0.901398 -0.11804 0.416591 0.388127
-0.065818 0.913589 0.401277 0.497673
-0.42796 -0.38913 0.815738  1.79854
       0        0        0        1
13	14	57
 0.873847 -0.342668   0.34492  0.645431
  0.23505  0.918749  0.317257 -0.230496
-0.425609 -0.196161   0.88339   1.22478
       -0        -0        -0         1
12	14	57
 0.411954 -0.723662  0.553721   2.28353
 0.173008  0.658745  0.732204  0.566438
 -0.89463 -0.205836  0.396572   2.43042
       -0        -0        -0         1
10	12	57
 0.885165  0.147771  0.441188 -0.215369
 0.173852  0.774501 -0.608214  0.094206
-0.431577  0.615071  0.659871 -0.165781
        0         0         0         1
14	15	57
 0.997998  0.060689  0.017807 -0.143637
-0.036145  0.778299 -0.626853  0.340543
-0.051902  0.624954  0.778934  -1.18727
        0         0         0         1
11	14	57
-0.726598 -0.285972  -0.62472   4.24661
 0.667236 -0.510561 -0.542332   1.92973
-0.163866 -0.810893  0.561784   2.10985
        0        -0         0         1
11	15	57
-0.968695  0.032046 -0.246176    4.1271
  0.02081 -0.977662 -0.209153   3.57216
 -0.24738 -0.207728  0.946389   1.07484
        0         0         0         1
13	16	57
 0.731978  0.055136  0.679094 -0.570166
 0.338061  0.835981 -0.432261 -0.640625
-0.591542  0.545981  0.593281  0.362185
       -0         0         0         1
9	12	57
-0.369092 -0.849833  0.376239   4.53277
 0.914306 -0.404664 -0.017101  0.962189
 0.166784  0.337685  0.926365 -0.741209
        0         0         0         1
12	16	57
 -0.230407  -0.476746   0.848307    3.11653
  0.963765 0.00862099   0.266612  -0.748743
 -0.134419   0.878999   0.457485   -1.28549
        -0         -0          0          1
10	14	57
 0.040924 -0.643371   0.76446   2.80714
 0.405396  0.709987  0.575824 -0.620583
-0.913225  0.286344  0.289876   1.95886
        0         0         0         1
14	16	57
  0.969435   0.035797   0.242725 0.00312701
  0.161347   0.652274  -0.740612    0.16767
 -0.184834   0.757138   0.626561   -1.17932
        -0          0          0          1
11	16	57
-0.266311 -0.324969  0.907454   2.93563
 0.963305 -0.122441  0.238854 -0.850995
 0.033489  0.937765  0.345652  -1.62607
       -0         0         0         1
10	15	57
 0.064688  -0.97914 -0.192617   3.92375
  0.88833  0.144438 -0.435899 -0.130369
 0.454627  -0.14291  0.879142 -0.481212
        0         0         0         1
11	17	57
-0.555933 -0.703304  0.443059   3.99738
 0.825699  -0.40588  0.391768  0.150386
-0.095703   0.58363   0.80636  -0.38321
        0         0         0         1
13	17	57
 0.488433 -0.477524  0.730345  0.979069
 0.390554  0.868094  0.306398 -0.502307
-0.780321  0.135585  0.610505   1.56508
        0         0         0         1
10	16	57
 0.676972   0.73539  0.030184  -1.56806
-0.485091  0.476648 -0.733139   2.34952
 -0.55353  0.481673  0.679408  0.447786
       -0         0        -0         1
13	18	57
 0.907733 -0.251585  0.335747   1.39066
 0.252908   0.96664  0.040562  0.241028
-0.334751  0.048094  0.941078  0.031534
       -0        -0         0         1
14	18	57
 0.381234 -0.788469 -0.482677   3.68461
-0.655342 -0.598748  0.460464   3.39506
-0.652064  0.140774  -0.74498   2.85078
        0         0         0         1
13	19	57
 0.991698  0.052902 -0.117204   1.31936
-0.043044  0.995442  0.085104  0.885673
 0.121172 -0.079352  0.989455  -1.10165
        0         0         0         1
12	19	57
 0.499295 -0.818768  0.283414   1.84294
  0.84914  0.397386 -0.347916  0.253028
 0.172238  0.414371  0.893661 -0.980039
       -0         0         0         1
11	19	57
   0.065782   -0.809369    0.583605     2.48387
   0.992154 -0.00926301   -0.124679   -0.164631
   0.106317    0.587228    0.802409   -0.873246
         -0           0           0           1
14	19	57
 0.798549  0.248959 -0.548032   2.04159
-0.373963  0.918624 -0.127598   1.23408
 0.471669  0.306837  0.826668  -1.54461
       -0         0         0         1
9	18	57
 0.943777 -0.131529   0.30329  0.127322
 0.151155  0.987615 -0.042062 -0.527172
-0.294001  0.085542   0.95197   1.04411
        0         0         0         1
11	20	57
 -0.938568  -0.279115    0.20294    3.56009
  0.138724  -0.843623  -0.518706    3.19186
  0.315984  -0.458688   0.830518 -0.0635908
         0          0          0          1
12	20	57
-0.825687  0.555927  0.095847   3.08381
-0.554373 -0.831072  0.044621   3.77884
 0.104461 -0.016292  0.994395 -0.210289
        0         0         0         1
10	20	57
-0.903867  0.007992  0.427738   3.31721
-0.345037  -0.60473  -0.71781   3.74815
 0.252929 -0.796391  0.549353   0.73981
        0         0         0         1
14	20	57
  0.83289  0.027534 -0.552754   2.77253
-0.261447  0.899866 -0.349123   1.22569
 0.487791  0.435296  0.756688  -1.53819
       -0         0         0         1
13	21	57
 0.935766 -0.325868  0.134727   1.00466
 0.149548  0.712765  0.685274 -0.553664
-0.319338 -0.621109  0.715715   1.22991
       -0        -0        -0         1
11	21	57
-0.941754  0.077117   0.32734   3.31491
-0.036866 -0.991161  0.127443   3.43848
 0.334275  0.107952  0.936273  -1.16413
       -0         0         0         1
14	21	57
 0.837094 -0.291577 -0.462879   3.36237
 0.219666 -0.595763  0.772537  0.144121
 -0.50102 -0.748364  -0.43466   4.36916
        0         0        -0         1
10	21	57
-0.882377  0.318065  0.346765    3.2194
-0.398164 -0.897416 -0.190025   4.33862
 0.250752 -0.305743  0.918501 -0.178076
        0         0         0         1
11	22	57
-0.936165 -0.231745 -0.264365   4.70925
 0.191029 -0.966599  0.170862    3.6011
-0.295131  0.109454  0.949167  0.405228
       -0         0        -0         1
10	22	57
-0.082987 -0.986265  0.142807   4.23465
 0.901586 -0.135356  -0.41088   0.43071
 0.424566  0.094655  0.900435  -1.12468
       -0         0         0         1
12	22	57
 0.349428 -0.692289  0.631376   1.99497
-0.885645  -0.46399 -0.018605   5.01122
 0.305833 -0.552674 -0.775254   3.35866
        0         0         0         1
9	21	57
 0.784117 -0.580163 -0.220392   1.86013
 0.604274  0.632759   0.48422  -1.13952
-0.141471 -0.512862  0.846734   1.12575
        0        -0         0         1
11	23	57
 0.324778 -0.890302 -0.319188   3.44935
 0.934927  0.251207  0.250613 -0.755924
-0.142939 -0.379811  0.913954  0.991283
        0        -0         0         1
12	23	57
-0.647406  0.602517 -0.466731   2.36206
-0.526872 -0.796309 -0.297151   5.55758
-0.550701   0.05353  0.832984   0.78399
       -0         0        -0         1
13	23	57
 0.674326 -0.338289  0.656388  0.680169
 0.475502  0.878999  -0.03548 -0.281842
-0.564961  0.336039  0.753589  0.671823
        0         0         0         1
10	23	57
 0.939398  -0.32766   0.10085  0.731345
 0.342772  0.903054 -0.258844 -0.915477
 -0.00626  0.277726   0.96064 -0.895434
        0         0         0         1
11	24	57
-0.403501  0.777694  0.482057  0.737857
-0.667914 -0.610439  0.425741   4.09604
 0.625363 -0.150186  0.765745  -1.14607
        0         0         0         1
14	24	57
-0.683411 -0.542237  0.488803   3.42244
-0.363711 -0.327652 -0.871985    4.1519
  0.63298 -0.773707  0.026704  0.733237
        0         0         0         1
12	24	57
-0.676989  0.706036  0.207842   2.32198
-0.521943 -0.659659  0.540764   4.09552
 0.518904  0.257609  0.815093  -1.65606
       -0         0         0         1
8	16	57
 0.635279  0.146519  0.758256   -1.4943
-0.154788  0.986072 -0.060856  0.723564
-0.756612 -0.078708   0.64911   3.69423
        0         0         0         1
9	24	57
 0.940589  0.227473 -0.252089  0.158191
-0.243751  0.969209  -0.03491   1.33641
 0.236386  0.094283  0.967074 -0.528391
       -0         0         0         1
11	25	57
-0.675844 -0.577641 -0.457784    4.9939
 0.733399 -0.465357 -0.495548   2.16969
 0.073216 -0.670652   0.73815  0.571125
        0         0        -0         1
14	25	57
 0.370039  0.887656  0.274112  -1.15755
-0.845456   0.44406 -0.296671   3.53539
-0.385064 -0.121969  0.914795  0.494014
        0        -0         0         1
13	25	57
   0.869884    -0.20274    0.449665   -0.291244
   0.248086    0.967757   -0.043593   -0.537991
  -0.426328    0.149477    0.892133 -0.00953001
          0           0           0           1
10	25	57
 0.584413  0.795095  0.162127 -0.391858
-0.802311  0.596088 -0.031243   2.57876
-0.121483 -0.111817  0.986275 -0.327802
        0        -0         0         1
10	26	57
 0.126229  0.849035  0.513036 -0.323598
-0.534279  0.493942  -0.68598    3.5584
-0.835831 -0.187514  0.515971   1.71947
        0        -0         0         1
11	26	57
 0.956628  0.112997  0.268504 -0.470639
-0.199818 -0.416173  0.887058   1.08691
 0.211979 -0.902237 -0.375544   2.14337
        0         0         0         1
13	26	57
 0.965553 -0.097375 -0.241301  0.232653
-0.105831 -0.994134 -0.022303   4.43875
-0.237714  0.047072 -0.970194   4.38845
        0         0        -0         1
12	26	57
-0.063393 -0.025787  0.997656  0.592642
-0.997735  0.024172 -0.062773   4.64758
-0.022496 -0.999375 -0.027261   2.05928
        0         0        -0         1
9	26	57
-0.736772  0.410547  0.537232   1.79067
-0.537095  0.127294 -0.833861   4.35978
-0.410726  -0.90291  0.126717   2.85824
        0        -0         0         1
14	26	57
 0.517771 -0.838686 -0.168873   2.93346
-0.801101 -0.544574  0.248348   4.13344
 -0.30025  0.006697 -0.953837   4.41752
        0         0         0         1
11	27	57
 0.366073 -0.385244    0.8471 -0.071514
   0.9154 -0.014707 -0.402277    0.2956
 0.167434  0.922697  0.347268 -0.726077
       -0         0         0         1
13	27	57
 0.636091 -0.529906  0.560881 -0.663714
 -0.44992  0.335819  0.827525  0.352179
-0.626865 -0.778733 -0.024804    4.1495
        0         0        -0         1
14	27	57
 0.492673 -0.048948  0.868837  -1.67715
-0.664397  0.623643  0.411881   1.22083
-0.562005 -0.780175  0.274731   3.00358
       -0        -0        -0         1
12	27	57
-0.407867  0.454629  0.791806  0.339857
-0.878867  0.039555 -0.475425   5.36426
-0.247462 -0.889802  0.383425   2.17369
        0        -0         0         1
9	27	57
 0.696961   -0.6123  0.373274   0.66477
-0.197241  0.336769  0.920697 -0.489349
 -0.68945 -0.715315  0.113944   3.85804
       -0        -0        -0         1
8	20	57
 0.887202 -0.461135 -0.015087  0.817414
 0.460633  0.883425  0.085898  0.492724
-0.026283 -0.083158   0.99619  0.683821
        0         0         0         1
13	28	57
-0.000129998 -0.490858  0.871239  0.023139
 0.534188  0.736482  0.415015  -1.08872
-0.845366   0.46546  0.262115  0.139947
       -0        -0         0         1
11	28	57
-0.856447 -0.464858  0.224513   3.02637
 0.450751 -0.461386  0.764164 -0.113604
-0.251641  0.755666  0.604687  -1.63823
        0         0         0         1
8	21	57
 0.992509 -0.088753   0.08396 -0.055613
 0.107108  0.962697 -0.248482  0.218873
-0.058774  0.255613  0.964991  0.080912
        0         0         0         1
13	29	57
-0.232604 -0.684474  0.690935   1.01401
 0.434679  0.562353   0.70343 -0.781599
-0.870028  0.463956  0.166721   0.99567
       -0        -0         0         1
11	29	57
-0.797734 -0.573656  0.185848   2.84374
 0.564921 -0.603165  0.563077  0.215166
-0.210916  0.554175  0.805236  -1.20584
        0         0         0         1
9	29	57
-0.823849  -0.14405   -0.5482   5.52601
 0.040243  0.949861 -0.310072   1.31841
 0.565379 -0.277513 -0.776745   3.20266
        0         0        -0         1
11	30	57
 0.221832  0.794857 -0.564794    1.4429
 0.961891 -0.083419  0.260398 -0.129955
 0.159865 -0.601035 -0.783071   4.16741
        0         0         0         1
9	30	57
 0.484935 -0.563084  0.669159  0.393144
 0.677902   0.72543  0.119164  -1.01863
-0.552528  0.395838  0.733502  0.066627
       -0        -0         0         1
12	30	57
 0.168977 -0.875913  0.451911   1.97734
 0.984813  0.131497 -0.113365  0.761806
 0.039873  0.464204  0.884831  -1.59446
       -0         0         0         1
11	31	57
 0.948212 -0.200737 -0.246169 -0.130996
-0.267802 -0.921975 -0.279722   4.31127
-0.170811  0.331161 -0.927985   3.95253
        0         0        -0         1
13	31	57
 0.771532  0.452124  0.447574  -0.59542
-0.531391  0.844809   0.06262   1.80327
-0.349802  -0.28615  0.892052 -0.434528
        0        -0         0         1
10	31	57
 0.801714 -0.193648 -0.565469    1.4426
 0.110337  0.977752 -0.178403  0.536991
 0.587436  0.080636  0.805244  -2.28582
       -0         0         0         1
12	31	57
 0.529346  0.192009 -0.826393   1.85454
 0.301705   0.86778  0.394883  -0.66206
 0.792948 -0.458357  0.401425   -1.5262
        0         0         0         1
9	31	57
 0.904022 -0.427047 -0.019369  0.711265
 0.407597  0.874735 -0.262112  0.472979
 0.128877  0.229061  0.964843  -1.47044
       -0         0         0         1
14	31	57
 0.457838 -0.774151 -0.437121   3.86143
-0.429622 -0.623116  0.653568   1.64922
-0.778337 -0.111431 -0.617879   4.07754
        0        -0         0         1
11	32	57
 0.930049  0.135775 -0.341429  0.725305
-0.131096  0.990684  0.036859  0.269409
 0.343253  0.010479  0.939185  -1.74893
       -0         0         0         1
14	32	57
-0.985015 -0.083163  0.151092   3.60619
 0.157761 -0.788454  0.594518  0.274051
 0.069687  0.609445  0.789759  -1.13999
       -0         0         0         1
10	32	57
0.983375  0.06354 0.170105 0.066355
-0.181156 0.407639 0.894993 -0.75561
-0.012474 -0.91093 0.412373   1.2543
       0       -0        0        1
12	32	57
-0.550001 -0.833947 -0.045069   4.76532
-0.081006  0.106978 -0.990956   4.17348
 0.831226 -0.541376 -0.126393   0.16468
        0         0        -0         1
13	33	57
 0.431925 -0.340169    0.8353 -0.048483
-0.734989  0.404006  0.544583   1.27862
-0.522716 -0.849155 -0.075521   3.69935
        0         0        -0         1
10	33	57
 0.963512  0.144406   0.22537 -0.063091
-0.266433  0.598126  0.755817 -0.858867
-0.025655 -0.788284  0.614776   1.05107
        0        -0         0         1
11	33	57
 0.151581  0.282212  0.947301 -0.867486
-0.983183  0.141805  0.115077   2.01831
-0.101856 -0.948814  0.298961   2.20151
        0        -0         0         1
12	33	57
  0.519938   0.459626  -0.720006    2.41903
  0.806033   0.015066   0.591678 -0.0174502
  0.282798  -0.887985  -0.362641    3.20303
         0          0          0          1
14	33	57
 0.984537 -0.012408 -0.174738   1.62486
 0.135719  0.684711  0.716066    -1.247
  0.11076 -0.728709  0.675808  0.781705
        0         0        -0         1
9	33	57
 0.835598 -0.441089   0.32744   1.38198
 0.541854  0.563715 -0.623393    1.3249
 0.090389  0.698331  0.710045  -2.26523
       -0         0         0         1
15	16	57
 0.969505 -0.050315  0.239851  0.165274
 0.087981  0.984913 -0.149019 -0.201688
-0.228734  0.165577  0.959304  0.147539
        0         0         0         1
11	34	57
  0.76518  0.001259 -0.643815   1.01107
-0.006695   0.99996 -0.006002 -0.068617
 0.643781  0.008902  0.765158  -2.45601
       -0         0         0         1
13	34	57
-0.248588  0.073281 -0.965833   4.32658
-0.462408  0.867193  0.184813  0.895517
 0.851107  0.492551 -0.181688  -2.86223
       -0         0        -0         1
12	34	57
 0.454961  0.067579 -0.887944   2.27656
 0.112387  0.984786  0.132534 -0.604775
 0.883391 -0.160091  0.440444  -2.31668
        0         0         0         1
10	34	57
 0.858235 -0.255901 -0.444913  0.915172
0.00187202 -0.865276  0.501293   1.58449
-0.513253  -0.43106 -0.742131   5.62536
        0         0        -0         1
9	34	57
 0.971419 -0.207902  0.114555 -0.153974
 0.237079  0.873787 -0.424605  0.296569
-0.011821  0.439628  0.898102  -1.72626
        0         0         0         1
12	35	57
 0.851367 -0.250437 -0.460928     1.717
 0.473028  0.746344  0.468203 -0.809759
 0.226756 -0.616645  0.753877 -0.211611
        0         0        -0         1
13	35	57
 0.620296  0.276662 -0.733956   1.79919
-0.319913  0.943598  0.085314  0.728812
 0.716162  0.181882  0.673818  -2.37219
       -0         0         0         1
11	35	57
 0.829492   0.14356  0.539754     -1.12
 0.283232 -0.941044 -0.184977   2.76731
 0.481376  0.306312 -0.821249    2.4376
       -0         0        -0         1
10	35	57
-0.147539 -0.980639  0.128762   4.49924
-0.379637 -0.064066 -0.922915   4.66889
 0.913295 -0.185049 -0.362834  0.301796
        0         0         0         1
15	20	57
 0.839085  0.230342 -0.492827   2.44499
-0.085149  0.950377  0.299222  0.522861
 0.537295 -0.209109   0.81706 -0.806724
        0         0         0         1
8	26	57
 0.810592 -0.307046  0.498662 -0.685788
 0.005708  0.855625  0.517564 -0.133172
-0.585583 -0.416688  0.695316   2.41939
        0         0         0         1
11	36	57
-0.296665  0.691342  0.658814  0.632293
-0.528575 -0.693433  0.489652   2.41617
 0.795361  -0.20297  0.571143  -1.06194
        0         0         0         1
12	36	57
 0.964735   0.19242  0.179615  0.182409
-0.248587  0.890395  0.381315  0.886607
-0.086556 -0.412517  0.906828 -0.748609
        0        -0         0         1
13	36	57
 0.830789  0.286192 -0.477371   1.70748
 -0.25631  0.958042  0.128296  0.731953
 0.494059  0.015768  0.869285  -1.88827
       -0         0         0         1
10	36	57
-0.293743 -0.948883 -0.115483    4.3451
-0.118186  0.155938 -0.980671   3.61046
  0.94855 -0.274417  -0.15795  0.179176
        0         0        -0         1
14	36	57
 0.621063  0.379556 -0.685724   2.15186
-0.477347  0.877106  0.053153  0.905776
 0.621627  0.294317  0.725918    -2.004
       -0         0         0         1
15	21	57
 0.999087  0.016933 -0.039221   1.08731
 0.033734  0.250611    0.9675 -0.702308
 0.026212  -0.96794  0.249811   2.02414
        0         0         0         1
12	37	57
 0.989218  0.039133  0.141126  0.289261
-0.084518  0.939519  0.331905 -0.101668
-0.119602 -0.340254  0.932696  -1.14425
        0        -0         0         1
14	37	57
 0.500508   0.35017 -0.791753   2.85308
-0.628194  0.776192 -0.053826   1.16017
 0.595704  0.524315  0.608465  -2.89594
       -0         0         0         1
15	22	57
 0.867947  0.478886 -0.131664 -0.022547
-0.495146   0.81369 -0.304531  0.684605
-0.038702   0.32951  0.943359 -0.869382
        0         0         0         1
13	37	57
 0.916106  0.119185 -0.382812    1.6189
-0.192213  0.968476 -0.158457  0.848058
 0.351858  0.218744  0.910135  -2.84784
       -0         0         0         1
11	37	57
 -0.426968   0.801541   0.418605   0.360321
    -0.571  -0.597939   0.562519     2.5684
  0.701183 0.00115401   0.712981   -1.95101
        -0          0          0          1
10	37	57
 0.590959 -0.799935  0.104268   2.28424
  0.79212  0.599873  0.112687 -0.765568
 -0.15269     0.016  0.988145  -1.85102
       -0        -0         0         1
9	37	57
  0.70347  -0.64331  -0.30213   3.22767
 0.036618  0.457342 -0.888537     3.566
 0.709781  0.613996  0.345283  -2.00944
       -0         0         0         1
12	38	57
-0.542821  0.832476  0.111036   1.49056
 -0.75248 -0.540798  0.375914    3.9583
 0.372988  0.120502  0.919978  -1.68695
       -0         0         0         1
11	38	57
   -0.727381     0.503915     0.465818      2.05491
   -0.569817    -0.821771 -0.000798016      4.46336
    0.382393    -0.266012      0.88488    -0.800366
           0            0            0            1
10	38	57
-0.118537 -0.888536  -0.44323   5.05249
 0.408619  0.363177 -0.837337   2.12315
 0.904975 -0.280367  0.320023 -0.660899
        0         0         0         1
11	39	57
  0.85081  -0.02239  0.524996   -1.8768
-0.500741 -0.337452   0.79711   3.30623
 0.159314 -0.941076  -0.29832   4.21569
        0         0         0         1
12	39	57
-0.650377  0.702677  -0.28854   3.06298
-0.604154 -0.708753 -0.364235   5.76177
-0.460443 -0.062567  0.885482  0.796085
        0        -0         0         1
10	39	57
-0.699959  0.651572  0.292423   2.49433
  -0.5484 -0.228062 -0.804515   4.72275
-0.457509 -0.723492  0.516957   2.48103
       -0        -0         0         1
10	40	57
-0.476993  0.785697   -0.3939   2.39594
-0.078401 -0.484421 -0.871315   4.39683
-0.875403 -0.384729  0.292665   2.56959
        0        -0         0         1
11	40	57
 0.260085   0.95651  0.132078 -0.567155
-0.700187  0.281016 -0.656329   4.24786
-0.664901  0.078222  0.742824  0.531603
       -0         0        -0         1
15	26	57
-0.299304  0.525053 -0.796704   3.85784
 0.950544  0.236682 -0.201117  -1.01217
 0.082969 -0.817497 -0.569926   2.37602
        0         0         0         1
11	41	57
 0.278709  0.944637  0.173151  -1.58512
 0.634216 -0.316428  0.705438 -0.236139
 0.721173 -0.086797 -0.687296   2.22851
        0         0         0         1
12	41	57
 0.208724 -0.977922   0.01014   4.23113
 0.814193  0.179503  0.552149  -1.48271
-0.541779  -0.10699  0.833684  0.579178
       -0        -0        -0         1
15	27	57
-0.526743 -0.202385   0.82558      2.45
 0.848291 -0.187149  0.495355  -1.39301
 0.054254  0.961257  0.270261 -0.537481
       -0         0         0         1
15	28	57
-0.977992 -0.178139  0.108619   3.85977
 0.188534 -0.531548  0.825779  0.401456
-0.089367  0.828084  0.553435  -1.92141
        0         0         0         1
11	42	57
 0.713375  0.208763  0.668965  -1.48755
-0.116541  0.976646 -0.180503  0.942316
-0.691025  0.050804  0.721044  0.164089
       -0         0        -0         1
15	29	57
-0.949108  0.171647 -0.264066    4.9734
-0.308418 -0.676402  0.668849   1.56473
-0.063809  0.716253  0.694918  -1.82659
        0         0         0         1
10	44	57
-0.574458 -0.814223 -0.083904   5.81167
 0.723136 -0.456807 -0.518076    1.7835
 0.383501 -0.358286   0.85121  -1.60534
        0         0        -0         1
14	44	57
 0.828536  0.121107  0.546682  -2.37726
-0.442793  0.739308  0.507305  0.171301
-0.342728 -0.662387  0.666169   1.61342
        0        -0         0         1
11	44	57
 0.875402  0.424963 -0.230388  -1.18635
-0.464298   0.87182 -0.156069   1.42973
 0.134533  0.243591  0.960502  -2.44581
       -0         0         0         1
12	44	57
-0.372823 -0.871608 -0.318279   5.99942
 0.758104 -0.088332 -0.646124   1.73829
 0.535053 -0.482179  0.693702  -1.44468
        0         0        -0         1
11	45	57
-0.664763  0.450761  0.595739   2.15053
-0.721073 -0.178676 -0.669424   5.41574
-0.195306 -0.874579  0.443809   3.07394
       -0        -0         0         1
12	45	57
-0.432328 -0.888284  0.155063   5.55251
 0.527141 -0.388492 -0.755775    2.9781
 0.731584 -0.245002  0.636207  -1.75804
        0         0         0         1
13	45	57
-0.029484 -0.126684  0.991505  0.298105
-0.149557 -0.980211 -0.129688   5.24297
 0.988313  -0.15211  0.009954  -1.51357
        0         0         0         1
14	45	57
 -0.67666 -0.170731 -0.716228   5.01808
 0.564521  0.504205 -0.653524  0.139078
 0.472702 -0.846539 -0.244794   2.24182
        0         0        -0         1
10	45	57
-0.034034 -0.964094  0.263372   4.56143
 0.036596  -0.26455 -0.963677   4.13761
  0.99875  -0.02316  0.044286  -1.99035
        0         0         0         1
15	32	57
-0.698071 -0.021282  0.715712   1.83943
-0.707119  0.177689 -0.684405   4.02121
-0.112608 -0.983857 -0.139088   2.69444
        0         0        -0         1
13	46	57
 0.760147 -0.563445 -0.323584   1.57807
 0.568964  0.336717  0.750268  -1.18672
-0.313778 -0.754421  0.576534   2.12141
        0        -0         0         1
11	46	57
 0.906443  -0.22013  0.360421  -1.03439
 0.339034 -0.129595 -0.931805   1.68504
 0.251827  0.966824 -0.042839 -0.349187
       -0         0        -0         1
12	46	57
   -0.190747    -0.828503    -0.526496      5.13137
    0.940334 -0.000270009    -0.340253      2.03419
    0.281758    -0.559984     0.779121    -0.133896
           0            0           -0            1
10	46	57
0.365939 0.127548 0.921857 -0.40041
-0.825074 0.502699 0.257967  2.99188
-0.430513   -0.855 0.289194  3.39091
       0       -0        0        1
15	33	57
-0.900563  0.033931   -0.4334   4.16706
 0.434599  0.046142 -0.899442   2.60737
-0.010521 -0.998358 -0.056301   2.81075
        0         0        -0         1
12	47	57
 0.198163  0.403566 -0.893234   2.54041
 0.976929 -0.007282   0.21344 -0.598097
 0.079632 -0.914922 -0.395698   3.55196
        0         0         0         1
11	47	57
-0.318762 -0.317495 -0.893078   4.74616
-0.931044 -0.071686  0.357798   2.94352
 -0.17762  0.945546 -0.272751  0.865848
        0         0         0         1
10	47	57
 0.982088  0.108539  0.154019 -0.529365
-0.188311  0.593296  0.782649 -0.552651
-0.006431 -0.797633  0.603108   1.64216
        0        -0         0         1
14	47	57
 0.483771  0.059871 -0.873144   2.71685
 0.498433   0.80121  0.331099  -2.12847
 0.719396  -0.59538   0.35776 -0.424155
        0         0         0         1
15	34	57
-0.850616  -0.00557  0.525757   2.97883
-0.020266  0.999548   -0.0222  0.057131
-0.525396 -0.029539 -0.850345   5.09058
        0         0        -0         1
10	48	57
-0.993467  0.113811 -0.008356   3.34034
-0.113424 -0.976725  0.182052   2.73533
 0.012558   0.18181  0.983253  -2.49784
       -0         0         0         1
9	48	57
 0.945162  -0.18772  0.267265 -0.527408
 0.087223  0.933677  0.347332 -0.770363
 -0.31474 -0.304973  0.898849 -0.458387
       -0        -0        -0         1
12	48	57
-0.466704  0.870149 -0.158203   2.52485
-0.871382 -0.421816   0.25053    4.6564
 0.151266  0.254779  0.955095  -3.16427
       -0         0         0         1
8	34	57
  0.98824  0.011707  0.152462 -0.533088
-0.031381   0.99137  0.127279 -0.078146
-0.149656 -0.130567  0.980079 -0.153619
        0        -0         0         1
11	49	57
 0.892807  0.041411 -0.448532  0.933305
-0.391868  0.562429 -0.728089   3.41925
 0.222117  0.825808  0.518368  -1.32755
       -0         0         0         1
10	49	57
 0.321009  0.550015 -0.770997   2.60769
-0.882883  -0.12082 -0.453784   4.38019
 -0.34274  0.826369  0.446814 -0.035974
       -0         0         0         1
12	49	57
 0.440846 -0.860653  0.254815   1.22602
 0.863557   0.32926 -0.381912  0.780751
 0.244793  0.388412  0.888376  -1.88971
       -0         0         0         1
9	49	57
-0.216471 -0.189954  0.957631   0.94825
 0.821501 -0.565446  0.073537  0.950319
  0.52752  0.802613   0.27845  -1.19519
       -0         0         0         1
11	51	57
 0.725052  0.616418  -0.30713  0.884606
 0.631518 -0.417174  0.653567 -0.911554
 0.274744 -0.667828 -0.691752   3.44881
        0         0         0         1
10	53	57
-0.989178  0.142741 -0.033933   3.69238
 0.146568  0.950879 -0.272668   1.08619
-0.006655  -0.27469  -0.96151   4.47568
        0         0        -0         1
15	39	57
 -0.98328  0.023603 -0.180565   5.18937
-0.167545 -0.505714  0.846276   2.06927
-0.071339  0.862378  0.501213   -1.8117
        0         0         0         1
11	54	57
 0.982666 -0.180652 -0.041622  0.874753
 0.064411  0.543237 -0.837105    3.4027
 0.173835  0.819914  0.545457  -1.01537
       -0         0         0         1
13	54	57
-0.248437 -0.560754  0.789831  0.500793
 0.453575  0.653133  0.606372 -0.669505
-0.855891  0.508893  0.092081   1.58149
       -0        -0         0         1
11	55	57
  0.79342  0.546547 -0.267902  0.830194
 0.521379 -0.383141  0.762474  0.116176
 0.314084  -0.74464  -0.58895   3.53687
        0         0         0         1
15	40	57
-0.090874  0.857659  0.506125 -0.128016
 0.757389 -0.270468  0.594313 -0.496884
 0.646609  0.437341 -0.625004   1.13912
       -0         0        -0         1
11	56	57
 -0.36554  0.219947 -0.904436   4.83122
 -0.92616 -0.182807  0.329863   3.19404
-0.092785   0.95823  0.270529 -0.673595
        0         0         0         1
14	56	57
-0.117164  0.473246 -0.873104   4.02352
-0.714292 -0.650958 -0.256984   4.09221
-0.689971  0.593542  0.414305  0.023978
       -0         0        -0         1
12	56	57
-0.515701 -0.729256   0.44971    2.3476
 0.816658 -0.259676  0.515401 0.0898819
 -0.25908  0.633052  0.729467  -1.52572
        0         0         0         1
15	41	57
 -0.71524 -0.290594 -0.635599   5.68004
-0.692727  0.174379  0.699801   1.82367
-0.092523  0.940823 -0.326025    0.3793
        0         0         0         1
17	18	57
 0.812199  0.330989 -0.480395  0.442259
-0.319536  0.941359  0.108352  0.570289
 0.488087    0.0655  0.870334 -0.788084
       -0         0         0         1
16	17	57
  0.88198  0.284091  0.376037 -0.307554
 -0.40354   0.86739  0.291185   1.98689
-0.243447 -0.408566  0.879663    0.8853
        0         0         0         1
18	19	57
 0.861169  0.297881 -0.411891  0.467983
-0.298095   0.95229  0.065451  0.746871
 0.411736  0.066418   0.90888   -1.1369
       -0         0         0         1
16	18	57
 0.958998  0.109291 -0.261493   1.08331
  0.06545  0.812314  0.579537  0.562106
 0.275752 -0.572889  0.771854   0.59971
        0         0         0         1
17	19	57
 0.388341   0.51037 -0.767277   1.71021
-0.495744   0.81758  0.292919  0.961371
 0.776807   0.26662  0.570513  -1.51542
       -0         0         0         1
20	21	57
 0.970153  0.237009 -0.051273 -0.727187
-0.239138  0.900057 -0.364293  0.111831
-0.040192  0.365681  0.929872 -0.676957
        0         0         0         1
21	22	57
 0.581911  0.700358  0.413373 -0.940015
-0.685417  0.695929 -0.214209   1.87859
-0.437701 -0.158682  0.885007   1.47295
        0         0         0         1
18	20	57
 0.888624  0.156207 -0.431216   1.37945
-0.243858  0.957218  -0.15578  0.594448
 0.388434  0.243585  0.888699  -1.33959
       -0         0         0         1
15	42	57
 0.416025   0.35646  0.836576  -1.21327
 0.174746 -0.934161   0.31114   1.76804
 0.892405  0.016747 -0.450924   1.49591
       -0         0         0         1
17	20	57
   -0.428902    -0.890924    -0.149323      3.91372
    0.841618    -0.454152     0.292274    0.0129981
   -0.328209 -0.000315994     0.944605     0.590806
          -0           -0           -0            1
16	19	57
 0.600689  0.302281 -0.740134   2.36712
 0.128421  0.877263  0.462513  0.430651
 0.789101 -0.372875  0.488143 -0.683495
        0         0         0         1
20	22	57
 0.901125 -0.113419 -0.418462     1.107
 0.169776 -0.795789  0.581288   2.11611
-0.398937 -0.594858 -0.697849   5.16047
        0         0         0         1
18	21	57
 0.852335  -0.07031 -0.518249  0.364292
 0.414394  0.695325  0.587197  -1.37589
 0.319066 -0.715248  0.621786  0.652827
        0         0        -0         1
16	20	57
 0.687623  0.202286  -0.69732    2.9197
  0.11407  0.918381  0.378898  0.404464
 0.717052 -0.340082  0.608425 -0.333586
        0         0         0         1
15	43	57
-0.707571  0.135101  0.693608   2.12738
-0.154907  0.928024 -0.338785  0.145002
-0.689455 -0.347159 -0.635715   6.32912
        0         0        -0         1
19	22	57
 0.039074   0.88897 -0.456295  0.568882
  0.80841 -0.296525 -0.508474   1.31129
-0.587321 -0.349005 -0.730239   4.75024
        0         0         0         1
16	21	57
-0.724632 -0.627685  0.284464   5.45061
 0.609739 -0.776329 -0.159787   2.59929
 0.321134  0.057662  0.945277 -0.904183
       -0         0         0         1
18	24	57
 0.44253 0.403771 -0.80071 0.531157
-0.503527 0.850733 0.150712  1.12697
0.742043 0.336485 0.579784 -2.29568
      -0        0        0        1
17	24	57
 0.099534  0.465527 -0.879419   1.66941
-0.542758  0.766149  0.344136   1.11297
 0.833971  0.443058  0.328926  -2.29242
       -0         0         0         1
16	22	57
  -0.2025 -0.978119  -0.04771   4.98426
    0.956 -0.208011  0.206869  0.485992
-0.212267  -0.00372  0.977205  0.352461
        0         0         0         1
15	44	57
  0.41927  0.076168  0.904661  0.561636
-0.906037  0.098256  0.411635   3.72105
-0.057534 -0.992242  0.110207   2.88774
        0        -0         0         1
18	25	57
 0.968324  0.151265 -0.198662 -0.273993
-0.173015  0.980128 -0.097029  0.203188
 0.180038  0.128327  0.975253  -1.50016
       -0         0         0         1
17	25	57
 0.665414  0.337328 -0.665909   1.23984
-0.413982  0.909079  0.046837  0.561116
 0.621163  0.244508  0.744562  -2.13224
       -0         0         0         1
19	25	57
 0.954522 -0.101662  0.280273 -0.727604
 0.127601   0.98892 -0.075865 -0.785404
-0.269454  0.108178  0.956918  0.047731
        0         0         0         1
15	45	57
 0.990455  0.053014 -0.127235 -0.423494
 0.092523  0.428509  0.898788  -1.26765
  0.10217 -0.901981  0.419514   2.02339
        0         0         0         1
17	26	57
 0.961778  0.076584 -0.262903   0.55116
-0.071023  0.997005  0.030606 -0.187094
 0.264459 -0.010765  0.964337   -1.7765
        0         0         0         1
18	26	57
 0.967089 -0.146557  0.207991 -0.453951
 0.170139  0.980297 -0.100347 -0.246485
-0.189187  0.132432   0.97297  -1.30191
        0         0         0         1
20	26	57
 0.616362 -0.348659   0.70607  -1.45667
 0.224371   0.93723  0.266942  -1.14306
-0.754821 -0.006111  0.655902   1.89237
       -0        -0        -0         1
21	26	57
-0.935384  0.122375  0.331784    2.8443
-0.286268 -0.812865 -0.507248   4.52793
 0.207621 -0.569451  0.795373  0.095557
        0         0         0         1
19	26	57
 0.592741 -0.418972  0.687837 -0.640238
 0.462222  0.876354  0.135482  -1.69965
-0.659552  0.237627  0.713109  0.825625
       -0        -0         0         1
8	44	57
 0.820124 -0.531428  0.212088  0.398134
 -0.21614  0.055471  0.974785  0.707773
-0.529793 -0.845285 -0.069369   4.97344
        0         0        -0         1
15	46	57
 0.993424 -0.083612 -0.078212   1.13681
-0.088319  -0.12494 -0.988226    3.7881
 0.072855  0.988635 -0.131503  0.278494
       -0         0        -0         1
16	26	57
 0.997011 -0.061221  0.047139 -0.199202
 0.027895  0.854135  0.519303 -0.279316
-0.072056 -0.516435  0.853289 -0.252529
       -0        -0        -0         1
18	27	57
  -0.833054 -0.00157402   -0.553189     4.66456
   0.365623   -0.752008   -0.548455     3.37462
   -0.41514   -0.659152    0.627039     1.49935
          0          -0           0           1
20	27	57
 0.455439 -0.163737   0.87508  -1.63528
 0.312064  0.949937  0.015328  -1.74045
-0.833781    0.2661  0.483735   1.54838
       -0        -0         0         1
21	27	57
-0.656484 -0.413581 -0.630856   5.92165
 0.707921 -0.048942 -0.704593   2.10425
 0.260531 -0.909151  0.324913   1.46093
        0         0        -0         1
16	27	57
-0.967533 -0.251475  0.025298   4.70418
 0.056276 -0.116771  0.991563  0.235163
  -0.2464  0.960794  0.127132  0.546026
        0         0         0         1
18	28	57
 0.608192 -0.245397  0.754906 -0.818258
   0.3278  0.943782  0.042701 -0.373141
-0.722945  0.221488  0.654442 -0.624069
       -0        -0         0         1
8	45	57
 0.423441 -0.755188 -0.500389    3.1385
 0.844858   0.12983  0.518998 -0.913192
-0.326976 -0.642522  0.693002   3.27383
        0        -0         0         1
17	28	57
 0.058409  0.459069 -0.886478   3.60111
-0.695705  0.655564   0.29365  0.428673
  0.71595  0.599575  0.357667  -1.88193
       -0         0         0         1
15	47	57
-0.207458   0.13101  0.969432   1.14227
-0.970548  0.096493 -0.220737   3.19746
-0.122462 -0.986674  0.107133   2.97778
        0        -0         0         1
19	28	57
-0.142185 -0.391994  0.908913  0.606979
 0.401064  0.816677  0.414954  -1.36965
-0.904949  0.423532  0.041095   1.02202
       -0        -0         0         1
17	29	57
 0.439804 -0.603154  0.665416    1.3075
 0.426403  0.792322  0.436357 -0.736974
-0.790414  0.091824  0.605652  0.326966
       -0        -0         0         1
18	29	57
-0.893334 -0.290726  0.342684   2.60256
  0.28835  0.214055  0.933292  -1.35106
-0.344686  0.932555 -0.107392   0.79941
        0         0         0         1
8	46	57
 0.939497 -0.026559  0.341526 -0.916819
 0.063011  0.993377 -0.096084  0.057755
-0.336712   0.11179  0.934948  0.354851
        0         0         0         1
17	30	57
 0.955854  0.217727 -0.197328   1.18476
-0.185798   0.96809  0.168168  0.057682
 0.227646  -0.12408  0.965806 -0.987338
        0         0         0         1
18	30	57
 0.823225 -0.335211  0.458186  0.061088
 0.326908  0.939734  0.100156 -0.351197
-0.464147  0.067334  0.883195 -0.418247
       -0        -0         0         1
15	48	57
 0.285008  0.950084  0.126926 -0.127688
 0.958524 -0.282728 -0.036019 -0.699522
 0.001665  0.131927 -0.991258   4.73824
       -0         0        -0         1
16	30	57
 0.993355  0.111591 -0.028152   1.24154
-0.077408   0.82885   0.55409  0.320122
 0.085165 -0.548229  0.831981 -0.395709
        0         0         0         1
15	49	57
 0.524027  -0.57803  0.625521  0.666282
-0.844769 -0.259234  0.468148   2.91823
-0.108448 -0.773743 -0.624148   4.17764
        0         0        -0         1
19	30	57
 0.784782 -0.377161  0.491799  0.567063
 0.335718  0.925712  0.174213 -0.610012
-0.520971  0.028386  0.853102    0.0157
       -0        -0         0         1
18	31	57
 0.959451  0.031617 -0.280095  0.945538
-0.045472  0.998035 -0.043105  0.229965
 0.278182  0.054094  0.959004  -1.85031
       -0         0         0         1
17	31	57
 0.562096  0.426558 -0.708588    2.4862
-0.478682   0.86645  0.141869  0.669888
 0.674472  0.259444  0.691214  -1.96807
       -0         0         0         1
16	31	57
 0.812417  0.256589 -0.523584   2.38311
 0.098581  0.824596  0.557067 -0.148655
 0.574683 -0.504186  0.644621 -0.872959
        0         0         0         1
15	50	57
 0.986323 -0.162792 -0.025814  0.802567
 0.086379  0.643896 -0.760222    2.5126
 0.140379  0.747594  0.649151  -1.45713
       -0         0         0         1
21	31	57
-0.627461 -0.503686  0.593796   2.49462
 0.273403  -0.85656 -0.437671   3.14976
 0.729071 -0.112276  0.675167  -1.40247
        0         0         0         1
17	32	57
 0.718009  0.561359 -0.411508    2.0655
-0.301734  0.783812  0.542766 -0.940268
 0.627232 -0.265545  0.732165 -0.568993
        0         0         0         1
19	31	57
 0.882379 -0.260524  0.391835  0.368897
 0.255557  0.964551   0.06582 -0.554208
-0.395093  0.042058  0.917678  -0.32307
       -0        -0         0         1
18	33	57
  -0.959882 -0.00124701    0.280401     2.01801
  -0.141284   -0.861627   -0.487482     4.45208
   0.242209   -0.507541    0.826884   -0.373914
          0           0           0           1
15	52	57
 0.718531 -0.379837  0.582612 -0.909134
-0.694862 -0.356323   0.62466   1.92654
-0.029671 -0.853673 -0.519964    3.5764
        0         0        -0         1
16	33	57
 0.955296  0.287028 -0.070878  0.835277
 0.071113  0.009618  0.997422 -0.060493
  0.28697 -0.957874 -0.011223   2.45954
        0         0         0         1
17	34	57
-0.475977  0.875894  0.079091  0.575254
 0.133684  0.160946 -0.977868   3.82692
-0.869238 -0.454869   -0.1937   5.06996
        0        -0         0         1
18	34	57
  0.88145   0.21962 -0.418106  0.602048
-0.405651  0.805429 -0.432124   1.50483
 0.241852  0.550501  0.799035  -2.90984
       -0         0         0         1
16	34	57
 0.558192 -0.536943 -0.632546   4.63993
 0.570717  0.801839 -0.177019 -0.331803
 0.602249 -0.262194  0.754022  -1.46354
        0         0         0         1
15	53	57
-0.521356 -0.556959  0.646517   1.40812
-0.849775  0.408032 -0.333756   4.16871
-0.077911 -0.723399  -0.68602   4.13943
        0         0        -0         1
20	34	57
 0.993497  0.079932  0.081082 -0.824314
 -0.06063  0.974184 -0.217463 -0.072325
-0.096371  0.211133  0.972695  -1.31881
       -0         0        -0         1
21	34	57
 0.991804 -0.126181  0.020093 -0.211204
 0.116969  0.959944   0.25461 -0.311905
-0.051415 -0.250172  0.966835 -0.358468
       -0        -0        -0         1
17	35	57
 0.880909  0.028603 -0.472421   1.46275
-0.170267  0.950494 -0.259942  0.286983
 0.441598  0.309423  0.842169  -1.70221
       -0         0         0         1
19	34	57
 0.996019 -0.051438  0.072807  0.554046
 0.077214  0.905964 -0.416255  0.236333
-0.044549  0.420219  0.906328  -2.27874
        0         0         0         1
15	54	57
-0.793986  0.397507 -0.459972   4.17662
 0.558159  0.776496 -0.292427   1.19485
 0.240924  -0.48892 -0.838399   3.85597
        0         0         0         1
21	35	57
-0.413955  0.350074 -0.840291   2.82405
-0.170793 -0.936571 -0.306047   5.18137
-0.894131  0.016827  0.447489   4.21185
       -0         0        -0         1
17	36	57
 0.645266  0.436364 -0.627071   1.80208
-0.420789  0.888093  0.185005   0.35489
 0.637627  0.144487  0.756674  -1.31204
       -0         0         0         1
8	51	57
-0.468281  0.872933 -0.136755   1.48576
-0.813278 -0.365328  0.452895   2.99142
 0.345387  0.323302  0.881013 -0.812723
        0         0         0         1
17	37	57
 0.996898  0.076047  0.020259  0.933927
-0.061523  0.913585 -0.401966  0.773776
-0.049077  0.399473  0.915431  -2.16543
       -0         0        -0         1
15	56	57
 0.456036 -0.409294  0.790259 -0.603754
  0.86159 -0.019377 -0.507235  0.981055
 0.222921  0.912197  0.343807  -1.69209
       -0         0         0         1
8	53	57
-0.497364 -0.852085  0.163033   2.99725
-0.781032  0.357984 -0.511699   5.24529
 0.377648 -0.381835 -0.843554   4.56945
        0         0         0         1
21	39	57
-0.895889 -0.147291  0.419151    3.0959
 0.057491 -0.973947 -0.219369   3.80903
 0.440542 -0.172433  0.881016 -0.477099
        0         0         0         1
17	40	57
  0.42299 -0.803165   0.41953   1.18029
 0.129148 -0.404826 -0.905227   3.99147
 0.896884  0.437084  -0.06751  -0.16694
       -0         0        -0         1
16	40	57
-0.118032  0.056456 -0.991404    4.8715
-0.990703  0.061314   0.12144    4.2768
 0.067643  0.996521  0.048695  0.804095
       -0         0         0         1
22	25	57
-0.576728 -0.807814 -0.121746   4.93626
-0.808687  0.543404  0.225248   3.41813
-0.115802  0.228361 -0.966665   3.60791
        0         0         0         1
16	41	57
   0.6497  0.234302  0.723183  -1.53969
  0.01716 -0.955594  0.294185   3.93996
 0.759997 -0.178722  -0.62487   2.11411
        0         0         0         1
21	40	57
-0.995094  0.054154   -0.0828   4.76032
-0.035874 -0.977442 -0.208136   3.85458
-0.092204 -0.204145  0.974589 -0.685853
        0        -0         0         1
22	26	57
-0.976809   0.18322 -0.110794   4.06744
  0.15631  0.256569 -0.953803   3.16855
 -0.14633 -0.949001 -0.279258    2.8179
        0         0        -0         1
18	43	57
 0.537016  0.193163 -0.821159   1.37669
   0.0871 -0.980925 -0.173784   5.36267
-0.839063  0.021802 -0.543597   5.24305
        0         0         0         1
22	27	57
-0.485054   0.23048 -0.843564   4.37104
 0.820068 -0.215082 -0.530309   1.92841
-0.303661 -0.949009 -0.084683    3.6061
        0         0        -0         1
23	24	57
 0.919075 -0.157925  0.361055  0.087721
 0.053827  0.957911  0.281972 -0.100481
-0.390389 -0.239719  0.888893  0.918026
       -0        -0        -0         1
18	44	57
 0.992029   0.06647  0.107047  -1.59935
-0.105826  0.900645  0.421473  -1.10733
-0.068397 -0.429442  0.900501 -0.426693
        0        -0         0         1
16	44	57
-0.965686  0.242618 -0.092661   4.39493
 0.072431 -0.091036  -0.99321   3.41705
-0.249406 -0.965841  0.070339   3.37069
        0        -0         0         1
23	25	57
   0.475732   -0.390781    0.788016    0.768553
   0.198175    0.920475    0.336828    -0.62175
  -0.856975 -0.00407501    0.515342     0.95101
         -0          -0          -0           1
17	45	57
-0.988336  0.024606  0.150287   4.84129
-0.053242 -0.980414 -0.189616   4.27581
 0.142678 -0.195406  0.970288 -0.427565
        0         0         0         1
16	45	57
  0.25782 -0.052213 -0.964781   4.09015
 0.964944  0.064668  0.254363  -1.04889
 0.049109  -0.99654  0.067056   3.33176
        0         0        -0         1
20	44	57
-0.792421  0.515668 -0.325816   3.36868
-0.507953 -0.262125  0.820533   1.70073
 0.337718  0.815706  0.469648 -0.777131
       -0         0         0         1
21	44	57
  0.795378  -0.160354   0.584517   -1.59987
  0.196274   0.980547 0.00192001  -0.106531
 -0.573455   0.113198   0.811379    0.72128
        -0         -0          0          1
22	29	57
-0.992159  0.063237 -0.107804   3.54322
 0.124961  0.517874 -0.846281   3.48648
 0.002313 -0.853117 -0.521715    4.2248
        0         0         0         1
23	26	57
 0.446253  0.836468  0.318088 -0.560727
-0.759898   0.54192 -0.358995   3.37217
-0.472666 -0.081512  0.877464  0.210588
        0        -0         0         1
17	46	57
 0.997907   0.04469  0.046729 -0.376617
 0.006144 -0.784965  0.619509   1.54823
 0.064367 -0.617926 -0.783597   3.54057
        0         0         0         1
20	45	57
 0.843646 -0.527689 -0.099027  0.524911
 0.454554   0.60384  0.654797  -3.29576
-0.285733  -0.59743   0.74929   2.20381
        0        -0         0         1
21	45	57
 0.469135  0.252069 -0.846389   1.82663
-0.871606 -0.022145 -0.489707   5.00469
-0.142183  0.967456  0.209316  0.125411
       -0         0         0         1
23	27	57
 0.827079  0.122991  0.548465  -1.22566
-0.557915  0.060975  0.827655   1.36815
 0.068352 -0.990533  0.119049   2.48398
        0         0        -0         1
20	46	57
 0.851574 -0.516657 -0.088813  0.315504
 0.305001  0.350496  0.885509  -1.13028
-0.426376 -0.781164  0.456054   3.35239
        0        -0         0         1
16	47	57
 0.533408  0.330241  0.778728 -0.743881
-0.826721  0.008815  0.562543   2.05151
  0.17891 -0.943856  0.277719   2.19021
        0         0        -0         1
21	46	57
 0.967577 -0.023286  0.251501  -0.66919
-0.020329  0.985331   0.16944 -0.384742
-0.251757 -0.169059   0.95291  0.294887
       -0        -0        -0         1
22	31	57
-0.266155  0.851046  0.452639  0.776784
-0.817713 -0.447981  0.361468   2.83135
 0.510399 -0.273922  0.815144  -1.28671
        0         0         0         1
20	47	57
 0.742052  0.489217 -0.458285  0.514238
-0.292639 -0.378658 -0.878055   3.59562
-0.603093  0.785675 -0.137819   1.80825
        0         0        -0         1
18	48	57
  0.99095  0.126831  0.043963 -0.492784
-0.130369  0.831316  0.540294 -0.720682
 0.031979 -0.541135  0.840327  -1.31813
        0         0        -0         1
18	49	57
 0.130308  0.722813 -0.678647    1.8281
-0.751927   0.51819  0.407535   1.72863
  0.64624  0.457188  0.611026   -1.7496
       -0         0         0         1
22	33	57
-0.731949 -0.595409  0.331268   3.24505
-0.668936  0.720372 -0.183269   2.54618
-0.129516 -0.355741 -0.925567    5.0949
        0         0        -0         1
23	31	57
 0.735014  0.292286  -0.61182   1.04701
-0.108793  0.941466   0.31907  0.105162
 0.669268 -0.167959  0.723789  -1.97289
        0         0         0         1
18	50	57
 0.992604  0.061078 -0.104909  0.157294
-0.038812  0.978519  0.202469   1.16099
 0.115022   -0.1969  0.973653  -1.79882
        0         0         0         1
23	32	57
-0.987416 -0.155724 -0.027566   4.44037
  0.15699 -0.944164 -0.289671   4.17961
 0.019082 -0.290354  0.956729 -0.497164
        0         0        -0         1
18	51	57
-0.923123  0.205103 -0.325233   4.10125
-0.284656  0.204084  0.936654 -0.455149
 0.258485  0.957227 -0.130011  0.460218
       -0         0        -0         1
17	51	57
 0.797452 -0.363967  0.481247  0.072383
 0.322874  0.931188  0.169239  0.230254
-0.509729  0.020422  0.860093  -0.28313
       -0        -0         0         1
16	51	57
 0.292896 -0.763551  0.575501   1.72741
 0.955466  0.256401 -0.146094   1.11319
-0.036009  0.592662  0.804646  -1.46581
        0         0         0         1
22	34	57
 0.768097  0.046249 -0.638661  0.965262
 0.246176  0.899407    0.3612   -1.0085
 0.591121  -0.43466  0.679446  -1.18636
        0         0         0         1
23	33	57
 0.111848  0.273742 -0.955278   3.95515
 0.973479  0.162879  0.160654  0.571172
 0.199572 -0.947911 -0.248264    3.4424
        0         0         0         1
20	50	57
-0.859591  0.295681  0.416745   2.35823
-0.076877 -0.881125  0.466592   1.12669
 0.505167   0.36904  0.780138  -1.90045
       -0         0         0         1
23	34	57
 0.530233  0.311561 -0.788532   1.06004
-0.303242  0.938203  0.166788  0.224066
 0.791768   0.15068  0.591945  -2.83823
       -0         0         0         1
23	35	57
  0.99566  0.043553 -0.082246  0.376084
-0.026311  0.979416  0.200132 -0.138408
 0.089269   -0.1971  0.976311 -0.765811
        0         0         0         1
16	54	57
-0.677462  0.609427  -0.41188   4.90536
 0.734849  0.536162 -0.415364   2.25781
-0.032298 -0.584062 -0.811066   4.58529
        0         0        -0         1
23	36	57
 0.953965 -0.298391  0.030219   1.11944
 0.258259  0.766051 -0.588615   1.40639
 0.152488  0.569323  0.807848  -1.55096
       -0         0         0         1
18	55	57
 0.884187 -0.179375   0.43132 -0.488801
 0.192005  0.981287   0.01449   0.63397
-0.425848  0.070004  0.902082 -0.867092
       -0        -0         0         1
16	55	57
 0.932048 -0.359612  0.044342  0.351448
 0.271075   0.61085 -0.743896   3.40045
 0.240427  0.705366  0.666823  -2.24684
       -0         0         0         1
22	37	57
 0.034804  0.992611  0.116245  0.050344
-0.210653 -0.106416  0.971751    0.2816
 0.976941 -0.058308  0.205393  -1.05288
        0         0         0         1
23	37	57
 0.965037  0.054856  0.256309 -0.011405
-0.078016   0.99365  0.081078 -0.102407
-0.250234  -0.09824  0.963189  -1.15986
        0        -0         0         1
22	38	57
 0.744623  0.317624 -0.587071   1.35306
 0.109169  0.809731  0.576557  -1.03941
 0.658498 -0.493408  0.568269  -0.25914
        0         0         0         1
23	39	57
 0.913817   0.40492 -0.031286 -0.472129
-0.394148  0.902799  0.172051  0.727447
 0.097912 -0.144892  0.984591 -0.455222
        0         0         0         1
22	39	57
 0.616959 -0.678015 -0.399572   2.99562
 0.748751  0.349348  0.563318  -1.33129
-0.242349 -0.646724  0.723198   1.67423
        0        -0         0         1
24	25	57
 0.789467 -0.275424  0.548528  0.493099
 0.285762  0.955838  0.068659 -0.563006
-0.543215  0.102545  0.833308  0.166378
       -0        -0         0         1
25	26	57
  0.798833   -0.31114   0.514837  -0.023789
  0.266711    0.95032   0.160487  -0.676438
 -0.539195 0.00910998   0.842132   0.957849
        -0         -0          0          1
26	27	57
 0.972071 -0.033822  0.232237 -0.334593
 0.107557  0.943723  -0.31276 -0.288798
 -0.20859  0.329004  0.921003 -0.340804
        0         0         0         1
22	40	57
-0.781055  -0.20207 -0.590864   5.33674
-0.123307  0.977474 -0.171289   2.07585
 0.612167 -0.060929 -0.788378   2.60863
        0         0        -0         1
24	26	57
 0.258697 -0.487391  0.833982  0.787284
 0.494041  0.808666  0.319347  -1.30032
 -0.83006  0.329407   0.44999   1.13496
       -0        -0         0         1
25	27	57
 0.683056 -0.083753  0.725548 -0.448696
 0.305093  0.935299  -0.17926 -0.824603
 -0.66359  0.343805  0.664414   0.58837
        0         0         0         1
24	27	57
 0.395925   0.55885   0.72865  -1.38155
-0.912944  0.324993  0.246806   2.61293
-0.098879 -0.762933  0.638871   1.94495
        0        -0         0         1
28	29	57
 0.964121  0.253645 -0.078323  0.541295
-0.209876  0.908969  0.360176  0.517422
 0.162551 -0.330815  0.929591  0.559027
        0         0         0         1
29	30	57
 0.682577  0.459102 -0.568607   0.55872
-0.522177  0.850721  0.060044  0.616405
 0.511292  0.255929  0.820415 -0.576845
        0         0         0         1
25	30	57
 0.837895 -0.343885  0.423881  0.923182
  0.26134   0.93453  0.241567 -0.083543
-0.479201  -0.09163  0.872909  0.594408
       -0        -0        -0         1
22	45	57
-0.604999  0.294184  0.739887   1.74328
 0.223347 -0.829232  0.512338   2.84207
  0.76426  0.475215  0.435979  -3.30996
       -0         0         0         1
26	31	57
 0.747866  0.390814  -0.53662   1.89675
-0.397131  0.911134  0.110103   0.82412
 0.531962  0.130766   0.83661 -0.592782
        0         0         0         1
25	31	57
 0.996458  0.083876 -0.006092  0.964903
-0.083761  0.996338  0.017161  0.656873
 0.007509  -0.01659  0.999834 -0.713126
        0         0         0         1
24	32	57
-0.424658 -0.399573  0.812408   2.01172
 0.272302 -0.912158 -0.306298   4.39823
 0.863433  0.091149   0.49616  -1.34113
       -0         0         0         1
22	46	57
-0.156317  0.067216 -0.985417   4.45889
 0.938936 -0.299521 -0.169374   1.35657
-0.306538 -0.951719 -0.016292   3.35982
        0         0        -0         1
25	32	57
 0.906452 -0.415758  0.074102  0.600415
 0.402724  0.798183 -0.448014  0.838427
 0.127118  0.435946   0.89095 -0.861058
       -0         0         0         1
23	47	57
   0.896736    0.347542    0.274005    -1.34461
  -0.394746    0.348178    0.850264 -0.00643894
     0.2001   -0.870624    0.449414     1.51036
          0           0          -0           1
22	47	57
-0.276644   0.16324  0.947007  0.103593
-0.929236 -0.296609 -0.220324    5.2988
 0.244925 -0.940944  0.233743   2.10244
        0         0         0         1
27	33	57
 0.274558 -0.101685 -0.956179   4.41374
-0.155233  0.976662 -0.148437  0.403126
 0.948958  0.189185  0.252365  0.261804
        0         0         0         1
26	33	57
 0.808668  0.145061 -0.570099   2.92643
-0.406443  0.838385   -0.3632  0.401934
 0.425277  0.525421  0.736935  -1.14596
        0         0         0         1
25	34	57
 0.922293 -0.309321 -0.231724   1.33466
 0.204916   0.89971 -0.385398  0.579649
 0.327696  0.307966  0.893181   -1.6101
       -0         0         0         1
27	34	57
 0.506852  0.027136 -0.861606   3.81297
-0.092948  0.995398 -0.023329  0.493752
 0.857007  0.091908  0.507042 -0.394629
       -0         0         0         1
26	34	57
 0.683122    0.1233  -0.71982   2.65911
-0.420931  0.871928 -0.250117  0.968997
 0.596792  0.473855  0.647534  -1.39234
       -0         0         0         1
22	49	57
-0.036697 0.627836 -0.77748  2.53922
-0.959663 0.194873 0.202662  4.31119
0.278749 0.753556 0.595359 -1.73132
      -0        0        0        1
22	50	57
-0.596923  0.531495 -0.600996   4.24019
-0.779788 -0.208146  0.590428   2.27432
 0.188715  0.821089  0.538701  -1.10682
       -0         0         0         1
24	37	57
 0.955749 -0.262831 -0.132148   1.64678
 0.158281  0.838069 -0.522099   1.00323
 0.247973  0.478079  0.842585  -2.49331
       -0         0         0         1
24	38	57
 0.969252 -0.204118  0.137427  0.541393
 0.199687  0.978805  0.045443 -0.427168
 -0.14379 -0.016604  0.989469 -0.402755
       -0        -0        -0         1
22	53	57
-0.931125 -0.174829  0.320065   3.14522
 -0.36125  0.321695  -0.87522   5.34062
 0.050051 -0.930563 -0.362695   3.34242
        0         0         0         1
22	54	57
-0.058482  0.732432 -0.678324   3.01737
 0.952836 -0.161743 -0.256794   1.18818
-0.297798 -0.661349 -0.688428   4.76917
        0         0        -0         1
22	55	57
-0.795579 0.238993 -0.55672  5.17007
-0.60056 -0.18993 0.776694  2.34335
0.079886 0.952265 0.294634 -1.08877
      -0        0        0        1
22	56	57
-0.307714 -0.561039   0.76847   1.26246
 0.909803  0.062918  0.410242 -0.235339
-0.278513  0.825395  0.491075 -0.859673
       -0        -0         0         1
27	40	57
 0.996762  0.005974 -0.080189  0.286051
 0.005307  0.990175  0.139733  0.434948
 0.080236 -0.139706  0.986937   0.19622
        0         0         0         1
26	40	57
 0.974924 -0.081826  0.206948 -0.470841
 0.120233  0.976212 -0.180426 -0.013444
-0.187261  0.200783  0.961571  0.196307
        0         0         0         1
30	31	57
 0.787929  0.335008  -0.51666    1.0056
-0.403771  0.914577 -0.022747  0.643634
 0.464905  0.226536  0.855888 -0.905319
       -0         0         0         1
31	32	57
-0.672674 -0.658551  0.337373   3.76661
 0.388173  -0.70224 -0.596809   3.07348
 0.629946 -0.270499   0.72801  -0.10015
        0         0         0         1
30	33	57
 0.850725 -0.038225  -0.52422    1.8618
-0.254874  0.842248 -0.475034  0.175671
 0.459681  0.537733  0.706779  -1.50243
       -0         0         0         1
31	34	57
 0.990353 -0.023988 -0.136479  0.210856
-0.041241  0.889251 -0.455557  0.428304
 0.132292  0.456791  0.879682  -1.21582
       -0         0         0         1
30	35	57
 0.996833   0.07829  0.013986  0.497908
-0.067977  0.930036 -0.361125  0.257745
 -0.04128  0.359031  0.932412  -0.13002
        0         0         0         1
24	47	57
 0.944049  0.010906 -0.329626  0.979567
-0.195494  0.823448  -0.53265   1.00808
 0.265621  0.567287  0.779507  -3.22441
       -0         0         0         1
26	46	57
 0.769233  0.015402 -0.638783   2.53313
-0.314405  0.879437 -0.357407  0.629948
 0.556265  0.475766  0.681334  -1.28225
       -0         0         0         1
27	47	57
-0.282566 -0.088284 -0.955177   4.70083
-0.177995  0.983289 -0.038226  0.140363
 0.942589  0.159215 -0.293559  0.103981
       -0         0        -0         1
29	49	57
 0.895079  0.325595 -0.304665  0.988465
-0.321473  0.944677  0.065115  0.951295
 0.309012  0.039658  0.950231 -0.035198
        0         0         0         1
29	50	57
 0.956025  0.239077  -0.16988  0.584632
-0.242837  0.970066 -0.001396   1.21668
 0.164461  0.042588  0.985464 -0.208851
        0         0         0         1
29	51	57
 0.515256 -0.509394  0.689223  0.423228
 0.596389  0.790655  0.138507 -0.715683
-0.615493  0.339678  0.711187   1.46356
        0         0         0         1
29	52	57
 0.999106  0.012155  0.040493 -0.133468
-0.007939  0.994682 -0.102687  0.596182
-0.041526  0.102274  0.993889  0.102979
        0         0         0         1
29	54	57
 0.999887  0.007621 -0.012931 -0.370073
-0.009609  0.986836 -0.161438   1.00334
  0.01153  0.161544  0.986798 -0.380555
        0         0         0         1
29	55	57
 0.917629 -0.176409  0.356141 -0.745462
  0.22596  0.968744 -0.102354  0.123463
-0.326953  0.174397   0.92881  0.591871
        0         0         0         1
32	33	57
 0.999162 -0.007287 -0.040288  0.205818
-0.000376  0.982358 -0.187013 -0.004251
  0.04094  0.186871  0.981531 -0.450489
       -0         0         0         1
28	53	57
 0.665046  0.476679 -0.574883   1.07731
-0.363897  0.879066  0.307932   1.69982
 0.652145  0.004409  0.758082  -1.17437
        0         0         0         1
33	34	57
 0.968666  0.029354 -0.246625 -0.264184
 0.014574  0.984562  0.174427 -0.015431
 0.247937 -0.172556  0.953285 -0.127107
        0         0         0         1
32	34	57
 0.937485  0.081003 -0.338469 -0.392198
-0.096697   0.99487 -0.029736 -0.119409
 0.334324  0.060606  0.940508 -0.829514
       -0         0         0         1
28	54	57
 0.918931   0.31055 -0.243154  0.307834
-0.306537  0.950258  0.055173   1.68656
 0.248193  0.023836  0.968417 -0.254078
        0         0         0         1
35	36	57
 0.955164 -0.106766  0.276155  0.242687
 0.030989  0.963646  0.265377 -0.024535
-0.294449 -0.244921   0.92375  0.606039
       -0        -0        -0         1
35	37	57
 0.930869 -0.112138  0.347718 -0.098056
 0.148755  0.985602 -0.080375 -0.078115
-0.333698  0.126544  0.934148 -0.435923
        0         0         0         1
36	37	57
 0.996668 -0.000314  0.081565  -0.31603
 0.019319  0.972448 -0.232319 -0.008884
-0.079245  0.233121  0.969214 -0.923938
        0         0         0         1
32	36	57
 0.782084 -0.394788  0.482169  0.563398
 0.147416  0.868977  0.472385 -0.078761
-0.605486 -0.298365  0.737811   1.59374
        0         0         0         1
35	38	57
 0.713671 -0.259723  0.650552   0.04276
 0.141164  0.962993  0.229601 -0.729109
 -0.68611 -0.072025  0.723923   1.70104
        0         0         0         1
32	37	57
 0.708495 -0.160623  0.687194 -0.435448
  0.01772  0.977496  0.210208 -0.180334
-0.705493 -0.136755  0.695397   1.29367
        0         0         0         1
34	37	57
-0.005755 -0.374274    0.9273  0.174579
-0.065012 -0.925214 -0.373835    4.9879
 0.997868 -0.062437 -0.019008   1.09391
        0         0         0         1
37	38	57
 0.900608 -0.351395  0.255785  0.120618
 0.371619  0.927766 -0.033897 -0.688945
-0.225397  0.125582  0.966139  0.916364
        0         0         0         1
30	51	57
 0.773557 -0.389708  0.499737 -0.575037
 0.375499  0.917095  0.133929  0.104529
  -0.5105  0.084049   0.85576  0.638642
        0         0         0         1
30	53	57
 0.989177 -0.089941   0.11593  -1.08879
 0.094921  0.994753  -0.03817   1.11302
-0.111889  0.048761  0.992524 -0.773065
        0         0         0         1
35	45	57
 0.142231 -0.946414  0.289949   3.59959
 0.977808  0.179862  0.107428  -1.24138
-0.153822  0.268235  0.950994 -0.377143
       -0        -0         0         1
30	55	57
 0.452057 -0.468166  0.759253 -0.139354
 0.558487  0.812255  0.168327 -0.292108
-0.695512   0.34794   0.62865   1.13196
        0         0         0         1
33	45	57
 0.910629 -0.094953 -0.402168  0.547006
-0.013723  0.965756  -0.25909 -0.030052
 0.412997  0.241454  0.878142  -1.55229
       -0         0         0         1
37	46	57
  0.43555 -0.883875 -0.170472   2.80913
 0.642608  0.172687  0.746481  -1.25223
-0.630358 -0.434676  0.643199   3.29026
        0        -0         0         1
38	39	57
 0.797313 -0.291055  0.528752   0.21197
 0.282125  0.954172   0.09981 -0.562553
 -0.53357  0.069594  0.842888   1.29574
       -0        -0         0         1
32	47	57
 0.906527 -0.018389  0.421748   -1.0089
 0.035371  0.998846 -0.032476 -0.701632
-0.420664  0.044358  0.906131  0.212399
        0         0         0         1
36	47	57
 0.982593 -0.078962 -0.168153 -0.186001
-0.045384  0.775706  -0.62946  0.862828
  0.18014  0.626135   0.75862   -2.0753
       -0         0         0         1
33	47	57
-0.675398   0.05197   0.73562   1.02889
-0.059972  0.990339 -0.125027   0.08535
-0.735011 -0.128559 -0.665756   4.75617
        0         0        -0         1
39	44	57
 0.856901 -0.048944 -0.513152    2.1582
 0.205559 -0.880462  0.427237   2.56555
-0.472722 -0.471583 -0.744408   5.55588
        0         0        -0         1
39	48	57
  0.98234   0.07681 -0.170612   1.07811
-0.090876  0.992942 -0.076213  0.711247
 0.163554  0.090372  0.982387  -2.04761
       -0         0         0         1
40	41	57
 0.998921  0.020659 -0.041596 -0.009781
-0.041035  0.812059 -0.582131  0.249478
 0.021752   0.58321   0.81203  -1.17324
        0         0         0         1
41	42	57
 0.956648 -0.057175   0.28558  0.351706
 -0.07458  0.899758  0.429969  0.455379
-0.281536 -0.432628  0.856487    1.3355
       -0        -0        -0         1
42	43	57
 0.985657  0.162237  0.046468   -0.4619
-0.115624  0.849771 -0.514315  0.256626
-0.122928  0.501566  0.856341 -0.392751
        0         0         0         1
43	44	57
  0.99199 -0.034253 -0.121584  0.749601
 0.063069  0.968278  0.241784 -0.110815
 0.109445 -0.247515  0.962683 -0.345544
        0         0        -0         1
41	43	57
   0.3188 -0.293184 -0.901338   4.73319
 0.291386   0.93522 -0.201142 -0.271678
 0.901921 -0.198513  0.383578 -0.345402
        0         0         0         1
44	45	57
 0.997695 -0.054831 -0.039977  0.946781
 0.040761  0.955264 -0.292933  0.061765
  0.05425  0.290628  0.955297  -1.02636
        0         0         0         1
40	42	57
 0.987816  0.018916  0.154476  0.015865
 0.008541  0.984501 -0.175169 -0.016192
-0.155395  0.174354  0.972344  -0.08618
        0         0         0         1
43	45	57
 0.909673 -0.229216 -0.346344   1.90024
  0.18574  0.970396 -0.154379 -0.088026
 0.371477  0.076105  0.925318  -1.01736
       -0         0         0         1
41	44	57
 0.886669  0.021961 -0.461882   1.61813
 0.048305  0.989007  0.139755  0.085882
 0.459874 -0.146227  0.875862 -0.616524
        0         0         0         1
39	51	57
  0.83371 -0.421446  0.356808  0.210779
  0.42206  0.069669 -0.903887   3.20821
 0.356081  0.904173   0.23596 -0.388062
       -0         0         0         1
43	46	57
 0.826018  0.436569  0.356513  -1.28369
-0.557981  0.722799    0.4077   2.28315
-0.079698 -0.535695  0.840642   2.16891
        0        -0         0         1
43	47	57
 0.560143  0.028619 -0.827901   3.31223
 0.196896  0.966163  0.166614 -0.362329
 0.804656 -0.256338  0.535555 -0.280244
        0         0         0         1
44	47	57
 0.978918  0.023813  0.202862  0.122237
-0.005227  0.995776 -0.091666  -0.01714
-0.204187  0.088673  0.974907 -0.299482
       -0         0        -0         1
39	55	57
 0.985782  0.138635  -0.09494  0.259063
-0.127434  0.985118  0.115337   1.59136
 0.109517 -0.101598  0.988779  -1.72011
        0         0         0         1
44	48	57
-0.987213 -0.158886 -0.012858   4.32421
 0.156583 -0.951461 -0.264959   4.39844
 0.029865 -0.263585  0.964174 -0.389457
        0         0        -0         1
45	46	57
     0.82288    -0.038016     0.566942 -0.000468068
   -0.151403     0.947018     0.283254     0.629008
   -0.547673    -0.318921     0.773527      2.11757
          -0           -0           -0            1
45	47	57
 0.934667  0.015043  0.355207  0.410238
-0.112442  0.960328  0.255201    0.1838
-0.337276 -0.278468  0.899278   1.48314
        0        -0         0         1
46	48	57
-0.903541 -0.210063   0.37348   2.09366
  0.06715 -0.930239 -0.360758   4.75187
 0.423208  -0.30088  0.854615  -0.82815
        0         0         0         1
49	50	57
 0.860864 -0.352854  0.366615 -0.043328
 0.359837  0.931584   0.05167 -0.948204
-0.359765  0.087441  0.928937  0.911626
       -0        -0         0         1
50	51	57
 0.764871 -0.378505  0.521255  0.339307
 0.418581   0.90709  0.044465 -0.970291
-0.489656  0.184177  0.852242  0.939219
        0         0         0         1
49	51	57
 0.307776 -0.580184  0.754096   1.01653
 0.660161  0.700968  0.269871  -1.77577
-0.685172  0.414765  0.598756   1.64202
       -0        -0         0         1
50	52	57
 0.922803   0.21946 -0.316657  0.815996
-0.251139  0.965936  -0.06243  0.590608
 0.292167  0.137135  0.946484 -0.887134
        0         0         0         1
49	52	57
 0.905303 -0.228909   0.35781 -0.537341
 0.269487  0.960652 -0.067258 -0.705086
-0.328335  0.157314  0.931369  0.547804
        0         0         0         1
51	52	57
 0.839204 -0.336194  0.427447  0.198277
 0.337346  0.938332  0.075706  -1.00224
-0.426539  0.080665  0.900865    1.1606
        0         0         0         1
50	53	57
 0.930201 -0.220914  0.293127 -0.169144
 0.249854  0.966115 -0.064771 -0.469213
-0.268886  0.133489  0.953877   0.19204
        0         0         0         1
49	53	57
 0.777016  0.352499 -0.521527  0.552381
-0.418129  0.908343 -0.009018   1.17847
 0.470546  0.225073  0.853187  -1.65047
       -0         0         0         1
50	54	57
  0.13299  0.582391 -0.801957   3.24775
 0.658013  -0.65697  -0.36798   1.90897
-0.741169 -0.478761 -0.470591   6.31581
        0         0         0         1
49	54	57
 0.335354 -0.479733  0.810799  0.216723
 0.629831  0.754197  0.185739   -1.8197
-0.700607  0.448378  0.555074   1.71427
       -0        -0         0         1
52	53	57
   0.868859   -0.289393    0.401666 -0.00549203
   0.298917    0.953427    0.040326    -0.64615
  -0.394629    0.085027    0.914898    0.836055
         -0          -0           0           1
51	53	57
 0.998434  -0.03725  0.041746 -0.124032
 0.039055    0.9983 -0.043277 -0.000398
-0.040063  0.044839  0.998191 -0.137704
        0         0         0         1
53	54	57
 0.996307 -0.066634  0.054155  0.001297
  0.06634  0.997771  0.007209 -0.172137
-0.054514  -0.00359  0.998507  0.141474
        0         0         0         1
54	55	57
  0.94094 -0.182963   0.28488 -0.316981
 0.189842  0.981808  0.003527 -0.677866
-0.280343  0.050764  0.958557  0.971346
        0         0         0         1
49	55	57
0.00267701 -0.575163  0.818034   1.15645
 0.687554  0.595061   0.41614  -2.42897
-0.726128  0.561329  0.397049   2.12757
       -0        -0         0         1
52	54	57
  0.77898  -0.34954  0.520588 0.0709211
  0.37305  0.925649  0.063299 -0.711945
-0.504008  0.144897  0.851458  0.931653
       -0        -0         0         1
51	54	57
 0.939379   0.20805 -0.272547  0.819905
-0.220263  0.975331  -0.01465  0.282972
 0.262775  0.073794  0.962031 -0.479521
       -0         0         0         1
55	56	57
 0.854997 -0.314032  0.412752  0.481736
  0.33118  0.943043  0.031465 -0.817363
-0.399123  0.109793    0.9103  0.936021
       -0        -0         0         1
54	56	57
 0.961066   0.22237 -0.164021  0.158599
 -0.23008  0.972729 -0.029363  0.491374
 0.153019  0.065958   0.98602 -0.621358
       -0         0         0         1
52	55	57
 0.998423  0.030503  0.047128    -0.294
-0.029508   0.99933 -0.021661  0.070664
-0.047758  0.020236  0.998654 -0.049019
       -0         0        -0         1
49	56	57
 0.979909 -0.123273  0.156788 -0.162034
 0.155356  0.964746 -0.212437  -0.69011
-0.125072  0.232527  0.964515  0.220241
        0         0         0         1
51	55	57
 0.995959  0.081788  0.037092 -0.486564
-0.079132   0.99453 -0.068182  0.320638
-0.042465  0.064971  0.996983 -0.329184
       -0         0        -0         1
52	56	57
 0.703924 -0.419948   0.57283  0.679604
 0.454706  0.886004  0.090772  -1.04161
-0.545649  0.196573  0.814632   1.11527
       -0        -0         0         1
53	56	57
 0.524641 -0.525929   0.66944  0.653736
 0.539499  0.813689  0.216448  -1.43209
-0.658553  0.247605  0.710633   1.67575
       -0        -0         0         1
