3	4	50
 0.951563 -0.172097  0.254777 -0.000989
 0.191342  0.980113 -0.052593  0.125182
 -0.24066  0.098795  0.965569  0.288968
        0         0         0         1
6	7	50
 0.981741   0.03896  -0.18619 -0.183948
 0.003093  0.975402  0.220412 -0.789726
 0.190197 -0.216963  0.957472  0.104868
        0         0         0         1
2	3	50
 0.743258  0.340481 -0.575882  0.963858
-0.238402  0.939091  0.247531  0.372839
 0.625086 -0.046688  0.779159 -0.121661
        0         0         0         1
1	2	50
 0.971183 -0.078277  0.225113 -0.343347
 0.057552  0.993599  0.097203    -0.303
 -0.23128 -0.081446  0.969472  0.490999
       -0        -0        -0         1
3	5	50
 0.983339  0.104732  0.148581 -0.329585
-0.040499  0.923029 -0.382594  0.661108
-0.177215  0.370202  0.911891  0.435439
        0         0         0         1
4	5	50
 0.878895 -0.058588  0.473403 -0.149277
 0.247594  0.904303 -0.347754  0.172641
-0.407726  0.422851  0.809294  0.424694
        0         0         0         1
5	6	50
     0.88803 -0.000477008    -0.459785     0.510987
   -0.110115     0.970677    -0.213683     0.377818
    0.446405     0.240386     0.861938     -0.93189
          -0            0            0            1
7	8	50
 0.902347 -0.204173  0.379582  -0.23222
 0.111278  0.961183  0.252477 -0.049278
-0.416396 -0.185583  0.890041  0.913917
        0         0         0         1
6	8	50
 0.969931 -0.096157   0.22358 -0.636655
  -0.0064  0.908249  0.418381 -0.624507
-0.243296 -0.407231  0.880324   0.87054
        0         0         0         1
5	7	50
 0.712878  0.120426 -0.690871   0.54189
-0.123107  0.991337  0.045773 -0.488171
 0.690399  0.052421  0.721528  -1.13419
       -0         0         0         1
1	3	50
 0.888754  0.277668 -0.364716  0.595063
-0.082173  0.879275  0.469172 -0.165105
  0.45096 -0.387008  0.804276  0.603632
        0         0         0         1
0	1	50
 0.909975 -0.160049   0.38253 -0.215451
 0.107505  0.982026  0.155139 -0.597023
-0.400485 -0.100049  0.910825   1.03875
        0         0         0         1
4	7	50
0.037056 0.224628 -0.97374  1.52357
-0.481553 0.857825 0.179563 0.269514
0.875633 0.462253 0.139958 -1.27597
       0        0        0        1
7	9	50
 0.760744 -0.330112  0.558832 -0.369438
 0.135681  0.922859  0.360445 -0.267019
-0.634711 -0.198384   0.74685   1.61911
       -0        -0        -0         1
6	9	50
 0.872253 -0.239915  0.426163  -1.04637
-0.018496  0.854595  0.518965 -0.697788
-0.488704 -0.460551  0.740986   1.50304
       -0        -0        -0         1
0	2	50
 0.770567 -0.263302  0.580429 -0.354516
 0.153304  0.960512  0.232196 -0.822232
-0.618647 -0.089941  0.780504   1.61733
        0         0         0         1
5	10	50
-0.983225  0.160311  0.087001   1.93691
-0.023618 -0.584868  0.810784  0.758023
 0.180862  0.795128  0.578844  -1.27313
       -0         0         0         1
7	10	50
   0.30283   -0.53065   0.791647 -0.0333319
  0.204412   0.847484   0.489884  -0.522717
 -0.930865    0.01347   0.365115     2.3611
        -0         -0          0          1
6	10	50
  0.62915 -0.420707  0.653587 -0.865987
-0.032046  0.826105  0.562604 -0.721743
-0.776623 -0.374907  0.506262   2.38206
       -0        -0        -0         1
4	10	50
 0.890704  0.253535 -0.377315 -0.110612
-0.236673  0.967293  0.091269  0.256294
 0.388114  0.008006  0.921577  -1.12082
       -0         0         0         1
5	11	50
  0.93648   0.16107 -0.311547  0.051841
-0.00251299  0.891364  0.453281 -0.812885
 0.350712 -0.423706   0.83515  0.202885
        0         0         0         1
6	11	50
 0.060477 -0.538365  0.840539  0.227739
-0.033974  0.840482  0.540773 -0.723602
-0.997591 -0.061261  0.032539   2.82772
       -0        -0        -0         1
5	12	50
 0.931634 -0.186595  0.311835 -0.726668
 0.083431  0.945011  0.316216 -0.818363
-0.353692 -0.268581  0.895972  0.446573
       -0        -0        -0         1
3	12	50
 0.190797  0.493229 -0.848718   2.03825
-0.524759  0.781939  0.336452   0.77017
 0.829593  0.381178  0.408017  -1.41083
       -0         0         0         1
6	12	50
 0.879562 -0.235308  0.413521 -0.247714
-0.039099   0.83045   0.55572 -0.786339
-0.474174 -0.504959  0.721232   1.35688
       -0        -0        -0         1
4	12	50
   0.951331       0.205   -0.230096   -0.156348
  -0.209907    0.977716    0.003219 0.000159001
   0.225628    0.045236    0.973163   -0.543312
         -0           0           0           1
3	14	50
  0.34769 -0.201837  0.915627   0.01199
 0.375341  0.924855  0.061344  -1.20877
-0.859204  0.322344   0.39732   1.64332
       -0        -0         0         1
1	14	50
 0.607207 -0.497369  0.619616  0.507902
 0.319844  0.866872  0.382405  -1.00999
-0.727324 -0.034019  0.685451   2.09746
        0         0         0         1
5	16	50
 0.853017  0.521665  0.015114 -0.572591
-0.463478  0.743923  0.481421 -0.150356
 0.239896 -0.417665  0.876359  0.305451
        0         0        -0         1
6	16	50
 0.975741 -0.101499  0.193979  0.384194
-0.035394  0.801246  0.597288  -0.92449
-0.216049 -0.589664  0.778215   1.16863
       -0        -0        -0         1
3	16	50
 0.974591  0.149217 -0.167052   0.08279
-0.136721   0.98704  0.084022 -0.209493
 0.177425 -0.059047  0.982361  0.057875
        0         0         0         1
4	16	50
 0.993178  0.061842 -0.098854  0.201119
-0.060063  0.997976  0.020872 -0.387871
 0.099945 -0.014792  0.994883  -0.29217
        0         0         0         1
5	17	50
 0.921548  0.183789 -0.342011  0.362079
-0.075186  0.948669  0.307205 -0.363795
 0.380916 -0.257389  0.888062 -0.812945
        0         0         0         1
7	17	50
 0.996036 -0.021194  0.086395 -0.131817
-0.002433  0.964352  0.264611  0.117068
-0.088923 -0.263772  0.960478  0.352491
       -0        -0        -0         1
6	17	50
 0.987567  0.079122 -0.135835  -0.27189
-0.004378  0.877607  0.479361  -0.61785
 0.157138 -0.472807  0.867042 -0.096362
        0         0         0         1
4	17	50
 0.513717  0.405106 -0.756296   1.30835
-0.439253    0.8814  0.173753  0.519117
 0.736988  0.242946  0.630734  -1.26742
       -0         0         0         1
7	18	50
  0.952408  -0.137797   0.271902  -0.281412
  0.041836   0.942641   0.331177 0.00731199
 -0.301941   -0.30404   0.903544   0.935587
        -0         -0         -0          1
6	18	50
 0.982673 -0.075488  0.169276 -0.519257
-0.013298  0.882233  0.470625 -0.610558
-0.184868 -0.464722  0.865943  0.629001
       -0        -0        -0         1
4	18	50
0.432571 0.424074 -0.79564  1.33179
-0.428991  0.87299 0.232069 0.385292
   0.793 0.240936 0.559554 -1.09644
      -0        0        0        1
7	19	50
  0.76504 -0.302912  0.568295 -0.395803
 0.133252   0.93783  0.320497 -0.062369
-0.630046 -0.169467  0.757841   1.43309
       -0        -0        -0         1
6	19	50
 0.998056  0.024298 -0.057389 -0.310022
 0.008166  0.861936  0.506952 -0.616271
 0.061783 -0.506435  0.860062  0.166616
        0         0         0         1
4	19	50
 0.716361  0.302065 -0.628954  0.732629
 -0.30384  0.946523  0.108516  0.426108
 0.628099  0.113364  0.769831  -1.18604
       -0         0         0         1
0	15	50
 0.973019  -0.10744  0.204181  0.218719
  -0.0013  0.882394  0.470509 -0.658029
 -0.23072  -0.45808  0.858447   1.35092
        0         0         0         1
5	20	50
 0.524034     0.483 -0.701498   1.70285
-0.189098  0.869071  0.457118 -0.367293
  0.83044 -0.106893  0.546757 -0.479372
        0         0         0         1
7	20	50
 0.564709 -0.421068  0.709792 -0.471721
 0.168513  0.900762  0.400289 -0.182259
-0.807903 -0.106438  0.579624   1.75756
       -0        -0        -0         1
6	20	50
 0.984682  0.069259 -0.160015 -0.422707
 0.037544  0.811977  0.582481 -0.694438
 0.170271 -0.579566  0.796938   0.08673
        0         0         0         1
4	20	50
-0.811544  0.277036 -0.514439   2.89629
-0.303692  0.552182  0.776445 -0.544688
 0.499167   0.78635 -0.363986  0.742817
       -0         0        -0         1
5	21	50
-0.991181 -0.071801  0.111373   2.25353
-0.010181 -0.796729 -0.604251   3.88653
  0.13212 -0.600056  0.788972  0.277793
        0         0         0         1
3	21	50
 0.641454 -0.258202  0.722405  -1.16031
 0.326302  0.944062  0.047689 -0.138967
-0.694309  0.205132  0.689824  0.922037
       -0        -0         0         1
7	21	50
 0.817217 -0.304843  0.489109  -0.87078
 0.138295  0.927589  0.347063 -0.052361
-0.559492 -0.215984    0.8002  0.961698
       -0        -0        -0         1
6	21	50
-0.787546 -0.303947  0.536086    1.9281
0.00247601   0.86834  0.495963 -0.604905
-0.616251  0.391921 -0.683105   3.34436
        0         0         0         1
5	22	50
 0.888801  0.129147  -0.43972  0.172373
-0.020599  0.969761  0.243184 -0.405532
  0.45783 -0.207085  0.864585  -1.03478
        0         0         0         1
7	22	50
 0.319188 -0.459335  0.828933 -0.367359
 0.109507  0.886704  0.449181 -0.317525
-0.941343 -0.052599  0.333325   2.51683
       -0        -0        -0         1
6	22	50
-0.056716 -0.393413  0.917611 -0.308413
-0.066056  0.918555  0.389735  -0.43683
-0.996203  -0.03851 -0.078084   3.44612
        0        -0         0         1
3	22	50
 0.501475 -0.361764  0.785907 -0.987942
 0.467613  0.877603  0.105597 -0.657031
-0.727916  0.314546  0.609261   1.20883
       -0        -0         0         1
4	22	50
   0.915819    0.133084   -0.378898 0.000715016
  -0.169204    0.983532   -0.063521    0.252643
   0.364205    0.122285    0.923256   -0.965637
         -0           0           0           1
5	23	50
 0.292793  0.411133 -0.863274   1.72432
-0.163881  0.911058  0.378307 -0.543071
 0.942027  0.030708  0.334128  -1.08616
       -0         0         0         1
3	23	50
 -0.99565 -0.004722 -0.093053   2.55804
-0.077684  0.593476  0.801094 -0.917378
 0.051442  0.804838 -0.591261   1.53928
        0         0         0         1
6	23	50
-0.145593 -0.287369   0.94669  0.464761
 -0.01544  0.957429  0.288255 -0.598987
-0.989224  0.027351 -0.143832   2.96205
        0         0         0         1
5	24	50
   0.8391 -0.193679   0.50833  -1.22831
 0.109531  0.975486  0.190867  -0.88753
-0.532835 -0.104479  0.839744  0.695222
       -0        -0        -0         1
6	24	50
 0.701479 -0.202424  0.683339 -0.992292
 -0.08244  0.929333  0.359923   -0.6608
-0.707906 -0.308813  0.635219   1.89448
       -0        -0        -0         1
4	24	50
 0.996107 -0.047737  0.074107 -0.750523
 0.062019  0.976939 -0.204312 -0.367045
-0.062645  0.208112  0.976097 -0.175316
        0         0         0         1
5	25	50
-0.956744 -0.155269  0.246032   2.25643
 0.043995  0.758732  0.649915  -1.08324
-0.287585  0.632627 -0.719081   1.77367
        0         0         0         1
7	25	50
-0.767127  0.300623 -0.566694   2.89124
-0.178923  0.748069  0.639046   -0.2692
 0.616038  0.591624 -0.520075   1.09748
        0         0         0         1
3	25	50
-0.920839 0.200139 0.334663  1.65879
0.009357 -0.84665 0.532068  1.51872
 0.38983  0.49308 0.777756 -1.13768
       0        0        0        1
6	25	50
 0.998507  0.041878 -0.035084 -0.218026
-0.022182  0.897642  0.440167  -0.80499
 0.049926 -0.438732   0.89723  0.220688
        0         0         0         1
4	25	50
 0.927152   0.15035 -0.343198   0.30392
-0.169482  0.985183 -0.026262   0.05655
 0.334164  0.082515  0.938896 -0.998193
        0         0         0         1
7	26	50
 -0.50054 -0.335968  0.797863  0.851663
 -0.20159 -0.851057 -0.484834   4.76165
 0.841915  -0.40352   0.35826   0.27763
        0         0         0         1
4	26	50
-0.931041 -0.145547  0.334631   2.11618
   0.1829   0.60739  0.773063  -1.42291
-0.315769  0.780957 -0.538884   1.94792
        0         0         0         1
5	27	50
 0.791035  0.162867 -0.589693  0.368217
-0.103657  0.985656  0.133179 -0.131338
 0.602925 -0.044223  0.796572  -1.27064
        0         0         0         1
7	27	50
 0.998846 -0.006906  0.047526 -0.094518
 0.000508  0.991072  0.133328  0.265821
-0.048023  -0.13315  0.989932 -0.078452
       -0        -0        -0         1
5	28	50
 0.937069   0.08167 -0.339457  0.403083
-0.147761  0.973661  -0.17364 -0.271815
 0.316335  0.212871  0.924455 -0.498009
       -0         0         0         1
3	29	50
 0.757347 -0.361567  0.543778 -0.466792
 0.411821  0.910704  0.031979 -0.709914
-0.506783   0.19972   0.83862   1.36353
        0         0         0         1
4	29	50
-0.316286  0.858348  0.403983  0.388544
-0.512688 -0.512958  0.688495   2.08015
 0.798194  0.010644  0.602306  -0.33479
        0         0         0         1
0	23	50
 -0.07851 -0.277211  0.957596  0.339821
 0.212658  0.933795  0.287756 -0.720536
-0.973967  0.226232 -0.014361   3.19523
        0         0         0         1
5	31	50
 0.987736  0.141204  0.066622   0.01605
-0.147594  0.983623  0.103454  -0.20492
-0.050923 -0.112018  0.992401  0.026831
        0        -0         0         1
3	31	50
 0.982973 -0.036668  0.180054 -0.312807
 0.076213  0.972985 -0.217925 -0.036665
  -0.1672  0.227937  0.959213  0.362128
        0         0         0         1
6	31	50
 0.854336  -0.13298   0.50242 -0.166634
-0.042535  0.945578  0.322603 -0.546291
-0.517977 -0.296982  0.802185   1.64894
        0         0         0         1
4	31	50
 0.731028  0.239274  -0.63902  0.523497
-0.360227  0.930694 -0.063607  0.162504
 0.579512  0.276691  0.766556 -0.572528
        0         0         0         1
5	32	50
 0.880052  0.130954 -0.456465  0.392683
 -0.08104  0.988541  0.127357 -0.242123
 0.467912 -0.075088  0.880579  -1.27696
        0         0         0         1
7	32	50
 0.968853 -0.084069  0.232928 -0.340397
 0.059298  0.992006  0.111389  0.144386
-0.240431 -0.094107  0.966094  0.175998
        0         0         0         1
4	32	50
 0.959742 -0.082841  0.268391 -0.459782
 0.117864  0.986101 -0.117102 -0.188449
-0.254959  0.144022  0.956166 -0.097363
        0         0         0         1
6	32	50
 0.978043  0.111983 -0.175761 -0.396525
-0.043397  0.934316  0.353795 -0.592378
 0.203836 -0.338399   0.91866 -0.220073
        0         0         0         1
5	33	50
-0.619777  0.404056 -0.672767   2.85165
-0.143657  0.784371  0.603427 -0.502302
 0.771517  0.470638  -0.42809  0.754653
       -0         0        -0         1
4	33	50
 0.709818  0.366879 -0.601297   1.41853
-0.451713  0.892095   0.01107  0.419106
 0.540475  0.263756  0.798949 -0.486059
       -0         0         0         1
0	26	50
 0.957586    0.1465 -0.248125  0.257756
-0.102093  0.977745  0.183279 -0.022945
 0.269454 -0.150173  0.951232 -0.057275
        0         0         0         1
2	34	50
 0.945171 -0.317588  0.076094  0.301104
 0.269778  0.890605  0.366117 -0.266293
-0.184044 -0.325514  0.927453   1.30361
        0         0         0         1
5	35	50
-0.972576  0.161241 -0.167622   3.08816
-0.035926 -0.816189 -0.576667   3.36431
-0.229793 -0.554831  0.799599    1.3514
        0        -0         0         1
2	35	50
-0.929298  0.332006 -0.161797   2.70579
 0.125918  0.696642  0.706283 -0.891379
 0.347204  0.635974 -0.689193   2.35199
        0         0         0         1
1	36	50
 0.737258  0.580267  0.346035 -0.643914
 0.636235 -0.768609 -0.066673   2.03189
 0.227278  0.269315 -0.935849   3.17941
        0         0         0         1
2	36	50
 0.993754 -0.012027 -0.110946  0.883196
 0.029495   0.98713  0.157178 -0.725754
 0.107627 -0.159468  0.981319    1.0518
        0         0         0         1
2	37	50
 0.886375  0.456591 -0.076572 -0.581621
 -0.43098   0.87418  0.223751 -0.298993
 0.169101 -0.165326  0.971634  0.610453
        0         0         0         1
5	38	50
 0.892064  0.291573 -0.345264   0.59132
0.00391802  0.758993  0.651087  -1.11864
 0.451892 -0.582164  0.675928  0.115973
        0         0         0         1
4	39	50
-0.211463 -0.724957  0.655531  0.879369
 0.515413   0.48715  0.705006  -1.26032
-0.830441  0.486952  0.270638   2.00109
        0         0         0         1
4	40	50
-0.133944 -0.63133 0.763859  1.12275
0.400582 0.670531 0.624437  -1.1779
-0.906418 0.389628 0.163086  2.66923
       0        0        0        1
5	41	50
-0.985378  0.132875 -0.106647   3.07826
 0.013863  0.686389  0.727102 -0.581201
 0.169815  0.714993 -0.678195   0.86365
       -0         0        -0         1
3	41	50
-0.537979 -0.540727  0.646678   1.21507
 0.498991  0.414025  0.761309 -0.939122
-0.679401  0.732255  0.047081   1.71045
       -0        -0         0         1
4	41	50
-0.997426  0.041026 -0.058803   3.02107
 0.043687 -0.302571 -0.952125   3.19215
-0.056854 -0.952243       0.3   2.28407
        0        -0         0         1
0	31	50
 0.956934 -0.114221  0.266892  0.293334
 0.095785  0.992089  0.081147 -0.300049
-0.274049 -0.052088  0.960304   1.08902
        0         0         0         1
5	42	50
-0.858479  0.226827 -0.459961   3.00219
 -0.20221  0.674506  0.710037 -0.179927
 0.471302   0.70256 -0.533183 0.0276961
       -0         0        -0         1
4	42	50
 0.997925 -0.064324 -0.002912  0.229461
 0.063837  0.982422   0.17542 -0.345358
-0.008423 -0.175242  0.984489  0.448887
        0        -0         0         1
0	32	50
 0.909617  0.138208 -0.391785  0.888363
-0.051448  0.973257  0.223884 -0.148827
  0.41225 -0.183492  0.892402 -0.310662
        0         0         0         1
5	44	50
-0.673238 -0.306287 -0.673008   4.13332
 0.343431 -0.935571  0.082232   2.28085
-0.654833 -0.175769   0.73505   1.82321
       -0        -0        -0         1
2	44	50
 0.674219 -0.241523  0.697922 -0.891582
 0.287444  0.956315  0.053261 -0.633695
-0.680297  0.164704  0.714191   1.97633
        0         0         0         1
0	33	50
 0.890974 -0.449689 -0.062814   1.05701
 0.451774  0.891822  0.023505 -0.681918
 0.045449  -0.04932  0.997748  0.276776
        0         0         0         1
3	45	50
 0.946711  0.012072  0.321857  -1.67647
 0.151623  0.864939 -0.478425  0.263606
-0.284162  0.501732  0.817017  0.141609
        0         0         0         1
0	34	50
 0.495066 -0.685775    0.5335  0.784244
 0.463547  0.727808  0.505391 -0.604872
 -0.73487 -0.002899  0.678202   2.19672
        0         0         0         1
1	48	50
 0.732161  0.091864 -0.674908   1.30289
 -0.15197  0.987918 -0.030392  0.207525
 0.663962  0.124818  0.737275  0.258834
        0         0         0         1
2	48	50
 0.612606   0.11101 -0.782554   1.51671
-0.256444  0.964442  -0.06394  0.410994
 0.747629  0.239851  0.619291  0.195731
        0         0         0         1
3	49	50
 0.857784 -0.488611 -0.159582   1.33389
 0.283803   0.70906 -0.645515  0.637919
 0.428559  0.508422   0.74689 -0.274928
        0         0         0         1
2	49	50
 0.784474 -0.040816 -0.618817  0.963765
-0.037166  0.992944 -0.112608  0.148934
 0.619047  0.111336  0.777422  0.208386
        0         0         0         1
8	9	50
 0.953634 -0.151522  0.260046 -0.432275
 0.120593  0.984005  0.131116 -0.419625
-0.275753 -0.093676  0.956653  0.651095
       -0        -0        -0         1
13	14	50
 0.803625  0.266432 -0.532167  0.142649
-0.181403  0.961302  0.207344 -0.279264
 0.566816  -0.07009  0.820858 -0.326738
        0         0         0         1
11	12	50
 0.908027 -0.194959  0.370781 -0.352289
 0.210966   0.97749 -0.002678 -0.333107
-0.361913  0.080654  0.928716  0.491057
        0         0         0         1
12	13	50
 0.957608 -0.156928  0.241578 -0.404347
 0.149657  0.987559  0.048277 -0.235527
-0.246149 -0.010077   0.96918  0.233658
        0         0         0         1
10	11	50
 0.798033 -0.346668  0.492914  0.324356
  0.35692  0.930965  0.076894 -0.505137
-0.485542  0.114567  0.866674  0.724174
        0         0         0         1
9	10	50
 0.910571 -0.249714  0.329399 -0.286787
 0.225936  0.967995  0.109262 -0.477025
-0.346141 -0.025067  0.937848  0.580257
       -0        -0        -0         1
8	10	50
 0.751661 -0.332784  0.569438 -0.600768
 0.242493  0.942344   0.23062 -0.695063
-0.613353 -0.035263  0.789021   1.29533
       -0        -0        -0         1
11	13	50
 0.900812 -0.198253  0.386307 -0.611742
 0.208654   0.97787  0.015291 -0.346418
 -0.38079   0.06683  0.922244  0.403797
        0         0         0         1
10	12	50
 0.449561 -0.467846  0.760931  0.431769
  0.47758  0.845779  0.237857 -0.911243
-0.754859  0.256474  0.603663   1.34458
        0         0         0         1
9	11	50
  0.87484 -0.294587  0.384543 -0.547639
 0.248854  0.954386  0.164981 -0.635303
-0.415603 -0.048637  0.908245  0.882144
        0         0         0         1
8	11	50
 0.177611 -0.602456   0.77814  0.311971
 0.396634  0.767468  0.503661  -1.04234
-0.900631  0.219181  0.375265   1.88905
       -0        -0         0         1
10	13	50
 0.186077 -0.484361   0.85485  0.381851
 0.542913  0.775845  0.321419  -1.20947
-0.818914  0.404301  0.407333   1.70825
        0         0         0         1
9	12	50
 0.258545 -0.502968  0.824729  0.453901
  0.47104   0.81102   0.34694 -0.952269
-0.843372   0.29878  0.446603   1.42408
       -0        -0         0         1
14	16	50
-0.042605  0.497987 -0.866137   2.23007
-0.518076  0.730251  0.445343  0.352683
 0.854273  0.467699  0.226883 -0.598697
        0         0         0         1
13	16	50
-0.499305  0.429132 -0.752689   2.28455
-0.375416   0.67579  0.634327 -0.470546
 0.780869  0.599294 -0.176322  0.609687
       -0         0        -0         1
8	12	50
 0.944535 -0.142979  0.295652 -0.207072
 0.110566  0.986144  0.123675  -0.30895
-0.309238 -0.084126  0.947256  0.339634
       -0        -0        -0         1
12	16	50
 0.980167  0.039685  -0.19416    0.5123
-0.042605  0.999033 -0.010885 -0.282089
  0.19354  0.018942  0.980909  0.169086
        0         0         0         1
10	14	50
 0.735313 -0.389067  0.554925 -0.465969
 0.357306  0.918313   0.17039  -1.21257
-0.575888  0.072989  0.814264    1.6492
        0         0         0         1
9	13	50
-0.211356 -0.460452  0.862156  0.744365
 0.484259  0.716877  0.501578  -1.31956
-0.849012  0.523519  0.071461   2.09398
        0         0         0         1
8	13	50
-0.527177 -0.421615  0.737785   1.25212
 0.331595   0.69733  0.635434  -1.29156
-0.782387  0.579631  -0.22781   2.48307
        0         0         0         1
11	16	50
 0.564077 -0.371625  0.737368  0.643002
   0.4238  0.896705  0.127727 -0.794206
-0.708668  0.240449  0.663306   1.00723
       -0        -0         0         1
13	17	50
 0.201579  0.456208 -0.866741   2.26289
-0.502402  0.807789  0.308334  0.477301
 0.840808  0.373299  0.392033 -0.336769
       -0         0         0         1
9	14	50
 0.380626 -0.488551  0.785138  0.407337
 0.461385  0.836147  0.296617  -1.41868
-0.801404  0.249351   0.54367   2.13405
       -0        -0         0         1
11	17	50
 0.519015   0.35183 -0.778999    1.8586
-0.461992  0.882239  0.090652  0.708363
 0.719157  0.312842  0.620438 -0.753546
        0         0         0         1
13	18	50
-0.664234  0.281002 -0.692699   3.32679
-0.338339  0.713293  0.613791 -0.266105
 0.666574  0.642068  -0.37872   1.13902
        0         0         0         1
12	18	50
 0.999745 -0.003691  0.022285 -0.466378
 0.005607  0.996233 -0.086531  0.295467
-0.021881  0.086634     0.996   0.01558
        0         0         0         1
10	16	50
 0.632169 -0.392953  0.667795   1.32785
 0.429159  0.895158  0.120478 -0.665451
-0.645125  0.210428   0.73453  0.766802
        0         0         0         1
11	18	50
 0.997304 -0.039224  0.062026  0.009734
 0.045055    0.9944 -0.095601  0.156749
-0.057929  0.098138  0.993485  0.015202
        0         0         0         1
8	16	50
 0.996277  0.070686  -0.04935  0.820927
-0.063062  0.987874  0.141871 -0.426293
 0.058779 -0.138231  0.988654   0.25289
        0         0         0         1
10	17	50
 0.980335 -0.068063   0.18523  0.107611
 0.088185  0.990801 -0.102647  0.178247
 -0.17654  0.116963   0.97732  0.085546
        0         0         0         1
9	16	50
 0.830014  0.254315 -0.496388   1.52143
-0.250427  0.965168  0.075745 -0.177094
 0.498361   0.06144   0.86479 -0.148088
       -0         0         0         1
12	19	50
-0.007185   0.49206 -0.870532   2.36776
 -0.46764  0.767841  0.437874  0.312328
  0.88389  0.410242  0.224589 -0.203219
        0         0         0         1
13	19	50
-0.220671  0.516671 -0.827257     2.769
-0.468753   0.68761  0.554493  0.249183
 0.855322   0.51014  0.090455 0.0135101
       -0         0         0         1
8	17	50
 0.869054  0.248567 -0.427738  0.487723
-0.211555  0.968292  0.132869  0.299102
 0.447202 -0.024981  0.894084 -0.617373
        0         0         0         1
11	19	50
  0.42973  0.435882 -0.790784   1.76567
-0.471656  0.855156  0.215055  0.448533
 0.769982  0.280562  0.573073 -0.422992
       -0         0         0         1
10	18	50
 0.641601 -0.323396  0.695531  0.269855
 0.399313  0.915035  0.057107 -0.504026
-0.654903  0.241095  0.716223   1.20401
        0         0         0         1
9	17	50
 0.741636  0.330314  -0.58384   1.09372
-0.343726  0.934543  0.092102  0.588445
 0.576046  0.132374  0.806628 -0.847281
        0         0         0         1
8	18	50
 0.999157  0.041026 -0.001313   0.05994
-0.040827  0.996614  0.071371  0.113103
 0.004237 -0.071257  0.997449 -0.078026
        0         0         0         1
11	20	50
 0.741257  0.402199 -0.537376   1.08709
-0.390073   0.90965  0.142759  0.473828
 0.546242  0.103795  0.831172 -0.408707
        0         0         0         1
13	20	50
  0.91133  0.246465 -0.329748  0.699498
-0.213453  0.967797  0.133441  0.242574
 0.352017 -0.051223  0.934591  0.071396
        0         0         0         1
12	20	50
 0.379445   0.45608 -0.804992   1.87018
-0.536443  0.817337  0.210214  0.751776
 0.753824  0.352068  0.554795 -0.584196
        0         0         0         1
10	19	50
 0.944093  0.121204 -0.306591  0.919732
-0.134789  0.990597 -0.023447  0.327373
 0.300866  0.063461  0.951553 -0.277926
        0         0         0         1
9	18	50
 0.922465  0.195669 -0.332825  0.663812
-0.200592  0.979473  0.019871   0.41237
 0.329881  0.048432  0.942779 -0.503936
        0         0         0         1
8	19	50
 0.953325 -0.185493  0.238251 -0.200097
 0.160196   0.97956   0.12165 -0.224641
-0.255946 -0.077806  0.963555  0.421449
       -0        -0        -0         1
8	20	50
 0.839023 -0.292251  0.458944 -0.599406
 0.203269  0.950788  0.233844  -0.37937
  -0.5047 -0.102912  0.857139  0.980671
       -0        -0        -0         1
10	20	50
 0.998863  0.044159 -0.017991   0.32243
-0.043704  0.998733  0.024959  0.261611
  0.01907 -0.024144  0.999527 -0.046678
        0         0         0         1
9	19	50
 0.999351 -0.034181 -0.011409  0.254822
  0.03415  0.999413 -0.002884  0.145524
   0.0115  0.002492  0.999931 -0.136989
       -0         0         0         1
13	21	50
 0.402934  0.470399 -0.785092   1.83309
-0.463983  0.844395    0.2678  0.572199
 0.788901  0.256363  0.558492 -0.457668
       -0         0         0         1
12	21	50
 0.554347  0.430929 -0.712039   1.76553
-0.412658   0.88527    0.2145  0.314181
 0.722781  0.174921  0.668573 -0.186304
        0         0         0         1
11	21	50
 0.924763  0.169797 -0.340561  0.435194
-0.186415  0.982334 -0.016421  0.443074
 0.331756  0.078671  0.940079 -0.426685
       -0         0         0         1
14	21	50
 0.847709  0.224774 -0.480485  0.919137
-0.265875  0.963836 -0.018187   1.44558
 0.459021  0.143167  0.876814  -1.53147
       -0         0         0         1
8	21	50
 0.590639 -0.393935  0.704245  -0.43632
 0.347224  0.911883  0.218871 -0.587555
 -0.72841  0.115257  0.675378   1.33571
       -0        -0         0         1
10	21	50
 0.952637 -0.154592  0.261886   0.05966
 0.168639  0.985162 -0.031896  0.060157
-0.253069   0.07455  0.964572  0.289802
        0         0         0         1
9	20	50
 0.947663  -0.16253  0.274807 -0.204798
 0.132077  0.983195  0.126032 -0.100201
-0.290672  -0.08314  0.953204  0.389621
        0         0         0         1
9	21	50
 0.842292 -0.289103  0.454933 -0.503109
 0.273815  0.956478  0.100869 -0.298791
-0.464295  0.039606  0.884795  0.684009
       -0        -0         0         1
8	22	50
 0.624493 -0.328403  0.708633 -0.937936
 0.330593  0.933163  0.141118 -0.555111
-0.707613  0.146142  0.691322   1.19619
       -0        -0         0         1
11	22	50
 0.982084   0.09174 -0.164605  0.078958
-0.108178  0.989694  -0.09383  0.223609
   0.1543  0.109955  0.981887 -0.166662
       -0         0         0         1
12	22	50
  0.79367  0.237798 -0.559947  0.766876
-0.289898  0.957047 -0.004464  0.597148
 0.534834   0.16587  0.828517 -0.695781
        0         0         0         1
10	22	50
 0.964421 -0.123518  0.233741   0.06189
 0.147712  0.985023 -0.088938  0.304911
-0.219255  0.120301  0.968223 -0.245307
        0         0         0         1
14	22	50
 0.927087  0.161251 -0.338389   1.12616
-0.187617  0.981142 -0.046476  0.597755
 0.324513  0.106575  0.939858 -0.548319
       -0         0         0         1
9	22	50
 0.641987 -0.318186  0.697575  -1.28737
 0.352903  0.930346  0.099579 -0.751008
 -0.68067  0.182248  0.709559    1.5623
       -0        -0         0         1
12	23	50
 0.914394  0.247036 -0.320713 -0.186087
-0.229127  0.968937  0.093074  0.116771
 0.333743 -0.011622  0.942593 -0.191932
        0         0         0         1
14	23	50
-0.167489  0.364253 -0.916115   3.07779
-0.536699   0.74579  0.394653  0.583922
 0.826983  0.557778  0.070583 -0.517664
        0         0         0         1
11	24	50
 0.818914 -0.206629  0.535429 -0.604266
 0.319592  0.939088 -0.126395 -0.628465
-0.476698  0.274626  0.835069  0.837157
        0         0         0         1
12	24	50
 0.794541  -0.19285  0.575771 -0.687362
 0.287494  0.954685 -0.076966 -0.738568
-0.534837  0.226684   0.81398   1.39404
        0         0         0         1
10	24	50
 0.228172 -0.407685  0.884155  0.596854
 0.390264  0.870262  0.300565  -1.28214
-0.891982  0.276473  0.357674   2.37762
        0         0         0         1
9	24	50
-0.997144  0.023364 -0.071826   3.25432
-0.034777  0.702123  0.711206 -0.988829
 0.067047  0.711672 -0.699305   1.73203
        0         0         0         1
8	25	50
-0.999494 -0.030677 -0.008399   3.10501
-0.027164  0.685961  0.727131 -0.890637
-0.016545  0.726992 -0.686447   1.80265
        0         0         0         1
13	25	50
 0.938321 -0.215843  0.270121  -0.15964
 0.210791  0.976355  0.047939 -0.619109
-0.274081  0.011957  0.961632   0.82661
        0         0         0         1
11	25	50
 0.944932 -0.155999  0.287695 -0.422531
 0.172088  0.984583 -0.031346 -0.347822
-0.278369  0.079129  0.957209  0.334542
        0         0         0         1
12	25	50
 0.985971  0.094984 -0.137259  0.843634
-0.097859  0.995097 -0.014337  0.179735
 0.135225  0.027568  0.990431 -0.377671
        0         0         0         1
11	26	50
-0.706635   0.24741 -0.662915   3.57134
-0.385033  0.651576  0.653605 -0.144701
 0.593647  0.717104 -0.365165  0.430358
        0         0         0         1
12	26	50
 0.683152 -0.241781  0.689091 -0.042911
 0.348312  0.937234 -0.016463 -0.475702
-0.641859  0.251265  0.724488   1.18919
        0         0         0         1
0	47	50
 0.416384  0.021225 -0.908941   2.47428
-0.103885  0.994291 -0.024371  0.463967
 0.903235  0.104573  0.416211 -0.491269
        0         0         0         1
9	27	50
 0.806249  0.148871 -0.572539   1.28302
-0.268743  0.954359 -0.130292  0.730405
 0.527011  0.258913  0.809459 -0.931263
        0         0         0         1
8	28	50
-0.770767 -0.506101  0.387014   3.11955
-0.604078  0.387444 -0.696403   2.44628
 0.202504 -0.770551 -0.604353   3.48708
        0         0         0         1
14	28	50
-0.790276 -0.510565 -0.338804    3.6404
 0.570913 -0.412714 -0.709736   2.25117
 0.222537 -0.754315  0.617646   1.73891
        0         0         0         1
14	30	50
 0.884226  0.363891 -0.292792 -0.245882
-0.463845  0.757591 -0.459243   1.79931
 0.054702  0.541884  0.838671 -0.392743
        0         0         0         1
0	49	50
 0.991078 -0.039803 -0.127202  0.709221
 0.051932  0.994263  0.093505 -0.524029
 0.122751 -0.099276   0.98746    1.0806
        0         0         0         1
8	31	50
 0.929463 -0.169164  0.327844  0.283421
 0.204076  0.976084 -0.074924 -0.411813
-0.307329  0.136545  0.941756  0.828438
        0         0         0         1
12	31	50
 0.907888 -0.111009  0.404248 -0.105607
 0.150621  0.986289 -0.067435 -0.330233
-0.391219  0.122112   0.91216   1.08048
        0         0         0         1
8	32	50
 0.992414  0.023548 -0.120668  0.225413
-0.029374  0.998475 -0.046734  0.102446
 0.119383  0.049924  0.991592 -0.436768
        0         0         0         1
11	32	50
  0.30667  0.314872 -0.898225   2.22546
-0.516491  0.847724   0.12083  0.349091
 0.799494  0.426871  0.422601 -0.301859
        0         0         0         1
9	32	50
 0.889696   0.30459 -0.340096  0.694237
-0.319822  0.947404  0.011837  0.645329
 0.325814  0.098239  0.940316  -0.64188
        0         0         0         1
13	33	50
-0.137212  0.553625 -0.821385   2.32586
-0.478252  0.689145  0.544385  0.430248
 0.867438  0.467525  0.170213 -0.089761
        0         0         0         1
14	33	50
 0.325902  0.513984 -0.793479   2.23265
  -0.5741  0.774426  0.265845   0.89991
 0.751131  0.368897  0.547465 -0.468751
        0         0         0         1
10	33	50
0.912515 0.173124  -0.3706 0.817315
-0.16449 0.984842 0.055047 0.131919
0.374512 0.010729  0.92716 0.116238
       0        0        0        1
9	33	50
 0.951178  0.157264 -0.265571 -0.387456
-0.151874  0.987555   0.04085  0.009858
 0.268691  0.001478  0.963225  0.428847
        0         0         0         1
13	34	50
 0.271215  0.484009 -0.831972    1.1555
-0.479296  0.817494   0.31934  0.645866
 0.834696  0.312151    0.4537 -0.110981
        0         0         0         1
11	34	50
 0.542685  0.535624 -0.646993  0.693995
-0.457499  0.834493  0.307108  0.468477
 0.704406  0.129336  0.697914  -0.05897
        0         0         0         1
9	34	50
 0.883936 -0.328039  0.333239 -0.251541
 0.266637  0.939027  0.217103   -0.5833
-0.384139 -0.103051  0.917506   1.65409
        0         0         0         1
8	36	50
-0.332774 -0.771038 -0.542919   3.94221
-0.249894  0.627252 -0.737637   1.56827
 0.909293 -0.109794 -0.401411   1.60162
        0         0        -0         1
9	36	50
 0.945065  0.221431  0.240459 -0.356201
-0.268719  0.107427  0.957209 -0.485331
 0.186124 -0.969241  0.161028   3.18807
        0         0         0         1
10	37	50
-0.999173 -0.005485 -0.040294    3.1073
-0.014486 -0.877855  0.478708   1.70132
-0.037998  0.478896  0.877049 -0.421935
        0         0         0         1
8	38	50
 0.994971 -0.072596  0.069017  0.376684
 0.052891  0.965891  0.253489 -0.638871
-0.085065 -0.248564  0.964873  0.289352
       -0        -0        -0         1
10	38	50
 0.804205 -0.399485  0.440076   1.09139
 0.308378  0.913423  0.265635 -0.806285
-0.508093 -0.077915  0.857771  0.751588
        0         0         0         1
12	38	50
 0.876957  0.320607 -0.357992  0.431755
-0.236677  0.936461   0.25889 -0.408428
 0.418247 -0.142307  0.897116   0.17257
        0         0         0         1
10	40	50
 0.181349  0.613126 -0.768888   1.61004
-0.503913  0.729344  0.462741    1.0474
 0.844502  0.303535  0.441228   -1.0174
        0         0         0         1
11	41	50
-0.931376  0.237286 -0.276105   3.27248
-0.170243  0.386503  0.906439 -0.514406
 0.321801  0.891241 -0.319584   1.31648
        0         0         0         1
12	41	50
-0.990128 -0.098916  0.099312   2.66106
  0.05242  0.395795  0.916842 -0.520752
-0.129998  0.912996 -0.386702   1.66367
        0         0         0         1
9	41	50
 0.976966  0.066543 -0.202754 -0.230472
-0.051086  0.995441  0.080542  0.107257
 0.207189 -0.068329  0.975912  0.186089
        0         0         0         1
13	42	50
 0.846724  0.358992  -0.39266  0.347224
-0.290439  0.930258  0.224198  0.711468
 0.445761  -0.07579  0.891938 -0.394816
        0         0         0         1
14	42	50
 0.806565   0.35817 -0.470285  0.858689
-0.337649  0.932136   0.13083  0.930203
 0.485229  0.053268  0.872763 -0.528067
        0         0         0         1
11	42	50
 0.963665  0.181239 -0.196217  0.185026
-0.167318   0.98219  0.085484  0.426585
 0.208216 -0.049547  0.976827 -0.090274
        0         0         0         1
12	42	50
 0.710401  0.422366 -0.562972  0.293815
-0.402384  0.900022  0.167475  0.885922
 0.577423  0.107556   0.80933 -0.577871
        0         0         0         1
9	42	50
 0.877596 -0.268673  0.397039 -0.157673
 0.210465  0.960043  0.184451 -0.329362
-0.430731 -0.078311  0.899076   1.21874
        0         0         0         1
10	42	50
 0.910302  0.282582 -0.302485  0.972317
-0.266841  0.959235  0.093083  0.681112
 0.316458 -0.004018  0.948598 -0.350341
        0         0         0         1
13	43	50
 0.808485  0.336893 -0.482551  0.472208
-0.215098   0.93237   0.29055  0.103631
   0.5478 -0.131109  0.826272 -0.296266
        0         0         0         1
10	43	50
 0.778445 -0.294608  0.554282  0.234646
 0.344522  0.938657  0.015055 -0.483975
-0.524716  0.179243  0.832193  0.926206
        0         0         0         1
14	44	50
 0.941827  0.331129  0.057576  -1.12563
-0.168418  0.613221 -0.771748   2.34444
-0.290856  0.717157  0.633316 -0.054618
        0         0         0         1
15	22	50
 0.795069 -0.224278  0.563529 -0.122079
 0.353769  0.926182 -0.130514  0.490033
-0.492659  0.303127  0.815721  0.099112
        0         0         0         1
11	45	50
 0.359605 -0.029854  0.932627 -0.284838
  0.45245  0.879708 -0.146297 -0.894752
-0.816072  0.474576  0.329855    2.0917
        0         0         0         1
8	48	50
-0.700921 -0.522811  0.485158   1.32295
-0.709471  0.441237 -0.549511   2.26232
 0.073221 -0.729369 -0.680191   4.14553
        0         0         0         1
10	48	50
 0.01264 0.995376 0.095216 0.571038
-0.118904 0.096044 -0.98825  3.04982
-0.992825  0.00117 0.119569  2.55502
       0        0        0        1
9	48	50
-0.318279  0.836707  0.445667  0.274022
-0.145352  0.421484 -0.895111   2.49774
-0.936788 -0.349674 -0.012532   3.00145
        0         0         0         1
8	49	50
-0.895879 -0.323334  0.304723   1.68987
-0.440559  0.557678 -0.703494   2.06061
 0.057526 -0.764493  -0.64206   3.90223
        0         0         0         1
16	17	50
 0.922051  0.158663 -0.353055 -0.226128
-0.184147  0.982102 -0.039566  0.881604
 0.340458  0.101496  0.934766 -0.953214
        0         0         0         1
17	18	50
  0.89812 -0.203621  0.389767 -0.203601
 0.201853  0.978336  0.045979 -0.381408
-0.390686  0.037381  0.919765  0.806808
        0         0         0         1
18	19	50
 0.949655 -0.161926  0.268209 -0.374812
 0.137848  0.984719  0.106423 -0.318759
-0.281343 -0.064093  0.957465  0.625598
       -0        -0        -0         1
22	23	50
 0.900781 -0.162875  0.402574  -0.24051
 0.191607  0.980955 -0.031854 -0.586343
-0.389718   0.10583  0.914833  0.978267
        0         0         0         1
19	20	50
 0.950091 -0.161708  0.266791  -0.45975
 0.137942  0.984788  0.105664 -0.258638
-0.279819 -0.063589  0.957945  0.469369
        0         0         0         1
21	22	50
 0.946063 -0.118297  0.301613 -0.444258
 0.136796  0.989755  -0.04089 -0.347139
-0.293686  0.079944  0.952553  0.558744
        0         0         0         1
20	21	50
 0.954318 -0.142179  0.262797 -0.468346
  0.16575  0.983702 -0.069696 -0.163988
-0.248605  0.110071  0.962331  0.298007
        0         0         0         1
22	24	50
 0.664095 -0.261878  0.700284 -0.050338
 0.307651  0.949393  0.063282 -0.935608
-0.681416  0.173417  0.711054    1.5847
        0         0         0         1
18	20	50
 0.793753 -0.359747  0.490447 -0.547948
 0.328866  0.932147  0.151492 -0.532564
-0.511667  0.041044  0.858203  0.967748
       -0        -0         0         1
16	18	50
  0.99715  0.067608  0.033484 -0.914781
-0.068983  0.996743  0.041772  0.534979
-0.030551 -0.043962  0.998566 -0.070443
        0         0         0         1
17	19	50
 0.704307 -0.379044  0.600231 -0.200976
 0.352309   0.92068   0.16801 -0.748451
-0.616303  0.093136  0.781982   1.43255
       -0        -0         0         1
21	23	50
 0.986528  0.136601 -0.090012 -0.488925
-0.153347   0.96383 -0.217981  0.400465
  0.05698  0.228847  0.971793 -0.342492
        0         0         0         1
19	21	50
 0.804162 -0.307714  0.508563 -0.673363
 0.313532  0.946459  0.076899 -0.512187
-0.504996  0.097612  0.857584  0.853118
       -0        -0         0         1
20	22	50
  0.83074 -0.265485  0.489274 -0.574824
   0.3233  0.945618  -0.03583  -0.62931
-0.453154  0.187947  0.871394   0.77412
        0         0         0         1
22	25	50
 0.988747  0.059834 -0.137113 -0.258567
-0.059306  0.998208  0.007941  0.092254
 0.137342   0.00028  0.990524 -0.602616
        0         0         0         1
18	21	50
 0.472562 -0.457491  0.753251  -0.60102
  0.38215  0.876545  0.292627 -0.944189
-0.794133  0.149571  0.589052     1.878
       -0        -0         0         1
15	27	50
-0.537688 -0.681863  0.495938   2.13699
-0.185149 -0.478356 -0.858426   3.83048
 0.822564 -0.553388   0.13096 -0.024192
        0         0         0         1
16	19	50
  0.93618 -0.187421  0.297388  -1.17436
 0.193529  0.981053  0.009053  0.196879
 -0.29345  0.049078  0.954714  0.264036
       -0        -0         0         1
17	20	50
 0.382924 -0.523023  0.761457  -0.08995
 0.400341  0.836813  0.373458  -1.05979
-0.832524  0.161837  0.529823   2.17314
       -0        -0         0         1
21	24	50
 0.398883 -0.314736  0.861298  0.204667
 0.443621   0.88826   0.11914  -1.36227
-0.802554  0.334566  0.493935   1.98239
        0         0         0         1
20	23	50
 0.954932 -0.100124  0.279429 -0.489107
 0.106107  0.994335 -0.006326 -0.500676
-0.277212   0.03569  0.960146  0.646195
        0         0         0         1
18	22	50
 0.207573 -0.460786  0.862896 -0.283102
 0.489748  0.812548  0.316089  -1.33091
-0.846794   0.35699  0.394332   2.19833
       -0        -0         0         1
21	25	50
-0.937514  -0.14983  0.314036   2.43333
 0.201514  0.501962  0.841086  -1.24871
-0.283654  0.851813 -0.440404   1.45456
        0         0         0         1
16	20	50
 0.748882 -0.358547  0.557333  -1.22751
 0.314827  0.932521  0.176886 -0.098978
-0.583146  0.042997  0.811228  0.846023
        0         0         0         1
17	21	50
 0.147553 -0.509387  0.847793  0.122335
 0.419475  0.808494  0.412768  -1.19523
-0.895694  0.294723  0.332971   2.48703
       -0        -0         0         1
22	27	50
 0.994137 -0.034282  0.102547 -0.583898
 0.041594  0.996677 -0.070034 -0.066341
-0.099806  0.073888   0.99226  0.276279
        0         0         0         1
18	23	50
-0.540092 -0.325315   0.77619   1.25669
 0.321953  0.772258  0.547689  -1.55649
-0.777591  0.545699 -0.312354   3.11012
        0         0         0         1
21	26	50
   0.7456    0.2537 -0.616212  0.725052
-0.347461  0.937055 -0.034625  0.510438
  0.56864  0.239926  0.786819 -0.948807
        0         0         0         1
20	25	50
-0.894596 -0.166663  0.414634   2.41794
 0.272561  0.531786  0.801819  -1.41282
 -0.35413  0.830317 -0.430308   1.66099
        0         0         0         1
16	21	50
 0.532575 -0.409952  0.740475  -1.38998
 0.423358  0.886589  0.186353 -0.363036
-0.732893  0.214239  0.645732   1.32609
       -0        -0         0         1
17	22	50
  0.27376 -0.428835  0.860904 -0.156921
 0.384162  0.869351  0.310882  -1.06747
-0.881745  0.245619  0.402736   2.19014
       -0        -0         0         1
19	24	50
-0.468939 -0.313216  0.825828   1.42589
 0.415048  0.747193  0.519073  -1.69814
-0.779635  0.586172 -0.220388   2.67981
        0         0         0         1
18	24	50
-0.516668 -0.279171  0.809393  0.904999
 0.355481  0.790069  0.499423  -1.62701
-0.778901   0.54576 -0.308964   3.02925
        0         0         0         1
15	28	50
 0.732172  -0.18633 -0.655137  0.602105
 -0.25201  0.819487 -0.514716   1.14463
 0.632783  0.541962  0.553049 -0.941037
       -0         0         0         1
21	27	50
 0.352917  0.323728 -0.877867   2.29058
-0.468781  0.873163  0.133536  0.359479
  0.80975    0.3644  0.459911 -0.545493
        0         0         0         1
20	26	50
 0.998717  0.005661 -0.050322 -0.220328
-0.013234  0.988375 -0.151461 -0.011854
 0.048879  0.151933  0.987182 -0.210613
        0         0         0         1
19	25	50
 0.832416 -0.217045  0.509877 -0.668221
 0.251598  0.967831  0.001233 -0.492606
-0.493742  0.127258  0.860247  0.481897
        0         0         0         1
17	23	50
 -0.58944 -0.383019  0.711236   1.92246
 0.299406  0.714154  0.632725  -1.46846
-0.750277  0.585902 -0.306273   2.91988
        0         0         0         1
18	25	50
 0.845769   0.24183 -0.475598  0.864731
-0.230198  0.969544  0.083622  0.067808
 0.481335  0.038757  0.875679 -0.724372
        0         0         0         1
16	22	50
   0.859856    0.151429   -0.487562 -0.00409903
   -0.17698    0.984193   -0.006445    0.630791
    0.47888     0.09183    0.873064   -0.810479
         -0           0           0           1
15	29	50
 0.236163 -0.892518 -0.384237    2.0672
 0.858884  0.376669 -0.347044  0.015261
 0.454473 -0.248055  0.855525 -0.022146
        0         0         0         1
20	27	50
 0.563202  0.287801  -0.77458    1.7948
-0.466316  0.884557 -0.010397  0.572753
 0.682168  0.367054  0.632391 -0.719127
        0         0         0         1
19	26	50
 0.982785  0.085758 -0.163643 -0.123736
-0.103029  0.989625 -0.100139  0.167992
 0.153357  0.115275  0.981424 -0.451112
        0         0         0         1
17	24	50
 0.601862  -0.25364  0.757251 -0.320748
 0.330132   0.94243  0.053277 -0.905093
-0.727169  0.217927  0.650948   1.47916
        0         0         0         1
16	23	50
-0.158221 -0.378719  0.911887 -0.301683
 0.461515  0.788068  0.407372  -1.12188
-0.872909  0.485304  0.050095   2.39228
        0         0         0         1
17	25	50
-0.799939  0.259102 -0.541261   3.13453
-0.270986  0.648798  0.711075 -0.597467
  0.53541  0.715491 -0.448785  0.728473
        0         0         0         1
15	30	50
 0.866763 -0.026551  0.498013  0.072493
  0.18617  0.943623  -0.27371  0.306431
-0.462669  0.329957   0.82284  0.860977
        0         0         0         1
16	25	50
  0.51814  0.420177 -0.744972   1.00346
-0.368904  0.895615  0.248564  0.489186
 0.771648  0.146032  0.619058 -0.955346
        0         0         0         1
17	27	50
 0.994876 -0.061814  0.080007  -0.14283
 0.063414  0.997832 -0.017604 -0.281446
-0.078746  0.022587  0.996639  0.273436
        0         0         0         1
15	31	50
 0.940527  0.007844 -0.339628 -0.162674
-0.103122  0.959153 -0.263421  0.806809
 0.323689  0.282778  0.902919   -0.6558
        0         0         0         1
21	31	50
 0.816118  0.072612 -0.573306   1.41487
-0.225408  0.953492  -0.20011 -0.132615
 0.532112  0.292541  0.794529  0.158259
        0         0         0         1
22	31	50
  -0.7228 -0.322567 -0.611155   3.53464
 0.682518 -0.194617 -0.704481   1.62636
 0.108301 -0.926323  0.360827   2.93382
        0         0         0         1
20	31	50
  0.94906  0.291863 -0.118743  0.135277
-0.311117  0.927679 -0.206439 -0.037455
 0.049903  0.232866  0.971227   0.43746
        0         0         0         1
16	27	50
 0.960908   0.17443 -0.215013 -0.734791
-0.151665  0.981327  0.118303  0.619216
 0.231634 -0.081068  0.969419 -0.392469
        0         0         0         1
18	31	50
 0.923708 -0.083029  0.373993  0.291544
 0.134351  0.984438 -0.113276 -0.346535
-0.358767   0.15488  0.920488   0.84615
        0         0         0         1
22	32	50
 0.998947 -0.035549  0.028997  0.196971
   0.0367  0.998518 -0.040195 -0.143445
-0.027525  0.041217  0.998771  0.078731
        0         0         0         1
21	32	50
 0.808648  -0.21409  0.547953 -0.051508
 0.278705  0.959689 -0.036344 -0.684246
-0.518084  0.182107  0.835719    1.1015
        0         0         0         1
20	32	50
 0.809982  0.269089 -0.521077  0.838608
-0.318099  0.948045 -0.004885   0.24145
  0.49269  0.169711  0.853496 -0.636396
        0         0         0         1
19	31	50
 0.994621 -0.000766  0.103582  0.191808
 0.020651  0.981365 -0.191038 -0.152222
-0.101505   0.19215  0.976102  0.665892
        0         0         0         1
18	32	50
  0.98458  0.078187 -0.156488  0.082891
-0.091392  0.992673 -0.079038  0.125664
 0.149162  0.092121  0.984512 -0.367484
        0         0         0         1
17	30	50
-0.674991  0.678458 -0.289969   1.44115
  0.72358  0.531838 -0.439978  0.209885
 -0.14429 -0.506797 -0.849904   3.76262
        0         0         0         1
19	32	50
  0.78527   0.26729 -0.558486   1.11175
 -0.30431  0.952167  0.027824  0.240633
 0.539209  0.148104  0.829047 -0.703606
        0         0         0         1
21	33	50
 0.773514  0.340333 -0.534649  0.780266
-0.340355  0.934687  0.102565  0.185297
 0.534635  0.102635  0.838827 -0.026292
        0         0         0         1
20	33	50
 0.936201  0.194066 -0.293028  0.583942
-0.187073  0.980969  0.051992 -0.050357
 0.297541  0.006142  0.954689  0.263493
        0         0         0         1
22	33	50
 0.053029  0.502453 -0.862977   1.73191
-0.442586  0.786503  0.430732  0.046021
 0.895156  0.359101  0.264086  0.338448
        0         0         0         1
17	31	50
 0.401311 -0.249738  0.881238  0.557741
 0.396934  0.914493  0.078401 -0.714617
-0.825465   0.31833  0.466126   1.48634
        0         0         0         1
19	33	50
 0.999467  0.019897 -0.025867  0.092306
-0.020757  0.999227 -0.033387 -0.109522
 0.025183  0.033906  0.999108  0.376941
        0         0         0         1
17	32	50
 0.934181 -0.161555  0.318127 -0.341868
 0.187169   0.98098 -0.051447 -0.481439
-0.303764  0.107605  0.946651  0.744855
        0         0         0         1
22	34	50
 0.949087  0.133539 -0.285308  0.030924
-0.078394  0.977333  0.196661 -0.056954
 0.305103 -0.164282  0.938042  0.341256
        0         0         0         1
21	34	50
 0.998689 -0.017799 -0.048002 -0.210535
 0.018932  0.999551  0.023246 -0.129907
 0.047567 -0.024124  0.998577  0.806408
        0         0         0         1
16	31	50
 0.950721 -0.173393  0.257028  0.234377
 0.245424  0.927452 -0.282133  0.489627
-0.189462  0.331311  0.924304 -0.248932
        0         0         0         1
17	33	50
 0.992405 -0.000788 -0.123014  0.040197
 0.020269  0.987359  0.157198 -0.228605
 0.121335 -0.158497  0.979876  0.450971
        0         0         0         1
15	35	50
 0.871072 -0.383247  0.307175  0.419813
 0.429244  0.897979 -0.096865   -0.2232
-0.238713  0.216229  0.946711  0.226209
        0         0         0         1
16	32	50
  0.99176  0.037277 -0.122567 -0.781826
-0.043213     0.998 -0.046137  0.498403
 0.120602  0.051053  0.991387 -0.594292
        0         0         0         1
17	34	50
 0.997993  0.020513 -0.059902 -0.482996
-0.014484  0.994942  0.099401 -0.096494
 0.061638 -0.098334  0.993243  0.625399
        0         0         0         1
21	36	50
-0.328588  0.854413  0.402502 -0.034625
  0.59541  0.518209 -0.613959  0.004282
-0.733155  0.037914 -0.679004   4.39663
        0         0         0         1
20	36	50
-0.869343  0.476918  0.129585    1.9334
 0.443915  0.868795 -0.219396 -0.831396
-0.217217 -0.133206 -0.966992   4.17278
        0         0         0         1
16	34	50
0.069099 -0.99059 0.118139  2.22749
0.991645 0.081133 0.100291 0.330552
-0.108932 0.110222  0.98792  0.19278
       0        0        0        1
15	37	50
 0.320892  0.880953  0.347779  -1.41779
-0.861661  0.423971 -0.278908   1.91876
-0.393153 -0.210168  0.895132  0.816038
        0         0         0         1
21	37	50
-0.856659 -0.422645 -0.295816   4.14774
 0.310069 -0.880114  0.359522   1.20168
-0.412302  0.216264  0.885007   0.84066
        0         0         0         1
19	37	50
-0.642635 -0.673201 -0.365815   3.99152
-0.512882  0.732685 -0.447352  0.931506
 0.569186 -0.099864 -0.816122   2.99604
        0         0         0         1
19	38	50
 0.925659 -0.229392  0.300891  -0.01192
 0.140582   0.94684  0.289364 -0.730264
-0.351273 -0.225553  0.908699  0.436566
        0         0         0         1
20	38	50
 0.820807 -0.403484  0.404322  0.228415
 0.345906  0.914401  0.210287 -0.891572
 -0.45456 -0.032748  0.890114  0.451773
        0         0         0         1
21	38	50
 0.864513 -0.327798  0.381006  0.634016
 0.265528  0.941502  0.207529  -0.85938
-0.426746 -0.078244  0.900981  0.486372
        0         0         0         1
22	38	50
 0.980633  0.043421  -0.19098  0.562206
 0.006344  0.967562  0.252554 -0.775459
 0.195751 -0.248875  0.948548  0.484094
        0         0         0         1
16	36	50
 -0.83331  0.484002  0.267089  0.885834
-0.359406 -0.841447  0.403478   2.61783
 0.420025  0.240229  0.875139 -0.702298
        0         0         0         1
17	38	50
 0.739569 -0.449063  0.501378  0.848685
 0.292136   0.88524  0.361949 -0.949167
-0.606378 -0.121216  0.785883  0.890221
        0         0         0         1
21	39	50
 0.999509  -0.01382  0.028135 -0.035483
 0.003985  0.946305   0.32325 -0.225999
-0.031092 -0.322979  0.945895  0.704785
        0         0         0         1
20	39	50
 0.988439  0.116123 -0.097486  0.352528
-0.080782  0.947456  0.309519 -0.131821
 0.128306 -0.298065  0.945883  0.410787
        0         0         0         1
22	39	50
-0.795935  0.468961 -0.382836   2.29773
-0.237406  0.339936   0.90999 -0.071712
 0.556889   0.81518 -0.159233  0.454326
        0         0         0         1
17	39	50
 0.999456  0.005556 -0.032524 -0.419809
 0.008784  0.905344  0.424588 -0.363061
 0.031804 -0.424643  0.904802  0.939496
        0         0         0         1
16	38	50
   0.9818  0.144018 -0.123806  -0.13284
-0.106382  0.957057  0.269674 -0.094532
 0.157327 -0.251595   0.95496 -0.114822
        0         0         0         1
21	40	50
-0.385791  0.599657 -0.701125   2.22259
-0.464321  0.530495  0.709212  0.474174
 0.797227  0.599155  0.073773 -0.392427
        0         0         0         1
22	40	50
 0.883259 -0.310136  0.351666 -0.278945
 0.200503  0.927795  0.314634 -0.444994
-0.423854 -0.207393  0.881667   1.47962
        0         0         0         1
19	40	50
-0.131929  0.681707 -0.719632   1.97557
-0.460501  0.600733  0.653497  0.569006
   0.8778  0.417606  0.234672 -0.788795
        0         0         0         1
20	40	50
-0.405136  0.587889  -0.70018   2.36538
-0.488283  0.508341  0.709345  0.442593
 0.772946  0.629267  0.081109 -0.328382
        0         0         0         1
17	40	50
 0.035945  0.655425 -0.754404   1.65646
-0.433765  0.690308  0.579071   0.50502
 0.900309  0.306419  0.309113 -0.646641
        0         0         0         1
21	41	50
-0.284729  0.559277 -0.778549    2.5309
-0.467548  0.627992  0.622113  0.327935
 0.836856  0.541143  0.082682 -0.300972
        0         0         0         1
20	41	50
 0.928263  0.245671 -0.279237 -0.261964
-0.220007   0.96805  0.120318  0.238971
 0.299874 -0.050252  0.952654 -0.079674
        0         0         0         1
17	41	50
  0.52127 -0.532393  0.666959  0.199825
 0.427261  0.839348   0.33607  -1.02509
-0.738732  0.109783  0.664998   2.20695
        0         0         0         1
22	41	50
 0.403672  0.563603 -0.720694   1.12166
-0.493282    0.7975  0.347372  0.757326
 0.770533  0.215281  0.599944 -0.763729
        0         0         0         1
16	40	50
-0.932315   0.24556 -0.265497   2.92772
-0.172444  0.343446  0.923205  0.455327
 0.317886  0.906501 -0.277855  0.216818
        0         0         0         1
21	42	50
 0.991571 -0.010005  0.129179 -0.483144
-0.002309  0.995491  0.094827 -0.182552
-0.129545 -0.094326  0.987077  0.778048
        0         0         0         1
22	42	50
 0.970222  0.157603  -0.18393 -0.075763
-0.118781  0.971366  0.205764  0.105165
 0.211092  -0.17779  0.961161  0.197324
        0         0         0         1
19	42	50
 0.754932 -0.363531  0.545822 -0.144923
 0.279528  0.931278  0.233637 -0.685542
-0.593247 -0.023807  0.804669   1.68601
        0         0         0         1
17	42	50
 0.999986 -0.003163  0.004289 -0.557685
 0.002106  0.973825  0.227289 -0.170549
-0.004896 -0.227277  0.973818  0.645077
        0         0         0         1
20	42	50
 0.928115 -0.198095  0.315214 -0.545002
 0.184929   0.98015  0.071467 -0.509922
-0.323115 -0.008038  0.946326   1.10995
        0         0         0         1
16	42	50
 0.554604  0.509382 -0.657985  0.252662
-0.434711  0.851617  0.292874   1.09155
 0.709536  0.123604  0.693744 -0.903405
        0         0         0         1
21	43	50
 0.761921 -0.329548  0.557561 -0.380857
   0.3203  0.939955  0.117865 -0.833297
-0.562925  0.088783  0.821726   1.21351
        0         0         0         1
18	43	50
 0.997088  0.065694 -0.038734  -0.04885
 -0.06036  0.990234  0.125674 -0.044123
 0.046612  -0.12297  0.991315 -0.097357
        0         0         0         1
22	43	50
 0.954709 -0.166105  0.246861 -0.151169
 0.149132  0.985065  0.086066 -0.417931
 -0.25747 -0.045353  0.965221  0.668448
        0         0         0         1
17	43	50
 0.952246 -0.164163  0.257445 -0.044672
 0.141881  0.984511  0.102991 -0.450806
-0.270365 -0.061546  0.960789  0.611538
        0         0         0         1
20	43	50
 0.655858 -0.367911   0.65916 -0.457801
  0.41457  0.905275  0.092787 -0.911297
-0.630858  0.212412  0.746256   1.22892
        0         0         0         1
22	44	50
 0.885448   0.37296  0.277277  -1.38359
-0.110024  0.747898 -0.654632   1.24884
-0.451527  0.549136  0.703259   1.19121
        0         0         0         1
18	45	50
-0.179036  0.005543  0.983827  0.519982
  0.45347  0.887894   0.07752  -1.25097
-0.873105  0.460014 -0.161478   2.73137
        0         0         0         1
21	45	50
-0.169827 -0.084329  0.981859  0.161694
-0.497126 -0.852941 -0.159242   4.26796
 0.850896 -0.515151   0.10293   1.33676
        0         0         0         1
17	45	50
 0.430748 -0.073863  0.899444 -0.467655
 0.346096  0.933963  -0.08905  -1.00141
-0.833471  0.349653  0.427867   2.40644
        0         0         0         1
22	45	50
 0.651382  0.075741   0.75496 -0.573144
 0.175395  0.953024 -0.246944 -0.373614
-0.738199  0.293271  0.607498   2.09176
        0         0         0         1
20	46	50
 0.348595  0.034395 -0.936642   1.58259
 -0.53422  0.828402 -0.168403   1.38482
 0.770124  0.559077  0.307151 -0.994225
        0         0         0         1
22	46	50
 0.094285  0.117112 -0.988633   2.08021
-0.441638  0.894916  0.063891  0.553564
 0.892226  0.430594  0.136098 -0.006079
        0         0         0         1
17	47	50
-0.593333  0.010604  0.804887  0.932335
 0.356036  0.900244  0.250596 -0.753661
-0.721938  0.435256  -0.53792   2.77806
        0         0         0         1
21	48	50
-0.526149  0.712264  0.464593 -0.224872
-0.199628  0.427611 -0.881645   2.28058
-0.826629 -0.556623 -0.082799   3.53066
        0         0         0         1
17	48	50
-0.765826 -0.200732  0.610914  0.804152
-0.602051  0.557603   -0.5715   1.87724
-0.225929 -0.805472 -0.547878   4.55867
        0         0         0         1
15	49	50
 0.886598  0.151292 -0.437098  0.751624
-0.278153  0.929422   -0.2425  0.806696
  0.36956   0.33658  0.866106 -0.467445
        0         0         0         1
21	49	50
 0.120771 -0.949516 -0.289542   3.55783
 0.992387  0.108398   0.05846 -0.049046
-0.024123 -0.294398  0.955378   1.16923
        0         0         0         1
20	49	50
 0.622577  0.781819 -0.034008 -0.160102
-0.125427  0.142587  0.981803 -0.127442
 0.772441 -0.606983  0.186833   2.02739
        0         0         0         1
22	49	50
 0.702333  0.698736 -0.136001  0.533341
 0.184435 -0.363147 -0.913295   3.03509
-0.687541  0.616354 -0.383921   2.51297
        0         0         0         1
29	30	50
 0.862389 -0.171112  0.476451  0.314719
 0.235935  0.968535  -0.07921 -0.410122
-0.447906  0.180721  0.875626  0.588759
        0         0         0         1
25	26	50
 0.986476 -0.021588  0.162477  0.768019
  0.03511   0.99611 -0.080817  0.066981
-0.160101  0.085429  0.983397  0.398115
        0         0         0         1
23	24	50
 0.944193 -0.098408   0.31435 -0.132798
 0.110139   0.99372  -0.01973 -0.238271
-0.310434  0.053251  0.949102  0.509213
        0         0         0         1
24	25	50
 0.996508  0.064349  0.053215   0.75762
-0.072181  0.984227  0.161517 -0.035433
-0.041983 -0.164794  0.985434  0.218675
        0         0         0         1
27	28	50
   0.948876   -0.094378    0.301209    0.890507
   0.250784    0.804888   -0.537832     0.12367
   -0.19168    0.585874    0.787407 -0.00370604
          0           0           0           1
26	28	50
   0.7716   0.18038 -0.609997  0.983128
 0.512925  0.390734  0.764353 -0.429962
  0.37622 -0.902657  0.208969   2.66712
        0         0         0         1
25	27	50
-0.865997 -0.127604  0.483494   1.96257
 0.254439  0.719922  0.645735  -0.93956
-0.430477  0.682224 -0.590983   2.46091
        0         0         0         1
30	31	50
 0.462189  0.768383 -0.442683  0.273387
  -0.8379  0.541855  0.065699   2.00428
 0.290352  0.340559  0.894268  -1.01789
       -0         0         0         1
24	26	50
-0.922552 -0.167876  0.347442   3.31753
  0.09592  0.772373  0.627885 -0.711915
-0.373762  0.612583 -0.696451   2.59478
        0         0         0         1
29	31	50
 0.943078  0.224282 -0.245562 -0.048602
-0.256966  0.960147 -0.109932  0.222431
  0.21112  0.166776  0.963127 -0.837241
       -0         0         0         1
23	25	50
-0.903565  0.106258 -0.415066   3.17484
-0.215819  0.724003  0.655166 -0.547837
 0.370126  0.681564 -0.631251   1.47987
       -0         0        -0         1
28	30	50
 0.224712 -0.520579  0.823713    1.1611
 0.259588  0.846765  0.464331 -0.472887
-0.939212  0.109485  0.325414   1.75134
        0         0         0         1
28	31	50
 0.844687 -0.463291  0.268077  0.232769
 0.433626  0.885911  0.164714 -0.374529
-0.313803 -0.022887  0.949212  0.372796
        0         0         0         1
23	27	50
 0.996159 -0.085834  0.017339 -0.416617
   0.0864  0.995644 -0.035055 -0.031434
-0.014255  0.036418  0.999235  0.154809
        0         0         0         1
27	31	50
 0.810254 -0.223574   0.54176  0.484373
 0.178171  0.974594  0.135725 -0.605752
 -0.55834 -0.013446  0.829503   1.39685
        0         0         0         1
26	32	50
 0.917915  0.127728 -0.375657   1.30539
-0.141968  0.989817  -0.01035  0.151429
  0.37051  0.062832  0.926701 -0.301905
       -0         0         0         1
27	32	50
 0.990378 -0.024939  0.136119 -0.153515
 0.022636  0.999574  0.018446 -0.123939
-0.136521 -0.015187  0.990521  0.176289
        0         0         0         1
26	33	50
 0.761692  0.357255  -0.54055   1.23134
-0.303711  0.933791  0.189192  0.427956
  0.57235  0.020065  0.819764 -0.236871
       -0         0         0         1
30	34	50
 0.801399 -0.368092 -0.471453    1.6643
  0.58101  0.666303  0.467405 -0.471906
 0.142083 -0.648497   0.74784  0.602557
        0         0        -0         1
28	34	50
 0.476651 -0.661113  0.579425 -0.045121
 0.240589  0.732056  0.637346  -0.43183
 -0.84553 -0.164388  0.507992   2.06452
        0         0         0         1
24	31	50
-0.109792  0.305125 -0.945962   2.29201
-0.386401  0.863754  0.323456  0.172695
 0.915773  0.401033  0.023067   0.20808
        0         0         0         1
27	34	50
 0.018566 -0.905262  0.424447   2.38826
 0.902865  0.197553  0.381848 -0.821652
-0.429524  0.376129  0.820997  0.753165
        0         0         0         1
23	31	50
 0.815082 -0.140134  0.562143  0.338919
 0.177021  0.984142 -0.011341 -0.255503
-0.551639  0.108755  0.826962   1.07715
        0         0         0         1
29	35	50
 0.836864  0.251097  0.486424 -0.600279
-0.112909  0.948661 -0.295455  0.214984
-0.535639  0.192335  0.822252  0.440755
       -0         0        -0         1
30	35	50
 0.215826 -0.581947 -0.784064   2.82995
 0.972609  0.057139  0.225317  0.013659
-0.086321 -0.811217  0.578339   1.66229
        0        -0         0         1
27	35	50
-0.167264 -0.798115  0.578822   2.65767
 0.906254  0.106724  0.409039   -1.1332
-0.388234  0.592978  0.705444  0.551714
        0         0         0         1
28	35	50
-0.500938   0.55349  0.665365 -0.196692
-0.857692 -0.214555 -0.467258   3.12528
-0.115865 -0.804746  0.582202   2.17609
        0         0         0         1
24	33	50
 0.966442  0.145777 -0.211516  0.935718
 0.108174  -0.97777  -0.17962   3.46296
-0.232998  0.150712 -0.960728   3.49966
        0         0         0         1
30	36	50
 0.208222  0.975865 -0.065814  -0.76411
-0.910252  0.168721 -0.378119   2.49152
-0.357889   0.13864  0.923414 -0.206411
        0         0         0         1
28	36	50
 0.724802 -0.224668  0.651296  0.270014
-0.159457  0.864963  0.475828 -0.378839
 -0.67025 -0.448735  0.591102   1.78389
        0         0         0         1
23	33	50
 0.084424  0.505341  -0.85878   2.02298
-0.374645  0.814716  0.442582  0.417061
 0.923317  0.284373  0.258105 -0.459629
       -0         0         0         1
24	34	50
 0.496716  0.504291 -0.706374    1.0487
-0.275648    0.8634  0.422561   0.44024
 0.822977 -0.015182  0.567872 -0.076173
        0         0         0         1
23	34	50
 0.706339  0.427334 -0.564332  0.614135
-0.421441  0.894401  0.149783  0.967844
 0.568746  0.132034  0.811846 -0.460858
       -0         0         0         1
29	37	50
 0.823923 -0.473446 -0.311448   1.82352
 0.493725  0.869478 -0.015602  -1.70633
 0.278184 -0.140916  0.950135 -0.678963
        0         0         0         1
30	37	50
 0.805883  0.064077 -0.588597   1.09193
-0.001938  0.994407  0.105601  -0.75916
 0.592071 -0.083962    0.8015 -0.861325
        0         0         0         1
28	37	50
 0.332197  0.928516 -0.165839 -0.575314
 0.865368 -0.369976 -0.338017   1.50039
-0.375211 -0.031224 -0.926413   3.86927
        0         0         0         1
29	38	50
 0.721581 -0.447022   0.52867  0.631245
  0.53755  0.842972 -0.020917 -0.668187
-0.436304   0.29928   0.84857 -0.236874
        0         0         0         1
30	38	50
 0.118188  0.831579 -0.542685   1.01852
-0.505977  0.520679  0.687663  0.395332
 0.854411  0.193313  0.482298  -1.39739
       -0         0         0         1
27	38	50
 0.987155 -0.113427  0.112516  0.547608
 0.078599  0.957913   0.27609   -0.9808
-0.139097   -0.2637  0.954523  0.501186
       -0        -0        -0         1
29	39	50
 0.281211 -0.705205   0.65085  0.563982
 0.375971  0.704963  0.601393 -0.587074
 -0.88293  0.075583   0.46338   1.14815
       -0        -0         0         1
29	40	50
-0.424303 -0.610701   0.66859    2.0578
 0.721552  0.218085  0.657116  -1.00377
 -0.54711  0.761238  0.348118   0.64429
       -0        -0         0         1
25	40	50
-0.969751  0.170826 -0.174358    3.4228
-0.091896  0.406247  0.909131  -0.25825
 0.226135  0.897653  -0.37826   1.46387
       -0         0        -0         1
24	39	50
-0.858057  0.388995 -0.335293   2.98011
-0.151388  0.432282   0.88894 -0.005406
 0.490735   0.81352 -0.312033  0.858719
        0         0         0         1
26	41	50
-0.427263 -0.528361  0.733677   1.88398
 0.380201  0.631241  0.676005 -0.725234
-0.820301  0.567776 -0.068822   2.21474
        0         0         0         1
24	40	50
-0.951124  0.207767 -0.228463   3.57449
-0.114591  0.449542  0.885878  0.007204
 0.286761   0.86876 -0.403762   1.12352
        0         0         0         1
29	41	50
 0.510679 -0.492174  0.704962  0.139675
 0.369198  0.866029  0.337174 -0.470669
-0.776466  0.088083  0.623973   0.92972
       -0        -0         0         1
25	41	50
-0.958013  0.121054 -0.259917    3.4002
-0.191107  0.406203  0.893576 -0.106538
  0.21375  0.905729 -0.366013   1.22727
       -0         0        -0         1
24	41	50
-0.975421 -0.189262  0.112845   3.20869
-0.010039  0.549752  0.835267 -0.326432
-0.220121  0.813604  -0.53814   2.31947
        0         0         0         1
23	41	50
 0.194381  0.563401 -0.802991   1.94409
-0.289237   0.81513  0.501902  0.442741
 0.937314  0.134694  0.321402 -0.788163
       -0         0         0         1
29	42	50
 0.722686 -0.665418 -0.186931   1.76112
 0.686122  0.658017  0.310242 -0.348459
-0.083437 -0.352465  0.932098  0.202513
        0        -0         0         1
23	42	50
 0.747215  0.417167 -0.517341  0.651263
-0.272809  0.902373  0.333615  0.561173
 0.606007 -0.108147  0.788073 -0.583954
        0         0         0         1
26	43	50
 0.979969 -0.099824  0.172326 -0.475134
 0.072332   0.98462  0.159031 -0.315688
-0.185551 -0.143381  0.972118  0.685714
       -0        -0        -0         1
30	43	50
 0.914436  0.095382  0.393331 -0.506301
-0.052711  0.991623 -0.117921  0.794251
-0.401283  0.087099  0.911803 -0.157229
       -0         0        -0         1
28	43	50
-0.067523 -0.564967  0.822346   0.57874
-0.108435    0.8235  0.556856  0.001553
-0.991808  -0.05157 -0.116868   2.44236
        0         0         0         1
24	43	50
 0.898366  0.264611 -0.350599  0.483157
-0.187041  0.952651  0.239734   0.11579
 0.397435 -0.149792  0.905322  0.128842
        0         0         0         1
25	43	50
 0.911894 -0.197338  0.359872  0.118675
 0.167704   0.97944  0.112129 -0.384821
-0.374601 -0.041898  0.926239    1.1117
       -0        -0        -0         1
23	43	50
 0.990467   0.06096 -0.123527  0.367682
-0.037682  0.982448  0.182689 -0.111125
 0.132496 -0.176293   0.97538  0.178608
        0         0         0         1
26	44	50
-0.334133  0.881208 -0.334406   2.03666
 -0.93724 -0.273122  0.216761   3.71596
 0.099678  0.385845  0.917163 -0.810149
        0         0         0         1
30	44	50
 0.834427 -0.401288  0.377757 -0.539215
 0.356412  0.915731  0.185493  -0.66565
-0.420359 -0.020144  0.907134  0.320044
        0         0         0         1
28	44	50
 -0.13112 -0.375898  0.917338  0.145933
 0.280508  0.873445  0.398007  -1.11518
-0.950854  0.309507 -0.009084   2.99445
        0         0         0         1
23	44	50
 0.994126  0.100789 -0.039443 -0.526894
-0.106358  0.977256 -0.183464  -0.02461
 0.020055  0.186581  0.982235  0.198063
        0         0         0         1
23	45	50
 0.945943  0.053463  0.319897 -0.430445
 0.022351   0.97323 -0.228745  0.072917
-0.323562  0.223529  0.919425  0.726642
        0         0         0         1
24	45	50
 0.992529  0.081832  0.090499 -0.580804
-0.038844  0.915067 -0.401427  0.756202
-0.115662  0.394913  0.911409  0.069651
        0         0         0         1
26	46	50
-0.924178  0.018266 -0.381525   4.00674
-0.160412   0.88794  0.431081 -0.262984
 0.346646  0.459596 -0.817685   2.13837
        0         0         0         1
29	46	50
-0.997953 -0.014443 -0.062295   3.38613
-0.040461  0.896984  0.440208 -0.328753
  0.04952  0.441828 -0.895732   1.62122
       -0         0         0         1
29	48	50
 0.582102  0.011026 -0.813041   2.68991
-0.127679  0.988743 -0.078004  0.071452
 0.803029  0.149215  0.576957  -0.46744
       -0         0         0         1
28	48	50
-0.982516  0.102679  0.155307   2.32945
  0.10225    0.9947 -0.010765  0.521958
 -0.15559  0.005303 -0.987808   3.10785
        0         0         0         1
25	49	50
-0.924592 -0.092275  0.369615   2.17473
 0.351653 -0.579894   0.73489   1.15558
 0.146525  0.809449  0.568614   0.16692
        0         0         0         1
28	49	50
 0.483024  0.251426 -0.838733   2.28823
-0.015926 -0.955206 -0.295513   3.64344
-0.875462  0.156097 -0.457383   2.62634
        0         0         0         1
31	32	50
 0.820663  0.172974 -0.544603 -0.118101
-0.141567  0.984916  0.099496  0.250257
 0.553598 -0.004555  0.832771  -1.14214
        0         0         0         1
36	37	50
-0.984692 -0.004532  0.174245   2.43139
 0.140191  0.573446  0.807159  -1.26967
-0.103579  0.819231 -0.564032   1.21312
        0         0         0         1
35	36	50
 0.923307  0.143651 -0.356185 -0.496658
-0.110582  0.987577  0.111643 -0.035545
 0.367797 -0.063693  0.927722 -0.669818
        0         0         0         1
32	33	50
 0.999238  0.030618 -0.024188 -0.065271
-0.024162  0.972276  0.232585 -0.067471
 0.030638 -0.231824  0.972275  0.689684
        0         0         0         1
34	35	50
-0.615733  0.483941 -0.621831   2.85328
  0.22593 -0.647603 -0.727713   2.86356
 -0.75487 -0.588567  0.289414   3.46183
        0         0         0         1
33	34	50
  0.89449 -0.240135  0.377126  0.111107
 0.239766  0.969608  0.048708 -0.224591
 -0.37736  0.046853   0.92488  0.622209
        0         0         0         1
37	38	50
 0.684937  0.505124 -0.525081  0.911576
-0.401852  0.863045  0.306051  0.882618
 0.607763  0.001379  0.794117 -0.856901
       -0         0         0         1
31	33	50
 0.863458 -0.401298 -0.305615  0.497145
 0.427914  0.903537  0.022572 -0.307083
 0.267077 -0.150267  0.951887 -0.371117
        0         0        -0         1
35	37	50
-0.795175 -0.000202   0.60638  0.736775
 0.510904    0.5384  0.670151    -1.591
 -0.32661  0.842689 -0.428019   1.00153
        0         0         0         1
36	38	50
-0.726069 -0.199972  0.657902   1.18547
-0.477504 -0.541831 -0.691671   4.68265
 0.494786 -0.816352  0.297919   1.13854
        0         0         0         1
34	36	50
 0.704626  0.277818  0.652931 -0.561257
 0.267907 -0.956222  0.117748   1.73699
  0.65706  0.091956 -0.748209   2.18818
        0         0         0         1
33	35	50
 0.640669 -0.526116  0.559236  0.513431
  0.62274  0.782109  0.022369  -1.18261
-0.449152  0.333927  0.828707  0.764522
        0         0         0         1
37	39	50
 0.428754  0.718837 -0.547214  0.607779
-0.779938 -0.011159 -0.625757   3.92763
-0.455924  0.695089  0.555864  0.245649
       -0         0         0         1
31	34	50
 0.252911  -0.95884 -0.129084   2.18991
 0.954757  0.225776  0.193557 -0.296765
-0.156446 -0.172197   0.97256  0.386662
        0        -0         0         1
36	39	50
 0.284683  0.809699 -0.513171  0.696983
 0.852311  0.031232  0.522101 -0.961354
 0.438772 -0.586014 -0.681224   3.03816
        0         0         0         1
35	38	50
 0.201804  0.875804 -0.438455   1.28293
-0.601252  0.464163  0.650422  0.533536
 0.773156  0.132364  0.620249  -0.86284
       -0         0         0         1
31	35	50
 0.253962 -0.954388  0.156993   2.06154
 0.895575  0.293337  0.334513  -1.02206
-0.365307  0.055646  0.929222  0.573749
       -0        -0         0         1
36	40	50
-0.170599 -0.730422  0.661347   1.69405
 0.874231  -0.42183 -0.240375   1.21117
 0.454551  0.537162  0.710521  -1.30026
       -0         0         0         1
31	36	50
-0.899315  0.302404  0.315888   1.27921
-0.436555 -0.663049   -0.6081   3.67035
 0.025557 -0.684776  0.728306    1.6681
        0         0         0         1
35	40	50
 0.267351  0.257029 -0.928687   1.88307
-0.926544 -0.196127 -0.321016   4.10371
-0.264651  0.946293  0.185714  0.163187
       -0         0         0         1
31	38	50
 0.886222  0.368421  -0.28085 -0.032865
-0.212847  0.862288  0.459517 -0.339714
 0.411469 -0.347456  0.842596 -0.235869
        0         0         0         1
34	41	50
 0.788834  0.330145 -0.518407  0.416477
-0.312182  0.941796  0.124746   0.62213
 0.529418  0.063433  0.845986  -1.16323
        0         0         0         1
33	40	50
 0.903044 -0.300968  0.306479 -0.130516
 0.234179  0.943085  0.236116 -0.570348
-0.360099 -0.141453  0.922128   1.01926
        0         0         0         1
37	42	50
 0.897052 -0.178813  0.404134 -0.887953
 0.135971    0.9818  0.132594  0.932191
-0.420488 -0.063993  0.905039  0.740902
       -0        -0        -0         1
34	42	50
 0.999449 -0.019941  0.026548  -0.01269
 0.018814  0.998939   0.04204  0.018071
-0.027358 -0.041518  0.998763 -0.178912
       -0        -0        -0         1
33	41	50
 0.994826  0.101309  0.007611 -0.106983
-0.101558  0.993683  0.047758  0.344716
-0.002725 -0.048283   0.99883 -0.167897
        0         0         0         1
37	43	50
-0.346982   0.93739 -0.030072  0.649102
 0.050163 -0.013469  -0.99865   3.57179
-0.936529 -0.348022 -0.042348   2.94334
        0         0        -0         1
36	43	50
-0.447825  0.459419 -0.767064   2.78858
 0.398964 -0.665083 -0.631262   2.70347
-0.800175 -0.588726  0.114549   2.39555
        0        -0         0         1
34	43	50
 0.803805 -0.024459  0.594391 -0.767031
 0.180183  0.962232  -0.20407  0.135906
 -0.56695  0.271131  0.777853  0.375533
        0         0         0         1
35	43	50
 0.864609 -0.045579  0.500373 -0.553633
 0.024668  0.998527  0.048333  0.538053
-0.501839 -0.029446   0.86446  0.381841
       -0        -0        -0         1
33	42	50
 0.718991 -0.472609    0.5096  0.417469
 0.429006   0.87865   0.20959  -0.59273
-0.546814  0.067928  0.834494  0.852094
       -0        -0         0         1
31	42	50
  0.20224 -0.935174 -0.290771   2.01131
 0.943507   0.10648  0.313779 -0.430519
-0.262476 -0.337803  0.903878  0.617396
        0        -0         0         1
37	44	50
-0.458217  0.670479  -0.58352   2.31596
 0.199907 -0.561938  -0.80266   3.74626
-0.866068 -0.484442  0.123456   3.73383
        0         0         0         1
36	44	50
 0.370643  0.012627   0.92869  -1.19128
-0.316898 -0.938185  0.139231   2.66445
  0.87304 -0.345904  -0.34373  0.967783
        0         0         0         1
35	44	50
 0.844169 -0.288858  0.451597 -0.539392
 0.281142  0.955819  0.085838 -0.388123
 -0.45644  0.054501  0.888083  0.803874
        0         0         0         1
34	44	50
-0.141213  0.407065 -0.902417   3.03133
 0.471099 -0.774094 -0.422899   1.69975
-0.870703 -0.484847 -0.082456   4.16618
        0         0         0         1
38	44	50
 -0.26453 -0.038248  0.963619  0.214517
 0.621022    0.7577  0.200555  -1.62452
-0.737805  0.651481 -0.176682   2.77746
        0         0         0         1
31	43	50
 0.275615 -0.840768  0.465988  0.804712
 0.531963  0.537174  0.654569 -0.905516
-0.800657   0.06748  0.595311   1.30891
       -0        -0         0         1
34	45	50
  0.45041 -0.414822  0.790603  0.289115
 0.500089  0.850782  0.161494  -1.31995
-0.739623  0.322633  0.590649   1.21417
        0         0         0         1
31	44	50
 0.219605 -0.263831  0.939237 -0.400398
 0.393312  0.904976  0.162246  -1.00002
-0.892793  0.333784  0.302505   2.28544
        0         0         0         1
38	45	50
-0.674411 -0.276293  0.684713   1.90061
 0.445363  0.587433  0.675702  -1.08723
-0.588915  0.760647 -0.273121   2.02541
        0         0         0         1
37	46	50
 0.971396 -0.052811 -0.231516 -0.015903
 0.231896  0.420843  0.876992  -1.24914
 0.051117 -0.905595  0.421052   2.59952
        0         0         0         1
33	47	50
-0.798982 -0.057871  0.598563  0.926006
 0.307089  0.816526  0.488857   -1.1589
-0.517034    0.5744 -0.634619   2.38693
        0         0         0         1
37	48	50
 0.569019 -0.517048 -0.639437   2.56547
-0.039922   0.75931 -0.649503   2.38844
 0.821355  0.395107   0.41142  0.032236
        0         0         0         1
35	48	50
 0.264369  0.287534 -0.920561   2.53003
-0.530939  0.840244   0.10997   0.59299
 0.805116   0.45969  0.374798 -0.303236
        0         0         0         1
36	48	50
 0.133669  0.970595 -0.200193   0.89461
-0.929801  0.192727  0.313572   1.36839
 0.342934  0.144225  0.928222 -0.688262
        0         0         0         1
34	48	50
  0.28667  0.085815 -0.954178   2.70047
-0.474563  0.877919  -0.06362  0.005888
 0.832232  0.471056  0.292398 -0.154876
        0         0         0         1
33	48	50
 0.759768 -0.036322 -0.649179   1.73103
 0.582432  0.481819  0.654693 -0.784498
 0.289007 -0.875517  0.387226   2.11447
        0         0         0         1
37	49	50
-0.624462 -0.770102  0.130346    2.3165
-0.353689  0.427606    0.8319  0.302912
-0.696384  0.473388 -0.539401   2.84165
        0         0         0         1
36	49	50
-0.729632  0.378081  0.569818  0.716302
  0.62352  0.709996  0.327305 -0.180884
 -0.28082  0.594105 -0.753777   2.48173
        0         0         0         1
35	49	50
 0.469349  0.180527 -0.864362   2.05351
-0.221864  0.971586   0.08245  0.064324
 0.854686  0.153073  0.496065 -0.144383
        0         0         0         1
33	49	50
-0.747573 -0.644259  0.161447   3.05918
-0.605831  0.561819 -0.563319   1.89236
  0.27222 -0.518932 -0.810313    3.2578
        0         0         0         1
44	45	50
  0.84334  0.047661  0.535263  -0.06271
 0.021101  0.992354 -0.121607  0.325404
-0.536966  0.113851  0.835886   1.22166
       -0         0         0         1
43	44	50
 0.995856 -0.064489  0.064123 -0.692153
 0.075072  0.980911 -0.179382 -0.467871
 -0.05133  0.183452  0.981688  0.121214
        0         0         0         1
41	42	50
 0.701678 -0.381505  0.601749  0.414668
 0.408588  0.907354  0.098817 -0.679971
-0.583698   0.17653  0.792549   1.02049
       -0        -0         0         1
46	47	50
-0.042941  0.092293 -0.994805   3.66188
-0.098448  0.990487  0.096142 -0.149743
 0.994215  0.102065 -0.033447  0.654204
        0         0         0         1
42	43	50
   0.8337 -0.285129  0.472913  0.076699
 0.337594  0.940879  -0.02787 -0.659891
-0.437008  0.182887  0.880668  0.482148
        0         0         0         1
44	46	50
 0.354727 -0.892603   0.27826   2.20454
 0.424707 -0.111305 -0.898463   2.49616
 0.832942  0.436888  0.339612  -1.34131
       -0         0         0         1
43	45	50
 0.916376 -0.017036  0.399956  -0.66686
 0.196771  0.889237 -0.412964  0.040837
 -0.34862   0.45713  0.818227   0.39482
        0         0         0         1
39	40	50
 0.976089 -0.191645  0.102582 -0.253923
 0.194697  0.980649 -0.020522 -0.475828
-0.096663  0.040004  0.994513  0.447445
        0         0         0         1
40	41	50
 0.773891 -0.420974  0.473153  0.653843
 0.435736  0.896092  0.084579 -0.846638
-0.459594  0.140715  0.876911  0.807154
       -0        -0         0         1
42	44	50
 0.712619 -0.617972  0.332091  0.687391
 0.640777  0.766063  0.050514  -1.29282
-0.285618  0.176799  0.941894    1.0274
        0         0         0         1
41	43	50
-0.050683  0.578461 -0.814134   2.43351
-0.583768  0.644263  0.494106  0.363977
 0.810337  0.500308  0.305033  -0.99235
       -0         0         0         1
44	48	50
-0.985127  0.112802  -0.12962   2.52608
-0.081174 -0.970378 -0.227547    2.5404
-0.151448 -0.213641  0.965102  0.240794
        0        -0         0         1
39	41	50
 0.554125 -0.535285  0.637507  0.454649
 0.687216  0.726345  0.012547  -1.07116
-0.469766  0.431152  0.770342  0.834093
       -0        -0         0         1
40	42	50
  0.99207  0.001775 -0.125672  0.324781
 0.001444  0.999673  0.025514 -0.073274
 0.125676 -0.025493  0.991744 -0.144887
        0         0         0         1
42	45	50
 0.439272 -0.081628  0.894638  0.029659
  0.56294  0.801101 -0.203313  -1.23004
-0.700099  0.592937  0.397853   1.41265
        0         0         0         1
44	49	50
  0.037794   0.444667  -0.894898    2.58267
 -0.561513   0.750235   0.349071   0.158042
  0.826604   0.489304   0.278041 -0.0059281
        -0          0          0          1
48	49	50
 0.948284 -0.047295  0.313879 -0.437089
 0.030363  0.997819   0.05862 -0.310683
-0.315966 -0.046059  0.947652  0.660412
        0         0         0         1
39	42	50
 0.997603  0.053836 -0.043475 -0.139155
-0.061104  0.980207 -0.188309  0.405673
 0.032477  0.190514  0.981147 -0.305843
       -0         0         0         1
43	48	50
-0.271713  0.292853 -0.916738   2.43012
-0.540827  0.741466  0.397158 -0.341416
 0.796039   0.60371 -0.043083  0.469772
        0         0         0         1
39	43	50
 0.978977 -0.071961  0.190855 -0.718037
 0.126958  0.947324 -0.294038  0.259646
-0.159642  0.312087  0.936545 -0.446058
        0         0         0         1
39	44	50
 0.423061  0.209673  0.881508  -1.28196
 -0.72317  0.664289  0.189064   1.23795
-0.545935 -0.717466  0.432664   3.23884
        0         0         0         1
