5	6	50
 0.860716 -0.014185 -0.508888  0.529226
-0.115296  0.968207 -0.221994  0.423509
 0.495858  0.249747  0.831716  -1.04732
       -0         0         0         1
6	7	50
 0.976543 -0.013969 -0.214867 -0.035114
 0.058242  0.977832  0.201129 -0.852385
 0.207294 -0.208926  0.955709  0.050323
        0         0         0         1
3	4	50
  0.84861   0.24107 -0.470899  0.032321
-0.272188  0.962242  0.002094  0.552675
 0.453624  0.126396  0.882184 -0.365391
        0         0         0         1
1	2	50
 0.974677 -0.099419  0.200301 -0.304745
 0.079453  0.991252  0.105383 -0.350179
-0.209026   -0.0868   0.97405  0.453777
       -0        -0        -0         1
5	7	50
 0.737495  0.121308 -0.664368  0.471646
-0.105793  0.992342  0.063755 -0.516651
 0.667015  0.023266  0.744681   -1.0427
       -0         0         0         1
3	5	50
 0.990053  0.077091  0.117693 -0.217485
-0.029579  0.931876  -0.36157  0.598776
-0.137549  0.354492  0.924887  0.419047
        0         0         0         1
0	1	50
 0.937664 -0.133752  0.320776 -0.159768
  0.10535   0.98894  0.104403 -0.521125
-0.331193 -0.064101  0.941383  0.765612
        0         0         0         1
6	8	50
 0.970137 -0.086935  0.226444  -0.65753
 -0.01245  0.914488  0.404422 -0.594429
-0.242238 -0.395164  0.886096  0.847446
        0         0         0         1
7	8	50
 0.948649  -0.13814  0.284576  -0.23177
 0.070394  0.969241  0.235831  0.001675
  -0.3084 -0.203688  0.929193  0.653049
        0         0         0         1
1	3	50
 0.886089  0.243364 -0.394488    0.7292
 -0.04603  0.893072  0.447553 -0.239942
 0.461225 -0.378413  0.802543  0.560263
        0         0         0         1
0	2	50
 0.808154 -0.253955  0.531407 -0.345541
 0.117212  0.953564  0.277446 -0.875546
 -0.57719 -0.161931  0.800394   1.60342
        0         0         0         1
7	9	50
 0.747248 -0.311744  0.586886 -0.346833
 0.122356  0.932584  0.339583  -0.23115
-0.653184 -0.181944  0.735015   1.65798
       -0        -0        -0         1
4	9	50
-0.679713 -0.362767  0.637488   1.45846
 0.364538   0.58711  0.722783  -1.33715
-0.636477  0.723673 -0.266823   1.74197
        0         0         0         1
4	10	50
 0.892616  0.275351 -0.356958  0.805806
-0.254773  0.961341  0.104472 -0.033975
 0.371925  -0.00231   0.92826 -0.599995
        0         0         0         1
7	10	50
  0.32885 -0.623579   0.70923  0.212532
 0.598705  0.718453  0.354086  -1.18822
-0.730349  0.308178  0.609603   1.26148
       -0        -0         0         1
6	10	50
  0.62915 -0.420707  0.653587 -0.865987
-0.032046  0.826105  0.562604 -0.721743
-0.776623 -0.374907  0.506262   2.38206
       -0        -0        -0         1
5	11	50
-0.963331 -0.134705  0.232053   2.64453
 0.045858  0.769465  0.637041 -0.977649
-0.264369  0.624323 -0.735072   2.01425
        0         0         0         1
5	12	50
 0.936145  0.228736 -0.267044  -0.00695
-0.084903  0.884057  0.459603 -0.763662
  0.34121 -0.407582  0.847026  0.047884
        0         0         0         1
3	12	50
 -0.726688   0.377419  -0.574003    2.70653
 -0.360744   0.501432   0.786403 -0.0689511
  0.584627   0.778538  -0.228233  -0.167222
        -0          0         -0          1
4	12	50
 0.697873  0.423724 -0.577435   0.98869
-0.424236  0.894126  0.143392  0.108396
 0.577059  0.144899  0.803746 -0.847479
       -0         0         0         1
5	13	50
-0.644678   0.28897 -0.707733   3.19627
-0.156001   0.85659  0.491851 -0.673932
 0.748367  0.427493 -0.507146  0.500055
       -0         0        -0         1
4	13	50
-0.035144  0.468865  -0.88257   2.51383
-0.508049  0.752107  0.419787 -0.021552
 0.860611  0.463142  0.211774 -0.728768
       -0         0         0         1
2	14	50
 0.737531 -0.198873  0.645366  0.078933
 0.144365  0.979994  0.137008  -1.02507
-0.659702 -0.007879  0.751486   1.79278
        0         0         0         1
5	16	50
 0.957238  0.154363 -0.244678  0.610807
-0.057927  0.930896  0.360661 -0.828317
 0.283443 -0.331065  0.900031  0.006471
        0         0         0         1
3	16	50
-0.596823  0.442108 -0.669584   1.91312
-0.399363  0.560116  0.725795 -0.379457
 0.695925  0.700579 -0.157728 0.0857221
       -0         0        -0         1
4	16	50
 0.461514  0.465876  -0.75496  0.893914
-0.459683  0.853437  0.245636 -0.189858
 0.758747  0.233678  0.608028 -0.626659
       -0         0         0         1
6	16	50
 0.998562 -0.022236  0.048787  0.527989
-0.006987  0.848211  0.529613 -0.967209
-0.053158 -0.529192  0.846835  0.754253
       -0        -0        -0         1
5	17	50
 0.956915  0.263663  0.121637 -0.533943
 0.042983   0.28567 -0.957364   2.38453
 -0.28717  0.921344  0.262029 -0.230313
       -0         0         0         1
6	17	50
 0.957301  0.098334 -0.271854 -0.041333
 0.046959   0.87499  0.481858 -0.706881
 0.285253 -0.474049  0.833011 -0.079696
        0         0         0         1
7	17	50
 0.991507 -0.057595  0.116607 -0.171867
 0.023288  0.960728  0.276513  0.066037
-0.127954 -0.271449   0.95391   0.41136
       -0        -0        -0         1
4	17	50
 -0.410682   0.388525  -0.824857    2.85082
 -0.417547    0.72409   0.548952 -0.0879489
  0.810552   0.569861  -0.135143  -0.264713
        -0          0         -0          1
4	18	50
 0.506515   0.32893 -0.797025   1.37148
-0.392391  0.911042  0.126618  0.418686
 0.767771  0.248611  0.590525  -1.12105
       -0         0         0         1
7	18	50
 0.984968 -0.130413  0.113269  0.169368
 0.078455  0.921956  0.379266 -0.057004
 -0.15389 -0.364678  0.918329  0.647833
       -0        -0        -0         1
6	18	50
 0.941565 -0.249206  0.226608 -0.273128
 0.117332  0.873291  0.472859 -0.754576
-0.315734 -0.418639    0.8515  0.771706
       -0        -0        -0         1
7	19	50
-0.771636  0.362595 -0.522592   3.14384
-0.088475  0.752429  0.652704 -0.071332
 0.629881  0.549886 -0.548521  0.878897
       -0         0        -0         1
4	19	50
-0.993478 -0.037912  0.107539   2.36693
 0.073784  0.505308  0.859779 -0.800452
-0.086937  0.862106 -0.499215    1.0503
        0         0         0         1
6	19	50
 0.516251  0.372796 -0.771044  0.831432
 0.072491   0.87804  0.473065 -0.667222
 0.853364 -0.300113  0.426265 -0.050041
        0         0         0         1
5	20	50
-0.911952  0.375174 -0.166097   2.30252
 0.225557  0.796582  0.560875  -0.83825
 0.342736  0.474026 -0.811068   1.69611
       -0         0        -0         1
3	20	50
 0.995252  0.095907 -0.016576 -0.019899
-0.096986  0.991536 -0.086314  0.557383
 0.008158  0.087512   0.99613 -0.355489
       -0         0         0         1
6	20	50
-0.925033 -0.189254   0.32939   2.13235
0.00111701  0.865712  0.500541 -0.537758
-0.379886  0.463385   -0.8006   2.66634
        0         0         0         1
4	20	50
-0.907349  0.252503 -0.336095   2.83795
-0.198541  0.447317   0.87206 -0.831026
 0.370539  0.857992  -0.35574   1.00462
       -0         0        -0         1
7	20	50
 0.741988 -0.408717  0.531418 -0.485012
 0.119751  0.860724  0.494787 -0.233292
-0.659632 -0.303488  0.687591   1.72574
       -0        -0        -0         1
0	15	50
 0.946615 -0.173159  0.271912  0.268927
 0.018288  0.870976  0.490985 -0.701678
-0.321848 -0.459801  0.827646   1.53684
        0         0         0         1
5	21	50
 -0.69863   0.41135 -0.585412   2.52958
-0.184687  0.686797  0.702995 -0.452207
 0.691236  0.599251 -0.403845 0.0687799
       -0         0        -0         1
3	21	50
 -0.20557 -0.467439  0.859792  0.096433
 0.551022  0.670775  0.496422  -1.05839
-0.808774  0.575814  0.119678   1.86014
       -0        -0         0         1
7	21	50
 0.558964 -0.499332  0.661987 -0.399121
 0.134722  0.842434  0.521685 -0.332715
-0.818174 -0.202419  0.538161   2.16319
       -0        -0        -0         1
4	21	50
 0.351643 -0.470806  0.809129  0.241135
 0.422722  0.851048  0.311484 -0.744441
-0.835256  0.232506  0.498285   1.04663
       -0        -0         0         1
5	22	50
 0.679441 -0.335376  0.652596 -0.880076
 0.211807   0.94121  0.263177  -0.78299
-0.702493 -0.040589  0.710532  0.927553
       -0        -0        -0         1
3	22	50
 0.423991 -0.317344  0.848248 -0.936418
 0.480413  0.872777   0.08639 -0.609068
-0.767747  0.370881  0.522506   1.27119
       -0        -0         0         1
4	22	50
-0.542209  0.336215 -0.770045   3.11665
 -0.40192  0.701028  0.589084 -0.426492
 0.737882  0.628903 -0.244973  0.372379
       -0         0        -0         1
6	24	50
 0.479653 -0.310206  0.820795 -0.480451
-0.019066  0.931518  0.363194 -0.807449
-0.877251 -0.189856  0.440891   2.33063
       -0        -0        -0         1
5	25	50
 0.995923  0.039608 -0.081047 -0.214008
-0.024202  0.982832  0.182907 -0.473851
 0.086901   -0.1802  0.979784 -0.735754
        0         0         0         1
4	25	50
 0.933634  0.166225 -0.317329  0.192138
-0.188582  0.981207 -0.040856  0.136971
 0.304574  0.097987  0.947435  -1.01136
        0         0         0         1
7	25	50
-0.719219  0.304928 -0.624294   2.90781
  -0.1573  0.803748  0.573799 -0.291184
 0.676742  0.510889 -0.530106   1.12594
        0         0         0         1
4	26	50
 0.778141  0.145497 -0.611005   1.45683
-0.239963  0.967871 -0.075126   0.42669
 0.580443  0.205077  0.788054    -1.368
        0         0         0         1
5	27	50
 0.776768   0.22033 -0.589988  0.316325
-0.121101  0.971579  0.203395 -0.206487
 0.618033 -0.086543  0.781374  -1.22246
        0         0         0         1
5	28	50
 0.938539 -0.044135  -0.34234  0.649431
-0.035036  0.974489 -0.221684 -0.415724
 0.343391  0.220053   0.91305 -0.539106
       -0         0         0         1
4	29	50
-0.540312  0.261418  0.799827   1.18515
-0.458458 -0.888507 -0.019303   3.25334
 0.705606 -0.377117   0.59992  0.305822
        0         0         0         1
4	30	50
-0.066816  0.875754 -0.478111  0.515302
-0.813334  0.229758  0.534509     1.357
 0.577948  0.424578  0.696929 -0.603425
        0         0         0         1
5	31	50
 0.998121 -0.056683  -0.02328  0.026956
 0.058109  0.996127  0.065985 -0.556493
  0.01945 -0.067213  0.997549  -0.01886
        0         0        -0         1
3	31	50
 0.973813 -0.044188  0.223013 -0.274458
 0.122462  0.928414 -0.350786  0.068996
-0.191548  0.368911  0.909513  0.163319
        0         0         0         1
4	31	50
 0.760833  0.182948 -0.622626  0.490214
-0.367043  0.912547 -0.180381  0.394941
 0.535175  0.365771  0.761445 -0.665696
        0         0         0         1
5	32	50
 0.878525  0.118854 -0.462675  0.428314
-0.069166  0.989996  0.122983 -0.240266
 0.472663 -0.076042  0.877956  -1.27431
        0         0         0         1
7	32	50
 0.977809 -0.070849  0.197153 -0.304179
 0.044411  0.989792  0.135427   0.12645
-0.204736 -0.123666  0.970974   0.11912
        0         0         0         1
6	32	50
 0.983025  0.113738 -0.143963 -0.433577
-0.046291  0.913031  0.405254 -0.626124
 0.177536 -0.391711  0.902798  0.044146
        0         0         0         1
4	33	50
  0.60957  0.403992 -0.682067   1.64759
-0.380705  0.903874  0.195129  0.152704
 0.695333  0.140721  0.704776 -0.331716
       -0         0         0         1
2	34	50
-0.828291  0.195804 -0.524971   3.43509
 0.311653 -0.617629 -0.722085   2.80494
-0.465624 -0.761706  0.450554   2.90601
        0         0         0         1
5	35	50
-0.961396 -0.127678 -0.243754   3.26455
 0.217634 -0.894884 -0.389637   2.68796
-0.168384 -0.427645  0.888125   1.04081
        0        -0         0         1
0	26	50
 0.847431  0.204572  -0.48991   1.33406
-0.101795  0.968269  0.228239 -0.070577
 0.521056 -0.143546  0.841365 -0.333455
        0         0         0         1
2	35	50
-0.905364  0.406786 -0.121825   2.60216
 0.195508  0.653993  0.730801 -0.936018
 0.376952  0.637823 -0.671631   2.31213
        0         0         0         1
2	36	50
 -0.62942 -0.539581  -0.55918   4.01629
 0.776746 -0.416257 -0.472648   2.02328
 0.022269 -0.731835  0.681118   2.61276
        0         0         0         1
2	37	50
 0.843897  0.536243  0.016748 -0.956261
 -0.53641  0.842752  0.045087  0.167663
 0.010063 -0.047033  0.998843  0.550857
        0         0         0         1
3	39	50
-0.991046 -0.092921  0.095878   2.38202
-0.082119 -0.142002 -0.986454    3.6552
 0.105278 -0.985495    0.1331   2.14543
        0         0         0         1
4	39	50
-0.699328 -0.525979  0.484032    1.8837
 0.394881  0.280168  0.874971  -1.17248
-0.595827  0.803026   0.01177   1.80301
        0         0         0         1
3	40	50
 0.618964 -0.512707  0.594992  -1.07216
 0.451384  0.852155  0.264735 -0.764881
-0.642757  0.104708   0.75888   1.72257
        0         0         0         1
4	40	50
-0.008247 -0.638201  0.769825  0.913233
 0.575833  0.626364  0.525438  -1.30962
-0.817526  0.447624  0.362332   1.97122
        0         0         0         1
3	41	50
-0.703431  0.481221 -0.523079   1.98297
  0.36189 -0.390916 -0.846298   2.88397
-0.611736 -0.784609  0.100833   3.53498
        0        -0         0         1
4	41	50
-0.714401 -0.442793  0.541817      2.15
 0.358808  0.432955  0.826926  -1.05591
-0.600739  0.785165 -0.150426   1.71359
        0         0         0         1
5	42	50
  -0.841743    0.231635   -0.487661     2.96795
  -0.214869    0.684922    0.696214   -0.142302
   0.495277    0.690816   -0.526757 -0.00592088
         -0           0          -0           1
5	43	50
 0.932715  0.166364 -0.319947  0.012363
-0.061004   0.94723  0.314695 -0.520475
 0.355417 -0.274003  0.893645 -0.405854
        0         0         0         1
3	43	50
 0.544868 -0.409256  0.731866  -0.37819
 0.475975  0.869516   0.13187 -0.911892
-0.690338  0.276498  0.668567   1.40315
       -0        -0         0         1
4	43	50
 0.839886 -0.276279  0.467185  0.095462
 0.260709  0.960307  0.099206 -0.813396
-0.476049  0.038477  0.878576  0.866647
       -0        -0         0         1
6	43	50
 0.865171  0.290027   -0.4091  0.495316
-0.000475988  0.816266  0.577676 -0.772013
 0.501476 -0.499594  0.706348  0.285501
        0         0         0         1
6	44	50
-0.733799  0.479506  0.481262   1.27978
-0.576273 -0.064164 -0.814735   4.01513
 -0.35979  -0.87519   0.32341   3.07975
        0         0         0         1
5	45	50
 0.206056  0.075018 -0.975661    1.5579
-0.263488  0.964485  0.018511  0.116335
 0.942399  0.253261  0.218504  -1.56189
       -0         0         0         1
6	45	50
 0.996999  0.063422 -0.044401 -0.540257
-0.062968  0.997949  0.011547 -0.315079
 0.045043 -0.008717  0.998947  0.256909
        0         0         0         1
3	46	50
 0.343132  0.095565 -0.934413    1.7425
-0.521633   0.84669 -0.104958   1.61778
 0.781127  0.523435  0.340376   -1.3535
        0         0         0         1
5	47	50
 0.098289  0.059369 -0.993385   2.93352
-0.186927  0.981552  0.040167  0.028289
 0.977444  0.181743  0.107573 -0.563207
       -0         0         0         1
3	47	50
  0.72895  0.091029 -0.678487   1.19196
-0.432467  0.829533 -0.353338   1.37033
 0.530663  0.550989  0.644056 -0.993116
        0         0         0         1
4	47	50
-0.144323 -0.019951   0.98933 -0.209204
 0.507417   0.85685  0.091301 -0.941757
-0.849528   0.51518 -0.113539   2.21704
        0         0         0         1
2	48	50
 0.573777  0.140021 -0.806954   1.88657
 -0.26118  0.965118 -0.018244   0.32846
 0.776251  0.221228  0.590333  0.262887
        0         0         0         1
3	48	50
 0.882787 -0.260702 -0.390796   1.75196
 0.004684  0.836725 -0.547604   1.13652
  0.46975  0.481587  0.739871 -0.246481
        0         0         0         1
1	48	50
 0.726495 -0.022181 -0.686813   1.46048
-0.077482  0.990461 -0.113946  0.341482
 0.682789  0.135997  0.717847  0.254267
        0         0         0         1
3	49	50
 0.890094 -0.445241 -0.097433   1.57249
 0.301676  0.735773 -0.606325  0.634458
 0.341649  0.510293  0.789225 -0.397302
        0         0         0         1
2	49	50
 0.788756  0.034919 -0.613714   1.09053
-0.146126  0.980417 -0.132019   0.29343
 0.597086   0.19381  0.778412  0.183263
        0         0         0         1
1	49	50
 0.965285 -0.034092 -0.258963   0.18593
 0.000193  0.991538 -0.129816   0.09011
 0.261197   0.12526  0.957124  0.338346
        0         0         0         1
8	9	50
 0.964636 -0.143486  0.221109 -0.389846
 0.116358  0.984498   0.13124 -0.367206
-0.236513 -0.100871  0.966378  0.563978
       -0        -0        -0         1
12	13	50
  0.97209 -0.129052  0.195924 -0.422473
 0.134792  0.990742 -0.016191 -0.170109
 -0.19202  0.042148  0.980485  0.156251
        0         0         0         1
11	12	50
  0.852181  -0.240584   0.464657  -0.404494
  0.269992   0.962857 0.00336999  -0.405476
 -0.448209   0.122582   0.885484   0.634874
        -0         -0          0          1
9	10	50
 0.912011 -0.209999  0.352329 -0.361843
 0.179532  0.976718  0.117432 -0.411122
-0.368787 -0.043845  0.928479  0.648717
       -0        -0        -0         1
10	11	50
 0.796068 -0.355185  0.490019  0.322026
 0.361757  0.928369   0.08522 -0.479911
-0.485188  0.109428  0.867536  0.709958
        0         0         0         1
8	10	50
 0.781734  -0.37524  0.498082 -0.481973
 0.266243   0.92308  0.277556 -0.786552
 -0.56392 -0.084364  0.821509   1.25176
       -0        -0        -0         1
11	13	50
 0.900008 -0.198192  0.388208  -0.53835
 0.228924  0.972848 -0.034063 -0.245199
-0.370916  0.119527  0.920942  0.271377
        0         0         0         1
14	15	50
  0.75423  0.193343   -0.6275  0.726519
-0.207694  0.976845  0.051342  0.484912
 0.622897  0.091605  0.776922 -0.902705
        0         0         0         1
9	11	50
 0.941149 -0.201743  0.271179 -0.567617
 0.170453  0.976127  0.134615 -0.391386
-0.291862 -0.080469  0.953069  0.467165
        0         0         0         1
10	12	50
 0.442702  -0.44501  0.778448  0.436979
 0.398138  0.875437  0.274035 -0.884241
-0.803431  0.188614  0.564733   1.66512
        0         0         0         1
8	11	50
 0.949647 -0.175865  0.259311 -0.317622
 0.141124  0.978997  0.147133 -0.313561
-0.279741 -0.103129  0.954521  0.352945
       -0        -0        -0         1
9	12	50
 0.037768 -0.493075  0.869167  0.740756
 0.464805  0.778638   0.42152  -1.06025
-0.884607  0.388073  0.258591   1.79631
       -0        -0         0         1
10	13	50
 0.186077 -0.484361   0.85485  0.381851
 0.542913  0.775845  0.321419  -1.20947
-0.818914    0.4043  0.407333   1.70825
        0         0         0         1
8	12	50
-0.227972 -0.497274  0.837107  0.702008
 0.235694  0.805992  0.542978  -1.05577
 -0.94471  0.321085 -0.066539   2.61702
        0         0         0         1
12	16	50
 0.985206  0.014789 -0.170738  0.505725
-0.012242  0.999798  0.015963 -0.382086
 0.170939 -0.013636  0.985187   0.27586
        0         0         0         1
9	13	50
-0.265232 -0.335261   0.90402  0.920687
 0.443498  0.790106  0.423134  -1.06538
-0.856132   0.51316 -0.060874   2.27345
        0         0         0         1
11	16	50
 0.598782 -0.409733  0.688171  0.805448
 0.402577  0.896774  0.183649 -0.817513
-0.692381  0.167076  0.701922   1.06366
       -0        -0         0         1
9	14	50
 0.483029 -0.419949  0.768326  0.170666
 0.445881  0.873159  0.196934  -1.35119
-0.753573  0.247457  0.609009   2.01416
       -0        -0         0         1
11	17	50
 0.585163  0.332518 -0.739605   1.70327
-0.437038  0.897586  0.057768   0.59424
 0.683068  0.289431  0.670557 -0.585213
        0         0         0         1
10	16	50
 0.786405 -0.310547  0.533974   1.04796
 0.338688  0.939689  0.047702 -0.570786
-0.516583  0.143337  0.844154  0.627234
        0         0         0         1
9	16	50
 0.917459  0.145174 -0.370396  0.992387
-0.137384  0.989379  0.047484 -0.335365
 0.373355  0.007321  0.927659  0.121006
       -0         0         0         1
8	16	50
 0.997555  0.056177 -0.041564   0.82687
-0.046892  0.979098  0.197909 -0.487015
 0.051813 -0.195476  0.979339  0.407322
        0         0         0         1
11	18	50
 0.998736  0.014573  0.048108 -0.099388
-0.007069  0.988263 -0.152597  0.255915
-0.049768  0.152064  0.987117  0.080633
        0         0         0         1
12	18	50
 0.993638  0.004738 -0.112525 -0.105751
-0.013385  0.997001 -0.076221  0.243486
 0.111826  0.077242  0.990721 -0.083762
        0         0         0         1
10	17	50
 0.991608 -0.012212  0.128705 -0.036528
 0.029118  0.991046 -0.130307  0.239376
-0.125961  0.132961  0.983084  0.104211
        0         0         0         1
8	17	50
 0.993698  -0.04989  0.100374 -0.244251
 0.043806  0.997119  0.061931 -0.025247
-0.103175 -0.057144   0.99302  0.004581
       -0        -0        -0         1
9	17	50
 0.622193  0.376387 -0.686446   1.17419
-0.419878  0.900496  0.113177  0.615347
  0.66074  0.217806  0.718319  -0.77161
        0         0         0         1
10	18	50
 0.919185 -0.175553  0.352533  0.053701
 0.207986  0.976527 -0.056011 -0.136807
-0.334425  0.124806  0.934122  0.549765
        0         0         0         1
8	18	50
 0.998094  0.042633 -0.044616  0.141901
-0.037347  0.992864  0.113255  0.033311
 0.049126 -0.111373  0.992564 -0.093041
        0         0         0         1
11	19	50
 0.445964  0.441972 -0.778317   1.68873
-0.470404  0.855535  0.216286  0.454665
  0.76147  0.269668  0.589443 -0.454455
       -0         0         0         1
12	19	50
 0.994409  0.001192 -0.105591  0.188759
-0.013441  0.993233 -0.115363  0.217895
 0.104739  0.116137  0.987695  0.020299
        0         0         0         1
9	18	50
 0.868049  0.158477 -0.470507  0.279503
-0.190816  0.981391 -0.021486  0.390848
 0.458346  0.108431  0.882135 -0.500167
        0         0         0         1
8	19	50
 0.954303 -0.184406  0.235161 -0.201049
 0.155628  0.978448  0.135719 -0.242217
 -0.25512  -0.09292  0.962434  0.426451
       -0        -0        -0         1
10	19	50
 0.917712  0.191977 -0.347777  0.977007
-0.204385   0.97889  0.001029  0.326745
 0.340633  0.070136  0.937577 -0.227465
        0         0         0         1
9	19	50
 0.999254  0.020846 -0.032516 -0.262524
-0.019432  0.998877  0.043204  0.122427
  0.03338  -0.04254  0.998537  0.026356
        0         0         0         1
13	20	50
 0.567587  0.483236  -0.66658   1.57855
-0.391479  0.870653  0.297837  0.295535
 0.724285  0.091903  0.683348 -0.177166
       -0         0         0         1
11	20	50
 0.806705  0.329999 -0.490233   0.97071
-0.273101  0.943844  0.185943  0.193659
 0.524064 -0.016118  0.851526 -0.186735
        0         0         0         1
10	20	50
 0.994027  0.083009 -0.070846    0.4311
-0.081175  0.996295  0.028392  0.334434
  0.07294 -0.022472  0.997083 -0.127729
        0         0         0         1
9	20	50
 0.945612 -0.188737  0.264947 -0.059441
 0.161406  0.979369  0.121595 -0.110333
 -0.28243 -0.072218  0.956566  0.344795
        0         0         0         1
13	21	50
 0.981049  0.096809  -0.16784  0.358984
-0.093386  0.995231  0.028185  0.202578
 0.169769 -0.011977  0.985411  0.142337
        0         0         0         1
8	21	50
  0.57749 -0.426674  0.696028  -0.77301
 0.350537  0.899561  0.260604 -0.794483
-0.737312  0.093487  0.669052    1.7377
       -0        -0         0         1
14	21	50
   0.8355  0.256563 -0.485917  0.775123
-0.309371  0.950465 -0.030098   1.64867
 0.454125  0.175475  0.873487   -1.7211
       -0         0         0         1
9	21	50
 0.760083 -0.331994  0.558618 -0.457686
  0.31956  0.939479  0.123535 -0.444119
-0.565823  0.084615  0.820173   1.03054
       -0        -0         0         1
11	21	50
   0.921841    0.168536   -0.349004    0.566237
  -0.181044     0.98347 -0.00327701    0.353368
   0.342683    0.066206    0.937115   -0.341273
         -0           0           0           1
10	21	50
  0.99217 -0.039239  0.118572  0.176312
   0.0426  0.998755 -0.025945  0.101262
-0.117406  0.030793  0.992606  0.205847
        0         0         0         1
8	22	50
 0.222166 -0.694906  0.683921  0.446144
 0.582768  0.657006  0.478252  -1.31328
 -0.78168  0.292316  0.550933    1.7219
       -0        -0         0         1
14	22	50
 0.963074  0.054481 -0.263669  0.261793
-0.101937  0.980192 -0.169801    1.3028
 0.249195  0.190408  0.949551  -1.49101
       -0         0         0         1
11	22	50
 0.790776 -0.275422   0.54664 -0.428848
   0.3385  0.940836 -0.015641  -0.41005
-0.509991  0.197406  0.837222  0.768898
        0         0         0         1
10	22	50
  0.77957 -0.438681  0.447024  0.160802
 0.514417  0.855613 -0.057453 -0.494903
-0.357276  0.274745  0.892675  0.472693
        0         0         0         1
14	23	50
 0.990786 -0.023374  0.133402  0.238065
 0.065239  0.945554 -0.318859  0.457319
-0.118685  0.324625  0.938367  0.006568
        0         0         0         1
13	24	50
 0.956773  0.106444 -0.270657  0.053149
 -0.12881  0.989456  -0.06621 -0.022693
 0.260755  0.098212  0.960396 -0.006247
        0         0         0         1
8	24	50
-0.521152 -0.276866  0.807308  0.823323
 0.277202  0.839724  0.466929   -1.3596
-0.807193  0.467128 -0.360876   3.23863
        0         0         0         1
10	24	50
 0.360067 -0.482789   0.79829  0.829852
 0.462076  0.835643  0.296961  -1.38797
-0.810455  0.261945  0.523973   1.92868
        0         0         0         1
11	25	50
 0.999428  0.021415 -0.026174  0.127195
-0.022846  0.998189  -0.05565 -0.106906
 0.024935  0.056216  0.998107  -0.04751
        0         0         0         1
12	25	50
 0.972378  0.150678 -0.178262  0.920689
-0.148794  0.988578   0.02397  0.201026
 0.179837  0.003217  0.983691 -0.407703
        0         0         0         1
14	26	50
 0.030974  0.302605 -0.952613   2.50667
-0.622105  0.751801  0.218587   1.45634
 0.782321  0.585855  0.211539  -1.29725
        0         0         0         1
14	28	50
-0.858864 -0.406503 -0.311621   3.41246
 0.505481  -0.57443 -0.643832   2.62661
 0.082715 -0.710483  0.698837    1.6656
        0         0         0         1
0	45	50
-0.121005  0.103605  -0.98723   3.10006
-0.985048 -0.135396  0.106528   3.32334
 -0.12263   0.98536   0.11844  0.688739
        0         0         0         1
0	47	50
 0.490406  0.129016 -0.861892   1.82944
-0.245643  0.969346  0.005332  0.546103
 0.836159  0.209103  0.507064 -0.467638
        0         0         0         1
8	32	50
 0.998968  0.016843 -0.042186  0.036452
-0.019578  0.997674 -0.065291  0.106427
 0.040989  0.066049  0.996974 -0.305495
        0         0         0         1
11	33	50
-0.763097    0.3898 -0.515499    2.3233
 0.351671 -0.418765 -0.837236   2.83576
-0.542227 -0.820178  0.182477   3.75013
        0         0         0         1
14	33	50
 0.250547   0.52004 -0.816569   2.33935
 -0.61694  0.735784  0.279296  0.945516
 0.746064  0.433797  0.505182 -0.417267
        0         0         0         1
9	33	50
 0.998637  -0.00401 -0.052043  0.381256
 0.009897  0.993506   0.11335 -0.068285
 0.051251 -0.113711  0.992191  0.440935
        0         0         0         1
0	48	50
 0.952686 -0.120533 -0.279035   1.09245
 0.076279  0.983443 -0.164379  0.194986
 0.294228  0.135318  0.946107  0.551344
        0         0         0         1
13	34	50
 0.287288  0.566272  -0.77253  0.897166
-0.371524  0.809266  0.455038  0.452469
 0.882857  0.156286  0.442875 -0.155238
        0         0         0         1
14	34	50
 0.862915  0.355213 -0.359446  0.333897
-0.373072  0.927564  0.021015   1.32516
 0.340875  0.115965  0.932929 -0.457525
        0         0         0         1
11	34	50
 0.985675  0.094088 -0.139972  0.381076
-0.075738  0.988472  0.131097  0.058176
 0.150693 -0.118618  0.981439  0.564247
        0         0         0         1
11	36	50
-0.916886 -0.237837 -0.320553    3.8764
 0.062963 -0.879216  0.472245   1.41312
-0.394153  0.412812  0.821115  0.745599
        0         0         0         1
9	36	50
 0.921079  0.282325  0.268153 -0.415258
-0.305294  0.096185  0.947388 -0.447662
 0.241679 -0.954485  0.174786   3.12586
        0         0         0         1
10	36	50
-0.989437   0.05236 -0.135175   2.75118
-0.102962 -0.910242  0.401073   1.58217
-0.102042  0.410754  0.906018  0.445034
        0         0         0         1
10	37	50
 0.927213 -0.343763  -0.14867    1.1148
 0.203253   0.12843  0.970667  -1.52563
-0.314586 -0.930232  0.188953   4.22724
        0         0         0         1
8	38	50
 0.999559 -0.013341  0.026512  0.223715
 0.006135  0.966863  0.255222 -0.590394
-0.029038 -0.254947  0.966519  0.256251
       -0        -0        -0         1
12	38	50
 0.974346  0.096013 -0.203548  0.642401
-0.047519  0.971808  0.230936 -0.471632
 0.219982  -0.21534  0.951439  0.152066
        0         0         0         1
12	40	50
-0.910971  0.257599 -0.322141   3.41092
-0.231266  0.327704  0.916038  0.006477
 0.341537  0.908984 -0.238955  0.901199
        0         0         0         1
11	40	50
-0.860625  0.374374 -0.345208   3.07593
-0.182645  0.405864  0.895497 -0.199613
 0.475359  0.833738 -0.280919  0.874786
        0         0         0         1
11	42	50
0.996971 0.067291 -0.03899  -0.0346
-0.068167  0.99744  -0.0216 0.413907
0.037437 0.024192 0.999006 0.051007
       0        0        0        1
13	42	50
 0.509615  0.494508 -0.704099   1.04626
-0.299676   0.86911  0.393499  0.367796
 0.806528  0.010468  0.591104 -0.461903
        0         0         0         1
12	42	50
  0.69636  0.428492 -0.575741  0.347405
-0.426686  0.892216  0.147948  0.950832
  0.57708  0.142636  0.804135  -0.54454
        0         0         0         1
10	42	50
 0.996948  0.020422  0.075344 -0.092347
-0.021599  0.999656  0.014844  0.361765
-0.075015 -0.016426  0.997047  0.219221
        0         0         0         1
10	43	50
  0.79965 -0.270929  0.535871  0.203941
  0.31445  0.949214  0.010672 -0.445052
-0.511548  0.159971  0.844232  0.910694
        0         0         0         1
14	44	50
 0.954229  0.257802   0.15161 -0.833695
-0.091843  0.735021 -0.671796   1.55758
-0.284627  0.627122  0.725055  0.206651
        0         0         0         1
9	46	50
 -0.99321  0.065993 -0.095801   3.19327
 0.000524 -0.820975 -0.570964    3.6181
 -0.11633 -0.567137  0.815367   1.92025
        0         0         0         1
8	48	50
-0.649891 -0.616573  0.444388   1.57009
-0.758362   0.48738 -0.432837   2.00335
  0.05029 -0.618304 -0.784329   4.22069
        0         0         0         1
9	49	50
 0.855062 -0.508978  -0.09905   1.29353
 0.512217  0.799395   0.31401  -0.82926
-0.080644 -0.319233  0.944239   1.04688
        0         0         0         1
20	21	50
 0.943207 -0.189943  0.272549 -0.384178
 0.204913    0.9784 -0.027281 -0.274376
 -0.26148   0.08158  0.961755  0.371357
        0         0         0         1
21	22	50
 0.970243  -0.12712  0.206081 -0.239503
 0.147645  0.985169 -0.087424 -0.189883
-0.191911  0.115249  0.974622  0.263452
        0         0         0         1
22	23	50
 0.889922 -0.146625  0.431903 -0.295102
  0.18445  0.981728 -0.046771 -0.532827
-0.417153  0.121287  0.900707   1.04242
        0         0         0         1
17	18	50
 0.884499 -0.241221  0.399342 -0.136593
 0.236089  0.969698   0.06283 -0.466512
-0.402397  0.038707  0.914647  0.863285
        0         0         0         1
16	17	50
 0.805313  0.243999 -0.540311  0.736077
-0.262902  0.963845  0.043416   1.06658
 0.531369  0.107085  0.840345  -1.39836
        0         0         0         1
18	19	50
 0.943253 -0.168969  0.285874 -0.379201
 0.151301  0.984999   0.08297 -0.299267
-0.295605 -0.035009  0.954669  0.607455
       -0        -0        -0         1
19	20	50
 0.936512 -0.177148  0.302595 -0.445048
 0.151329  0.982682  0.106938 -0.282029
-0.316298 -0.054357  0.947101  0.527635
        0         0         0         1
21	23	50
 0.982774  0.140027 -0.120615 -0.381245
-0.167032   0.95229  -0.25543  0.465779
 0.079093  0.271177  0.959274  -0.32912
        0         0         0         1
20	22	50
 0.768619 -0.337218  0.543607 -0.507713
 0.384799  0.922569  0.028225 -0.785396
-0.511032  0.187486  0.838865   1.01895
       -0        -0         0         1
16	18	50
  0.99646  0.082996  0.013401 -0.906008
-0.083645  0.994761  0.058776  0.524323
-0.008453 -0.059689  0.998181 -0.083386
        0         0         0         1
17	19	50
 0.704576 -0.375648  0.602048 -0.202967
 0.335265  0.923953  0.184141 -0.726972
-0.625436  0.072104  0.776937   1.46646
       -0        -0         0         1
18	20	50
 0.780168 -0.360534  0.511228 -0.216785
 0.284127  0.932282  0.223878 -0.511611
-0.557324 -0.029409  0.829774  0.913536
       -0        -0        -0         1
22	24	50
-0.154027 -0.349948  0.924019  0.528931
 0.385605  0.839733  0.382305  -1.46491
-0.909717  0.415192    0.0056   2.88659
        0         0         0         1
19	21	50
 0.761426 -0.301747  0.573741 -0.707626
 0.289762  0.950145  0.115159  -0.56167
-0.579887  0.078563    0.8109   1.10307
       -0        -0         0         1
21	24	50
   0.3248 -0.325942  0.887844  0.032726
 0.437525  0.884035  0.164484  -1.43217
-0.838497  0.335029  0.429742   2.18532
        0         0         0         1
17	20	50
 0.473087  -0.49672  0.727638 -0.201538
 0.376355    0.8607   0.34286 -0.948826
-0.796583  0.111648   0.59413   1.97468
       -0        -0         0         1
18	21	50
 0.586592 -0.502489  0.635149 -0.605575
 0.484077  0.846277  0.222451 -0.969503
-0.649291  0.176973  0.739663   1.43025
       -0        -0         0         1
19	22	50
 0.871783  -0.22762  0.433801 -0.621069
 0.228069  0.972265   0.05182 -0.409507
-0.433565  0.053761  0.899517  0.561883
       -0        -0         0         1
21	25	50
-0.999188 -0.026543   0.03031   3.19312
-0.010294 -0.559146 -0.829005   4.92173
 0.038952 -0.828644  0.558419   2.29769
        0         0         0         1
16	20	50
 0.735126 -0.425544  0.527733  -1.19237
 0.381991  0.903115  0.196129 -0.232167
-0.560065   0.05741  0.826457  0.782977
        0         0         0         1
17	21	50
 0.180459 -0.499019  0.847593  0.104464
 0.421137  0.817956  0.391907  -1.09367
-0.888864   0.28623  0.357763   2.27876
       -0        -0         0         1
18	22	50
  0.48377 -0.377261   0.78971 -0.887712
 0.354867  0.909375  0.217039  -1.00835
-0.800023  0.175245  0.573806   2.02961
       -0        -0         0         1
20	25	50
 0.986374 -0.072142  0.147857 -0.180582
 0.080484  0.995439 -0.051228 -0.157914
-0.143487   0.06243  0.987681 -0.250143
        0         0         0         1
22	26	50
 0.891717 -0.148901  0.427398 -0.522816
 0.148284  0.988327  0.034944 -0.399413
-0.427612  0.032216  0.903388   0.78771
        0         0         0         1
17	22	50
 0.248438 -0.449634  0.857967 -0.129506
 0.391449  0.856793  0.335668  -1.16772
-0.886028  0.252457  0.388869   2.33993
       -0        -0         0         1
16	22	50
 0.632173  0.279276 -0.722746  0.931988
-0.361617  0.931308  0.043567  0.848859
 0.685267  0.233815  0.689739 -0.882498
       -0         0         0         1
15	27	50
-0.600435 -0.322708  0.731668   1.65667
-0.408311 -0.662979 -0.627488    4.1253
 0.687575 -0.675514   0.26631   0.15804
        0         0         0         1
20	27	50
 0.563202  0.287801  -0.77458    1.7948
-0.466316  0.884557 -0.010397  0.572753
 0.682168  0.367054  0.632391 -0.719127
        0         0         0         1
17	24	50
 0.536075 -0.320615  0.780916 -0.173172
 0.363197   0.92267   0.12949 -0.987219
-0.762045   0.21421  0.611066    1.4708
        0         0         0         1
15	28	50
-0.783445  0.095368    0.6141   1.84355
 0.364878  0.870493  0.330311  -1.19842
-0.503069  0.482852 -0.716781    2.6487
        0         0         0         1
17	25	50
-0.922089  0.157895 -0.353301   2.69099
-0.194539  0.600085   0.77592  -1.00722
 0.334525  0.784198 -0.522615   1.52591
        0         0         0         1
17	26	50
 0.462646 -0.392679  0.794835 -0.386247
 0.366599  0.901049  0.231767  -0.83526
-0.807195   0.18416  0.560823   1.36998
        0         0         0         1
15	29	50
 0.184313 -0.894109 -0.408165   2.25953
 0.865229  0.344608 -0.364176   0.11233
  0.46627 -0.286034  0.837124  0.061957
        0         0         0         1
17	27	50
 0.962983  -0.09822   0.25103 -0.526019
 0.144073   0.97462 -0.171345 -0.198632
-0.227829  0.201169  0.952694  0.521666
        0         0         0         1
16	26	50
-0.926276  0.109688 -0.360528   3.17326
 0.200097 -0.667537 -0.717186   4.31022
-0.319333 -0.736453  0.596376   1.88939
        0         0         0         1
16	27	50
 0.912856  0.313759 -0.261245 -0.811218
-0.271759  0.944469  0.184729  0.624567
 0.304699 -0.097635  0.947431 -0.398663
        0         0         0         1
15	31	50
 0.940174  0.007221 -0.340618 -0.109333
-0.103357  0.958704 -0.264962  0.831215
 0.324638  0.284315  0.902095 -0.640894
        0         0         0         1
22	31	50
 0.985436 -0.037083  0.165957  0.792021
  0.05753  0.991088 -0.120148 -0.307422
-0.160022  0.127946  0.978786  0.788794
        0         0         0         1
18	31	50
  0.91155 -0.243907  0.331038  0.444762
 0.303054   0.94264 -0.139961 -0.444573
-0.277912  0.227903   0.93318  0.795787
        0         0         0         1
22	32	50
 0.213836  0.302553 -0.928836   2.81071
-0.409862  0.890878  0.195831   0.18823
 0.886729  0.338818  0.314506  -0.33558
        0         0         0         1
18	32	50
  0.98859  0.053857 -0.140672   0.07347
-0.060241   0.99732 -0.041526  0.016889
 0.138059  0.049526  0.989185 -0.299198
        0         0         0         1
17	31	50
 0.469548  -0.35157  0.809891  0.574093
 0.365745  0.912346  0.183998 -0.776862
-0.803589  0.209818  0.556975   1.51923
        0         0         0         1
17	32	50
 0.974909 -0.156717  0.158086 -0.123126
 0.163789  0.985954 -0.032667 -0.361507
-0.150746   0.05774  0.986885  0.368284
        0         0         0         1
20	33	50
  0.91107   0.15328 -0.382696  0.640216
-0.202057  0.975189  -0.09044  0.153834
 0.359339  0.159723  0.919437 -0.047841
        0         0         0         1
19	33	50
 0.982843 -0.162834 -0.086627  0.443253
 0.144427  0.971563 -0.187631 -0.296174
 0.114716    0.1719  0.978412 -0.018067
        0         0         0         1
22	33	50
 0.458182  0.473926 -0.751974   1.55333
-0.393435  0.866744  0.306536   0.21795
 0.797043  0.155404  0.583585 -0.111164
        0         0         0         1
21	33	50
-0.472718  0.423584 -0.772732   2.29702
-0.499907  0.593232  0.631006 -0.269881
 0.725693  0.684582 -0.068679  0.770597
        0         0         0         1
17	33	50
 0.991501 -0.076164   0.10547 -0.224069
 0.061066  0.988318  0.139638 -0.185258
-0.114873  -0.13201   0.98457   0.55427
        0         0         0         1
15	34	50
 0.867453 -0.478413  0.136552  0.397301
-0.469593 -0.877981 -0.092912   2.69012
  0.16434  0.016473 -0.986266   3.18109
       -0         0         0         1
22	34	50
 0.926086  0.362567 -0.104455 -0.246488
-0.361352  0.931914  0.030997  0.618654
 0.108582   0.00904  0.994046  0.521933
        0         0         0         1
15	35	50
  0.87721 -0.348352  0.330383  0.315781
 0.402801  0.908455 -0.111624  -0.19805
-0.261254  0.230997  0.937223  0.232732
        0         0         0         1
15	36	50
-0.996378  0.078577 -0.032494     2.456
 0.009632  0.483988  0.875022 -0.879442
 0.084484   0.87154 -0.482992  0.962313
       -0         0        -0         1
21	36	50
-0.980067 -0.183521 -0.076086   3.00894
-0.128678  0.878183 -0.460691  0.111499
 0.151364 -0.441717 -0.884294   4.22944
        0         0         0         1
17	36	50
 0.784991  0.523157  0.331806 -0.773985
-0.338528 -0.086315  0.936989   1.09661
 0.518833 -0.847854  0.109347   2.33069
        0         0         0         1
15	37	50
-0.979663 -0.200484 -0.008178    2.5955
 -0.09157  0.410444  0.907277  -1.14173
-0.178538  0.889574 -0.420455  0.954003
        0         0         0         1
19	37	50
  0.93707  0.340782  0.075945 -0.449938
 0.111938 -0.087201 -0.989882   2.60705
-0.330711   0.93609  -0.11986   1.03313
        0         0         0         1
17	38	50
 0.485885 -0.590382  0.644488    0.4881
 0.411333  0.805077  0.427383  -1.19198
-0.771182   0.05744  0.634019   1.24232
        0         0         0         1
16	38	50
 0.950073  0.274168 -0.148976  -0.25834
-0.205877  0.909568  0.360972 -0.072843
 0.234471 -0.312279    0.9206  -0.12554
        0         0         0         1
20	38	50
 0.862213 -0.341582  0.374046  0.191367
 0.296886  0.939071  0.173216 -0.844046
-0.410423   -0.0383  0.911091  0.392801
        0         0         0         1
21	38	50
 0.803161 -0.406232  0.435785  0.748035
 0.358619  0.913765  0.190854 -0.828451
-0.475737  0.002994  0.879583  0.343204
        0         0         0         1
19	38	50
 0.906861 -0.279455   0.31545  0.066389
 0.185917  0.937035  0.295636  -0.77685
-0.378204 -0.209453  0.901715  0.453041
        0         0         0         1
20	39	50
 0.657331  0.581773 -0.479016  0.565843
-0.492213  0.812764  0.311675   0.69974
 0.570651  0.030904  0.820611 -0.611131
        0         0         0         1
17	39	50
-0.104145  0.736479 -0.668395   1.71816
-0.432089  0.571807  0.697378  0.172727
 0.895797  0.361435  0.258674 -0.094128
        0         0         0         1
21	39	50
 0.970077  0.217005 -0.108899 -0.215201
 -0.19847  0.967095  0.159174  0.285555
 0.139857 -0.132798  0.981226  0.047445
        0         0         0         1
18	40	50
-0.712394   0.46013 -0.529882   3.36555
-0.289854  0.494722  0.819289  0.043665
 0.639124  0.737245 -0.219066  0.224751
        0         0         0         1
17	40	50
 0.049712  0.649588 -0.758659   1.64315
-0.437332  0.697064  0.568192  0.522027
 0.897925   0.30354  0.318738 -0.654394
        0         0         0         1
16	40	50
-0.992986  0.098983 -0.064662   2.74774
 0.027415 -0.339243 -0.940299   4.05885
 -0.11501 -0.935477   0.33415   2.12688
        0         0         0         1
20	40	50
-0.389958  0.599059 -0.699329   2.39339
 -0.49136  0.506924  0.708232  0.463055
  0.77878  0.619803  0.096675 -0.367385
        0         0         0         1
22	40	50
-0.848511  0.365471 -0.382701   3.39181
-0.197678  0.451936  0.869872  0.013273
 0.490869  0.813747 -0.311227  0.378473
        0         0         0         1
21	41	50
  -0.3225  0.569249 -0.756273   2.54176
-0.464706  0.600837  0.650418  0.315696
 0.824647  0.561205  0.070763 -0.296945
        0         0         0         1
22	41	50
-0.374189  0.626004 -0.684179   2.47774
-0.412876  0.548161   0.72736  0.260097
 0.830371  0.554651  0.053346 -0.050697
        0         0         0         1
20	42	50
 0.984733 -0.087349  0.150571 -0.249117
 0.083235  0.995969  0.033426 -0.160245
-0.152884 -0.020382  0.988034  0.556629
        0         0         0         1
15	42	50
 0.913912 -0.211853  0.346241  -1.43783
 0.257563  0.961942 -0.091266  0.613503
-0.313729  0.172588  0.933696  0.160125
        0         0         0         1
16	42	50
 0.571042  0.495169 -0.654766  0.217001
-0.424595  0.860782  0.280666   1.13179
 0.702588  0.117738  0.701789 -0.953987
        0         0         0         1
17	42	50
 0.936223  0.201747 -0.287723  0.239799
-0.168464  0.976231  0.136352  0.287449
 0.308393 -0.079185  0.947957 -0.096751
        0         0         0         1
21	42	50
 0.988307 -0.032673  0.148938 -0.329189
 0.019307  0.995725  0.090323 -0.235975
-0.151252 -0.086391  0.984713  0.892617
        0         0         0         1
22	42	50
 0.973552  0.154685 -0.168135 -0.140773
-0.120268  0.972694  0.198499  0.136749
 0.194249 -0.173028  0.965572  0.209421
        0         0         0         1
17	43	50
 0.952246 -0.164163  0.257445 -0.044672
 0.141881  0.984511  0.102991 -0.450806
-0.270365 -0.061546  0.960789  0.611538
        0         0         0         1
21	43	50
 0.770702 -0.357039   0.52777  -0.28179
 0.301128  0.934026  0.192137 -0.907986
-0.561552  0.010846   0.82737   1.32938
        0         0         0         1
20	43	50
 0.567883 -0.469065  0.676378  0.057623
 0.501697  0.848702  0.167348  -1.22362
 -0.65254  0.244303  0.717292   1.44555
        0         0         0         1
18	43	50
 0.982326 -0.072479  0.172577 -0.500012
 0.063795  0.996427  0.055351 -0.127618
-0.175971 -0.043363   0.98344  0.064501
        0         0         0         1
22	43	50
 0.948424 -0.162946  0.271919 -0.042104
 0.132044  0.982888  0.128437 -0.517912
-0.288194 -0.085908  0.953711   0.93924
        0         0         0         1
15	44	50
 0.499166 -0.522405  0.691322 -0.687617
 0.617403  0.774223  0.139257 -0.915751
-0.607986  0.357312     0.709   1.00287
        0         0         0         1
21	44	50
 0.520802 -0.302904  0.798132 -0.403195
-0.638795  0.481936  0.599732  0.101199
 -0.56631 -0.822184    0.0575   4.09173
        0         0         0         1
15	46	50
 0.809155 -0.079536  0.582187  -1.06638
 0.455986 -0.539909 -0.707514   2.95232
   0.3706  0.837958 -0.400603  0.179149
        0         0         0         1
15	47	50
-0.358875 -0.090379     0.929  0.136997
 0.787156 -0.564169  0.249195   1.06752
 0.501591  0.820698  0.273609  -1.07507
        0         0         0         1
17	47	50
 0.478198  0.070693 -0.875403    1.9635
 0.296544 -0.951213  0.085174    2.5832
-0.826673 -0.300325 -0.475832   4.29118
        0         0         0         1
15	48	50
 0.641696 -0.184662 -0.744397   2.08797
 -0.27107  0.853333 -0.445357   1.48466
 0.717459  0.487568  0.497524 -0.402906
        0         0         0         1
21	48	50
-0.531122  0.724197  0.439828  -0.22124
-0.206155  0.393044 -0.896112   2.39564
-0.821833 -0.566618 -0.059458   3.44156
        0         0         0         1
15	49	50
 0.815609 -0.248778  -0.52239   1.75194
-0.024205  0.887386 -0.460392    1.0309
 0.578097  0.388144  0.717738 -0.448884
        0         0         0         1
25	26	50
 0.868387  0.216048 -0.446348   1.17155
-0.255687  0.966303 -0.029724  0.654284
 0.424886  0.139937  0.894365 -0.785168
        0         0         0         1
29	30	50
 0.862518 -0.174296  0.475062  0.329202
 0.220054  0.974585 -0.041962 -0.425211
-0.455674  0.140733  0.878951  0.669513
        0         0         0         1
26	27	50
 0.742944  0.191471 -0.641383   1.74196
-0.253294  0.967378 -0.004613  0.405498
 0.619577  0.165885  0.767207 -0.566359
       -0         0         0         1
23	24	50
  0.94842 -0.105979  0.298776 -0.125275
 0.108286   0.99408  0.008875 -0.289357
-0.297948  0.023936  0.954282  0.504611
       -0        -0         0         1
24	25	50
 0.988149  0.087634 -0.126026  0.980865
-0.074343  0.991523  0.106562  0.028092
 0.134296  -0.09593  0.986287 -0.033129
        0         0         0         1
28	29	50
 0.988424  0.055758  0.141101  0.098962
-0.099784  0.939483  0.327741  0.324995
-0.114288 -0.338026  0.934172  0.357901
        0         0         0         1
24	26	50
 0.232432  0.398796 -0.887095    3.2928
 -0.34474  0.886638  0.308264   0.21733
 0.909467  0.234167  0.343564 -0.279341
        0         0         0         1
29	31	50
 0.938894  0.018916 -0.343685  0.289219
-0.064711  0.990385 -0.122271  0.064155
 0.338068   0.13704  0.931091 -0.864794
       -0         0         0         1
30	31	50
 0.337214  0.282593  0.898013 -0.670358
-0.877173  0.440678  0.190712   1.97881
-0.341841 -0.852023  0.396486   2.75945
        0        -0         0         1
28	31	50
 0.829576 -0.491048  0.265849  0.252652
 0.462782  0.871025  0.164767 -0.344135
 -0.31247 -0.013656   0.94983  0.387046
        0         0         0         1
27	32	50
 0.984112  -0.04167   0.17259 -0.168659
 0.040576  0.999128  0.009866 -0.116074
-0.172851 -0.002706  0.984944   0.22665
        0         0         0         1
29	33	50
 0.379141 -0.584553  0.717321  0.902647
 0.906828  0.080439 -0.413754   1.00823
 0.184161  0.807358  0.560587  -1.18364
       -0         0         0         1
30	33	50
 0.547565  0.692581 -0.469577   1.15546
-0.540692  0.721146   0.43313  0.320742
 0.638612  0.016729  0.769347  -1.09229
       -0         0         0         1
25	33	50
-0.986445  0.104368 -0.126621   3.37655
 -0.06187  0.478137  0.876104  -0.57665
 0.151979  0.872062 -0.465199   1.83027
       -0         0        -0         1
23	31	50
-0.064808  0.620266 -0.781709   1.57183
  -0.9729  0.134964  0.187749   1.94975
 0.221957  0.772693  0.594711 -0.546564
       -0         0         0         1
29	34	50
 0.823364  0.187989  0.535474 -0.125376
-0.194089  0.979924 -0.045583  0.481943
-0.533293 -0.066398  0.843321  0.631306
        0        -0         0         1
30	34	50
 0.974694  0.083347 -0.207423 -0.880939
-0.017246  0.953164  0.301963  0.383817
 0.222876 -0.290744  0.930481  -1.06919
        0         0         0         1
28	34	50
-0.678991   0.35405  0.643133  0.613621
-0.724041 -0.467795 -0.506885   3.74452
 0.121392 -0.809825  0.573975   1.14044
        0         0         0         1
25	34	50
-0.798859 -0.326462 -0.505219   3.75222
-0.032503 -0.815253  0.578192   1.75379
-0.600639  0.478315  0.640662   1.50738
       -0         0         0         1
29	35	50
  0.81274  0.231653  0.534593 -0.288166
-0.131154  0.966751 -0.219526 -0.030958
-0.567672  0.108304    0.8161  0.585177
       -0         0        -0         1
30	35	50
 0.998428  -0.01294 -0.054542   0.27148
 0.016504  0.997722   0.06541 -0.388788
 0.053571 -0.066207  0.996367 -0.224739
        0         0        -0         1
25	35	50
-0.865835  0.233489 -0.442507   3.26496
-0.454111 -0.738003  0.499134   2.69519
-0.210029  0.633115  0.745019  0.591756
        0         0         0         1
28	35	50
-0.422845  0.231526 -0.876127   3.02976
-0.002205  0.966546  0.256484  -0.18524
 0.906199  0.110385 -0.408189  0.871332
        0         0         0         1
24	34	50
 0.387194  0.516919 -0.763463    1.2195
-0.343161  0.849357  0.401039  0.525274
 0.855758  0.106711  0.506252 -0.009308
        0         0         0         1
29	36	50
 0.856799 -0.479997 -0.188409   1.41416
 0.494807  0.868153  0.038423  -1.53331
 0.145125 -0.126147  0.981339 -0.310205
        0         0        -0         1
30	36	50
-0.083491  -0.48594 -0.869995   2.93609
 0.988068  0.073021 -0.135609 -0.065689
 0.129426 -0.870936  0.474046   1.35794
        0         0         0         1
23	34	50
 0.566044  0.456078 -0.686722   1.42412
-0.309889  0.889644  0.335415  0.347873
 0.763913  0.022948  0.644911  0.116812
       -0         0         0         1
28	36	50
 0.714892  -0.30813  0.627683    0.2585
-0.047707  0.874085  0.483425 -0.394254
-0.697606 -0.375541  0.610176   1.81815
        0         0         0         1
29	37	50
 0.903402  0.374338  0.209131 -0.716091
 0.393182 -0.917773 -0.055678    2.5693
 0.171092  0.132526 -0.976301   2.91107
       -0         0        -0         1
30	37	50
  0.80384   0.38953 -0.449564  0.168858
-0.303774  0.918601  0.252772 -0.663208
 0.511432 -0.066622  0.856737 -0.937923
        0         0         0         1
28	37	50
 0.807138  -0.21639  0.549275  0.123423
-0.142468   0.83151   0.53693 -0.825755
-0.572914 -0.511631  0.640315   1.72742
        0         0         0         1
29	38	50
  0.109469   0.877367   0.467165  -0.710691
 -0.905613    -0.1057   0.410721    2.56599
  0.409733  -0.468032   0.782985 -0.0124069
         0          0          0          1
30	38	50
 0.071292  0.938681 -0.337335 -0.057793
-0.688573  0.290997   0.66422   1.18469
 0.721655  0.184926  0.667096  -1.88806
       -0         0         0         1
29	40	50
 0.888199 -0.353907  0.293004 -0.449758
 0.254276  0.909782  0.328086 -0.324591
-0.382682 -0.216902  0.898058  0.396228
       -0        -0        -0         1
30	40	50
   0.995451 -0.00440401   -0.095174   -0.310104
   0.045394    0.900185    0.433137    0.035873
   0.083766   -0.435486    0.896289   -0.501608
          0           0          -0           1
29	41	50
 0.487162 -0.477609  0.731137  0.272088
 0.365059  0.871917  0.326331  -0.50631
 -0.79335  0.107932  0.599121  0.956477
       -0        -0         0         1
23	41	50
 0.042041  0.598008 -0.800387   2.19454
-0.362698  0.755581   0.54548  0.483754
 0.930958  0.267366  0.248661 -0.557831
       -0         0         0         1
24	41	50
-0.979965 -0.199168 -0.000295   3.38951
-0.115637  0.567759  0.815033 -0.103665
-0.162161  0.798738 -0.579415    2.3751
        0         0         0         1
30	42	50
 0.985573  0.099268 -0.137081  0.075939
-0.055805   0.95524  0.290523  0.285358
 0.159785 -0.278681  0.946998 -0.608233
        0         0         0         1
29	42	50
 0.914023 -0.243292  0.324607  0.264422
 0.161706  0.952386   0.25848 -0.158908
-0.372038 -0.183766  0.909845  0.293872
       -0        -0        -0         1
25	42	50
 0.990455  0.102326 -0.092352  -0.18318
-0.098992  0.994284  0.040002  0.407617
 0.095917 -0.030478  0.994923   0.27407
        0         0         0         1
23	42	50
 0.758371  0.403716 -0.511749  0.675107
 -0.26642  0.908513  0.321907  0.528067
  0.59489 -0.107785  0.796548  -0.47193
        0         0         0         1
24	42	50
 0.694905  0.470904 -0.543468  0.731846
-0.284971  0.874217  0.393112  0.435982
 0.660225 -0.118303  0.741691  0.040213
        0         0         0         1
26	43	50
 0.974887 -0.147491  0.166856 -0.652509
 0.131544   0.98595  0.102948 -0.358126
-0.179695 -0.078414  0.980592  0.661358
       -0        -0        -0         1
29	43	50
 0.486811 -0.843823  0.225782   2.05107
 0.621045  0.516115  0.589855 -0.529402
-0.614262 -0.146927  0.775303  0.923094
       -0        -0        -0         1
30	43	50
 0.883583  -0.42763  0.190821  0.077411
 0.286277  0.815771  0.502557 -0.584056
-0.370575 -0.389423  0.843222  0.086044
       -0        -0        -0         1
23	43	50
 0.989008  0.056945 -0.136454   0.34947
-0.034556  0.986324  0.161155 -0.077107
 0.143765 -0.154668   0.97745   0.13217
        0         0         0         1
24	43	50
 0.902996  0.189002 -0.385846  0.515312
-0.162424   0.98157  0.100689  0.259042
 0.397765 -0.028252  0.917052 -0.178834
        0         0         0         1
25	44	50
-0.487148  0.376108 -0.788181   3.77625
 -0.82297 -0.499717  0.270192   3.36644
-0.292246  0.780273  0.552962   1.10378
        0         0         0         1
29	44	50
 0.488109 -0.688442  0.536467 0.0632821
 0.550956   0.71976  0.422367  -1.04267
-0.676903  0.089408  0.730622   1.32247
       -0        -0         0         1
28	44	50
 0.160854  0.066686 -0.984723   2.71911
-0.076171  0.995578  0.054979  0.314607
 0.984035  0.066164  0.165222  -0.44212
        0         0         0         1
30	44	50
 0.579832  -0.80228 -0.141921    1.0831
 0.570147  0.275125  0.774105    -1.005
-0.582003 -0.529766  0.616944   1.67251
        0         0         0         1
24	45	50
 0.999439  0.016418 -0.029204 -0.376333
-0.022973  0.970324 -0.240713  0.401695
 0.024385  0.241249  0.970157 -0.276562
        0         0         0         1
29	46	50
 0.988896 -0.103735 -0.106416 -0.062176
-0.137714 -0.370518 -0.918559   3.51282
 0.055858  0.923014 -0.380689  0.096908
       -0         0        -0         1
25	46	50
 0.992486 -0.005012 -0.122255   0.16031
-0.053055  0.882717   -0.4669   1.07576
 0.110257  0.469878  0.875819 -0.301052
        0         0         0         1
26	47	50
 0.461723  0.092162 -0.882223   2.52687
-0.282563  0.958057 -0.047799  0.472275
 0.840815  0.271353  0.468399 -0.401288
        0         0         0         1
29	48	50
 0.612149  0.140478 -0.778164   2.60979
-0.251853  0.967481 -0.023468 -0.013641
 0.749562  0.210349  0.627623 -0.657392
       -0         0         0         1
30	48	50
-0.175467 -0.248624  0.952574 -0.731489
 0.207397  0.936536  0.282641 -0.488187
-0.962392  0.247155 -0.112767   1.71519
        0         0         0         1
28	48	50
-0.988052  0.082786  0.129997   2.55437
 0.076889  0.995798  -0.04975   0.50881
-0.133569 -0.039161 -0.990265   3.06674
        0         0         0         1
29	49	50
 0.506808  0.843181 -0.179421   0.19229
-0.847049  0.525748  0.078085  0.966037
  0.16017  0.112404  0.980669  -0.50063
       -0         0         0         1
30	49	50
 0.499591  0.353847 -0.790696   1.32736
-0.457519  0.882858  0.106012   0.08489
 0.735584  0.308796   0.60296   -1.0248
       -0         0         0         1
28	49	50
 0.472984  0.294848 -0.830272   2.26128
  0.03952 -0.948495 -0.314318    3.6542
-0.880184  0.115855 -0.460275   2.65788
        0         0         0         1
31	32	50
 0.867188   0.18949  -0.46052 -0.276895
-0.172594  0.981821  0.078983  0.308995
 0.467115   0.01099  0.884128  -1.14477
        0         0         0         1
36	37	50
 -0.97805 -0.198306   0.06397   2.67961
-0.059367  0.559481  0.826714  -1.03595
-0.199733   0.80477 -0.558974   1.29144
        0         0         0         1
32	33	50
 0.996196  0.033504 -0.080444  -0.02842
-0.014348  0.973599  0.227814 -0.059749
 0.085953 -0.225793  0.970376  0.546809
        0         0         0         1
35	36	50
-0.682981  0.355242  0.638232  0.398944
 0.730341  0.317993  0.604552  -1.12522
 0.011809  0.879024 -0.476631  0.846436
       -0         0         0         1
34	35	50
 0.987355 -0.143005  0.068404   0.00516
 0.150778  0.980414  -0.12671 -0.687911
-0.048944  0.135421  0.989579 -0.114172
        0         0         0         1
33	34	50
  0.74498 -0.379919   0.54833  0.360834
  0.36883  0.919496  0.135982 -0.558995
 -0.55585  0.100937  0.825132   1.04902
        0         0         0         1
37	38	50
 0.408001 -0.392886 -0.824122    3.2697
 0.117506   0.91776 -0.379352   1.68592
 0.905388  0.057936  0.420613  -0.47546
       -0         0         0         1
31	33	50
-0.749257   0.03178  0.661517    1.1791
-0.488195 -0.701461 -0.519247    3.7149
 0.447527 -0.711999  0.541089  0.548884
        0         0         0         1
35	37	50
-0.789683  0.004051  0.613501  0.710854
 0.519662   0.53596  0.665356  -1.59248
-0.326117  0.844234 -0.425344  0.991536
        0         0         0         1
36	38	50
 0.428039  0.821848  0.375964  -2.09153
 0.819632 -0.177743 -0.544619   1.28796
-0.380769   0.54127 -0.749694    2.9634
       -0         0        -0         1
34	36	50
 0.693976  0.293101  0.657639 -0.616637
 0.287748 -0.950179  0.119836    1.7882
 0.659999  0.106071 -0.743741   2.19476
        0         0         0         1
33	35	50
 0.580497 -0.640432  0.502863  0.911535
 0.703144  0.705698  0.087058  -1.24608
-0.410624  0.303048  0.859971  0.706734
        0         0         0         1
31	34	50
 0.781836 -0.499349  0.373341 -0.246764
 0.311776  0.831676  0.459468 -0.402842
-0.539934  -0.24283  0.805919   1.39267
       -0        -0        -0         1
35	38	50
-0.931408 -0.328602  0.156521   2.99596
 0.017265 -0.469435 -0.882798   3.96722
 0.363566 -0.819544  0.442909   1.18474
        0         0         0         1
34	37	50
 0.878719  0.130807  0.459067 -0.510618
 0.128496 -0.991041  0.036427   2.60222
 0.459719  0.026979 -0.887655   3.12125
        0         0         0         1
36	39	50
   0.32453   0.799411  -0.505591   0.631704
  0.838835 0.00375599   0.544373  -0.950609
  0.437077  -0.600773  -0.669355    3.03537
         0          0          0          1
33	36	50
-0.688035 -0.299977 -0.660774    3.7227
-0.725357  0.257287  0.638482  0.363413
-0.021522  0.918595 -0.394612   1.39983
        0         0         0         1
31	35	50
-0.711207 -0.603738 -0.360116   3.41482
 0.692153 -0.690963 -0.208552   1.54997
-0.122916 -0.397579  0.909298   1.00515
        0        -0         0         1
31	36	50
-0.854675   0.36812  0.366084  0.926585
-0.519155 -0.609877 -0.598772   3.85442
0.00284701  -0.70181  0.712358   1.81274
        0         0         0         1
33	38	50
0.377268  0.63546 0.673691 -2.00834
-0.898637 0.075338 0.432176  1.87258
0.223876 -0.76845  0.59947  1.91611
       0        0        0        1
35	41	50
-0.771616 -0.626756  0.108564   3.17277
  0.62151 -0.706537  0.338425   1.12439
-0.135406  0.328607   0.93471 -0.482463
        0         0         0         1
33	39	50
 0.925595 -0.298248  0.233072  0.122617
 0.216686  0.922378  0.319791 -0.388204
-0.310357 -0.245493  0.918374  0.572363
        0         0         0         1
31	38	50
  0.853936   0.348103  -0.386805 0.00769599
  -0.15895   0.882274   0.443088  -0.369054
  0.495508  -0.316886   0.808737  -0.341769
         0          0          0          1
34	41	50
 0.857057  0.281177 -0.431732  0.105629
-0.254331  0.959631  0.120099  0.452809
 0.448073  0.006871  0.893971  -1.00039
        0         0         0         1
33	40	50
 0.821969 -0.393845  0.411405 -0.002616
 0.303915  0.914228  0.267998 -0.661818
-0.481667 -0.095253  0.871162   1.19079
        0         0         0         1
33	41	50
 0.993036  0.117221  0.011805  -0.09473
-0.117577  0.992404   0.03619  0.378568
-0.007473 -0.037326  0.999275 -0.205132
        0         0         0         1
34	42	50
 0.999719  0.023456  0.003454 -0.042626
-0.023678  0.995177  0.095198  0.010704
-0.001204 -0.095253  0.995452 -0.142709
        0        -0         0         1
36	43	50
-0.447371  0.426167 -0.786283   2.90406
 0.419114 -0.676756 -0.605265   2.66868
-0.790065  -0.60032  0.124148     2.396
        0        -0         0         1
37	43	50
-0.498128   0.79518 -0.345771   1.85567
 0.166022 -0.303924 -0.938119    3.5753
-0.851061 -0.524709  0.019375   2.88247
        0        -0         0         1
33	42	50
 0.707738 -0.557594  0.433816  0.641788
 0.488354  0.829853  0.269916 -0.683182
-0.510506  0.020826  0.859622  0.857771
       -0        -0         0         1
34	43	50
  0.80522 -0.432478  0.405688  0.498835
 0.399405  0.901248  0.168011 -0.631844
-0.438287  0.026748  0.898437  0.582758
        0         0         0         1
37	44	50
 0.504603 -0.456342   0.73289 -0.266317
-0.537713 -0.830259 -0.146748   4.02181
 0.675456 -0.320035 -0.664332   2.29795
        0         0         0         1
36	44	50
 0.370659  0.014978  0.928648  -1.23283
-0.316143 -0.938127  0.141316    2.6795
 0.873307 -0.345966  -0.34299  0.971613
        0         0         0         1
35	44	50
 0.766824  0.425672    0.4804  -1.71402
-0.060495  0.793052 -0.606143   1.51814
   -0.639  0.435744  0.633882  0.814875
        0         0         0         1
31	42	50
 0.445425  -0.89486  0.028676  0.924216
 0.826573   0.42332  0.370914 -0.810835
-0.344056 -0.141512  0.928224  0.540324
       -0        -0        -0         1
31	43	50
-0.376086 -0.799599 -0.468189   3.56341
 0.731983  -0.56619  0.378985  0.927325
 -0.56812 -0.200175  0.798229  0.947338
       -0        -0        -0         1
31	44	50
-0.465711   0.00884 -0.884893    3.4415
 -0.79171 -0.450904  0.412166   3.37934
-0.395358  0.892529   0.21699  0.734493
        0         0         0         1
37	46	50
 0.995083 -0.048746  0.086217 -0.340856
-0.057799   0.42109  0.905176 -0.777201
-0.080429 -0.905708  0.416202    2.8686
        0         0         0         1
33	47	50
-0.830431 -0.057211  0.554176   1.01934
 0.303526  0.787664   0.53615  -1.22788
-0.467178  0.613443 -0.636736   2.28113
        0         0         0         1
37	48	50
 0.644737 -0.293046 -0.706002   2.47568
 -0.12689  0.869753 -0.476894   2.11852
 0.753799  0.397056  0.523578 -0.084688
        0         0         0         1
36	48	50
 -0.35292 -0.792385  0.497567   1.38268
-0.079523  0.555264  0.827863 -0.663505
-0.932268  0.252602 -0.258977   2.49352
        0         0         0         1
35	48	50
 0.150633  0.568852 -0.808528   1.82805
-0.633259  0.683558  0.362948  0.576129
  0.75914  0.457335  0.463197 -0.425635
        0         0         0         1
33	48	50
-0.652301 -0.660324  0.372124   2.02076
-0.757557  0.583976 -0.291682   1.46094
-0.024707  -0.47217 -0.881161   3.98151
        0         0         0         1
34	48	50
  0.29653  0.049001 -0.953766   2.87515
-0.460285  0.882371 -0.097772  0.189949
 0.836784  0.467997  0.284204 -0.058445
        0         0         0         1
36	49	50
-0.705915  0.423365  0.567844  0.490988
 0.660306  0.683432  0.311316 -0.180133
-0.256282  0.594713 -0.761995   2.43534
        0         0         0         1
35	49	50
    0.457   0.62342 -0.634428  0.966022
-0.702922  0.690188  0.171873  0.905609
 0.545024  0.367408  0.753632 -0.615917
        0         0         0         1
37	49	50
-0.675048  0.586512  0.447564 -0.333912
 0.730749  0.615048  0.296176 -0.117706
-0.101563  0.526991 -0.843781   2.65325
        0         0         0         1
44	45	50
 0.868326  0.159441  0.469668  -0.23406
 0.051989   0.91245 -0.405872  0.945527
-0.493261  0.376847  0.784015  0.698678
       -0         0         0         1
43	44	50
 0.990205 -0.139199  0.010829 -0.476156
 0.138959  0.975013 -0.173321 -0.641731
 0.013568  0.173128  0.984806 -0.012709
        0         0         0         1
46	47	50
 0.553337 -0.036562  0.832155  0.687737
 0.012117  0.999284  0.035848 -0.215438
-0.832869 -0.009753  0.553384   1.85406
        0         0         0         1
40	41	50
  0.75189 -0.408445  0.517527  0.612492
 0.451529  0.891007    0.0472 -0.834917
-0.480398   0.19819  0.854364  0.808249
       -0        -0         0         1
41	42	50
 0.707083 -0.426827  0.563784  0.415957
 0.418755  0.895196   0.15254 -0.749369
-0.569806  0.128229  0.811714   1.01969
       -0        -0         0         1
42	43	50
 0.845088 -0.301667  0.441388   0.17272
  0.32955  0.944031  0.014237 -0.716571
-0.420978  0.133428  0.897204  0.471349
        0         0         0         1
42	44	50
-0.345388  0.765588 -0.542754   2.22459
-0.909193 -0.416286 -0.008621   3.58378
-0.232542   0.49049  0.839847  0.408679
        0         0         0         1
41	43	50
 0.137773 -0.524084  0.840449  0.560234
 0.581578  0.729663  0.359664  -1.41528
-0.801739  0.439235  0.405324   1.51628
       -0        -0         0         1
44	48	50
-0.315853  0.282483 -0.905781   3.38741
 -0.39223  0.830387  0.395744 -0.421688
  0.86394  0.480272 -0.151481   0.80556
       -0         0        -0         1
42	45	50
 0.429415 -0.083132  0.899273  0.135381
 0.543371  0.819138 -0.183743  -1.24885
-0.721353  0.567541  0.396921   1.50806
        0         0         0         1
39	40	50
 0.972538 -0.165883  0.163255 -0.336199
 0.182853   0.97854 -0.094994 -0.415718
-0.143993  0.122237     0.982  0.405443
        0         0         0         1
44	49	50
 0.059396   0.30794  -0.94955   2.75561
-0.352456  0.896433  0.268668 -0.392146
 0.933942  0.318716  0.161779  0.087107
       -0         0         0         1
48	49	50
 0.946425 -0.100439  0.306908 -0.350843
 0.090688  0.994821  0.045909 -0.386944
 -0.30993 -0.015617  0.950631  0.586139
        0         0         0         1
41	46	50
 0.078112  0.037266 -0.996248   2.61414
-0.586481  0.809811 -0.015691   1.14108
 0.806188  0.585506  0.085112 -0.928585
        0         0         0         1
39	42	50
 0.997136 -0.010812  0.074848 -0.120242
 0.030794  0.962006 -0.271284  0.336413
-0.069071  0.272812  0.959585 -0.208889
        0         0         0         1
40	46	50
-0.642221 -0.028517  0.765989   1.62949
 0.546127  0.684188  0.483356  -1.68768
-0.537864  0.728748 -0.423826   2.19027
        0         0         0         1
41	49	50
-0.071776  0.140139 -0.987527   2.27226
-0.375152  0.913586  0.156913 -0.450822
  0.92418  0.381735    -0.013  0.226641
        0         0         0         1
