2	3	53
  0.705112   0.524303  -0.477594  -0.684118
 -0.384547   0.848514    0.36376   0.853563
  0.595914 -0.0728279   0.799847  -0.855127
         0          0          0          1
3	4	53
     0.93386     0.086066    -0.351403 -0.000206314
    -0.19905     0.934508    -0.300101     0.599011
    0.302109     0.349677     0.888506     -1.03546
           0            0            0            1
4	5	53
  0.938127 -0.0205878   -0.34654   0.181605
-0.0958957   0.944317  -0.315701   0.127437
  0.333644   0.329301   0.883651   -1.12917
        -0          0          0          1
1	2	53
  0.964471 -0.0587125   0.257594  -0.116703
 0.0530572   0.998178  0.0288566  -0.166449
 -0.258818 -0.0141637   0.965826    1.23164
         0          0          0          1
2	4	53
  0.13625  -0.98117 -0.138561   2.98082
 0.943185 0.0855325  0.321781  0.545345
-0.303801 -0.174492  0.936865   1.00134
        0         0         0         1
0	1	53
  0.996152  0.0581113 -0.0905114  0.0762171
-0.0547698   0.999681  0.0390394  -0.370507
 0.0925716 -0.0338658   0.997081   0.236888
         0          0          0          1
2	5	53
  0.96523  0.258332 0.0431041 -0.946994
-0.181411  0.778184 -0.601485   1.52118
-0.188901  0.572676  0.797886 -0.476249
       -0         0        -0         1
4	7	53
-0.0676285    0.98819   0.146281  -0.215652
 -0.998865 -0.0648989 -0.0233721    3.70745
-0.0135866  -0.147512   0.990226   0.236553
        -0         -0          0          1
7	8	53
 0.988446 0.0590127 -0.140368 -0.205531
-0.0397882  0.990013  0.136033 -0.245813
 0.146978 -0.128862  0.980818 -0.225019
        0         0         0         1
1	4	53
-0.439281 -0.509456  0.739966   2.19567
-0.014251 -0.819633 -0.572766   4.63983
 0.898271 -0.262143  0.352779  0.352303
        0         0         0         1
0	2	53
 0.972397 0.0458999   0.22922 -0.371371
-0.0715692  0.992001  0.104967 -0.531034
-0.222545 -0.118462  0.967804   1.73463
        0         0         0         1
4	8	53
-0.606185    0.6176  0.501107    0.6475
-0.327633 -0.768038  0.550251    2.2782
 0.724704  0.169375   0.66792    -1.433
       -0         0         0         1
2	7	53
-0.0814312 -0.775845  0.625646   2.21167
 0.935667 -0.275765 -0.220186   2.20136
 0.343362  0.567467  0.748388  -1.36709
       -0         0         0         1
0	3	53
  0.467647  -0.140558   0.873361  -0.269311
0.00565765   0.988348   0.156035   -0.25735
 -0.884581 -0.0679866   0.462713    2.87633
         0          0          0          1
3	8	53
 0.753043  0.625223  0.205543 -0.441356
-0.0501624  0.365958   -0.9294   2.78224
-0.656228   0.68949  0.306911 -0.107477
       -0         0        -0         1
0	4	53
  0.573672  0.0203961  -0.818897    0.60501
  -0.14663   0.986154 -0.0781581   -0.01722
  0.805921   0.164903   0.568688  -0.359504
         0          0          0          1
2	8	53
-0.657074  0.406802 -0.636125   3.75866
  -0.6451 -0.740683  0.192677   2.83257
-0.392414   0.53646  0.748405  -1.07504
        0         0         0         1
3	9	53
  0.43138  0.854142 -0.290438  0.691999
-0.607802 0.0372455 -0.793215   4.40097
-0.666701  0.518705  0.535216 -0.399241
        0         0         0         1
5	10	53
 0.937448 -0.268142  0.224994  0.142112
 0.324042  0.421587 -0.847699   2.32619
 0.132362  0.867005  0.481785  -2.96717
       -0         0         0         1
3	10	53
-0.773857  0.613241 -0.158368   1.93682
 -0.54701 -0.521082  0.655174   3.01932
 0.319257   0.59364  0.738693  -2.73725
       -0         0         0         1
2	10	53
-0.123027 -0.327069  0.936983 -0.370528
 0.949647 -0.313017 0.0154261   1.54283
  0.28824   0.89168  0.349101  -2.83397
       -0         0         0         1
1	9	53
 0.884704 -0.149812  0.441424 -0.651272
 0.464828   0.21215 -0.859609   3.68542
0.0351325  0.965685  0.257327 -0.319832
       -0         0         0         1
0	7	53
-0.731516   -0.4246  0.533831   2.82534
  0.65641  -0.65102  0.381674    1.5004
 0.185442  0.629495  0.754802 -0.358726
        0         0         0         1
1	10	53
 -0.489083 -0.0900822   0.867572   0.266567
  0.790726  -0.465633   0.397414    1.46571
  0.368171   0.880381   0.298964   -1.83631
        -0          0          0          1
2	11	53
-0.533932  -0.83115  0.155869   4.09852
 0.127769 -0.261513 -0.956805   4.47878
 0.835931 -0.490907  0.245801 -0.542817
        0         0         0         1
4	11	53
 0.616541 -0.763597  0.192317   1.49568
 0.604459  0.302396  -0.73714   1.58708
 0.504674   0.57067  0.647941   -2.8369
       -0         0         0         1
3	11	53
-0.799492  0.586438 -0.130006   2.12183
 -0.54778 -0.622999  0.558399   3.20727
 0.246472  0.517651  0.819322  -2.02405
       -0         0         0         1
2	12	53
  0.965868   0.195877  -0.169575  -0.815462
 -0.177501   0.977079   0.117621   0.182118
  0.188725 -0.0835058   0.978486  -0.921277
         0          0          0          1
4	12	53
 0.330364 -0.861028  0.387214   2.67763
 0.893544  0.152736 -0.422724  0.617273
 0.304768  0.485537  0.819642  -1.77535
       -0         0         0         1
3	12	53
 0.231645 -0.952156  0.199562   2.61795
 0.796516 0.0678437  -0.60087   1.21309
 0.558559   0.29813   0.77409  -1.63299
       -0         0         0         1
0	10	53
-0.474711 -0.171017  0.863367  0.313731
 0.821569 -0.437968  0.364975  0.545291
  0.31571  0.882574  0.348411  -1.62926
       -0         0         0         1
4	13	53
 0.0878781   0.629933    0.77227   -0.75281
  0.996084 -0.0805327  -0.047657  -0.605878
 0.0321573   0.773071  -0.634245   0.107253
        -0          0         -0          1
3	13	53
-0.271643 -0.942761  0.193614   3.76418
 0.958792 -0.247591  0.139606  0.322261
-0.0836749  0.223551  0.971132 -0.393638
        0         0         0         1
0	11	53
-0.559111 -0.324664  0.762881   1.62102
 0.798292 -0.459281  0.389604  0.454822
 0.223887  0.826834  0.515965   -1.1016
       -0         0         0         1
0	12	53
  0.982085    0.17738 -0.0637512  -0.893755
 -0.164599   0.971875   0.168477   0.148359
 0.0918417  -0.154964   0.983651   0.732496
         0          0          0          1
3	14	53
 -0.889687 -0.0837047  -0.448834    5.42169
  0.308551  -0.834824  -0.455924    3.62633
 -0.336534  -0.544117   0.768558   0.619672
         0         -0          0          1
2	14	53
  0.56002 -0.255684  0.788038  0.197537
 0.289323  0.951657  0.103162  0.117934
-0.776318  0.170224  0.606921    1.4012
       -0        -0         0         1
4	15	53
  -0.42548   0.237134   0.873941    1.21886
 -0.904251 -0.0597136  -0.424033    3.84982
-0.0483406  -0.970176    0.23971    3.29887
        -0         -0          0          1
2	15	53
  0.983596 -0.0174169   0.179605  -0.755429
 0.0105437   0.999188  0.0391501  0.0531324
 -0.180139 -0.0366134   0.982971   0.562962
         0          0          0          1
1	15	53
-0.244413   0.87557  0.417682 -0.660509
-0.830922 0.0333445 -0.556126   4.06097
 -0.50065 -0.482787  0.719086   3.13797
        0         0         0         1
3	15	53
  0.559633  -0.145321    0.81592   0.549203
  0.299074   0.953595 -0.0352908  -0.657558
 -0.772916   0.263766   0.577116    1.29803
         0          0          0          1
4	16	53
  0.452708   -0.77816    0.45002    2.24829
    0.8783   0.275611  -0.406969 -0.0139411
  0.191417   0.575762   0.803028   -1.33309
        -0          0          0          1
6	16	53
-0.779152 -0.259118  0.570809   2.45331
0.0406173  0.887809  0.458462  0.320057
-0.625552  0.380387   -0.6812   1.52131
        0         0         0         1
3	16	53
   0.97514  -0.150478   0.163407  0.0885817
  0.165958   0.982538 -0.0855668  0.0332555
 -0.147659   0.110545   0.982964   0.418552
         0          0          0          1
7	16	53
-0.792575  0.347757    0.5013  0.970696
-0.0557225 -0.859646  0.508247   3.05049
 0.607561  0.374813  0.700568  -1.05221
        0         0         0         1
0	15	53
-0.704147 -0.625337 -0.336348   4.74222
 0.705051   -0.6719 -0.226834   2.08544
-0.0841443 -0.396867  0.914011   2.35703
        0         0         0         1
2	17	53
 0.963694 0.0419425  0.265928 -0.723185
-0.0741666  0.991489  0.112392   1.32649
-0.258798  -0.12796  0.958036  -1.11083
        0        -0         0         1
6	17	53
  0.66193  0.370088 -0.651953  0.981867
-0.0574547  0.892205  0.448137  0.425652
 0.747467 -0.259158  0.611792   -1.0173
        0         0         0         1
7	17	53
 0.990936 0.0514556 -0.124338  0.365214
-0.084394  0.957364 -0.276396  0.400492
 0.104812  0.284375  0.952999  -0.70123
       -0         0         0         1
4	18	53
 0.944509  0.170702 -0.282599  0.670984
-0.124305  0.977277  0.174861 -0.188049
 0.305859 -0.129957  0.943748  -2.29267
        0         0         0         1
5	18	53
 -0.561023 -0.0121922   0.827724   0.723379
  0.186992  -0.975925   0.112366    3.07873
  0.806418   0.217814    0.54979   -2.59538
        -0          0          0          1
1	18	53
 0.901171  0.172429  0.398498  -1.66849
-0.0764676  0.966738 -0.245381   1.36353
-0.427417  0.190598  0.884098 -0.536744
       -0         0        -0         1
2	18	53
-0.862439 0.0967237 -0.496902   3.18866
0.0810556 -0.942562 -0.324156   4.79423
-0.499697  -0.31983  0.805034 -0.168462
        0        -0         0         1
3	18	53
-0.942723 -0.114034  0.318737   2.40316
-0.0707034 -0.855993 -0.515363   4.97949
 0.331056 -0.507538  0.797577 -0.868808
        0         0         0         1
3	19	53
 -0.985058  -0.171798 -0.0120811    3.11581
  0.152915  -0.840194  -0.520282    4.67152
 0.0792334  -0.514354   0.853909   -0.68607
         0          0         -0          1
2	19	53
 0.861373  0.140526  0.488517  -1.36459
0.00467741  0.958969 -0.284104   1.34076
-0.508306   0.24696  0.825224  -1.43135
       -0         0         0         1
4	19	53
 -0.932789  -0.217873   0.287118    2.41018
  0.196196  -0.975183  -0.102594     3.4216
  0.302345 -0.0393671   0.952385   -2.18132
         0          0          0          1
1	19	53
  0.73391 -0.239281  0.635756 -0.995566
 0.285244  0.957978 0.0312749  0.338539
-0.616503  0.158387  0.771299 -0.109683
       -0        -0         0         1
6	20	53
  0.920019   0.149573  -0.366879 -0.0231087
0.00839132   0.920012   0.396123 -0.0245667
  0.396108  -0.366895   0.843738  -0.966158
         0          0          0          1
7	20	53
  0.970024 -0.0773766   0.231022  -0.381839
  0.128922   0.967734  -0.217199  -0.343944
 -0.206729   0.240436   0.948556    -0.3795
         0          0          0          1
2	20	53
 0.661685 -0.200676  0.722655  -1.14128
 0.146482  0.979717  0.137937  0.590148
-0.735557 0.0145826  0.677548 -0.240408
       -0        -0         0         1
1	21	53
 0.239623 -0.402854  0.883634  0.286369
  0.94608 -0.108559  -0.30605   1.75125
 0.219163  0.909089  0.355027  -1.09713
       -0         0         0         1
3	21	53
-0.277668  0.874201 -0.398339    1.4506
-0.902574 -0.379406 -0.203497   4.13246
-0.329029  0.303026  0.894379  -1.18235
       -0         0        -0         1
7	21	53
 0.959608  0.153381 -0.236854 -0.220984
-0.184442  0.976334 -0.115011  0.459546
 0.213558  0.154015   0.96496   -1.3768
       -0         0         0         1
4	21	53
  0.429886   0.874812   0.223388  -0.705187
 -0.502066   0.437251  -0.746151    3.23487
 -0.750418   0.208606   0.627182 0.00481653
        -0          0         -0          1
0	21	53
-0.797633 -0.305334  0.520495   2.75237
 0.589937 -0.576063  0.566117  0.955086
  0.12696  0.758476  0.639498  -1.00219
       -0         0         0         1
4	22	53
 0.507265  0.749285  0.425809 -0.970983
-0.0612822  0.524202  -0.84942   2.78762
-0.859642  0.404774  0.311818  0.301113
       -0         0        -0         1
7	22	53
  0.948515   0.152855  -0.277473  0.0149695
 -0.178555   0.981478 -0.0696924   0.441684
  0.261676   0.115646   0.958222   -1.55036
        -0          0          0          1
1	22	53
 0.644918  0.570497 -0.508598  0.308808
-0.673573   0.10979 -0.730961   4.22495
-0.361162  0.813964  0.455063 -0.423728
        0         0         0         1
3	22	53
-0.245245   0.92473 -0.291086  0.903705
-0.849289 -0.349725 -0.395475   4.77972
-0.467507  0.150227  0.871131 -0.425132
       -0         0        -0         1
2	22	53
-0.0851388   0.452871  -0.887609    2.19696
 -0.941411  -0.328562 -0.0773375    4.28364
 -0.326628   0.828941   0.454268   -1.28278
        -0          0         -0          1
2	26	53
 0.208373 -0.591507   0.77891   0.50677
 0.915895 -0.161361 -0.367557  0.929994
 0.343098  0.789989  0.508135  -2.31928
       -0         0         0         1
3	26	53
 -0.79346   0.38842  0.468563   2.28839
-0.0808214 -0.830301  0.551424   2.86484
 0.603232  0.399663  0.690203  -2.52319
       -0         0         0         1
7	26	53
 0.464852  0.408769 -0.786993  0.685621
-0.555671  0.826756  0.101204   1.57595
 0.691144   0.38977  0.610686  -2.37419
       -0         0         0         1
5	27	53
  0.910792 -0.0895933  -0.403055   0.286082
 -0.278995   0.586072  -0.760727    2.99228
  0.304371   0.805305   0.508787     -2.557
        -0          0          0          1
4	27	53
 0.325658  0.945036 0.0292031  -1.14657
 -0.71682   0.26692 -0.644146   4.71663
-0.616537  0.188838  0.764345   1.12295
       -0         0        -0         1
2	27	53
-0.866001 -0.336948  0.369471    3.5755
 0.499382 -0.620716  0.604424    1.3671
0.0256765  0.707939  0.705807  -1.78254
       -0         0         0         1
7	27	53
 0.991036 0.0687352 -0.115344 -0.634747
-0.0981849  0.956994 -0.273316   0.53089
0.0915886  0.282166  0.955078  -1.17571
       -0         0         0         1
4	28	53
-0.253983  0.955154 -0.156537  0.916219
-0.926611 -0.193186  0.324656   3.60838
  0.27967  0.227356  0.933501  -2.21212
       -0         0         0         1
3	28	53
-0.657528  0.360085  0.664611   1.16214
 0.260067 -0.719328  0.647027   1.74063
 0.709742  0.597175   0.37863  -2.41566
       -0         0         0         1
2	28	53
  0.833303  0.0690837  -0.548504   0.290237
 -0.548431 -0.0217088  -0.835927    5.16558
-0.0696558   0.997385  0.0197968   -1.03683
        -0          0          0          1
7	28	53
-0.949642 -0.250861   0.19286   2.57973
  0.30563 -0.885187  0.353524   1.84102
0.0819527  0.394282   0.91639  -1.55603
       -0         0         0         1
5	28	53
  0.838298   0.406159   -0.36443 -0.0456655
 -0.100811    0.77178   0.628259  -0.782488
  0.536294  -0.489803   0.687749   -1.04201
         0          0          0          1
4	29	53
 0.563137 -0.737315  0.373155      1.52
 0.763004  0.290524 -0.577426   1.10654
 0.317335  0.609889  0.726179  -2.16366
       -0         0         0         1
2	29	53
 0.438307  0.862191 -0.253996  0.466807
-0.793343  0.503928  0.341562    1.7528
 0.422488 0.0517971  0.904887  -1.62582
       -0         0         0         1
1	29	53
 0.769174  0.584942 -0.257322  0.708278
-0.503853  0.802798  0.318819   1.14802
 0.393069 -0.115575  0.912216 -0.615057
        0         0         0         1
0	29	53
  0.821944   0.346035  -0.456527    1.02115
 -0.235526   0.931961   0.282355 -0.0524164
  0.522192  -0.124324   0.845936  -0.267632
         0          0          0          1
4	30	53
  0.550389   0.748196   0.371216    -1.1904
  0.235411   0.287579  -0.928658    2.23797
 -0.801362   0.598354 -0.0178483   0.959442
        -0         -0          0          1
3	30	53
-0.827548  0.559227 0.0534473   1.72269
-0.420432 -0.679643  0.601458   3.22554
 0.372597  0.475163  0.797383  -1.75132
       -0         0         0         1
2	30	53
 -0.366388   -0.90743   0.205748    3.24127
-0.0314782  -0.208911  -0.977428    4.75959
   0.92993  -0.364594  0.0479779 -0.0565539
         0          0          0          1
4	31	53
  0.81389 -0.501177 -0.293946   1.69924
-0.102617  0.373971 -0.921746   2.53342
 0.571886  0.780363  0.252942  -1.52792
       -0         0         0         1
3	31	53
-0.0853187    0.15995   0.983549   0.346782
  0.823232  -0.544896   0.160026    1.29807
  0.561463   0.823247 -0.0851771   -1.11203
        -0          0         -0          1
2	31	53
  0.556801  -0.510232   0.655466  0.0780791
  0.749125 -0.0324624  -0.661632    2.82517
  0.358863   0.859424   0.364153   -1.34935
        -0          0          0          1
4	32	53
 -0.330556   0.251281    0.90972  -0.553813
  0.836922  -0.367481    0.40561   0.166474
  0.436227   0.895442 -0.0888281   -0.17676
        -0          0         -0          1
1	32	53
  0.216893   0.700653  -0.680472    2.61387
 -0.926682 -0.0725971   -0.37012     5.0261
 -0.308572   0.710503    0.63322  -0.290085
        -0          0          0          1
2	32	53
-0.541222  0.405051 -0.739341   3.64381
-0.736435 -0.654783   0.18037   3.54354
-0.410308  0.640941  0.651501 -0.956741
        0         0         0         1
7	32	53
 0.687021  0.478984 -0.546731  0.804241
-0.516055  0.851214 0.0972636  0.751678
 0.511886  0.215284  0.831843   -1.2797
       -0         0         0         1
0	32	53
0.0683789 -0.615896  0.784854    1.1615
 0.978127 -0.113523 -0.174302   0.82606
 0.196451  0.779605  0.594662 -0.773163
       -0         0         0         1
2	33	53
-0.372318 -0.742723  0.556737  0.843682
 0.911205 -0.406779 0.0666984   1.47759
 0.176912  0.532077  0.828136  -2.39324
       -0         0         0         1
7	33	53
  0.998624  0.0206288 -0.0482634 -0.0550022
-0.0183924   0.998759  0.0463378  -0.658349
 0.0491591 -0.0453867   0.997761  -0.287416
         0          0          0          1
3	33	53
-0.232138 -0.195238   0.95303 -0.413718
 0.802017 -0.592941 0.0738845   1.27314
  0.55059  0.781392  0.294188  -1.59777
       -0         0         0         1
4	34	53
-0.405571  0.898504   0.16826  0.297821
-0.813905 -0.438737  0.381022   2.48077
 0.416149 0.0175834  0.909187  -1.95321
       -0         0         0         1
7	34	53
  0.999774 -0.0342997  0.0549544  -0.619533
 0.0376056   0.999339 -0.0604274  -0.728863
-0.0527475  0.0623638   0.998536  -0.423129
         0          0          0          1
3	34	53
 0.567089  -0.79909  -0.19966   2.40298
  0.58286  0.560608 -0.588211   1.62665
 0.581964  0.217194  0.783673  -1.79071
       -0         0         0         1
2	34	53
  0.76351  0.569742 -0.304051  0.139413
-0.427061  0.798614  0.424069    1.0802
 0.484429 -0.193933  0.853064  -1.26447
        0         0         0         1
1	34	53
  0.847723   0.529534 -0.0309816  -0.640091
 -0.441566    0.73685   0.511931   0.873684
  0.293913  -0.420295   0.858468  0.0370049
         0          0          0          1
5	35	53
 0.945393  0.315734  0.081561   -1.3722
-0.296227  0.726917  0.619636 -0.104467
 0.136345 -0.609927   0.78071 -0.350091
        0         0        -0         1
3	35	53
 0.655703  0.528976 -0.540123 -0.133756
-0.421605  0.849329  0.319976  0.928447
 0.627533 0.0178959  0.779343  -2.58859
       -0         0         0         1
7	35	53
-0.871872  0.474871  0.120329   1.79132
-0.418971 -0.850124  0.319207   3.13323
 0.253859  0.227877   0.94009  -1.52406
       -0         0         0         1
4	36	53
  0.996033  0.0864733 -0.0261246  -0.857325
-0.0568211   0.824604   0.563065  -0.808678
 0.0702244  -0.559279   0.826147  -0.646995
         0          0          0          1
3	36	53
  0.911918   0.293197  -0.290332  -0.534188
 -0.249921    0.95287   0.177284   0.468948
  0.328324 -0.0890268   0.941344   -2.24576
         0          0          0          1
7	36	53
 -0.79314  0.402921 -0.456756    3.3966
-0.536005 -0.817894  0.209261   3.59199
-0.289257  0.410789  0.864654 -0.706649
        0         0         0         1
0	36	53
  0.764222 -0.0543177   0.643333   -0.65493
-0.0768191   0.982152   0.174179   -0.17299
 -0.641035  -0.182453   0.746088    1.73073
        -0         -0         -0          1
4	37	53
-0.970799 -0.235891  0.043641   4.57337
 0.150215 -0.739582  -0.65609   4.41859
 0.187042 -0.630376   0.75342 -0.900337
        0         0         0         1
6	37	53
 0.0789353  -0.479328   0.874289 0.00490423
  0.105421   0.876121   0.470814  -0.829966
 -0.991475  0.0549944   0.119666    2.76048
        -0         -0          0          1
5	37	53
   0.764324 -0.00976581    0.644758    -1.81185
  -0.322714    0.859866    0.395582   -0.286559
  -0.558269   -0.510426    0.654065     1.11509
         -0          -0          -0           1
7	37	53
-0.499566  0.783055 -0.370753   1.18864
-0.822094 -0.563523 -0.082478   4.12993
-0.273486  0.263564   0.92517 -0.452118
       -0         0        -0         1
3	37	53
  0.990443  0.0465241  -0.130129  -0.799262
-0.0514453   0.998111 -0.0347119   0.658355
  0.128263  0.0410739   0.990928   -2.20718
        -0          0          0          1
0	37	53
   0.536121    -0.18781     0.82309    -0.18931
   0.101354    0.982294    0.158121   -0.668748
  -0.838139 -0.00134799    0.545616     2.19213
         -0          -0          -0           1
4	38	53
-0.949301  -0.28505  0.162799   3.75579
 0.138345  -0.79916 -0.592565   4.19233
 0.297687 -0.537606  0.794539  0.322615
        0         0         0         1
2	38	53
  0.859893 -0.0634063   0.508473  -0.474643
-0.00142752   0.992997    0.12624   0.122002
  -0.51241  -0.109171   0.852936   0.776647
        -0         -0         -0          1
5	38	53
0.0614016  0.935219  0.349099 -0.842764
-0.923137  0.186301 -0.336725   3.65642
-0.379897 -0.301549  0.874655   0.60514
        0        -0         0         1
3	38	53
 -0.202666  -0.977013 -0.0661229    4.08752
  0.953203  -0.212295   0.215259    0.77265
 -0.224348 -0.0194031   0.974316   0.123998
        -0         -0         -0          1
7	38	53
  -0.523514    0.847341   0.0929928    0.676315
  -0.851126   -0.525626 -0.00206273     4.01706
   0.047115  -0.0801997    0.996018    0.201746
          0           0           0           1
0	38	53
 0.765854 -0.395539  0.507444 -0.159944
 0.185545  0.891158  0.414602  -1.02659
-0.616055 -0.223317  0.755705   2.36676
       -0        -0        -0         1
2	39	53
 0.904289  0.300874  0.304867  -1.64722
-0.253708  0.950049 -0.185063   1.08929
-0.345111 0.0899484  0.934889  0.221518
       -0         0        -0         1
4	40	53
 0.964892 0.0434365  0.260246  -1.93701
-0.125762  0.943087  0.308872 -0.778462
-0.231945 -0.330653  0.915151 -0.442981
        0        -0         0         1
5	40	53
 -0.411163 -0.0218598  -0.911756    4.16647
 -0.122417  -0.989756  0.0789353    3.94274
 -0.903765   0.144009   0.404108    1.37841
        -0          0          0          1
7	40	53
  0.609744  -0.353823   0.709472   -0.70506
 -0.503513   0.518523    0.69133 -0.0174831
 -0.612385  -0.778634   0.137989    4.15914
        -0         -0         -0          1
3	40	53
-0.957519 -0.117541 -0.263327    5.1346
 0.247338 -0.804239 -0.540393   4.44218
-0.148259 -0.582568  0.799146  0.392462
        0        -0         0         1
1	41	53
  0.977811  0.0397004   0.206842  0.0793691
 0.0432831   0.923462  -0.381861 -0.0534197
 -0.206122   0.382251   0.901039 -0.0009653
        -0          0          0          1
3	41	53
  0.742309   0.250603   0.623874  -0.412189
   0.10132   0.877035   -0.47285   -0.27018
 -0.664646   0.413583    0.62469 -0.0431689
        -0          0          0          1
2	42	53
  0.973653 -0.0401298  -0.224743   0.637718
 -0.221062  0.0801636  -0.972021    3.45027
 0.0570198   0.996033  0.0691761   -1.62755
        -0          0          0          1
4	42	53
   0.335752     0.94195 -0.00127222    -1.21393
  -0.680933     0.24178   -0.691284     3.31092
  -0.650848    0.232965    0.722582    0.954239
          0           0           0           1
7	42	53
  0.957157 -0.0875084   0.277041   0.147118
  0.164743   0.949135  -0.269375  -0.451629
  -0.23931   0.303389   0.922629  -0.180195
         0          0          0          1
1	42	53
 0.971345  0.199573 -0.130989  0.154251
-0.153464  0.101626 -0.983169    3.3257
-0.182857  0.974854  0.129309 -0.584638
        0         0         0         1
3	42	53
-0.0953711  0.821387 -0.562864  0.384551
-0.898724 -0.314452   -0.3066    3.9215
-0.428705  0.476479  0.767963 -0.523289
       -0         0        -0         1
4	43	53
-0.151919 -0.963206  0.222813   2.63177
 0.986474  -0.13277 0.0986485 -0.351861
 -0.06542  0.234727   0.97011  -1.48201
        0         0         0         1
2	43	53
-0.414422 -0.687858  0.595908   2.50979
 0.894655 -0.427978   0.12817   1.64769
 0.166873  0.586247  0.792759  -1.57152
       -0         0         0         1
7	43	53
   0.924772    0.217298   -0.312377    -0.05877
   -0.22925    0.973366 -0.00157934    0.406425
   0.303714   0.0730736    0.949957   -0.784525
         -0           0           0           1
4	44	53
-0.0777678  -0.830525   0.551805    2.61507
  0.995819 -0.0363602  0.0856185  -0.914863
-0.0510366   0.556071   0.829752   -1.42929
         0          0          0          1
7	44	53
  -0.96683 -0.0880586  -0.240367    3.28644
-0.0333975  -0.887692   0.459542    2.26905
 -0.253801   0.452261   0.855182   0.075296
        -0          0          0          1
3	44	53
  0.647727    -0.1167   0.753641  -0.692047
  0.252418   0.965861 -0.0673817   0.135308
 -0.719638   0.233744   0.654697    1.31761
         0          0          0          1
0	44	53
 0.960566 0.0634702  0.272468  0.218814
-0.100321  0.987733  0.123588  0.348289
-0.261157  -0.14598  0.954695   1.25052
        0         0         0         1
2	45	53
  0.74119  0.496008 -0.452342  0.798314
-0.482362   0.86215  0.154996   1.18042
 0.466866  0.103311  0.878273  -1.48314
       -0         0         0         1
4	45	53
   0.89618 -0.0433959   0.441662   -1.14738
-0.0754358   0.965871   0.247972  -0.413558
 -0.437331  -0.255533   0.862283    1.77316
        -0         -0         -0          1
5	45	53
-0.893054 -0.478818  0.140861   3.27271
 0.435093 -0.888334 -0.261172   3.77565
 0.244546 -0.168077  0.979082  -1.27646
        0         0         0         1
3	45	53
 0.987743 0.0843506  0.132578  0.605686
-0.0546009  0.975506 -0.213857  0.382109
-0.147346  0.203964  0.967995  -1.58567
       -0         0        -0         1
4	46	53
 0.752696   0.26721 -0.601973 -0.488479
-0.091327  0.947661  0.306463 -0.403285
 0.652251 -0.175668  0.737585  -1.49113
        0         0         0         1
2	46	53
-0.976688 -0.186278  -0.10708   4.17422
 0.211585 -0.747129 -0.630169   4.32612
0.0373816 -0.638109  0.769093   1.40049
        0         0        -0         1
5	46	53
   0.935248    0.224683   -0.273658   -0.960742
  -0.051335    0.850774    0.523075   -0.633517
   0.350337   -0.475143    0.807195 -0.00818696
          0           0           0           1
3	46	53
  0.856001 -0.0187864   0.516703   -1.16336
  0.104935    0.98489  -0.138032  -0.460598
 -0.506284   0.172369   0.845007    1.01815
         0          0          0          1
4	47	53
 0.973084 0.0739443  0.219417 -0.554471
-0.167414  0.879488  0.446067 -0.326871
 -0.15995 -0.470676  0.867977   1.19221
        0        -0         0         1
5	47	53
-0.802087 -0.505142   0.31857   4.09896
 0.367547 -0.837983 -0.403354   3.66213
 0.470708 -0.206436  0.857798 -0.819659
        0         0         0         1
2	47	53
  -0.1996  0.909621  0.364734 -0.948103
-0.890705  -0.32363  0.319673   4.53153
 0.408762 -0.261027  0.874677 -0.406351
        0         0         0         1
1	47	53
 0.654617 -0.208049  0.726896  -0.30166
 0.183767  0.976435  0.113978 -0.393231
-0.733412 0.0589621   0.67736   2.01891
        0         0         0         1
3	47	53
   0.963527    0.258991  -0.0687038   -0.838077
  -0.258143     0.96597   0.0210882    0.120571
  0.0718205 -0.00258309    0.997504   -0.368323
          0           0           0           1
7	47	53
   0.5103  0.507204  0.694626  -2.32225
-0.857687  0.360464  0.366887   2.16949
-0.0642963 -0.782928  0.618915   2.17842
        0         0         0         1
0	47	53
  0.701651  -0.124384   0.702001   -1.31219
 0.0519142   0.991254   0.123747   -0.62863
 -0.711043 -0.0503689   0.701763    2.54668
         0          0          0          1
5	48	53
 0.941821   0.30006 -0.151833   -1.8067
-0.157677   0.79284  0.588777 -0.158798
  0.29703 -0.530551   0.79398   0.51435
        0         0         0         1
2	48	53
  0.867552   0.493006  0.0707584   -1.71561
 -0.495891   0.868258  0.0304567     1.1653
-0.0464055 -0.0614896   0.997383   0.306152
         0          0          0          1
4	48	53
 0.149487 -0.835131  0.529768   2.97685
 0.986882 0.0910129    -0.135 -0.504988
0.0645128  0.542879  0.837594 -0.987965
        0         0         0         1
1	48	53
 0.870519  0.454121  0.189927   -1.4909
 -0.47609  0.874786  0.090496   0.85613
-0.125044 -0.169192   0.97767   1.52764
        0         0         0         1
6	48	53
 0.854139 -0.280159  0.438933 -0.543878
 0.162043  0.944366  0.287435 -0.648773
-0.494866 -0.174322  0.851719   2.35716
        0         0         0         1
7	48	53
-0.819915  0.528247  0.223152   1.89408
-0.371851 -0.786166  0.494746   4.02688
 0.436542  0.322493  0.840555  -1.04758
        0         0         0         1
3	48	53
-0.316955  0.522955  0.791601  0.678383
-0.913154 0.0582948 -0.404135   3.91042
-0.257417 -0.850703  0.458929   3.03476
        0         0         0         1
0	48	53
 0.989399  0.131823 0.0610827 -0.893317
-0.139501  0.979424  0.145898  -0.59982
-0.0405924 -0.152871  0.987422   1.59972
        0         0         0         1
4	49	53
-0.210283 -0.797415  0.567415    3.0517
 0.764753  0.228279  0.604228   -2.1766
-0.610725  0.560417  0.561247  0.903452
       -0        -0         0         1
1	49	53
 0.608355  0.211798  0.765145  -1.24575
-0.182889  0.975412  -0.12459  0.781394
-0.772565 -0.064129  0.632006   2.99694
        0        -0         0         1
5	49	53
 0.901483 0.0543763  0.429559  -2.32777
-0.268384  0.848745  0.455798  0.236406
-0.339776 -0.526142  0.779664   1.49967
        0        -0         0         1
7	49	53
-0.766024  0.438796 -0.469764   3.36127
-0.580587 -0.785964  0.212585   4.53833
-0.275934  0.435581  0.856821   0.16145
        0         0         0         1
0	49	53
  0.745732  -0.104429   0.658203   -0.69328
  0.023196    0.99124   0.130986   -0.46989
 -0.666031 -0.0824034   0.741529     2.9667
         0          0          0          1
4	50	53
 0.238911  0.599605  0.763802    -1.094
 0.926569 0.0945467 -0.364046 0.0259849
-0.290499  0.794691 -0.532988  0.556589
       -0        -0         0         1
2	51	53
-0.910202 -0.287896  0.297921   4.23902
 0.414294 -0.635036  0.652073   1.67348
0.00146137  0.716906  0.697246  -1.17711
        0         0         0         1
7	51	53
 -0.94775 -0.108365  0.300051   3.87452
 0.223009  0.447512  0.866027 -0.397401
-0.228123   0.88769 -0.399963  0.441281
        0         0         0         1
3	51	53
 0.728816  0.375691  0.572435  -1.62829
 0.659496 -0.160387 -0.734399   1.59347
-0.184096   0.91276  -0.36466  0.405167
        0         0         0         1
0	51	53
-0.578998 -0.266882  0.771634   2.53841
 0.785983 -0.438324  0.438162 -0.345823
 0.221081  0.859377  0.463117 -0.770266
        0         0         0         1
4	52	53
  0.52763 -0.750123   0.39865   1.33719
 0.741947  0.178413 -0.646285   1.05962
 0.413669  0.636777  0.650687  -2.24394
       -0         0         0         1
3	52	53
-0.578513  0.722283 -0.378986   1.74779
-0.814304 -0.538335  0.217036   3.69438
-0.0472597  0.434168  0.899592  -1.22515
        0         0         0         1
15	16	53
 0.749664  0.388593 -0.536629 -0.284154
-0.326852  0.921774  0.210881   1.16414
 0.576319 0.0172999  0.817636  -1.02417
       -0         0         0         1
8	9	53
   0.81084   0.332795  -0.481595 -0.0456713
 -0.434039   0.893849    -0.1131   0.734089
  0.392806   0.300715    0.86915   -1.00379
        -0          0          0          1
12	14	53
 0.302721  0.021201  0.952927  0.636575
 0.295894  0.948345 -0.115098 -0.484188
-0.906072  0.316783  0.280789   2.05593
       -0         0         0         1
12	15	53
  0.810335   0.181619   0.558479  -0.678264
 -0.145052   0.984115  -0.109572   0.110052
 -0.569074 0.00777616   0.823179    2.01316
         0          0          0          1
9	11	53
  0.98607 -0.057497  0.156743  0.351013
0.0829681  0.983539 -0.161168 -0.718696
-0.144881  0.171909  0.974507  0.924435
        0         0         0         1
12	16	53
-0.909765 -0.321461  0.264951   3.54399
 0.414891 -0.756384   0.50691   2.47575
0.0374305  0.570751  0.821007 -0.264385
        0         0         0         1
13	16	53
-0.787117 -0.285871  0.546596    3.5321
 0.269438  0.637796  0.721568 -0.462548
-0.554881  0.715218 -0.424986   1.33441
        0         0         0         1
11	15	53
  0.31086 -0.143674  0.939561   1.28518
0.0986032  0.988076   0.11847  -0.70586
-0.945355  0.055815  0.321311   3.45357
        0         0         0         1
15	18	53
-0.509583  0.206197  0.835349  0.622838
-0.321224 -0.946256  0.037619    4.0612
 0.798211 -0.249164  0.548431  -1.80555
        0         0         0         1
13	18	53
 0.645654  0.733525  0.213001 -0.185588
-0.513143  0.209957  0.832407  0.110605
 0.565786  -0.64665  0.511886  0.319707
        0         0        -0         1
8	13	53
 0.087782    0.9367  0.338997  -1.45796
-0.993846 0.0591917 0.0937962    3.6532
0.0677927 -0.345138  0.936116  0.902679
        0         0         0         1
11	16	53
  0.941507  -0.139057   0.307575   0.317512
  0.114929    0.98898  0.0953196   -0.60215
 -0.317381 -0.0543847   0.946936    2.47623
         0          0          0          1
10	15	53
0.0219691 -0.557629   0.82995   2.82234
 0.753534  0.554898   0.35288  -1.24502
-0.657232  0.617566  0.432329    2.1633
        0         0         0         1
15	19	53
   0.55987  -0.826127 -0.0637195    2.91809
  0.813349   0.533273   0.232557 -0.0983125
 -0.158142  -0.182028   0.970493   -1.51846
         0         -0          0          1
9	15	53
-0.141258  0.942024  0.304518 -0.863127
-0.803631 -0.288753  0.520473   3.36848
 0.578201 -0.171191  0.797791   1.01271
        0         0         0         1
8	15	53
  -0.65561   0.754842 -0.0217259   0.177778
 -0.732289  -0.628469    0.26242    4.02764
  0.184423   0.187946   0.964753   0.414457
         0          0          0          1
10	17	53
  0.764617   0.376184   0.523556  -0.717673
 -0.455535   -0.25948   0.851717    1.15739
  0.456194  -0.889618 -0.0270336    2.98241
         0          0          0          1
11	18	53
-0.925894 0.0296129  0.376746   2.31666
-0.194229 -0.892506 -0.407188    4.6104
 0.324175 -0.450167  0.832079  0.188485
        0         0         0         1
9	16	53
-0.241316 -0.451341  0.859128   2.37384
 0.571201  0.649643  0.501731  -1.45193
-0.784562  0.611798  0.101035   2.67869
        0         0         0         1
12	21	53
  0.952008   0.231116  -0.250973   0.600003
 -0.196979   0.979738    0.15503   0.370744
   0.27857 -0.0970573   0.967315  -0.775156
         0          0          0          1
15	23	53
-0.255509   0.94677 -0.195815  0.924796
-0.609935 -0.314999 -0.727156   5.41348
-0.750131  -0.06636  0.657952  0.450092
        0        -0         0         1
12	24	53
 0.892274 -0.218331   0.39569 -0.580561
 0.223357  0.974346 0.0339505 -0.478376
-0.392876 0.0580753  0.917969  0.588978
        0         0         0         1
15	24	53
  0.994312  0.0476103  0.0957611  -0.435892
-0.0529632   0.997174  0.0541555   0.439355
-0.0929076 -0.0589171   0.993977  -0.725126
         0         -0          0          1
8	20	53
   0.99827  0.0380608 -0.0600714 -0.0762255
-0.0558791   0.942716  -0.331307   0.667636
 0.0439849   0.333824   0.942459   -1.02142
         0          0          0          1
8	21	53
 0.990494 0.0919037 -0.102777 -0.192904
-0.116051  0.958232 -0.261555  0.357578
 0.074443  0.270984  0.959746 -0.735363
        0         0         0         1
15	26	53
 0.175905 -0.706178  0.685835   1.07404
 0.902694 -0.162202 -0.398538   1.14322
 0.392683  0.689204  0.608931  -2.63385
       -0         0         0         1
8	22	53
 0.977032  0.127428 -0.171637 0.0394644
-0.161207  0.966585 -0.200035  0.364011
 0.140391  0.223077  0.964787 -0.831001
       -0         0         0         1
15	27	53
    0.944528    -0.202508    -0.258625     0.567239
   -0.252988    0.0537022    -0.965993      4.35025
    0.209508     0.977822 -0.000508842     -1.72119
          -0            0           -0            1
11	25	53
 0.983146 0.0665333 -0.170379   -1.1603
-0.0348409  0.982576  0.182653 -0.425491
 0.179559 -0.173635  0.968318   1.57688
        0         0         0         1
15	28	53
 0.817698   0.26786  -0.50953   1.09989
-0.248513  0.962672  0.107261  0.903888
 0.519241 0.0389177  0.853742  -2.12428
       -0         0         0         1
8	26	53
  0.989969 0.00743695  -0.142437   -1.80358
-0.0486896   0.956452  -0.288465  0.0994656
  0.134063   0.292451   0.947038  -0.450223
        -0          0          0          1
9	25	53
-0.485163 -0.51228 0.711514  3.79067
0.504637 0.501815 0.705399 -1.36986
-0.716955 0.699868 0.015023  2.54922
       0        0        0        1
8	27	53
  0.994571 -0.0868059   0.171065   -0.66785
  0.147063   0.925002  -0.385634   0.577443
 -0.123171   0.403492   0.920865  -0.713058
         0          0          0          1
11	28	53
  0.898713  -0.178562   0.401753  -0.363385
  0.191366   0.981979 0.00836504  -0.384477
 -0.395814  0.0693303   0.916241    1.02357
         0          0          0          1
10	28	53
  0.805998  -0.204609   0.555551  -0.456955
 0.0857945   0.968904   0.232374 -0.0454464
 -0.585782  -0.139621   0.798435     2.6865
         0          0          0          1
8	29	53
-0.337782  0.798478  0.498759 -0.892756
-0.152571 -0.569313  0.808103  0.405297
 0.929005  0.196825  0.314062  0.128933
        0         0         0         1
11	30	53
  0.917257    0.12543  -0.378181   0.614409
 -0.132071   0.991263 0.00843971 -0.0249098
  0.375914  0.0422034   0.925755   0.340029
         0          0          0          1
10	30	53
 0.970642 0.0981302 -0.222239  0.581526
-0.0416724   0.96901  0.245863  0.113051
 0.239339 -0.229249  0.944101   1.59315
        0         0         0         1
15	33	53
-0.528027  0.333616 -0.780953   4.09835
-0.690918 -0.703467  0.166636   3.87297
-0.493782  0.627562  0.601951  -1.01208
        0         0         0         1
10	31	53
  0.97387  0.115868 -0.195379  0.191134
-0.0689616  0.970346  0.231718  0.736745
 0.216432 -0.212187  0.952972   1.69116
        0         0         0         1
11	31	53
 0.907045  0.176764 -0.382774  0.594021
-0.170009  0.984336 0.0516984  0.606383
 0.385822  0.018178  0.922661  0.365554
        0         0         0         1
9	29	53
  0.171587   0.966243   0.193792  -0.512963
 0.0563976  -0.206012   0.977241  -0.197653
   0.98387  -0.156704 -0.0898144     1.4654
         0          0          0          1
15	34	53
-0.875381 -0.460072 -0.148466   5.08591
 0.277871 -0.227536 -0.933281   3.83866
 0.395594 -0.858231  0.327021  0.806599
        0         0        -0         1
10	33	53
  0.989516   0.132575 -0.0726358   0.428364
-0.0741656   0.844865   0.531692   0.101199
  0.131725  -0.520213   0.844998   0.764683
         0          0          0          1
15	36	53
 -0.38489 -0.316286 -0.867077   5.30522
 0.802331 -0.579015  -0.14494   1.91382
-0.456208 -0.751468  0.476624   1.81932
        0        -0         0         1
14	37	53
  0.987837 0.00129771  -0.157594   0.992842
 0.0601076   0.921583   0.384356   -1.77809
  0.145688  -0.389026   0.909996   0.479937
         0          0          0          1
14	38	53
  0.856781    0.42134  -0.297496  0.0512717
 -0.391219    0.90677   0.157547   0.659134
  0.336123 -0.0185961    0.94169  -0.695015
         0          0          0          1
8	37	53
-0.033448  0.913671  0.405409  -1.68505
-0.977771 0.0543568 -0.203174   2.83854
-0.207643 -0.403139  0.891422   1.68898
        0        -0         0         1
15	40	53
 0.500649 0.0919974  0.860884  -0.41521
 -0.85116  0.234312  0.469955   2.96465
-0.158462 -0.967919  0.195589   2.86663
        0        -0         0         1
15	42	53
 0.915039 -0.393765 0.0875364   1.64718
 0.124941 0.0703317 -0.989674    3.3458
  0.38354  0.916522  0.113552  -1.92165
       -0         0         0         1
10	42	53
 0.982626 -0.109387  0.150216 0.0448985
0.0709118  0.967974  0.241008 -0.158126
-0.171761 -0.226159  0.958872   2.44642
        0         0         0         1
10	43	53
  0.374529  -0.606338   0.702015   0.657322
  0.181403   0.790334    0.58584 -0.0415345
 -0.909706 -0.0920325   0.405844    3.77581
         0          0          0          1
8	44	53
-0.718589  0.689659 0.0908856   1.30447
 -0.63975 -0.706517   0.30301   2.77475
  0.27315  0.159574  0.948781  0.259597
        0         0         0         1
15	45	53
 -0.943975   0.210204   0.254411    2.18102
 -0.312878  -0.815241  -0.487329    5.00612
  0.104968  -0.539626   0.835335 -0.0630037
         0          0          0          1
11	43	53
 0.491194 -0.536106  0.687172 0.0651535
 0.407288  0.838556  0.363077 -0.855564
-0.770539  0.101491  0.629964    2.4049
        0         0         0         1
14	45	53
-0.0829726   0.53113 -0.844006   2.74865
-0.588744  0.657479  0.471628  0.966379
 0.804876  0.535679  0.257976 -0.940983
        0         0         0         1
15	46	53
  0.856665     0.4148  -0.306702  -0.766192
 -0.449726   0.891761 -0.0500865    1.32482
  0.252729    0.18084   0.950487   -1.35809
        -0          0          0          1
15	47	53
 0.427524 -0.843071 -0.326291   3.40569
 0.842619  0.240887   0.48164 0.0283322
-0.327456 -0.480849  0.813368   1.56969
        0         0         0         1
12	47	53
-0.0144465  0.905798  0.426399 -0.881462
-0.935558 -0.164024  0.316737   3.93944
 0.356395 -0.393854  0.848738  0.601997
        0         0         0         1
13	47	53
 -0.526272   0.848939 -0.0498324    1.44816
  -0.81759  -0.488977   0.304287    4.23221
  0.233937   0.200865   0.951352  -0.681597
         0          0          0          1
14	46	53
 0.403173  0.360727 -0.841027   1.84673
-0.294649  0.921261  0.253891 -0.794199
 0.866391  0.145446  0.477715 -0.477231
        0         0         0         1
8	46	53
 0.961825  -0.20736 -0.183097 -0.478703
 0.266627  0.518418    0.8135  -1.51216
-0.0737071 -0.830586  0.553463    3.5568
        0         0         0         1
9	42	53
 0.796045 -0.231145  0.559379  0.810435
 0.350998  0.929234 -0.115525  -1.78876
-0.493085  0.288301  0.820835   2.48576
        0         0         0         1
15	48	53
-0.921631 -0.115649 -0.370435    4.6754
 0.353044 -0.646164 -0.676632   3.40958
 -0.16111 -0.754385  0.636355    2.4355
        0         0         0         1
12	48	53
 0.981531 -0.169784 -0.088462   0.40763
 0.103823  0.083824  0.991085   1.05712
-0.160851 -0.981938 0.0999002   4.04707
        0         0         0         1
10	46	53
  0.89398   0.44745 0.0247982  -1.70689
0.0378728 -0.130576  0.990728   1.58592
 0.446534 -0.884739 -0.133676   3.79531
        0         0         0         1
8	47	53
 0.602076  0.379293  0.702749  -1.76243
-0.758727   0.54623   0.35522    1.3475
-0.249103 -0.746984  0.616585   3.15939
        0         0         0         1
15	49	53
-0.561905  0.456467  -0.68987   3.30264
 0.165369 -0.755156  -0.63436   4.01378
-0.810516 -0.470529  0.348837   3.38071
        0        -0         0         1
9	43	53
 0.351213 -0.585892  0.730886   1.23376
 0.542611  0.763524  0.351313  -1.71346
-0.763569   0.27309  0.585833   2.92993
        0         0         0         1
8	48	53
0.0147762  0.941883  0.337722  -1.44508
-0.705354  -0.22976  0.671644   2.59974
 0.709702 -0.247962  0.660497   0.80953
        0         0         0         1
10	47	53
-0.624145 -0.594711  0.506896   3.93432
 0.750676 -0.276124  0.600353  0.792897
 -0.21705  0.755153   0.61872  0.855768
        0         0         0         1
14	48	53
 0.174598  0.770468 -0.613169  0.184546
-0.951583  0.292123 0.0961041   3.43401
 0.253156  0.566678  0.784136  -1.15237
        0         0         0         1
11	46	53
 0.508783   0.83853  0.195953  -1.78467
-0.256758 -0.069525  0.964174   1.72109
 0.821953 -0.540763  0.179891   1.01474
        0         0         0         1
10	48	53
 -0.83514  0.494718  0.241187   1.92575
-0.0745211 -0.535907  0.841205   3.15807
  0.54531  0.684422  0.484333  0.126603
        0         0         0         1
9	44	53
-0.176912  0.916517  0.362049  0.972122
 -0.70405 -0.374925  0.605083    2.3997
  0.68949 -0.147679  0.710757  0.474217
        0         0         0         1
15	51	53
  0.939031  -0.215252  -0.268474   0.224818
 -0.261003  0.0629632  -0.963381    4.17224
  0.224252   0.974624 0.00294255   -1.51894
        -0          0          0          1
12	51	53
-0.965888 -0.105592  0.236531   4.68917
0.0898468  0.719895   0.68827 -0.182333
-0.242948  0.686031 -0.685838   1.74501
        0         0         0         1
11	47	53
-0.465752 -0.876079   0.12608   4.61087
 0.866292 -0.421985  0.267959  0.806386
-0.181518  0.233986   0.95532  0.949309
        0         0         0         1
13	51	53
 -0.953355 -0.0958276   0.286237    4.58374
  0.120377   0.748903   0.651654   -0.44223
 -0.276809   0.655715  -0.702435    1.84076
         0          0          0          1
11	48	53
-0.393354  0.859059  0.328113  0.526844
-0.323775 -0.463399  0.825105   2.99264
 0.860703  0.218284  0.460337 -0.195828
        0         0         0         1
15	52	53
-0.453838 -0.486183  0.746765   1.93387
 0.870388 -0.421432  0.254595  0.957233
 0.190931  0.765521  0.614429  -2.18712
       -0         0         0         1
8	51	53
 -0.482485   0.309117  -0.819548    2.69439
 -0.668504   0.474617   0.572578    1.17529
  0.565963   0.824129 -0.0223494  -0.575259
         0          0          0          1
9	46	53
 0.907141  0.414923 0.0706208 -0.958982
  -0.1837  0.239346  0.953426  -0.17067
 0.378685 -0.877841  0.293334   3.77645
        0         0         0         1
11	49	53
 -0.78772  0.215274 -0.577194   4.57509
-0.546259 -0.677223   0.49292   4.17482
-0.284776  0.703581  0.651058  0.701999
        0         0         0         1
14	51	53
 0.159303  -0.64399 -0.748333   3.49597
 -0.97023 0.0381544 -0.239375   4.69477
 0.182698  0.764149 -0.618709 0.0515865
        0         0         0         1
16	17	53
 0.683728  0.320976 -0.655832 0.0163306
-0.336274  0.935945  0.107492  0.752444
 0.648122  0.146998  0.747634  -1.59288
       -0         0         0         1
8	52	53
  0.989174 -0.0436865   0.140474  -0.826002
  0.112686   0.838889  -0.532611    1.56807
-0.0945691   0.542646   0.834686    -1.2069
         0          0          0          1
10	51	53
  0.97551 0.0769621  -0.20653 -0.849402
-0.029446  0.974254  0.223962  0.580597
 0.218427 -0.212375  0.952567   1.42624
        0         0         0         1
9	47	53
 0.398483  0.903609 -0.157736  -1.18087
 0.272258 0.0477143  0.961133 -0.200906
 0.875937 -0.425902 -0.226982   1.75318
        0         0         0         1
17	18	53
 0.993229 0.0289416 -0.118189  0.021983
-0.0672094  0.940711 -0.334449 -0.115759
 0.101436  0.339905  0.935674  -1.07446
       -0         0         0         1
11	51	53
  0.925727   0.121783    -0.3581    -0.5349
 -0.135395   0.990724 -0.0130863   0.621272
  0.353178  0.0605987   0.933611  -0.120747
         0          0          0          1
16	19	53
 0.716193  0.080488 -0.696065  0.720221
-0.249869  0.959226 -0.146177  0.270997
 0.654638  0.278071  0.705722  -2.20545
       -0         0         0         1
17	19	53
  0.968406 -0.0570388   0.245142  -0.576846
  0.116601    0.96533  -0.236009  -0.388997
 -0.223052   0.256987   0.940938  -0.458083
         0          0          0          1
18	19	53
  0.978456 -0.0713059   0.193753  -0.283817
 0.0288141   0.976443   0.213844  -0.152591
 -0.204437  -0.203654   0.957461   0.530471
         0          0          0          1
9	49	53
 0.195587   0.83437  0.515351 -0.810827
-0.951208 0.0335104   0.30675   3.86031
 0.238671 -0.550198  0.800208   1.60611
        0         0         0         1
19	20	53
 0.993504 -0.080789 0.0803453 -0.310082
0.0531304  0.952292   0.30058 -0.064434
-0.100794 -0.294354  0.950383  0.689961
        0         0         0         1
20	21	53
 0.946726 -0.162189   0.27903 -0.447518
  0.13135  0.983523  0.126025 -0.586973
-0.294805 -0.082643  0.952214   1.09498
       -0        -0        -0         1
17	20	53
 0.900443 -0.163278  0.406559  -0.50883
 0.160474  0.987572 0.0411994 -0.569416
-0.407674 0.0281057  0.914199  0.464743
       -0        -0         0         1
18	20	53
 0.937998 -0.167184  0.305112 -0.415995
0.00586137  0.884832  0.466821 0.0729381
-0.347864 -0.435896  0.830584   1.36003
        0         0         0         1
16	21	53
  0.996914  0.0539049 -0.0598055   -1.39425
 -0.049112    0.99583   0.078924  0.0238411
 0.0637999 -0.0757303   0.995245   -1.00521
         0          0          0          1
19	21	53
 0.790898 -0.346984  0.504066 -0.290891
0.0920507  0.881792  0.462568 -0.324827
-0.604985 -0.319444  0.729348   2.44785
        0         0         0         1
20	22	53
  0.75764 -0.275088  0.591868 -0.663888
 0.130263  0.952326  0.275874  -0.73113
-0.639541 -0.131915  0.757355   2.03084
       -0        -0        -0         1
21	22	53
    0.998648 -0.000643622   -0.0521118    0.0954323
  0.00266141     0.999255    0.0386724    -0.143338
   0.0520477   -0.0387587     0.997899    0.0897009
           0            0           -0            1
21	24	53
  0.837172  -0.232722   0.496046  -0.627238
  0.294741   0.954862 -0.0494524  -0.945487
 -0.461898   0.187505   0.867509    1.37711
         0          0          0          1
23	24	53
   0.98962   0.143926  0.0163549  -0.529417
 -0.144816   0.985575  0.0894306     0.4391
-0.00324754 -0.0908556   0.996023   0.954149
         0          0          0          1
22	24	53
  0.98049 -0.126016  0.151504 -0.263617
 0.151344   0.97397 -0.169333 -0.503262
 -0.12621   0.18894  0.973945  0.604413
        0         0         0         1
21	25	53
 0.700918 -0.420013  0.576456  0.720001
 0.395806  0.901406  0.175513 -0.905446
-0.593338  0.105145  0.798056   2.06552
        0         0         0         1
22	25	53
 0.908494 -0.176824  0.378676 -0.187223
 0.183861  0.982803 0.0178163 -0.544246
-0.375311  0.053437  0.925371   1.75427
        0         0         0         1
16	29	53
  0.951059   0.119654  -0.285146  0.0150967
 -0.150353   0.984756 -0.0882522   0.424795
  0.270222   0.126797   0.954486   -1.47003
        -0          0          0          1
17	29	53
  0.869345  -0.143888   0.473148  0.0444557
  0.184196   0.982256 -0.0397207  -0.281607
 -0.458961   0.121663   0.880276   0.182135
         0          0          0          1
21	29	53
 0.915883  0.356798 -0.183996  0.842192
-0.358417  0.933212 0.0255493  0.664213
 0.180823 0.0425473  0.982595 -0.134247
        0         0         0         1
16	30	53
 0.364935  0.377195 -0.851412   1.45481
-0.478039  0.860651   0.17639  0.663981
  0.79916  0.342577  0.494308   -1.7186
       -0         0         0         1
18	28	53
 -0.953014 -0.0752893   0.293481    3.32228
-0.0501777  -0.916055  -0.397945    4.17166
  0.298801  -0.393966    0.86922    0.93269
         0          0          0          1
22	31	53
 -0.999298  0.0395021  0.0152298    2.93097
 0.0313814   0.449611   0.892891 0.00688939
 0.0284182   0.892569  -0.450447     1.2643
         0          0          0          1
17	32	53
  0.965702   0.167964   -0.20597  0.0264222
  -0.11334   0.962372   0.253395 -0.0975881
  0.240394  -0.221005   0.946881  -0.281092
         0          0          0          1
18	31	53
 -0.58129 -0.325387  0.745806   2.33102
-0.00112645 -0.916241 -0.400625   3.40499
 0.813696 -0.233718  0.532236   1.08992
        0         0         0         1
21	33	53
 0.513554  0.564637 -0.646101   1.05853
-0.471389   0.81483  0.337409   0.35637
 0.716976  0.131286  0.684623  -0.80982
       -0         0         0         1
22	33	53
 0.149758  0.661941 -0.735532   2.40897
-0.555102   0.67203   0.49177  0.387788
 0.819167  0.334381  0.467712 -0.680625
        0         0         0         1
16	35	53
  0.823061  -0.201542   0.530993   -1.21853
  0.117053   0.975044   0.188646  -0.812183
 -0.555761 -0.0931137   0.826111   0.275009
        -0         -0         -0          1
17	36	53
-0.306681  0.884418  0.351783  -0.41619
-0.799192 -0.440007  0.409495   3.10753
 0.516952 -0.155558  0.841762    -0.617
        0         0         0         1
18	36	53
  -0.401674    0.886595    0.229363 -0.00423258
  -0.540326   -0.431656    0.722303     2.17332
   0.739396      0.1662    0.652435    -1.29032
          0           0           0           1
20	40	53
 -0.976907 0.00851737  -0.213492    4.59797
 0.0995713  -0.865921  -0.490168    4.79328
 -0.189042  -0.500108   0.845078    1.99313
         0         -0          0          1
23	41	53
 0.966808 0.0230711 -0.254564  0.650589
-0.116498   0.92626 -0.358502 -0.336879
 0.227515  0.376249   0.89818   0.16653
        0         0         0         1
21	42	53
   0.91973   0.378243  -0.105177  -0.059277
 -0.374081   0.925624  0.0575882   0.252917
  0.119134 -0.0136205   0.992802   0.310022
         0          0          0          1
19	42	53
  0.916238 -0.0474222   0.397996  -0.160174
 -0.121465   0.913497   0.388472  -0.266322
 -0.381964  -0.404247   0.831162      2.177
         0          0          0          1
21	43	53
  0.992744  0.0127778  -0.119973  -0.498962
-0.000804521   0.995105  0.0993227  0.0808855
  0.120649 -0.0985007   0.987846   0.394826
         0          0          0          1
22	43	53
  0.997173  0.0651513 -0.0378056  -0.228294
-0.0622684   0.995401  0.0730005   0.479363
 0.0423867 -0.0704397   0.996629   0.217914
         0          0          0          1
18	43	53
 0.944856 -0.299792 -0.131859  0.549691
 0.080072  0.601853 -0.794591   2.29765
 0.317569  0.740211  0.592665 0.0895642
        0         0         0         1
21	44	53
-0.971147  0.207055 -0.119933   2.81347
-0.239016 -0.815764  0.527052   2.65291
0.0112889  0.540407  0.841555  0.204348
        0         0         0         1
22	44	53
-0.949888 -0.130421  -0.28693   3.94133
-0.0484025 -0.839937  0.542023   2.41295
-0.311442   0.52832  0.790891  0.850235
        0         0         0         1
23	46	53
 0.256481 -0.685637 -0.681472   3.11315
 0.837943  0.509247 -0.196989  -1.03482
 0.482032 -0.520437  0.705037   1.48027
        0         0         0         1
22	46	53
-0.975872 -0.212609 0.0570923   4.52074
  0.20612 -0.791337  0.576271   2.71836
-0.0773112  0.573908  0.815745 -0.217694
        0         0         0         1
16	47	53
 0.0513902   0.890988   0.451743   -1.17106
 -0.958304 -0.0837708   0.274241    3.73406
  0.282107  -0.446873   0.849289   0.194697
         0          0          0          1
20	47	53
 0.985062  0.122721 -0.120797 -0.886658
-0.105274  0.984322  0.141523 -0.605975
 0.136271 -0.126691  0.982538    1.6485
        0         0         0         1
23	47	53
 -0.412523   0.897238   0.157539  -0.438307
 -0.836776  -0.441577   0.323802    4.79751
  0.360087 0.00175069   0.932934    0.37383
         0          0          0          1
21	47	53
-0.688105  0.371763   -0.6233   2.18435
-0.650391 -0.697001  0.302291   3.93574
-0.322028  0.613336   0.72133  0.789762
        0         0         0         1
22	47	53
-0.243184  0.859301  0.450597   -0.7096
-0.956156 -0.291197 0.0392902   3.95218
 0.164927 -0.421165  0.892183   1.84299
        0         0         0         1
19	47	53
 0.971762    0.1141  0.208006 -0.880755
-0.129134  0.990106 0.0601762 -0.561726
-0.199021 -0.085312  0.976585   2.40715
        0         0         0         1
23	48	53
  0.522535   0.850352 -0.0621055   -1.68883
 -0.852607   0.520783 -0.0429663    2.85389
-0.00419252  0.0754033   0.997145    1.42849
         0          0          0          1
21	48	53
-0.639619  0.725555  0.254355   1.02947
   -0.416 -0.604843  0.679228   3.93266
 0.646584  0.328596  0.688617  -1.02319
        0         0         0         1
18	47	53
   0.16333    0.97081   0.176628  -0.972223
 -0.702673   0.240122  -0.670029    3.13107
 -0.692763 -0.0146726   0.721257    3.21898
         0          0          0          1
22	48	53
  0.997181  -0.200837 -0.0976284  0.0096006
  0.155572   0.304292   0.963037   0.323726
 -0.160201  -0.954624   0.327514    4.21697
         0          0          0          1
19	48	53
 -0.207264  -0.516422  -0.830873    3.22149
  0.977751 -0.0813117  -0.193365  -0.480167
 0.0322988  -0.852465   0.521786    4.19115
         0          0          0          1
21	49	53
-0.713496  0.635889 -0.294887   2.78795
-0.700741  -0.65705  0.278631   5.02634
-0.0165735  0.405363  0.914219 -0.302934
        0         0         0         1
18	48	53
 0.264842 -0.308302  0.913679   1.35089
-0.276463  0.883459  0.378242 0.0942036
-0.923811 -0.352773  0.148743   5.17115
        0         0         0         1
21	52	53
 0.995008 0.0169588 -0.100992 0.0841279
-0.0478463   0.94915 -0.312013   1.21922
0.0905415  0.315204  0.944974 -0.990135
       -0         0         0         1
27	28	53
  0.885283   -0.18357   0.427683   0.871518
  0.215678   0.976252 -0.0274139  -0.411392
 -0.412424   0.116491   0.903699   0.703925
         0          0          0          1
25	27	53
  0.984111 -0.0618611   0.168155  0.0233717
 0.0900955   0.982312  -0.165897   0.233817
 -0.154873    0.17836   0.971997  -0.674943
         0          0          0          1
26	28	53
0.0849547 -0.898368  -0.43095   5.43815
 0.712597 -0.247519   0.65646 -0.707916
-0.696411 -0.362863  0.619147   2.60834
        0         0         0         1
30	31	53
   0.89061   0.170096  -0.422142   0.638614
 -0.147853   0.985501  0.0851622   0.658848
  0.430436 -0.0134288     0.9027  -0.241115
         0          0          0          1
26	29	53
-0.454012  0.569302  0.685398  0.777991
 0.241467 -0.661844  0.709687   1.01427
 0.857652  0.487707  0.163018 -0.262362
        0         0         0         1
29	32	53
 -0.316299 -0.0118024    0.94884   -0.35323
  0.780084  -0.572698    0.25292   0.775387
  0.540283   0.819976   0.190305  -0.220761
        -0          0          0          1
27	31	53
 0.629914   0.33262 -0.701835   2.35901
 -0.33274  0.932097  0.143105  0.520894
 0.701778  0.143385  0.697817  0.280831
        0         0         0         1
27	32	53
  0.75029  0.438841 -0.494776   1.36278
-0.281705  0.889039  0.361347 -0.043125
 0.598354 -0.131713  0.790534  0.156032
        0         0         0         1
29	34	53
 0.913545 -0.406737        -0  0.268017
 0.406737  0.913545        -0 -0.297131
        0        -0         1  0.149016
        0         0        -0         1
28	34	53
 0.963929  0.223207 -0.173476 -0.810388
-0.121308  0.883389  0.462581  -0.84531
 0.255342 -0.422937  0.874642  0.749017
        0         0         0         1
25	35	53
  0.999472 0.00880582  0.0378129   0.384758
-0.0078437   0.999869 -0.0255271 -0.0802732
-0.0380243  0.0252117   0.999184   -1.12866
        -0          0         -0          1
27	35	53
 0.991297 0.0679774  -0.11289   0.39504
-0.0525356  0.989533  0.134533 -0.451722
 0.120851 -0.127429  0.984475 -0.291885
        0         0         0         1
26	35	53
 0.201603 -0.861431 -0.466147   5.39123
 0.323689 -0.390583  0.861783 -0.373596
-0.924436 -0.324624  0.200093   4.20725
       -0        -0        -0         1
31	36	53
-0.147144  0.695912  0.704426  -1.16413
  0.53447 -0.543695  0.648766 -0.519652
 0.833577  0.471448 -0.291628   -1.2785
       -0         0        -0         1
30	36	53
-0.427332 -0.843014  0.327285   3.42457
 0.904126 -0.405703  0.135505 0.0168903
0.0185439  0.353742  0.935374  -1.55428
       -0         0         0         1
29	36	53
  0.230817 -0.0559811   0.971947   -1.66821
-0.0626555   0.995965  0.0722438 -0.0450303
  -0.97154 -0.0775305   0.226255    3.96304
        -0         -0         -0          1
28	36	53
 0.672238 -0.281771  0.684618 -0.573947
 0.220112  0.958992  0.178563  -1.14744
-0.706857 0.0306551  0.706692   1.86894
       -0        -0         0         1
29	37	53
-0.00946313 -0.380556  0.925755  0.120971
 0.320117   0.87602  0.363384  -1.37496
-0.948351    0.2995  0.113423   2.84424
       -0        -0         0         1
26	37	53
-0.235116  0.957814  0.167126   1.05644
-0.969332 -0.244306 0.0364637   3.73269
0.0757317 -0.153379  0.985576 0.0853732
        0         0         0         1
27	37	53
-0.448707   0.85389 -0.264588   1.86545
-0.891468 -0.405406  0.203475   3.51233
0.0664649  0.327096  0.942901 -0.328749
       -0         0         0         1
29	38	53
 -0.998995 -0.0447668 0.00185444      3.573
  0.022481   -0.53662  -0.843525    3.45679
 0.0387561  -0.842636   0.537087    2.27448
         0          0          0          1
26	38	53
-0.0558056  0.849026  0.525498  0.805328
-0.906132 -0.264146  0.330543   3.17563
 0.419425   -0.4577  0.784027   1.13737
        0         0         0         1
29	39	53
 -0.965291 -0.0579951   0.255061    3.74617
-0.0915411  -0.838641   -0.53713    4.33217
   0.24503   -0.54178   0.804141    1.31508
         0          0          0          1
28	39	53
  0.764952  -0.294679   0.573026  -0.568863
  0.391726   0.918889 -0.0503884   -1.56079
 -0.511611   0.262968   0.818198    1.69893
         0          0          0          1
26	39	53
-0.0908281   0.981577   0.170277    0.79964
 -0.770678   -0.17758   0.612582    3.13431
  0.631302 -0.0755617   0.772325  -0.523136
         0          0          0          1
27	39	53
  0.652514   -0.73736   0.187321    2.17322
 -0.160332   0.107959   0.983465   0.425044
 -0.743696   -0.67023 -0.0476699    6.08279
         0          0          0          1
25	40	53
 0.611878  0.161313  0.774651  -1.04517
-0.737012  0.472551  0.483745   1.57235
-0.287956 -0.866703  0.407931   2.69331
        0        -0         0         1
29	40	53
 -0.0106893   0.0126623     1.00018   -0.670858
   0.264922    0.964552 -0.00937979   -0.744897
  -0.964538    0.264784  -0.0136599     3.56046
          0           0           0           1
27	40	53
-0.602429  0.286045 -0.745326   3.76618
-0.759577 -0.492759  0.424834   3.29405
-0.245714  0.821962   0.51406   0.26658
        0         0         0         1
28	41	53
 0.981914 -0.163405 0.0963615  0.583843
-0.0113571  0.456448  0.889757  -0.19592
-0.189361 -0.874697  0.446306   4.43322
        0         0         0         1
27	41	53
 0.795581 -0.591062  0.133803    2.8037
 0.165523  0.424354  0.890354 -0.671021
-0.582974 -0.686131  0.435397   4.90759
        0         0         0         1
30	42	53
  0.845301  -0.209911   0.491514 -0.0917762
  0.156927   0.976668   0.147225  -0.509085
 -0.510904 -0.0473143   0.858442    1.16978
        -0         -0         -0          1
25	42	53
 0.828246 -0.214809  0.518059   1.26574
 0.307794  0.946496 -0.099628 -0.382286
-0.468818   0.24191  0.849828 0.0442976
        0         0         0         1
28	42	53
   0.900207    0.160537    -0.40494    0.442409
   -0.14282    0.987053   0.0738174  -0.0946809
   0.411523 -0.00861764    0.911425  0.00438451
          0           0           0           1
29	42	53
 0.996744 0.0284748 0.0754873 -0.189225
-0.0370049  0.992782  0.114121 -0.136646
-0.0716928 -0.116541  0.990599  0.574877
        0        -0         0         1
27	42	53
  0.998784 0.00426473  0.0523048   0.880575
-0.00187126   0.999114 -0.0457246  -0.560514
-0.0524451  0.0455639   0.997746   0.985305
         0          0          0          1
30	43	53
-0.390838   0.74896  0.535074  0.263359
-0.305673 -0.653932  0.692054   1.74244
 0.868222  0.106923  0.484518 -0.711058
       -0         0         0         1
29	43	53
 -0.64656  0.161294  0.745795  0.760275
 0.405144 -0.755788  0.514692   1.43977
 0.646594  0.634849  0.423258 -0.585902
       -0         0         0         1
26	43	53
  0.777511  -0.384842   0.497367    1.48471
  0.295535   0.921717    0.25119  -0.912501
   -0.5551 -0.0483136   0.830379    1.98386
         0          0          0          1
27	43	53
  0.77628   0.41186 -0.477533  0.700108
-0.265655  0.900463  0.344776  0.358533
 0.571922 -0.140764  0.808313 -0.214225
        0         0         0         1
28	44	53
 0.838691  0.142623  0.525602 -0.749416
-0.0974554  0.988826 -0.112812  0.249856
-0.535818 0.0433912  0.843217   1.83021
        0         0         0         1
27	44	53
-0.914611 -0.294461 -0.278557   4.52484
-0.00288895 -0.682743  0.731209   1.70246
 -0.40533  0.669304   0.62334   1.12497
        0         0         0         1
29	45	53
  0.961785   0.137483   0.236791   -1.41777
 -0.128674   0.990306 -0.0523392  -0.176294
 -0.241691    0.01987   0.970151     1.1033
        -0          0         -0          1
27	45	53
-0.776898  0.320594  0.542263   1.78427
 0.258946 -0.622352  0.738935   1.09789
 0.574262  0.714351  0.400408 -0.373827
        0         0         0         1
26	46	53
-0.194175  0.928546  0.316491  0.592716
-0.423976 -0.370376  0.826519   2.82451
 0.884651  0.026304  0.465584  -1.17932
        0         0         0         1
27	46	53
  0.533042   0.821435   0.206299  -0.930698
 -0.287889 -0.0535122   0.956924    1.50187
  0.796514  -0.569061   0.207808    1.23828
         0          0          0          1
31	47	53
0.0351207  0.956709  0.289761 -0.963699
 0.312319 -0.285928  0.906195   0.56172
 0.949584 0.0586583 -0.308765  -0.53226
        0         0         0         1
30	47	53
 -0.61938 -0.679444  0.393597   4.00267
 0.783656   -0.5033  0.364375   1.20296
-0.0494709  0.534079  0.844101 -0.550796
        0         0         0         1
24	47	53
-0.319536  0.945127 0.0798768  0.229134
-0.886006 -0.327512  0.330876   4.10907
 0.338584 0.0349242  0.941217 -0.163982
        0         0         0         1
29	47	53
 0.363882  0.519105  0.773456 -0.850059
-0.863743 -0.122888  0.488836   3.26845
 0.348786 -0.845897  0.403634   2.32753
        0         0         0         1
28	47	53
0.0126575  0.918823  0.394674 -0.402969
-0.930732 -0.133521  0.340696   3.48743
 0.365707 -0.371617  0.853418   1.24107
        0         0         0         1
26	47	53
  0.689298    0.38221  -0.616561    1.34823
  0.569683   0.241341   0.786499  -0.796975
  0.449103  -0.892768 -0.0513477    2.92656
         0          0          0          1
31	48	53
-0.398717  0.859771   0.31909  0.395678
 -0.38709 -0.473209   0.79135   2.70629
 0.831376  0.192008  0.521485 -0.890591
        0         0         0         1
24	48	53
  0.918126   0.163535  -0.361123 -0.0802665
 -0.158584    0.98644  0.0435221   0.322983
  0.363324  0.0173082    0.93156   0.369982
         0          0          0          1
25	48	53
 0.999265 0.0566663 0.0306335 -0.193822
 -0.04361  0.244634  0.970018   1.02778
0.0474099 -0.969342  0.246595   2.89445
        0         0         0         1
29	48	53
 0.816403 -0.203369  0.540844 -0.361458
 0.185737  0.978874  0.087706  -1.32022
 -0.54715 0.0288454  0.836768   2.51768
        0         0         0         1
27	47	53
-0.441157   -0.8818  0.167028   5.78811
 0.880604 -0.389377   0.27021  0.635372
-0.173228  0.266278  0.948251  0.606449
        0         0         0         1
28	48	53
  0.969475 -0.0660924   0.237109   -1.15476
 0.0575128   0.997657  0.0429341   -1.25959
 -0.239334 -0.0279802   0.970776    2.15953
         0          0          0          1
26	48	53
-0.274842  0.888022  0.368643   1.14135
-0.458323 -0.458045  0.761679   3.09304
 0.845235  0.040384  0.532885  -0.17021
        0         0         0         1
25	49	53
 -0.78511  0.330049 -0.524625   4.80714
-0.532704 -0.792131  0.298859   4.70341
-0.316845  0.513963  0.797504  0.004302
        0         0         0         1
29	49	53
  0.186067 -0.0706238   0.980058  -0.537973
  0.058432   0.996504  0.0607163  -0.838494
 -0.980861  0.0459669   0.189533    4.52244
         0          0          0          1
27	48	53
 -0.398061    0.84023   0.368986 -0.0296791
 -0.350114  -0.510833   0.785532    3.17271
  0.848268   0.183447   0.497373  -0.523689
         0          0          0          1
28	49	53
  0.60191 -0.279383  0.748958 -0.689796
 0.275074  0.952672  0.134308  -1.46259
-0.750551  0.125097  0.649855    3.2142
        0         0         0         1
26	49	53
 -0.200703   0.960932   0.190644    1.18862
 -0.907623  -0.255634      0.333     4.3268
  0.368722  -0.106198   0.923462 -0.0851068
         0          0          0          1
31	50	53
  0.884546    0.14799  -0.442354   0.213704
 -0.126713    0.98891  0.0774644  -0.438204
  0.448912 -0.0124689   0.893489  -0.975866
         0          0          0          1
27	49	53
-0.760421  0.532086 -0.372399   3.36949
-0.649459 -0.623191  0.435743   4.39451
-0.000223466  0.573195  0.819441 -0.295897
        0         0         0         1
29	51	53
 0.768253  0.631836  0.106993  -1.67976
-0.00379565  0.171518 -0.985619   2.33689
 -0.64082  0.756467  0.134109   1.91971
        0         0         0         1
25	51	53
 0.983235  0.116259 -0.146952 -0.100809
-0.146948  0.965469   -0.2194  0.975991
 0.116262  0.237095  0.965468 -0.744138
        0         0         0         1
28	51	53
  -0.954742    0.297498 -0.00632828     4.03014
  -0.227371   -0.715639    0.660484      2.6044
   0.191957    0.632006    0.750864   -0.428354
          0           0           0           1
31	52	53
 0.792623 -0.140249  0.593362  -1.04782
 0.257954  0.958934 -0.117922 -0.471161
-0.552457  0.246528   0.79625  0.509044
        0         0         0         1
26	52	53
   0.402707   -0.187741    0.896432    0.726792
   0.432032    0.902403 -0.00509223   -0.546645
  -0.807579    0.389142     0.44429      1.7346
          0           0           0           1
27	52	53
  0.97744 0.0482077 -0.205772  0.132901
-0.089337  0.976644 -0.195555  0.849715
 0.191534  0.209521  0.958891 -0.971291
        0         0         0         1
32	33	53
  0.996738  0.0780428 -0.0220088   0.157757
-0.0763567    0.99471  0.0691684  -0.452764
 0.0272891 -0.0672601   0.997393  0.0814119
         0          0          0          1
35	36	53
 0.842825 0.0953825  0.529791  -0.79234
0.0247931  0.976318 -0.215217  0.173755
-0.537738  0.194513  0.820447  0.871718
        0         0         0         1
34	35	53
  0.777929   -0.11241   0.618357  -0.377253
  0.179487   0.982718 -0.0471584  -0.141736
 -0.602317    0.14766   0.784593    1.02649
         0          0          0          1
36	37	53
 0.902312  0.150875  0.403823  -1.14881
-0.0261905  0.954212 -0.297988  0.618313
-0.430291    0.2583  0.864948   0.39638
       -0         0        -0         1
38	39	53
 0.909217  0.359384 -0.210576 -0.899468
-0.414608  0.732302 -0.540379   2.03012
-0.0399947  0.578577  0.814754 -0.807129
        0         0         0         1
35	37	53
  0.662736 -0.0198084    0.74872   -1.10135
  0.238925   0.953106  -0.186271   0.113486
 -0.709851   0.302307   0.636329    1.63522
         0          0          0          1
34	36	53
 0.443548 -0.228332  0.866978 -0.108206
 0.345673  0.936044 0.0696747 -0.777184
-0.827223  0.268717   0.49398   1.67813
        0         0         0         1
32	35	53
-0.228351  0.865563   0.44571 -0.266165
-0.698711 -0.464506  0.544092   2.22723
 0.677981 -0.187178  0.710848 -0.165581
        0         0         0         1
32	36	53
-0.158432  0.924583  0.349977 -0.723213
-0.963618 -0.223611  0.154521   3.22417
 0.220857 -0.312383  0.925245  0.345869
        0         0         0         1
39	40	53
 0.840304  0.259177  0.476224 -0.927512
-0.113202  0.942887 -0.313404  0.809252
-0.530233  0.209437  0.821621  0.276801
       -0         0        -0         1
32	37	53
-0.0583712   0.968161   0.245735   -1.22293
 -0.996782 -0.0405942 -0.0768397    3.36995
-0.0643814  -0.249289    0.96687   0.662229
        -0         -0          0          1
36	40	53
  0.952925 0.00971602   0.303105   -1.09683
    0.1087   0.922148  -0.371298   0.191072
 -0.283111    0.38676   0.877667  -0.146522
        -0          0          0          1
38	41	53
 0.842908 0.0581484 -0.534926  0.875137
-0.408484  0.716258 -0.565807  0.816929
 0.350241  0.695425  0.627485  -1.72312
        0         0         0         1
37	41	53
   -0.5216 -0.0996565  -0.847489    3.49761
  0.438843  -0.883186  -0.166238    4.12871
 -0.731838   -0.45857   0.504344    4.00346
         0          0          0          1
36	41	53
 0.130516 -0.895019 -0.426507   5.05103
 0.868292  0.310839 -0.386583 -0.339332
 0.478575 -0.319877  0.817708   1.83789
        0         0         0         1
34	39	53
  0.629183  -0.174828   0.757557 -0.0758612
  0.480187   0.853836   -0.20177  -0.759152
 -0.611454   0.490638   0.621068    1.62994
         0          0          0          1
35	41	53
-0.964204 0.0102733 -0.264962   3.62302
 0.117005 -0.880221 -0.459913   4.17337
 -0.23795 -0.474452  0.847511   2.89695
        0         0         0         1
32	39	53
-0.300245  0.953202 0.0386672 -0.367448
-0.861265 -0.288273  0.418756   3.60467
 0.410258  0.092416  0.907405 -0.313642
        0         0         0         1
35	42	53
 0.615597 -0.435813  0.656588    1.6962
 0.611008 -0.262244 -0.746926   2.09229
 0.497705  0.860986  0.104849 -0.777733
        0         0         0         1
34	40	53
   0.589894    -0.30802    0.746714 -0.00815057
  -0.561829    0.507873    0.653335    0.761235
  -0.580351    -0.80475    0.126509     4.82457
         -0          -0          -0           1
33	41	53
-0.227607 -0.973248  0.041396   3.78953
 0.606627  -0.10835  0.788031  0.149401
-0.762186  0.204399  0.614835   2.45237
        0         0         0         1
38	44	53
 0.892188  0.270505 -0.361937  0.508558
-0.368686  0.898934 -0.236977   1.79108
 0.261232   0.34484  0.901673 -0.430278
        0         0         0         1
36	44	53
 0.879084  0.365508  -0.30854  0.586984
-0.430723  0.885643 -0.178035   1.37903
 0.208019  0.289175  0.935248  0.415465
        0         0         0         1
35	44	53
  0.974623   0.181642   0.132563 -0.0333352
 -0.144933   0.958241  -0.247439   0.724733
 -0.171934   0.221896    0.96003   0.731964
         0          0          0          1
34	42	53
 0.985703  0.167509 0.0237984  0.484073
-0.163354  0.978868 -0.123964  0.748178
-0.0440554  0.118289   0.99212  0.134482
        0         0         0         1
39	45	53
 0.621936  0.302745 -0.722351   1.66353
-0.240399  0.951653  0.191868  0.875234
 0.745422 0.0543177  0.664564  -1.14293
       -0         0         0         1
38	45	53
 0.423508  0.420116 -0.802741    2.1026
-0.593194  0.798356  0.104865   1.35351
 0.684843  0.431716  0.587248  -0.85189
        0         0         0         1
37	45	53
 0.142224  0.363719 -0.921167   2.36439
-0.596704  0.774211  0.213565   1.27966
 0.790433  0.519012   0.32697 -0.494753
        0         0         0         1
39	46	53
 0.493941  0.854465 -0.160977 -0.304123
-0.858753  0.508419 0.0636854   3.11434
  0.13626  0.106783  0.984903  -0.17597
        0         0         0         1
32	44	53
 -0.115015   0.924333   0.365033 -0.0700239
 -0.765357  -0.316789    0.56102    2.19832
  0.633932  -0.214762   0.743557   0.687891
         0          0          0          1
38	46	53
 0.342181  0.850939 -0.398546 -0.445982
-0.932478  0.255221 -0.255674   3.90772
-0.115844  0.459116  0.880804 -0.224654
        0         0         0         1
36	46	53
    0.7835   0.366779  -0.502393 -0.0180847
 -0.479647   0.870696  -0.112361   0.813884
  0.396062   0.328875   0.857772  -0.465182
         0          0          0          1
37	46	53
 0.164597  0.779111 -0.604994 0.0118138
-0.985904  0.110036 -0.126526   4.51325
-0.0320046  0.617254  0.786192 -0.268223
        0         0         0         1
35	46	53
  0.963168    0.14983  -0.224204 -0.0261665
 -0.214031   0.930624  -0.297557   0.529063
  0.164033   0.334516   0.928226   0.166097
         0          0          0          1
39	47	53
0.0653725  0.948232  0.311063  0.728774
 -0.50627   0.30015 -0.808567   3.20237
-0.859998 -0.104615  0.499638     2.805
        0         0         0         1
32	45	53
-0.434109  0.801085  0.412849 -0.368391
-0.139824  -0.51257  0.847558   1.24637
 0.890298  0.310109  0.334416 -0.477818
       -0         0         0         1
34	44	53
 0.623725  0.173566  0.762132  -0.28234
-0.0292833   0.97954 -0.199113  0.813484
-0.781096  0.101874  0.616046   2.45131
        0         0         0         1
36	47	53
  0.970838 -0.0908689   0.223514   0.708717
 0.0909613   0.996179 0.00989881  -0.613902
 -0.223476  0.0107165   0.975032    1.83975
         0          0          0          1
38	47	53
 -0.595526   0.802788  0.0309354   0.994073
  -0.80308  -0.593798 -0.0504441    5.22922
-0.0221256 -0.0548821   0.998287   0.568624
         0          0          0          1
37	47	53
  0.991695  0.0663346    -0.1108   0.645234
-0.0616248   0.997134   0.045414  -0.318924
  0.113487 -0.0382064   0.992873    1.69548
         0          0          0          1
35	47	53
 0.744518  0.020295  0.667386   0.53403
 0.158727  0.965564 -0.206434 -0.461048
-0.648554  0.259609  0.715614    2.0647
        0         0         0         1
32	46	53
-0.0677671  0.934689  0.349777  -1.04944
-0.540137 -0.329148  0.774916   2.11907
  0.83919 -0.136374  0.527012  0.485714
        0         0         0         1
39	48	53
  0.859752   0.321934  -0.396515   0.226089
 -0.258827   0.943906   0.205158   0.295605
  0.440311 -0.0737549   0.894833  0.0542387
         0          0          0          1
36	48	53
 0.797689  0.208893 -0.565735 -0.146977
-0.226734   0.97315 0.0396314  0.228458
 0.558824 0.0966574  0.823634  0.152537
        0         0         0         1
38	48	53
 0.759563  0.408451 -0.506283 -0.530628
-0.530511  0.839376 -0.118733  0.925054
 0.376448  0.358758  0.854208  -1.05247
        0         0         0         1
33	46	53
  0.77568  0.630055 0.0467976  -2.58182
-0.332132  0.343617  0.878894  0.183659
 0.537446 -0.696992  0.475598   2.50414
        0         0         0         1
35	48	53
 0.955022  0.296071 -0.017314  -1.38747
 -0.29497  0.942157 -0.159241  0.625841
-0.0308337  0.157185    0.9871   1.35408
        0         0         0         1
37	48	53
 0.560854  0.487022 -0.669712 -0.464591
-0.639049  0.768962 0.0240211   1.77567
 0.526612  0.414452   0.74241 -0.947958
        0         0         0         1
34	45	53
 0.920711  0.367691  0.131017 -0.827958
-0.337795  0.918752 -0.204594  0.745968
-0.195592   0.14411  0.970075  0.545062
        0         0         0         1
39	49	53
  0.953005 -0.0120106   0.306708  -0.473134
-0.00113529     1.0003  0.0426977   0.330546
 -0.306941 -0.0409892   0.952124    1.21807
         0          0          0          1
33	47	53
 -0.602723  -0.731337   0.321495    3.74662
  0.773294  -0.635202 0.00477739   0.935583
  0.200571   0.251303   0.947685   0.855723
         0          0          0          1
32	48	53
   0.616576    0.708889    0.342971    -2.01701
   -0.48382 -0.00268979    0.875346     1.54666
   0.621346   -0.705541    0.341263     2.59834
          0           0           0           1
36	49	53
 0.962352  0.262705 0.0715114  -1.80543
 -0.23252  0.929675 -0.286164  0.944243
-0.141642   0.25873   0.95564   0.62065
        0         0         0         1
38	49	53
 0.973105  0.197622  0.119137 -0.739458
 -0.15329  0.939556 -0.306462  0.571159
-0.172484  0.279932  0.944495  0.622623
        0         0         0         1
35	49	53
 0.852812 0.0541982  0.519399  -1.46066
  0.08457  0.967138 -0.239776 -0.236011
-0.515326   0.24841  0.820204   1.92279
        0         0         0         1
37	49	53
 0.914808  0.383308 -0.127957  -1.69744
 -0.40384  0.878555 -0.255396   1.50169
0.0145197  0.285288  0.958421 -0.268849
        0         0         0         1
33	48	53
  0.277011   0.905546   0.321908     -2.341
 -0.614572 -0.0906539   0.783872    2.70292
  0.738877    -0.4149   0.531312    1.21229
         0          0          0          1
34	46	53
 0.822966  0.275789   0.49689 -0.676115
-0.156121  0.950526 -0.268997  0.111052
 -0.54643  0.143783  0.825211   1.58491
        0         0         0         1
32	49	53
 -0.379091   0.925456 0.00785909   0.424294
 -0.919572  -0.377613   0.109708    4.63549
  0.104485  0.0343586   0.994054   0.486599
         0          0          0          1
34	47	53
 0.225578  0.608123    0.7612  0.302341
-0.969908 0.0661549  0.234576   3.71603
0.0922878  -0.79116  0.604708   2.48627
        0         0         0         1
39	51	53
-0.799312 -0.539397  0.265559   5.31346
 0.552201 -0.483911  0.679172  0.947794
-0.237792  0.689385  0.684524 0.0262392
        0         0         0         1
36	51	53
  0.818036  -0.532087  -0.221061    1.09786
  -0.28097 -0.0332266  -0.959749    3.27005
  0.503031   0.846727  -0.176578  -0.444688
         0          0          0          1
34	48	53
  0.907683 -0.0786808   0.414414  -0.205348
  0.198375   0.947437  -0.254617  -0.809287
 -0.372259   0.313036   0.874785    1.48641
         0          0          0          1
39	52	53
-0.863252 -0.445263  0.237775   4.35059
 0.451291 -0.469778  0.758713   1.00467
-0.226125  0.762266   0.60648 -0.705235
        0         0         0         1
32	52	53
 0.359176 -0.290336  0.887497 -0.573684
 0.582145  0.813103 0.0303994  -1.23833
-0.730104  0.505493  0.460846   1.84112
       -0        -0         0         1
34	49	53
 0.425102 -0.268037  0.865987 0.0385072
 0.502024  0.866021 0.0216102  -1.60977
-0.754818  0.425031  0.502084   2.56872
        0         0         0         1
46	47	53
 0.632814 -0.255094  0.731389   1.58302
 0.264586  0.958814   0.10549   -0.2349
-0.728009  0.126731  0.674091   1.36925
        0         0         0         1
43	44	53
  0.994378  0.0994489 -0.0433214  -0.640464
 -0.108299   0.932901  -0.344271   0.133768
0.00617503   0.346931   0.938166 0.00634447
        -0          0          0          1
46	48	53
  0.996322  0.0676015  0.0535443   -0.36252
-0.0720846   0.993664  0.0867783 -0.0971407
-0.0473362 -0.0903145   0.994835   0.743621
         0          0          0          1
45	46	53
 0.832984  0.233539  0.502016 -0.523817
-0.315488  0.945459  0.083654  0.434201
-0.455003 -0.228014  0.861049   1.77403
        0         0         0         1
44	45	53
  0.76114  0.204089  -0.61601  0.528635
-0.213125  0.975425 0.0598307  -0.44594
 0.612943 0.0857284  0.785753  -1.36592
       -0         0         0         1
42	44	53
 0.655404 0.0201887  0.755168 -0.604401
-0.0581175  0.998148 0.0237549  0.616458
  -0.7532  -0.05945  0.655285   2.23823
        0         0         0         1
34	51	53
-0.858821  0.399192  0.321047   3.47471
 -0.21565   -0.8502  0.480267   3.60685
 0.464673   0.34323  0.816255 -0.805616
        0         0         0         1
46	49	53
  0.715282   -0.16467    0.67918  -0.832319
   0.10632   0.986187   0.127134  -0.460516
 -0.690723 -0.0187256   0.722898    2.10518
         0          0          0          1
44	46	53
    0.876936     0.454654    -0.157548     -0.74025
   -0.460517     0.887959 -0.000818674     0.534341
    0.139485    0.0732508     0.987789    -0.150989
           0            0            0            1
45	47	53
  0.874846   0.480742 -0.0610613   -1.94655
 -0.421768   0.817398   0.392644   0.611114
  0.238648  -0.317718   0.917769    1.34794
         0          0          0          1
40	42	53
 0.406823 -0.905077  0.123818   3.93363
 0.695524  0.219014  -0.68431   1.10632
 0.592236  0.364511  0.718602 0.0600893
        0         0         0         1
43	46	53
-0.433974 0.861174 0.264664 0.261146
-0.535272 -0.48276 0.693127  3.12775
0.724672 0.159132 0.670468 -1.16319
       0        0        0        1
44	47	53
-0.301967  0.949803 0.0831568  0.330343
-0.886808 -0.311829  0.341405   3.84915
 0.350159 0.0293457  0.936349 -0.399433
        0         0         0         1
45	48	53
  0.915363 -0.0610251   0.398341  -0.566695
 0.0125662   0.992452   0.123167   -0.82951
 -0.402793  -0.107721    0.90909    2.14714
         0          0          0          1
46	51	53
   0.970409 0.000413248    0.241641   -0.555984
    0.24076   0.0837275   -0.967011     2.33428
 -0.0206305    0.996532   0.0811468   -0.762518
          0           0           0           1
43	47	53
 -0.324182   0.945755 -0.0301177  -0.269401
 -0.946117  -0.323476  0.0260665    4.06433
 0.0149071  0.0369369   0.999434   0.261758
         0          0          0          1
44	48	53
 0.739952 -0.480778 -0.471042   1.33994
 0.561197  0.827178 0.0372992  -2.53716
 0.371599 -0.291866  0.881638  0.277155
        0         0         0         1
42	46	53
  0.490587   0.847322   0.203761   -1.92457
 -0.247324 -0.0888448   0.964927    2.03826
  0.835645  -0.523737   0.165965   0.187633
         0          0          0          1
41	46	53
-0.0393353   0.976009   0.225548   -1.33328
 -0.973219 -0.0907043   0.222775    5.32016
  0.237295  -0.210219   0.951058  -0.297775
         0          0          0          1
47	48	53
  0.660351  -0.068403   0.748155   0.541069
0.000421239   0.996117  0.0907029  -0.025931
 -0.751275 -0.0595659   0.657658     2.1723
         0          0          0          1
45	49	53
 0.442245 -0.270144  0.855685  0.143782
 0.179422  0.961324  0.210764   -1.0786
-0.879194 0.0602966  0.473431     3.183
        0         0         0         1
43	48	53
 0.298664  0.891445  0.340941  -0.99242
-0.586227  -0.11057  0.802637   2.45067
 0.753162 -0.439561  0.489538  0.831374
        0         0         0         1
41	47	53
0.0395801 -0.944782 -0.325518   4.10116
 0.773248  0.235312 -0.588946    1.1529
  0.63298 -0.228379  0.739812 -0.620237
        0         0         0         1
44	49	53
 0.897242 -0.188712  0.401529 -0.965804
 0.194705   0.98147 0.0261936  -1.04138
-0.398657 0.0546259  0.916497   1.18555
        0         0         0         1
42	47	53
  0.360636   0.579782   0.731475  -0.798508
 -0.880897 -0.0478388   0.472223    3.27269
  0.308585  -0.814142   0.493164     1.9894
         0          0          0          1
47	49	53
 0.0849138  -0.112605   0.990031   0.827464
 0.0384553   0.993249   0.109673 -0.0778539
 -0.995671  0.0287592  0.0886682    3.62569
        -0         -0          0          1
48	49	53
 0.682565  0.164812  0.712046  -1.17521
-0.0872085  0.985681 -0.144551  0.692808
-0.725649 0.0365666  0.687141    1.7333
       -0         0        -0         1
41	48	53
 0.898205  0.431327 0.0858888  -1.38413
-0.427572    0.8107  0.400174   1.82109
 0.102965 -0.396124   0.91251   1.03881
        0         0         0         1
42	48	53
 0.829633 -0.242999  0.502777 -0.340108
 0.272678  0.962052 0.0150272   -1.3174
-0.487319  0.124622  0.864357   1.94965
        0         0         0         1
48	50	53
  0.120648  0.0411783   0.992002  -0.150478
  0.257576   0.963787 -0.0713335    1.03176
 -0.958862    0.26408   0.105655    2.20721
        -0          0          0          1
40	44	53
 0.643678  0.574906 -0.505179   1.17479
-0.643528   0.76386 0.0493333   2.38872
 0.414239  0.293336  0.861629  0.261089
        0         0         0         1
48	51	53
  0.992062  0.0628179  -0.108966 -0.0793434
 -0.110247  0.0172991  -0.993757    3.69235
-0.0605411   0.997879  0.0240873  -0.934625
         0          0          0          1
45	51	53
-0.852851  0.435537  0.288814   3.63501
-0.00361648 -0.557686  0.830322   1.85634
 0.522583  0.706933  0.477088   -2.0703
        0         0         0         1
44	51	53
  0.976684 -0.0835078  -0.199402 0.00167457
 -0.196615  0.0404534  -0.979975     2.9095
 0.0898731    0.99601  0.0230835  -0.651961
         0          0          0          1
42	49	53
 0.280684 -0.107078  0.953817 -0.692014
 0.180016  0.982004 0.0572679  -1.00252
-0.942777  0.155627  0.294907   3.87928
        0         0         0         1
48	52	53
-0.519007  -0.25028  0.817782   2.11484
 0.803132 -0.471388  0.365443   1.06578
 0.293917  0.846126  0.445488  -2.20603
       -0         0         0         1
43	51	53
  0.99113  0.066923 -0.116388 -0.583659
-0.0969575  0.956545 -0.275651   0.79125
0.0928653  0.284439  0.954376  -0.58756
        0         0         0         1
47	52	53
-0.695433  0.718477 0.0127286   1.83585
-0.459425 -0.458169  0.760926   2.10934
  0.55254  0.523326  0.648713  -1.98566
       -0         0         0         1
41	51	53
-0.693935 -0.382584  0.609986   3.46436
 0.703412 -0.179208   0.68782  0.612179
-0.153834  0.906374  0.393473 -0.742646
        0         0         0         1
44	52	53
-0.796129 -0.335594  0.503859    2.6265
 0.602213 -0.524191  0.602397 -0.568169
 0.061948  0.782891  0.619324  -1.59902
       -0         0         0         1
45	52	53
 -0.708776   0.334777   0.621152    1.26334
  0.427748  -0.496349   0.755604 -0.0260326
  0.561191   0.801143   0.208572   -1.36292
        -0          0          0          1
40	45	53
-0.911325  0.182667 -0.369335   3.81722
-0.065924 -0.949581 -0.306983   4.06173
 -0.40673 -0.255377  0.877292    1.6236
        0         0         0         1
50	51	53
  0.994482 -0.0797725   0.141343   0.207059
 0.0704058     1.0027  0.0705436 -0.0065987
 -0.146235 -0.0597456    0.99518   0.828635
         0          0          0          1
41	52	53
-0.954955 -0.177295  0.237965   3.18796
 0.273248 -0.212588  0.938159  0.864447
-0.115741  0.960923  0.251457 -0.965682
        0         0         0         1
49	51	53
 0.803962 -0.508792 -0.308014   2.44895
-0.327211 0.0541113 -0.943452   3.59725
 0.496664  0.859244 -0.122973  -1.11428
        0         0         0         1
40	46	53
 0.538921  0.369032 -0.757247   1.28249
-0.292699  0.924978  0.242464  0.170842
 0.789896 0.0909754  0.606492 -0.193034
        0         0         0         1
49	52	53
-0.673131 -0.701124  0.235203   4.73439
 0.684988 -0.471247  0.555624  0.670856
-0.278722  0.535119  0.797472 -0.690118
        0         0         0         1
40	47	53
     0.982   0.194372 -0.0353282   0.772265
 -0.168812   0.918642   0.361874  0.0895885
   0.10262  -0.348812   0.933356    2.39976
         0          0          0          1
40	48	53
 0.596194  0.157072  -0.78737   1.03097
0.0910946  0.961145  0.260715 -0.162753
 0.797699 -0.227154    0.5587  0.601497
        0         0         0         1
40	49	53
 0.948242  0.269729 -0.167606 -0.738358
-0.254784  0.961234  0.105465  0.813029
 0.189554 -0.057303  0.980202  0.620026
        0         0         0         1
40	51	53
-0.597547 -0.771002 -0.220383   5.57602
 0.270058  -0.45228  0.850051   1.50406
-0.755036  0.448413  0.478456   3.08744
        0         0         0         1
40	52	53
  0.50029 -0.656598 -0.564466    3.7366
-0.692304 0.0882213 -0.716215   4.90448
 0.520055  0.749085 -0.410422   1.01152
        0         0         0         1
