6	7	50
  0.96556 0.0585842 -0.254376 -0.139392
0.00957841  0.966099  0.258855 -0.834646
 0.260859 -0.252321  0.932058 0.0325252
        0         0         0         1
3	4	50
 0.724382  0.363596 -0.587662  0.143332
-0.389421  0.918086 0.0880137  0.701775
 0.570876  0.164904   0.80572 -0.553516
        0         0         0         1
2	3	50
 0.779354   0.33065 -0.533147  0.365567
-0.183797  0.933276  0.310131  0.249683
 0.599828 -0.143641  0.787743 0.0226508
        0         0         0         1
1	2	50
  0.979844  0.0226127   0.199128   -0.46619
-0.0387119   0.996382  0.0773405  -0.142835
 -0.196634 -0.0834799   0.977049   0.438488
         0         -0          0          1
4	5	50
  0.722687  -0.120693   0.680591 -0.0416111
  0.338053   0.920579   -0.19571  -0.409647
 -0.602902   0.371504   0.706074     1.3998
         0          0          0          1
5	6	50
  0.823893   0.109209  -0.572404   0.771833
 -0.183097   0.989577 -0.0747413   0.155828
  0.553216   0.164877   0.827731  -0.990943
        -0          0          0          1
2	4	50
 -0.909359 -0.0305122  -0.415845    3.34412
 -0.253515  -0.751661   0.609533    1.93124
 -0.331042   0.659446   0.675527   0.516479
         0          0          0          1
3	6	50
  0.833255 -0.0351738  -0.557905   0.514673
 -0.289365   0.829669  -0.484487    1.25149
  0.478292   0.563225    0.67884  -0.526219
         0          0          0          1
2	5	50
-0.630529  -0.76328 -0.140847    3.2774
 0.655742 -0.426771 -0.622791   2.07985
 0.415255 -0.485047  0.769606   1.11311
        0         0         0         1
6	9	50
 0.954646  -0.16391  0.248827  -0.88755
0.0129878  0.857246  0.514868 -0.716336
-0.297678 -0.488254  0.820442   1.28091
       -0        -0        -0         1
0	2	50
  0.754068 -0.0722215   0.655689  -0.816219
-0.0572555   0.984933   0.174333  -0.536306
 -0.657166  -0.168684   0.737186    1.88358
         0          0          0          1
1	5	50
 0.325123 -0.179669  0.928605 -0.419008
 0.916343 -0.183423 -0.356319  0.781397
 0.234312  0.966627  0.104989  0.102613
        0         0         0         1
1	6	50
  -0.610816 -0.00572298    0.791894    0.958082
   0.777379   -0.195069     0.59821    0.173278
   0.151033    0.980888    0.123587    0.259045
          0           0           0           1
4	9	50
 0.687559  0.407559 -0.601441   1.68129
-0.427732  0.896427  0.118475  0.175835
 0.587266  0.175747  0.790446 -0.734086
       -0         0         0         1
0	3	50
    1.00064  -0.0139591 -0.00916883   -0.234381
  0.0164845    0.913815    0.407716   -0.461459
 0.00268533    -0.40781    0.913918     1.38165
          0           0           0           1
4	10	50
  0.886139   0.278362  -0.371165    1.10926
 -0.259409   0.960709   0.101177  -0.142358
  0.384651 0.00662514   0.923304  -0.410665
        -0          0          0          1
4	11	50
-0.966425  0.117787 -0.228558   2.81744
-0.151805  0.456102  0.876935 -0.800544
 0.207529  0.882149 -0.422888  0.848006
       -0         0        -0         1
0	5	50
  0.999803 -0.0119957 -0.0168771   0.293793
 0.0122291   0.999848  0.0138131   0.268649
  0.016709 -0.0140159   0.999779   0.879365
         0          0          0          1
5	12	50
 -0.992028 -0.0932824  0.0857272    2.62604
-0.00569497   0.708868    0.70544  -0.954428
 -0.126564   0.699267  -0.703688     1.3939
         0          0          0          1
4	12	50
 0.675945  0.415266 -0.618616  0.810784
-0.389102  0.909056  0.185071   0.27051
 0.635399  0.114917  0.771425  -1.22124
       -0         0         0         1
3	12	50
 0.924779    0.3329  0.185555  -1.75415
  0.21673 -0.058775 -0.974702   2.70801
-0.313498  0.941379 -0.126473   1.21209
       -0         0        -0         1
4	13	50
 0.523699 -0.406658  0.751057  0.209712
 0.395012  0.896442  0.209942  -1.26317
-0.757247  0.186384  0.628932   1.41533
       -0        -0         0         1
5	14	50
-0.605046  0.405249 -0.685459   1.90374
-0.776569 -0.490711  0.395355   2.81347
 -0.17613  0.771452  0.611557 -0.714431
        0         0         0         1
4	14	50
-0.279145  0.946384  0.167702 -0.305541
-0.950232 -0.297968 0.0998107   2.82213
 0.144307 -0.131384  0.981633  0.786528
        0         0         0         1
3	14	50
 0.264753 -0.533288  0.804178  0.607247
  0.49792  0.789803  0.359829  -1.34876
-0.826542  0.304969  0.474355   1.82859
       -0        -0         0         1
5	15	50
 0.941981 -0.163412  0.293201 -0.269471
0.0204295  0.899788  0.435849  -1.11842
-0.335042 -0.404572  0.850922   1.20473
       -0        -0        -0         1
3	15	50
 0.909579 -0.223617  0.350307 -0.442273
 0.227708  0.973293 0.0300496 -0.899767
-0.347662 0.0524339  0.936182  0.935734
        0         0         0         1
2	15	50
-0.327821  0.899946  0.287635 -0.649065
-0.821521 -0.121148  -0.55725   3.42565
-0.466625 -0.418956  0.778999   2.04368
        0         0         0         1
4	16	50
  0.34399  0.456006 -0.821362   1.02156
-0.485802  0.835007  0.260125 -0.145552
 0.804097  0.309399  0.508533 -0.696789
       -0         0         0         1
6	16	50
   0.97042 -0.0712655   0.231028   0.143484
-0.0630569   0.847971    0.52644  -0.783858
 -0.233402  -0.525392   0.818325    1.20575
        -0         -0         -0          1
3	17	50
 0.465333  0.359465 -0.809893    1.0047
-0.514895   0.85418 0.0832822   1.05629
 0.721127   0.37794  0.582077  -1.21414
       -0         0         0         1
4	18	50
 0.400768  0.384632 -0.831692   1.31397
-0.465623   0.86731  0.176734  0.547504
 0.789206  0.316383  0.526613  -1.17758
       -0         0         0         1
6	18	50
  0.996735 0.00771515 -0.0803715  -0.250916
 0.0313484   0.880357   0.473275  -0.623134
 0.0744074  -0.474248   0.877241   0.547256
         0          0          0          1
7	19	50
 0.943459 -0.146589  0.341171 -0.436561
0.0558122  0.976953  0.265424  0.016982
-0.367112 -0.228201  0.917145  0.946055
       -0        -0        -0         1
6	19	50
 0.966882 -0.118167  0.237121 -0.844944
-0.0315623  0.839513  0.547058 -0.602047
-0.263046 -0.535076  0.805948  0.882699
       -0        -0        -0         1
4	19	50
 0.670518  0.368634 -0.643948  0.688684
-0.370559  0.918305  0.139844  0.481666
 0.642843  0.144841  0.752282  -1.16921
       -0         0         0         1
0	16	50
-0.718279 0.0255836  0.695406  0.928671
 0.581505 -0.526877  0.620016  0.871784
 0.382223  0.849656  0.363537 -0.217631
        0         0         0         1
4	20	50
 0.892042  0.280918 -0.354047   1.31777
-0.265679   0.95966 0.0920469  0.161169
 0.365622 0.0119537  0.930689 -0.546436
       -0         0         0         1
5	21	50
 0.962499 -0.127572  0.283517 -0.350433
0.0289157  0.955125  0.331605 -0.555596
-0.309548 -0.307445  0.912534  0.519636
       -0        -0        -0         1
4	21	50
 0.286548 -0.463732  0.838478  0.159427
 0.456592    0.8355  0.306047 -0.903573
-0.842387  0.295116  0.451102   1.30339
       -0        -0         0         1
7	21	50
   0.99738 -0.0286511  0.0665104  -0.202811
0.00422412   0.939867    0.34153  0.0580994
-0.0722962  -0.340352   0.937521   0.507148
        -0         -0         -0          1
0	18	50
-0.631827 0.0693475  0.775539   1.35954
  0.67462 -0.449942  0.589842 -0.134227
 0.388788   0.89343  0.236855 -0.288936
        0         0         0         1
6	23	50
-0.408809 -0.328267  0.851641  0.852943
-0.0761127  0.942176  0.326629 -0.480365
-0.909538 0.0687022 -0.410119   3.43142
        0         0         0         1
4	23	50
-0.562118 -0.394408  0.726957   1.60438
 0.349144  0.683643  0.640884  -1.56739
-0.749747  0.614064 -0.246582   2.32929
        0         0         0         1
5	24	50
-0.394066  0.306306 -0.866539   3.12225
-0.146047  0.909981  0.388079 -0.689917
 0.907404  0.279484 -0.313858 -0.224854
       -0         0        -0         1
7	24	50
  0.733422  -0.189386   0.656338  -0.664583
 0.0890786   0.981279   0.183607  -0.258684
 -0.677282 -0.0760223    0.73489    1.52751
        -0         -0         -0          1
4	24	50
   1.01241   0.060656 -0.0666011  -0.534061
-0.0697094    1.00349  -0.145745  -0.240958
 0.0570573   0.149739     1.0037  -0.273992
        -0          0          0          1
6	24	50
 0.673454 -0.284314  0.682391 -0.933818
-0.0256858  0.913542  0.405971 -0.790793
-0.738804 -0.290926  0.607916   2.21179
       -0        -0        -0         1
5	25	50
  0.544592  -0.362003   0.756557  -0.946123
  0.156872   0.930103   0.332122   -1.14287
 -0.823903 -0.0621882   0.563313    2.24098
        -0         -0         -0          1
5	26	50
  0.14046  0.362528 -0.921526   2.21093
-0.239207  0.915609   0.32374 -0.324092
 0.960946  0.174931  0.215286 -0.844937
       -0         0         0         1
4	26	50
-0.708781  0.280475  -0.64728    3.3539
 -0.35175  0.654845  0.668924 -0.725999
 0.611482  0.701798 -0.365483  0.697609
        0         0         0         1
7	26	50
 0.578173   0.33628 -0.743427   1.56963
 -0.23569  0.941137  0.242413 -0.372719
 0.781165 0.0350608   0.62338  -1.00993
        0         0         0         1
5	27	50
    0.788705     0.160776    -0.593888     0.368785
   -0.159546     0.985963    0.0550356 -0.000297832
    0.594219      0.05133     0.803042     -1.46021
          -0            0            0            1
7	27	50
  0.992469 0.00838233   0.122327  -0.316085
-0.0302148   0.983628   0.177739   0.139068
 -0.118832  -0.180094    0.97646   0.151903
         0         -0          0          1
1	27	50
 0.168153  0.982496 0.0821992 -0.120966
-0.716287 0.0644399  0.695063   1.39003
 0.677487 -0.175726  0.714467 -0.487814
        0         0         0         1
0	25	50
-0.954039  0.100864 -0.283073    3.5998
-0.0693278  0.842925  0.534007   -0.5981
   0.2924  0.528958 -0.796994   2.16389
        0         0         0         1
4	28	50
-0.656096  -0.46349  0.596258   2.95602
 0.755213 -0.403395  0.517432  0.470315
0.000703204  0.789467  0.614451 -0.230965
       -0         0         0         1
3	28	50
 0.958522   0.15794 -0.238893  -1.11225
-0.261708  0.821948 -0.506644  0.274041
 0.116292  0.547936  0.828867  0.124748
       -0         0         0         1
5	29	50
 -0.997143  0.0840361 -0.0049198    2.74891
-0.0526865  -0.577413   0.815597    1.42266
 0.0656534   0.812966   0.579791  -0.705387
         0          0          0          1
7	29	50
  0.582216   0.696009   0.420454   -1.09037
 -0.273166  -0.319653   0.907407    1.02725
  0.765892  -0.643102 0.00401944     1.4027
         0          0          0          1
6	29	50
-0.798853  0.557701  0.226135   1.52069
-0.0173655 -0.397031  0.917822     1.105
 0.601552  0.729156    0.3268 -0.956546
        0         0         0         1
4	29	50
-0.455977  0.737703  0.498726  0.671154
-0.161796 -0.619619  0.768598   1.73562
 0.875645  0.269657  0.401718  -0.58241
        0         0         0         1
3	29	50
 0.886678 0.0520327  0.459967 -0.971311
-0.00452705  0.994825 -0.103813  0.107672
-0.462879 0.0899448  0.882116   1.55619
        0         0         0         1
2	29	50
 -0.175189   0.968834   0.176271  -0.336732
 -0.891741 -0.0801298  -0.445846    3.44712
 -0.417743  -0.235249    0.87781    1.86029
         0          0          0          1
1	29	50
 0.203502 -0.451858  0.869112  0.336935
  0.95212 -0.117377 -0.283963  0.445545
 0.230216  0.884868  0.406145 -0.291255
        0         0         0         1
5	30	50
-0.0258888 -0.956162 -0.293073    3.3046
 0.904419 -0.147504  0.401345 -0.217897
-0.426808 -0.254567  0.868239   1.27198
       -0        -0        -0         1
4	30	50
 -0.515659   0.856481 -0.0360549   0.675165
 -0.798323  -0.464465    0.38434    2.76478
  0.312315   0.226885   0.922902 0.00311055
         0          0          0          1
0	27	50
 0.876247  0.290983 -0.384294  0.459225
-0.167131  0.931249  0.324044 -0.367215
 0.452128 -0.219697  0.864567  -0.24238
        0         0         0         1
3	30	50
  0.592761  -0.127875   0.795757  -0.206047
  0.330975   0.939289 -0.0956035  -0.706029
 -0.734872   0.319894   0.598814    1.66134
         0          0          0          1
1	30	50
 0.313625 -0.936222  -0.16567   2.10319
 0.899531  0.235691  0.370962  -0.33074
  -0.3079 -0.265061  0.915019   1.98949
        0         0         0         1
2	30	50
-0.298773  0.940756 -0.161902 0.0976373
-0.508359 -0.300393 -0.807363   2.97967
-0.807964 -0.158875   0.56785   2.55174
        0         0         0         1
5	31	50
  0.994189 0.00513928   -0.10847  -0.024756
0.00641153   0.994462    0.10588  -0.526879
  0.108402   -0.10595   0.988549 -0.0103667
         0          0          0          1
7	31	50
  0.709731  -0.149744   0.690758   0.250409
-0.00106406   0.978678   0.213253 -0.0847244
 -0.706802  -0.151838     0.6933    1.71662
         0          0          0          1
4	31	50
  0.738611   0.371424  -0.562848   0.269945
 -0.487886   0.870601 -0.0657309    0.41898
  0.465532   0.323107   0.824124  -0.546687
         0          0          0          1
0	28	50
 0.984591   0.12464 -0.122893  0.954248
-0.146621  0.970779 -0.190117   -0.1494
 0.095603  0.205201  0.974068  0.234017
        0         0         0         1
1	31	50
 0.627451  0.777394 0.0490423 -0.303391
-0.775377  0.617328   0.13467   1.19931
0.0743998 -0.122497  0.989899   0.68201
        0         0         0         1
0	29	50
  0.438267     0.4002  -0.805694   0.601426
 -0.158896   0.916565   0.368837  0.0873334
  0.885469 -0.0336046    0.46497   0.192687
         0          0          0          1
0	30	50
 0.264766  0.859367  0.440577  -1.08617
-0.698529 -0.145028  0.702669   2.18128
 0.666841 -0.493129  0.561132   1.62699
        0         0         0         1
5	33	50
 -0.93833 -0.251719  0.244077   2.09629
 0.349581 -0.617933  0.706649  0.503025
-0.0270077  0.747125  0.666689 -0.916836
        0         0         0         1
4	33	50
 0.611575  0.442781 -0.655751    1.4734
-0.398327  0.888407  0.228384 0.0627898
 0.683667  0.121524  0.719667 -0.243102
       -0         0         0         1
0	31	50
-0.931632 -0.289819  0.229658   2.65293
 0.344389 -0.453343  0.824956  0.929598
 -0.13466  0.845672  0.520943 0.0588919
        0         0         0         1
1	34	50
 0.887922 0.0848586  0.452568 -0.558229
-0.196807  0.958698  0.206368  0.423302
-0.416275 -0.272249  0.867765   1.64178
        0         0         0         1
2	34	50
  0.828308   0.411657   0.380314  -0.650422
 -0.406388   0.908507 -0.0982833    1.12102
 -0.385938 -0.0731389   0.919727     1.3236
         0          0          0          1
0	32	50
  0.883762   0.154396   -0.44384   0.910634
 -0.112301   0.987366   0.119858  0.0662407
  0.456311 -0.0560308   0.889105  -0.383725
         0          0          0          1
4	35	50
  -0.546465    0.837636 -0.00596173    0.353329
  -0.768087   -0.498226    0.402625     2.60481
   0.334234    0.224567    0.915506   -0.183713
          0           0           0           1
3	35	50
  0.616638  -0.130869   0.776487  -0.236356
  0.307098   0.948115 -0.0840826  -0.636737
 -0.725085   0.290261   0.624739    1.46438
         0          0          0          1
2	35	50
 0.944091 -0.125925  0.304699 0.0314891
 0.127429  0.991737 0.0150287 -0.285699
-0.304073 0.0246388  0.952333   1.26666
        0         0         0         1
1	35	50
  0.858517 -0.0750374   0.507508  -0.386888
 0.0216641   0.993787   0.110288  -0.242497
 -0.512567  -0.083679   0.854703    1.77703
         0          0          0          1
0	33	50
  0.999944 -0.0130626  0.0051108   0.330078
0.00996647   0.918024   0.396509  -0.135269
-0.00987071  -0.396418   0.918063    1.04658
         0          0          0          1
3	36	50
-0.368038   0.58528  0.722493 -0.323381
-0.823019  0.156504 -0.546028   2.51663
-0.432652 -0.795584  0.424097    3.2486
        0         0         0         1
6	36	50
  0.472212  -0.192284   0.863702 -0.0149615
 -0.354445   0.855917   0.384336  -0.365161
 -0.810755  -0.486182   0.335028    3.29376
         0          0          0          1
1	36	50
 0.837945  0.418086  0.351357 -0.836256
-0.458881  0.887916 0.0378309  0.425145
  -0.2961 -0.192893   0.93569     1.669
        0         0         0         1
2	36	50
 0.209846   0.93715  0.280354 -0.652359
-0.892422  0.300824 -0.337595   2.65261
-0.400537 -0.179272  0.899063    1.9018
        0         0         0         1
0	35	50
 0.405922 -0.743905  0.532181    1.4705
 0.603829  0.655275    0.4554  -1.79361
-0.687024  0.136395  0.714687   1.90025
        0         0         0         1
5	38	50
 0.230535 -0.831324 -0.507077   3.43683
 0.546506  0.541746 -0.639702  0.765464
 0.805952 -0.129557  0.578817 -0.879823
        0         0         0         1
7	38	50
 0.347125 -0.539637  0.769493  0.461958
-0.336853 -0.837237 -0.435188   3.94551
 0.877414 -0.107935 -0.471504   1.69327
        0         0         0         1
6	38	50
  0.997673 -0.0662671  0.0209096  0.0664456
  0.034977   0.738946    0.67299   -1.09742
-0.0600427  -0.670632   0.739477    1.18527
        -0         -0         -0          1
2	38	50
  0.26241  0.963196 0.0655646 0.0366566
-0.761876  0.164877  0.627109   1.01065
 0.592951 -0.214415   0.77675 0.0770908
        0         0         0         1
4	39	50
0.201369  -0.7313 0.651925 0.568947
0.505835 0.647588 0.570191 -1.09136
-0.83901 0.214909 0.500233  1.75549
       0        0        0        1
0	38	50
-0.635325 -0.399015  0.662428   1.58573
 0.741458 -0.557858  0.375094  0.749634
  0.21969  0.728863  0.649735 -0.354565
        0         0         0         1
5	40	50
-0.861991  0.446977 -0.240127   2.87985
-0.504407 -0.703576  0.501032   2.03436
0.0549892  0.552874  0.831736 -0.860901
       -0         0         0         1
3	40	50
  -0.852774    0.522841 -0.00949439     2.01813
  -0.519698   -0.845351    0.126381     2.90715
  0.0580312     0.11267    0.992278  -0.0368999
          0           0           0           1
1	40	50
-0.0691277  0.814842   0.57602 -0.742858
-0.698656  0.372746 -0.611134   3.34997
-0.712493 -0.444565   0.54338   2.62974
        0         0         0         1
2	40	50
 0.309666 -0.642496  -0.70115   2.29385
 0.949519  0.167662  0.265722 -0.951392
-0.053161 -0.747926   0.66188   1.39677
        0         0         0         1
4	41	50
-0.201602  0.971208  0.127104  0.556744
-0.966072 -0.175753 -0.189369   3.04196
-0.161574 -0.160966  0.973667  0.302671
       -0        -0         0         1
1	41	50
-0.740326 -0.459606  0.490739   1.69128
 0.665793 -0.602868   0.43979  0.549167
0.0937144  0.652271  0.752266 -0.246935
        0         0         0         1
2	41	50
-0.809403 -0.532466  0.248042   2.30556
 0.587287 -0.725101  0.359861  0.977416
-0.0117578  0.436906   0.89953 -0.119297
        0         0         0         1
5	42	50
  0.913048   0.243216  -0.328568   -0.20131
-0.0900173   0.903947   0.418981  -0.320482
  0.398757  -0.352838   0.846915 -0.0234552
         0          0          0          1
6	42	50
-0.633929  0.703854  0.320725  0.738169
-0.186313 -0.541423  0.819933   1.07566
 0.750709  0.459991  0.474327 -0.723395
       -0         0         0         1
1	42	50
  0.327548  -0.614645   0.717647   0.200591
  0.903513 -0.0185504  -0.428268   0.996899
  0.276532   0.788645   0.549239  -0.267127
         0          0          0          1
0	42	50
  0.66948 -0.407541  0.622292 -0.373165
0.0814806  0.872347  0.483644 -0.309949
-0.739391 -0.272875  0.616751   2.61982
        0         0         0         1
5	43	50
 -0.195498   0.967042   0.164044  0.0794903
 -0.891751  -0.244895   0.380931    2.07738
  0.408489 -0.0718051     0.9101  -0.200137
         0          0          0          1
1	43	50
  0.49932 -0.223436  0.837298  -0.22417
 0.126347  0.974785  0.184779 -0.197248
-0.857338 0.0135238   0.51488   2.10037
        0         0         0         1
2	43	50
  0.683247  -0.206693   0.700622  -0.135199
  0.147666   0.978611   0.144699  0.0381636
 -0.715394 0.00459215   0.699007    1.75108
         0          0          0          1
5	44	50
-0.480363  0.463435 -0.744722   2.54615
-0.876439 -0.287641  0.386327   2.99377
-0.0351721  0.838226  0.544309 -0.497582
        0         0         0         1
4	44	50
 -0.295618   0.949117  -0.163473    1.25282
 -0.961478  -0.280939   0.107576     3.4518
 0.0557618   0.187581   0.988252 -0.0646819
         0          0          0          1
6	44	50
-0.916028  0.395098 0.0767377   2.30424
-0.354256 -0.700936 -0.619911    3.4587
-0.191032 -0.594714  0.781613   1.96437
        0         0         0         1
0	43	50
0.0714534 -0.638248  0.780156   0.72892
 0.220061  0.773125   0.61234 -0.831802
-0.983655  0.126599  0.193662   2.96262
        0         0         0         1
1	44	50
-0.301714 -0.609384 -0.733226   3.88852
 0.619781 -0.709755  0.334842  0.364538
-0.724457 -0.353413  0.591828   2.93634
        0         0         0         1
2	44	50
 0.646375  0.129929  0.751886  -1.03474
 0.100754  0.962241 -0.252894  0.183214
-0.756347  0.239219  0.608873   2.25359
        0         0         0         1
5	45	50
-0.0032634  0.0634433  -0.998012    2.40263
 -0.168278   0.983751  0.0630866  -0.203766
  0.985766   0.168144 0.00746562   -1.30715
        -0          0          0          1
0	44	50
-0.523538  0.437788 -0.730976   3.08805
-0.851505 -0.299442  0.430524   3.15283
-0.0304053  0.847793  0.529528  0.265218
        0         0         0         1
2	45	50
  0.341124 0.00735729   0.940036  -0.843323
  0.373559   0.916606  -0.142732  -0.356962
 -0.862656    0.39983   0.309915    2.24994
         0          0          0          1
5	47	50
  -0.0157165    0.0716024    -0.997724      2.95074
   -0.200986     0.977271    0.0733003   -0.0708064
     0.97989     0.201597 -0.000967333    -0.107284
          -0            0           -0            1
6	47	50
  0.571849  0.0873651  -0.816269    2.03613
 0.0141212   0.993593   0.116237  -0.286364
  0.820809 -0.0779601   0.566686  -0.415712
         0          0          0          1
4	47	50
 0.663197 0.0876441 -0.743377   1.95013
-0.380521  0.894748 -0.233988  0.782437
 0.644588  0.438025  0.626706  -1.01924
        0         0         0         1
4	48	50
-0.418976 -0.847729  0.325307   1.97094
 0.900835 -0.343146  0.266003   1.12085
 -0.11387  0.404494  0.907429 -0.697203
        0         0         0         1
1	48	50
 0.634942  0.367013 -0.682626   1.35198
-0.386201  0.914917  0.132681 0.0924277
 0.671956  0.179043  0.721281  0.195019
        0         0         0         1
0	48	50
 0.897268 -0.304632 -0.319712   1.81007
 0.212175  0.932358 -0.292914 -0.393061
 0.387297  0.194978  0.901162   0.21661
        0         0         0         1
4	49	50
  -0.58965  -0.796269   0.148776    2.87945
  0.729861  -0.442415   0.524822   0.909919
 -0.351401   0.417241   0.840413 -0.0355579
         0          0          0          1
3	49	50
    0.99833 0.000768641  -0.0585406    0.478803
 -0.0253009     0.90743   -0.419546    0.586855
  0.0527971    0.420308    0.905893    0.080731
          0           0           0           1
2	49	50
  0.757205    0.37778  -0.532846   0.740255
 -0.441036    0.89744 0.00953495   0.499988
  0.481799   0.227784    0.84616   0.221237
         0          0          0          1
1	49	50
  0.896226   0.136877  -0.422645    1.06253
 -0.126788   0.990859  0.0520386  -0.123257
   0.42578 0.00694658   0.905123   0.446731
         0          0          0          1
0	49	50
 0.747559 -0.664285 0.0132517   2.20001
  0.61753  0.687306 -0.382833  0.119073
 0.245166  0.294331  0.923881  0.225379
        0         0         0         1
8	9	50
  0.999953 -0.0158836 0.00861712 -0.0613032
 0.0159828   0.999921 -0.0115539   0.098474
-0.00843281  0.0116905    1.00001 -0.0437238
         0          0          0          1
11	12	50
   1.00014 0.00508855 -0.0111073  -0.147189
-0.00495175    1.00013  0.0122781 -0.0246333
 0.0111692 -0.0122223    1.00008  -0.105219
         0          0          0          1
10	11	50
  0.88936 -0.231585  0.396107  0.114528
 0.228087  0.972762 0.0566155 -0.351267
-0.398133 0.0399655  0.917272  0.627319
        0         0         0         1
14	15	50
 0.640755  0.470612 -0.606988  0.153058
-0.449014  0.870852  0.201199  0.796706
 0.623135  0.143593  0.769131  -1.28062
        0         0         0         1
11	13	50
       1        0       -0 0.010834
       0        1        0 -0.25977
       0        0        1 0.062687
       0        0        0        1
13	16	50
-0.470738  0.416651 -0.777912   2.15194
 -0.43967  0.653714  0.616188 -0.178154
 0.765138   0.63198 -0.124517  0.221819
       -0         0        -0         1
12	15	50
 0.741882  0.533087  0.407425 -0.907884
-0.421223 -0.102738  0.901433  0.990338
 0.522253 -0.840137  0.148286   2.49731
        0         0         0         1
8	12	50
  0.940895  -0.196535   0.276359  -0.526578
   0.17318   0.979231   0.106776  -0.522637
 -0.291563 -0.0525982   0.955254   0.617457
        -0         -0         -0          1
10	14	50
 0.670837 -0.436152  0.599797 -0.370631
  0.43504   0.88644  0.158021  -1.29095
-0.600603   0.15493  0.784398   1.63442
        0         0         0         1
8	14	50
  0.150566   0.706972    0.69107  -0.796815
 -0.957456 -0.0698771    0.28009    1.84501
  0.246298  -0.703822   0.666354    1.57038
         0          0          0          1
12	18	50
  0.940714   0.156757  -0.301529    0.31486
 -0.177632   0.983381 -0.0429432   0.513034
  0.289722  0.0939381   0.952718  -0.392426
         0          0          0          1
8	16	50
 0.986954 0.0710339 -0.144485   1.20558
-0.0472002  0.985636  0.162157 -0.512894
 0.153928 -0.153222  0.976129  0.297409
        0         0         0         1
12	19	50
 0.390609  0.444396 -0.807249   1.81744
-0.503039  0.837444  0.217609  0.535752
 0.772069  0.320802   0.55019 -0.410883
        0         0         0         1
10	17	50
  0.996655 -0.0478601  0.0668938   0.132594
 0.0532026   0.995376 -0.0805133   0.131993
-0.0627284  0.0837989    0.99455  0.0888672
         0          0          0          1
11	20	50
 0.637855  0.428601  -0.64183    1.1783
-0.427549  0.889452  0.169057  0.505469
 0.642531  0.166371  0.749651 -0.512103
        0         0         0         1
8	18	50
        1         0         0  0.025555
       -0         1         0   0.22031
       -0         0         1 -0.326942
       -0         0         0         1
10	19	50
  0.940421    0.19482  -0.280993    0.66638
 -0.217887   0.975198 -0.0530884    0.45361
  0.263509   0.111077    0.95892  -0.280064
         0          0          0          1
8	19	50
  0.997998  0.0448096 -0.0459021 -0.0559967
-0.0420715    0.99743  0.0589892 -0.0643165
 0.0484248 -0.0569363   0.997261   0.236945
         0          0          0          1
13	21	50
 0.269577   0.47209 -0.839703   2.14216
-0.455817  0.830683  0.320685  0.575458
 0.848647  0.296206  0.438979 -0.560282
       -0         0         0         1
11	21	50
  0.92926  0.159022 -0.334124  0.515188
-0.179995  0.983357 -0.032582  0.382959
 0.323309 0.0903981  0.942204 -0.277941
       -0         0         0         1
9	19	50
  0.999039  0.0210433 -0.0417306   0.387094
-0.0190282   0.998792   0.048123   0.177956
 0.0426867 -0.0472762   0.998102  -0.163839
         0          0          0          1
12	21	50
 0.713466  0.331315  -0.61942    1.0665
-0.351717   0.93273 0.0937793  0.719088
 0.608067  0.150765  0.781031 -0.781381
        0         0         0         1
10	20	50
    1.00005    0.126932   -0.062209   0.0438629
   -0.12637     1.00197   0.0129647    0.382328
  0.0633443 -0.00505316     1.00799   -0.238502
          0           0           0           1
9	20	50
  0.951889  -0.176431   0.250753  -0.118319
  0.149449   0.981138   0.123006 -0.0923864
 -0.267712 -0.0796093   0.960255   0.312821
         0          0          0          1
8	21	50
 0.724382 -0.375064  0.578454  -0.59562
 0.309741   0.92667  0.212965 -0.584792
-0.615908 0.0249027  0.787432   1.27114
       -0        -0         0         1
13	22	50
   0.93403   0.166381  -0.316479   0.544957
 -0.182161   0.983179 -0.0207338   0.574782
  0.307667  0.0770059   0.948507  -0.590302
        -0          0          0          1
10	21	50
  0.998909 -0.0331774  0.0427592  -0.107841
 0.0353409   0.998453 -0.0509091   0.174473
-0.0409895  0.0523451   0.998162  0.0527939
         0          0          0          1
9	21	50
  0.924934  -0.203885   0.321924  -0.375684
  0.187092   0.979223  0.0826335  -0.323476
 -0.331965 -0.0161957   0.943528   0.738079
        -0         -0         -0          1
11	23	50
  0.980007 -0.0716711   0.186109  -0.627836
  0.107027   0.976508  -0.187523  -0.193375
 -0.168281   0.203673   0.964565   0.351138
         0          0          0          1
12	23	50
 0.969514 0.0721932 -0.235954  -0.10997
-0.112075  0.981112  -0.16032  0.372467
  0.21983    0.1818  0.958888 -0.458313
        0         0         0         1
10	22	50
  0.853243  -0.203974   0.480112  -0.470017
  0.257831   0.965057 -0.0482078  -0.336267
 -0.453471   0.164909    0.87596   0.832067
         0          0          0          1
8	23	50
   1.00185  -0.020307  0.0477972 -0.0594062
 0.0188367    1.00253  0.0311099  -0.181896
-0.0483951 -0.0301705    1.00157    -0.1149
         0          0          0          1
9	22	50
 0.624068 -0.341577  0.702877  -0.58129
 0.360083  0.924005  0.129329 -0.772988
-0.693579  0.172369  0.699579   1.53548
       -0        -0         0         1
13	24	50
 0.959816  0.113399 -0.257397 0.0703994
-0.146389  0.982954 -0.112826  0.239366
 0.240171  0.145947  0.959883 -0.302554
        0         0         0         1
11	24	50
 0.785254 -0.192188  0.588813 -0.676596
 0.332333  0.933054 -0.138658 -0.603572
-0.522678  0.304524   0.79645  0.892619
        0         0         0         1
12	24	50
  0.986039 -0.0893097   0.140977  -0.348397
  0.110858    0.98201  -0.153267   -0.14916
 -0.124744   0.166745   0.978141    0.13523
         0          0          0          1
8	24	50
-0.146293 -0.403599  0.903164  0.595986
 0.426846   0.79787  0.425685  -1.31353
-0.892414  0.447786 0.0555516   2.10455
       -0        -0         0         1
13	25	50
  0.940715   0.161289  -0.298584   0.558138
  -0.18013   0.983022 -0.0365051   0.477462
  0.287611  0.0881197   0.953743  -0.689191
         0          0          0          1
11	25	50
 0.949037  0.141059 -0.282101  0.623297
 -0.16559  0.984128 -0.064979  0.358105
 0.268437  0.108372  0.957261 -0.755741
        0         0         0         1
10	24	50
 0.502303 -0.299974  0.810992  0.254478
 0.485007  0.874209  0.022959 -0.791944
-0.715863  0.381804  0.584608   1.22182
        0         0         0         1
8	25	50
-0.979267 0.0768714 -0.187618    2.9966
-0.0977576  0.631704  0.769068 -0.933111
 0.177632  0.771436 -0.611069   1.61673
        0         0         0         1
12	25	50
  0.947311   0.179618  -0.265834   0.253905
 -0.203889     0.9769 -0.0664978   0.290751
  0.247708   0.117175   0.961893  -0.431685
         0          0          0          1
15	26	50
 0.945665 0.0837965  -0.31425   0.73685
-0.290558 -0.216446 -0.932087   4.42358
-0.146119  0.972722 -0.180333  0.538079
        0         0         0         1
13	26	50
 0.417745   0.36179 -0.833671     2.151
 -0.47521  0.869055  0.139023  0.719435
 0.774645  0.338024  0.534861 -0.861365
        0         0         0         1
14	26	50
  0.550556  -0.645372   -0.53051    2.47254
 -0.705369 -0.0186443   -0.70934     4.4405
  0.447661   0.764333  -0.465243    0.20709
         0          0          0          1
12	26	50
 -0.56538 -0.312809  0.769342   1.69066
 0.450816  0.666049  0.602109  -1.36399
-0.697497  0.684048 -0.234454   2.45273
        0         0         0         1
9	25	50
-0.964253 0.0891073 -0.250019   2.73927
-0.153127  0.582733  0.798253 -0.851813
 0.216799  0.807908 -0.548193   1.37269
        0         0         0         1
12	27	50
 -0.258963  -0.963328  0.0702681    3.65124
  0.965794   -0.25724  0.0327093 -0.0569284
-0.0134345   0.076336   0.996991  0.0330368
         0          0          0          1
15	28	50
 0.654278  0.448699 -0.613028  0.162191
-0.697111  0.676162 -0.249109   1.69057
 0.301945  0.588802   0.75323 -0.748389
       -0         0         0         1
14	28	50
-0.715943 -0.577688 -0.392049   3.55645
 0.624206 -0.278126 -0.730078   2.28906
 0.312718 -0.767413  0.559718   1.63471
        0         0         0         1
12	28	50
 0.428464   0.80381 -0.413183  0.240504
 0.179952  0.372233  0.910753 -0.221637
  0.88569 -0.464483 0.0148383    1.6705
        0         0         0         1
10	28	50
-0.748641 -0.305314  0.588542   2.24922
 0.657236 -0.458753  0.598037   1.12169
0.0874032  0.834501  0.544087 -0.553459
        0         0         0         1
15	29	50
  0.958872   0.147525  -0.243289 -0.0183158
 -0.178657   0.977804  -0.111219   0.736937
  0.221437   0.150082   0.963758  -0.044247
         0          0          0          1
8	29	50
 0.380676   0.83662  0.393928 -0.837547
-0.418668 -0.223908  0.880119  0.806446
 0.824518 -0.499958  0.265026   0.61593
        0         0         0         1
14	29	50
   0.62798   0.486963  -0.607223  0.0271961
 -0.634535   0.772145 -0.0370048    1.92078
  0.450797     0.4085   0.793802   -1.20443
         0          0          0          1
11	29	50
  -1.00087  0.0118094  0.0289079    3.23203
 0.0043469  -0.865279   0.503981    2.24361
 0.0309225   0.503861   0.864807 0.00801212
         0          0          0          1
12	29	50
  0.975193   0.173357   0.139557 -0.0322586
 -0.156898  0.0906895   0.983712   0.586462
  0.157835  -0.980945   0.115609    2.98276
         0          0          0          1
10	29	50
  -0.298835    0.871879    0.388642   -0.299997
  -0.543292   -0.490194    0.681953     2.30681
   0.784888 -0.00735285    0.620011  -0.0139856
          0           0           0           1
9	29	50
0.0654004  0.927936  0.368191  -1.34274
-0.517186 -0.284113  0.807901   1.68656
 0.853901  -0.24315  0.461126  0.591614
        0         0         0         1
15	30	50
   0.87084 -0.0233113   0.492313  -0.149593
  0.168719   0.953229  -0.253306   0.208766
 -0.463087   0.303459   0.833511   0.769867
         0          0          0          1
13	30	50
  0.844041 -0.0454211   0.534445  0.0281172
 -0.512573   0.225215   0.828641    1.20493
 -0.157994  -0.973301   0.166801    3.63616
         0          0          0          1
8	30	50
-0.542895 -0.601606 -0.586331    3.3778
-0.229275 -0.565501  0.792523   1.38298
-0.808176  0.564561  0.169036    1.3106
        0         0         0         1
14	30	50
 0.931453  0.207671  -0.29902 -0.206818
-0.300799  0.901721 -0.310748   1.18029
 0.205085  0.379364  0.902313 -0.669438
        0         0         0         1
12	30	50
-0.369606 -0.771125 -0.519087   3.67518
-0.0409735 -0.544558  0.838136    1.7848
-0.928658  0.330934  0.169617   2.39842
        0         0         0         1
10	30	50
-0.135624  0.970126  0.201996 -0.831147
-0.903592 -0.204765  0.376738   2.69254
 0.406777 -0.131405  0.904216  0.739391
        0         0         0         1
9	30	50
  0.144774   0.929784   0.355069   -1.59455
 -0.890871 -0.0389196   0.465153    2.19292
  0.443759  -0.381469   0.817981    1.42166
         0          0          0          1
15	31	50
 0.877363  0.194488 -0.445522 -0.233742
-0.312563  0.929747 -0.209658  0.974103
 0.372316  0.322222  0.873861 -0.724443
        0         0         0         1
11	31	50
  -0.529807   -0.848109 -0.00385456     3.98926
   0.665667   -0.418644    0.617756    0.630181
  -0.525539    0.324725     0.78636    0.740611
          0           0           0           1
14	31	50
 -0.593507  -0.247839   -0.76572    3.28005
  0.796991 -0.0485236  -0.602039    2.01395
  0.112053  -0.967586   0.226325    2.19804
         0          0          0          1
12	31	50
   0.55157   0.832291  0.0686735  -0.129462
 -0.126042 0.00160794   0.992856    0.54893
  0.825552  -0.555825   0.105703     1.3281
         0          0          0          1
8	32	50
  0.928473  0.0862556   -0.36154   0.613485
 -0.107365   0.993575 -0.0386789   0.179926
  0.355843  0.0747215   0.931669  -0.557647
         0          0          0          1
11	32	50
 0.827352  0.188613 -0.529188   1.10921
-0.320748   0.93198 -0.169295  0.733346
 0.461232  0.309782   0.83152 -0.793498
        0         0         0         1
9	32	50
    0.7521   0.192721  -0.630475    1.47705
 -0.284056   0.957853 -0.0460616   0.439825
  0.594938   0.213702   0.775032  -0.713769
         0          0          0          1
10	32	50
 0.983218  0.067849 -0.171128  0.457695
-0.106504  0.968111 -0.228085  0.529123
  0.15015   0.24241    0.9588  -0.50105
        0         0         0         1
15	33	50
-0.767893  -0.42537  0.479221   1.27547
 0.570566 -0.794317  0.209204   1.84088
 0.291627  0.434019  0.852545  -0.91509
       -0         0         0         1
13	33	50
 -0.758538   -0.64915 -0.0581987    2.88192
  0.587792  -0.719945   0.369245    1.27436
 -0.281572   0.245858   0.927595 -0.0306566
         0          0          0          1
11	33	50
 0.477396  0.487758 -0.736901   1.17713
-0.479813  0.846415  0.249402  0.487231
 0.742099  0.233481  0.635307 -0.261894
        0         0         0         1
9	33	50
  0.997347   0.028138 -0.0683627   0.362253
-0.0237837    0.99777  0.0636954   0.043008
 0.0699963 -0.0618956   0.995709   0.393361
         0          0          0          1
10	33	50
  0.649489    0.37626   -0.66079   0.656157
 -0.385914    0.91189   0.139923   0.349541
  0.655198   0.164126   0.737448 -0.0136364
         0          0          0          1
8	34	50
 0.519329 -0.619333   0.58994  0.566811
  0.52358  0.775936  0.353684 -0.936127
-0.676362  0.125121  0.726762   1.82932
       -0        -0         0         1
11	34	50
-0.914054  0.140062 -0.380641   3.43746
-0.276247 -0.902138  0.331412   2.25354
-0.296972   0.40808  0.863294  0.911153
        0         0         0         1
15	35	50
 0.886782 0.0244666  0.461737 -0.278357
 0.104543  0.962219 -0.251764 0.0488221
-0.450411  0.271507  0.850644  0.404133
       -0         0         0         1
8	35	50
-0.787542   0.52458 -0.323569   1.84083
 -0.61083 -0.594219  0.523347   1.89267
 0.082262  0.609772  0.788361 -0.339097
       -0         0         0         1
14	35	50
 0.893239  0.359937 -0.269387 -0.310391
 -0.42074  0.880412 -0.218752    1.5796
 0.158435   0.30874  0.937858 -0.484953
        0         0         0         1
11	35	50
 0.859581 -0.059622  0.509649 -0.509022
-0.487249   0.21692  0.847178  0.776267
-0.160888 -0.975484  0.157239   3.50938
        0         0         0         1
10	35	50
-0.766067  0.628278 -0.152723    2.2778
-0.633715   -0.6826  0.370647   3.51038
 0.128306   0.37979  0.918812 -0.677319
        0         0         0         1
15	36	50
 0.946053  0.248806  0.208397  -0.56783
-0.220746  0.964079 -0.148906  0.312775
-0.237919 0.0948536  0.966824  0.299445
       -0         0        -0         1
8	36	50
 0.611116 -0.729024 -0.309174    2.2483
  0.21932 -0.219435  0.950933 -0.298779
-0.760896 -0.648767 0.0257826   3.90924
       -0        -0        -0         1
13	36	50
0.0847731 -0.885671 -0.456933   3.38041
 0.431589 -0.380724  0.818027  0.966288
-0.898294 -0.266503  0.349902   2.92793
        0         0         0         1
14	36	50
-0.390212 0.0975813 -0.915703   2.71293
 0.836284 -0.378849  -0.39674   2.14127
-0.385569 -0.920462 0.0662157   3.54126
        0         0         0         1
11	36	50
-0.905287  0.411941  0.121882   1.96504
-0.304212  -0.81546  0.496565   2.61266
 0.303325  0.411613  0.861779 0.0488572
        0         0         0         1
15	38	50
 0.617945  0.576527 -0.535002 -0.240771
-0.496725  0.813586  0.302999  0.671175
 0.609815 0.0784941  0.788943  -1.07495
       -0         0         0         1
11	39	50
  0.76376  0.460231 -0.452743   0.32959
-0.334836  0.882013  0.331746  0.244092
 0.551972 -0.101774    0.8277  0.127945
        0         0         0         1
10	39	50
 0.960106  0.186349 -0.211722  0.133962
 -0.11992  0.949591  0.291981  0.109323
 0.255287  -0.25477  0.933422  0.284536
        0         0         0         1
12	39	50
 0.721807  0.525626  -0.45082  0.455329
-0.351004   0.83906  0.416295  0.269579
 0.596924 -0.142208  0.789928  0.227274
        0         0         0         1
15	40	50
  0.897037  -0.180503   0.403506  -0.873837
  0.138261    0.98163   0.131747   0.544882
  -0.41986 -0.0623904   0.905482   0.674599
        -0         -0         -0          1
13	40	50
 -0.997571  0.0345871 -0.0617479    3.14904
-0.0492014   0.288289    0.95636 -0.0243819
 0.0508753   0.957001  -0.285865   0.999409
         0          0          0          1
14	40	50
-0.580362 -0.455835 -0.675309   4.03138
 0.115174  -0.86669  0.486036   1.74746
-0.806575  0.204232  0.555315   1.63902
        0         0         0         1
11	40	50
 -0.598562   0.560664  -0.572371    2.78835
 -0.393778    0.41636   0.819641   0.346102
  0.697775    0.71591 -0.0284368  -0.103723
         0          0          0          1
12	40	50
-0.900486  0.288349 -0.328588   3.19962
-0.229961   0.32744  0.917545  0.140997
 0.371796  0.900903  -0.22832  0.595143
        0         0         0         1
10	40	50
 0.153469     0.648  -0.74617    1.8424
-0.519561  0.695242  0.496911  0.916502
 0.840672  0.311385  0.443324 -0.760165
        0         0         0         1
15	41	50
-0.629014  0.425326 -0.651227   2.72922
-0.618801 -0.781074 0.0875635   3.30068
-0.471258  0.457908   0.75425  0.176237
        0         0         0         1
14	41	50
  0.974809  -0.119562   0.188409  -0.355036
  0.120263   0.992734 0.00774791   0.836005
 -0.187962  0.0151051   0.982083  -0.420827
         0          0          0          1
11	41	50
  -0.57116   0.487528  -0.660814    3.04448
 -0.464791   0.471674   0.749717   0.449258
  0.676999   0.735134   -0.04279 -0.0839379
         0          0          0          1
9	41	50
  0.860891   0.273447  -0.429439  -0.281408
  -0.22621   0.961248     0.1586   0.294915
  0.456092 -0.0393881   0.889242   -0.13992
         0          0          0          1
12	41	50
  0.774974  -0.376725   0.507622   0.530034
  0.285176   0.925082   0.251164  -0.468149
 -0.564159 -0.0498788   0.824272    1.57801
         0          0          0          1
10	41	50
  0.880593   0.276866  -0.384675    0.58193
 -0.249987   0.960906   0.119333   0.497181
  0.402661 -0.0089193   0.915347  -0.164776
         0          0          0          1
15	42	50
  0.58977  0.436491 -0.679761   1.01039
 -0.66972 -0.206464 -0.713634   4.16452
-0.451745  0.875942  0.170525  0.731235
       -0         0         0         1
13	42	50
 0.608048  0.455795 -0.650434  0.624466
-0.411247   0.88148  0.233253  0.716652
 0.679478  0.125626  0.723232 -0.325256
        0         0         0         1
11	42	50
   0.90999   0.276429  -0.313934  -0.153312
 -0.267652   0.962435   0.071622   0.478924
   0.32145  0.0188214   0.948348 -0.0541805
         0          0          0          1
9	42	50
 0.953036 -0.207899  0.220619 -0.534204
 0.177491  0.972726  0.149909 -0.425241
-0.245746 -0.103701   0.96386    1.1703
        0         0         0         1
10	42	50
  0.999188  0.0428263 -0.0308583 -0.0915363
-0.0412724   0.998509  0.0493874   0.154929
 0.0329089 -0.0480467   0.998885   0.469256
         0          0          0          1
12	42	50
 0.860162  0.276522 -0.429729 0.0435388
-0.240779   0.96143  0.136708  0.503489
 0.450729 -0.014114  0.893114 -0.149536
        0         0         0         1
13	43	50
 0.899809  0.240689 -0.364437  0.326977
-0.234627  0.970342 0.0615503  0.334644
 0.368369 0.0301164  0.929409 -0.302601
        0         0         0         1
11	43	50
   0.998736 -0.00887415   0.0523627   -0.593681
  0.0114829    0.998844  -0.0497298  0.00316172
 -0.0518539   0.0502607    0.997537    0.126512
          0           0           0           1
10	43	50
 0.902609 -0.245016  0.355324 -0.533408
 0.248556  0.968445 0.0364082 -0.518146
-0.352858 0.0554279  0.934565  0.844921
        0         0         0         1
12	43	50
 0.896712  0.255188 -0.362222  0.218628
-0.242248  0.966997 0.0815528  0.449519
 0.371002 0.0146147  0.928741 -0.481638
        0         0         0         1
15	44	50
 0.521012 -0.518335  0.678214 -0.633197
 0.609598  0.782132  0.129456 -0.899201
-0.597526  0.345972   0.72344  0.962261
        0         0         0         1
13	44	50
-0.486127 0.0255423 -0.873515   3.89148
-0.694429 -0.618109  0.368388   3.19685
-0.530519  0.785677  0.318217   1.69048
        0         0         0         1
11	44	50
  0.51062  -0.24203  0.825494 -0.532246
-0.701182   0.43903  0.562447   1.59415
 -0.49836 -0.865693 0.0544503   3.85592
        0         0         0         1
9	44	50
-0.376168  0.720729 -0.582302   1.58554
-0.908938 -0.409044 0.0808918   3.76953
-0.179884  0.559697  0.808957  0.373104
        0         0         0         1
12	44	50
-0.502686 0.0308759 -0.864597   3.65364
-0.666512 -0.651346  0.364256   3.29436
-0.551582  0.758926  0.347798   1.43327
        0         0         0         1
10	44	50
 0.433086  -0.60473  0.668833  0.057897
-0.595879  0.364921  0.715794   1.33334
 -0.67673 -0.708331 -0.202243   4.38125
        0         0         0         1
13	45	50
   0.999795   0.0209924 -0.00298791   -0.574252
 -0.0162781    0.669547   -0.742618     1.51209
 -0.0135887    0.742499    0.669739   -0.501376
          0           0           0           1
14	47	50
0.00483359 -0.848733   0.52895   1.39716
 0.875598 -0.251973 -0.412308   2.39352
 0.483182  0.465103  0.741872  -1.58555
        0         0         0         1
13	47	50
  0.931702 -0.0213346   0.362856  -0.236585
  0.150645   0.931252  -0.332056   0.720231
 -0.330795   0.364006   0.870783  -0.110699
         0          0          0          1
8	48	50
 0.182328  0.970577 -0.158147   0.37716
 0.450702 0.0604771  0.890778 -0.999392
 0.874013 -0.233659 -0.426356   2.38062
        0         0         0         1
12	48	50
-0.726789 -0.203673  0.655969   1.20968
 0.617677 -0.611515  0.494494   1.12644
  0.30042  0.764571  0.570245 0.0672849
        0         0         0         1
14	49	50
 0.198767  0.071499 -0.977539    2.4103
-0.252889  0.967407 0.0193374  0.663475
 0.946964  0.243341  0.210349  0.205865
        0         0         0         1
18	19	50
  0.999954  0.0256851 -0.0193963  -0.298874
-0.0251087   0.999723  0.0294152    0.20537
 0.0201369 -0.0289127   0.999851  -0.250207
         0          0          0          1
19	20	50
  0.997465  0.0401515 -0.0612402  -0.148197
-0.0355541   0.996743  0.0744162  0.0884569
 0.0640192 -0.0720394   0.995495  -0.206283
         0          0          0          1
22	23	50
  0.998269 -0.0351317  0.0484746  -0.260117
 0.0378695   0.997733 -0.0567556  -0.267856
-0.0463673  0.0584899   0.997274   0.280269
         0          0          0          1
20	21	50
   0.99692 -0.0431198  0.0676578     -0.186
 0.0480601   0.996302 -0.0731954  -0.140104
-0.0642418  0.0762111   0.995163   0.237259
         0          0          0          1
21	22	50
  0.996066 -0.0273413  0.0850734  -0.356305
 0.0345779   0.995866 -0.0847893  -0.174622
-0.0823978  0.0873915   0.992827   0.245521
         0          0          0          1
16	18	50
       1        0        0 -1.00445
       0        1       -0  0.37009
       0        0        1  -0.0601
       0        0        0        1
23	24	50
     1.00107    0.0163999     0.016051 -0.000353706
  -0.0163131      1.00118   -0.0055109   -0.0638453
  -0.0161386   0.00524872      1.00119   0.00395253
          -0            0           -0            1
19	21	50
    0.9191  -0.204248   0.337318  -0.503758
  0.192099   0.979044  0.0693952  -0.450156
  -0.34438 0.00101766    0.93896   0.813063
        -0         -0          0          1
22	24	50
  0.882228  -0.182865   0.434163 -0.0822547
  0.214389    0.97658 -0.0243163  -0.707515
 -0.419493   0.114517   0.900652    1.00113
         0          0          0          1
20	22	50
  0.842074  -0.213696   0.496067  -0.669524
  0.277476   0.959434 -0.0577107  -0.593015
 -0.463417   0.186165   0.866846   0.881164
         0          0          0          1
18	21	50
 0.712697 -0.420297   0.56316 -0.372257
 0.393193  0.903306  0.176556  -0.69726
-0.582407 0.0955161   0.80834   1.14748
       -0        -0         0         1
21	24	50
-0.666578 -0.210473  0.715193   1.75509
 0.399276  0.709405  0.580905  -1.98906
-0.629586  0.672735 -0.388813   3.00612
        0         0         0         1
20	23	50
 0.439562 -0.312904  0.842135  -1.15422
 0.499727  0.864265 0.0602876  -1.36598
-0.746574  0.394276   0.53618   1.83343
        0         0         0         1
22	25	50
        1         0         0 -0.458673
        0         1         0 -0.176453
        0         0         1  0.008879
        0         0         0         1
17	21	50
  0.997238 -0.0335609 -0.0727088  0.0296209
 0.0369883    0.99869  0.0463363 -0.0404955
 0.0710269  -0.048876   0.996726  -0.152306
         0          0         -0          1
20	24	50
 0.497352 -0.261967  0.827223 -0.700129
 0.442491  0.896751 0.0179462  -1.21761
-0.746408  0.357062  0.561839   1.67023
        0         0         0         1
19	23	50
 0.177439 -0.369995  0.912941  0.111127
 0.438299  0.860404  0.263516  -1.35392
-0.882186  0.353058  0.314549   2.32252
        0         0         0         1
23	26	50
-0.902516  0.215276 -0.374246   3.44224
-0.117204  0.712501  0.692493  -1.38848
 0.415533  0.668535 -0.617522    1.3366
        0         0         0         1
20	25	50
-0.947159  0.112639 -0.300625    3.1128
-0.206096  0.504703  0.838434 -0.865993
 0.246146  0.856013 -0.454781   1.03046
        0         0         0         1
18	23	50
-0.0067324  -0.33379  0.945893 0.0906409
 0.426298  0.855284  0.304849  -1.44209
-0.907964   0.40404  0.136116   2.76921
        0         0         0         1
16	21	50
 0.645644 -0.343681   0.68281 -0.613717
 0.346138  0.928333  0.139963  0.126009
-0.681568  0.145892  0.717902   0.49887
       -0        -0         0         1
19	24	50
 0.262671 -0.448885  0.855009  0.151487
 0.447217  0.841874  0.304598  -1.49953
-0.855882  0.302134  0.421561   1.99652
        0         0         0         1
20	26	50
  0.758563   0.254276  -0.601321   0.420366
 -0.338586   0.941369 -0.0290535    0.46145
  0.558214    0.22545   0.799518  -0.922614
         0          0          0          1
18	24	50
  0.866004  -0.204776   0.456184  -0.232702
  0.253433   0.966191 -0.0473967  -0.491822
 -0.431055   0.156659   0.888623   0.487078
         0          0          0          1
17	23	50
 -0.55256 -0.369178  0.747258   1.68397
 0.336988  0.721055  0.605417  -1.60956
-0.762316  0.586344 -0.274017   3.09773
        0         0         0         1
19	25	50
 0.904611 -0.203535  0.374684 -0.486531
 0.205816  0.978056 0.0343912 -0.627914
-0.373437 0.0460028  0.926587  0.639528
        0         0         0         1
21	27	50
-0.525868 -0.546236  0.663932   1.71064
 0.817685 -0.558233  0.188374 0.0773609
 0.265653  0.636961  0.734456 -0.685281
        0         0         0         1
18	25	50
-0.975693 -0.119685  0.183623   2.72087
0.0654416  0.640483  0.765192  -1.09504
-0.209188  0.758602 -0.617076   1.91983
        0         0         0         1
17	24	50
-0.650686 -0.254388  0.717174   1.61409
 0.310023   0.77313  0.555517  -1.68001
-0.694938  0.583096 -0.423681   3.14904
        0         0         0         1
16	23	50
 0.116383 -0.385472  0.916197 -0.229606
 0.505146   0.81739  0.279733 -0.876524
-0.856056  0.429925  0.289625   1.88129
        0         0         0         1
17	25	50
   0.9002 -0.189852  0.395682 -0.481594
 0.184322  0.982983 0.0523041 -0.545668
-0.398288 0.0258105  0.918514  0.622741
        0         0         0         1
16	24	50
 0.849072 -0.188999  0.496644  -1.45726
 0.256217  0.965754 -0.070512  -0.20748
-0.465542   0.18681   0.86699  0.603002
        0         0         0         1
23	29	50
 -0.98268  0.183223 0.0653868   2.95273
-0.0883874 -0.720434  0.690412   1.26116
 0.173302  0.671498  0.722884 -0.328639
        0         0         0         1
21	29	50
-0.691542  0.677706  0.250908  0.611688
-0.421568 -0.660386  0.621804   2.29459
 0.586959  0.324153   0.74221 -0.376382
        0         0         0         1
20	29	50
 -0.401456   0.374386  -0.836085    1.65627
 -0.516441   0.661465    0.54417   0.329625
  0.756631   0.650129 -0.0721877 -0.0824727
         0          0          0          1
22	29	50
-0.724486  0.646207  0.242123   1.17781
 -0.36946 -0.659724  0.655249   2.39166
 0.582844  0.385054  0.716319 -0.638023
        0         0         0         1
18	27	50
  0.955137   0.116473  -0.280597   0.275548
 -0.135331   0.991907 -0.0489292   0.217979
  0.272004  0.0845142   0.960968  -0.417984
         0          0          0          1
17	26	50
 0.717364  0.233089  -0.65659   1.40611
-0.285465     0.958 0.0282015  0.360655
  0.63557  0.167199  0.753754 -0.911612
        0         0         0         1
23	30	50
 -0.79184  0.501178 -0.349293   2.35125
-0.606159 -0.573582  0.551154   2.09764
 0.075871  0.648089  0.757905 -0.130883
        0         0         0         1
20	30	50
-0.140119  0.975999  0.169241  -0.94914
 -0.91162 -0.193923  0.363585   2.34607
 0.387514 -0.103295  0.916523  0.915319
        0         0         0         1
16	26	50
  0.857339   -0.20246   0.473659  -0.971915
  0.254964   0.965921 -0.0486211   0.333994
  -0.44759   0.162421   0.879577  -0.131646
         0          0          0          1
22	30	50
  -0.74483   0.592364  -0.308152    1.49207
 -0.660239  -0.584446   0.472369    2.93043
 0.0996846   0.555115   0.826156 -0.0415865
         0          0          0          1
17	27	50
  0.994249  -0.058803  0.0895048   0.041753
  0.067648   0.992763 -0.0992299   -0.16734
-0.0830222   0.104714   0.991031   0.369247
         0          0          0          1
18	29	50
 0.659668  0.367284 -0.655787  0.999443
-0.351359  0.922014  0.162951  0.497134
 0.664455  0.122915   0.73723 -0.606013
        0         0         0         1
16	27	50
  0.950971   0.222057  -0.215742  -0.742062
 -0.238007   0.970043 -0.0506752    1.00274
  0.198007  0.0995289   0.975237  -0.514279
         0          0          0          1
17	28	50
 0.765829  0.175031 -0.618765  0.779964
 0.483111  0.478449  0.733273 -0.659217
 0.424393 -0.860494  0.281851   2.45162
        0         0         0         1
19	30	50
0.0798744  0.892269  0.445012 -0.507052
-0.889511 -0.137942  0.436235   1.53145
 0.450498 -0.430566  0.782447   1.06639
        0         0         0         1
20	31	50
-0.957784  0.117683  0.262313   1.87107
0.0848058 -0.756149  0.648887   1.38549
 0.274709  0.643736  0.714245 -0.208633
        0         0         0         1
21	31	50
-0.928122   -0.3143  0.199861   2.61379
 0.369253 -0.706131  0.604292   1.03381
-0.0487968  0.634612  0.771378 0.0491304
        0         0         0         1
18	30	50
  0.419443   0.725792   0.545674  -0.490048
 -0.794528 0.00234478   0.607609    2.04749
  0.439616   -0.68825    0.57751    1.61518
         0          0          0          1
17	29	50
 0.726057  0.608635  0.321313  -0.65122
-0.327758  -0.10492  0.939363   1.21194
 0.605188 -0.787015  0.123255   1.60808
        0         0         0         1
16	29	50
 0.364281  0.417183 -0.832803   1.05279
-0.452502  0.860877  0.233316   1.17551
 0.814152  0.291809  0.502301  -1.09189
        0         0         0         1
17	30	50
 0.709383  0.403177  0.578611 -0.405298
-0.677189  0.160327  0.718524   1.53447
 0.196869 -0.901282  0.386652   2.50843
        0         0         0         1
16	30	50
   0.392669    0.725303    0.565719    -1.01202
  -0.819573 -0.00339144    0.573219      2.6007
   0.417616   -0.688633     0.59302     1.36793
          0           0           0           1
20	33	50
 0.914455  0.220754 -0.341048  0.466902
 -0.22958  0.973833 0.0147695 0.0890749
 0.335171 0.0647512  0.940607  0.164458
        0         0         0         1
21	33	50
  0.61794  0.395521 -0.679656  0.606211
-0.371214  0.908742   0.19133  0.186677
 0.693231  0.134052  0.708294 -0.107421
        0         0         0         1
22	33	50
 0.191188   0.49001 -0.850585   1.78244
-0.435177  0.819069  0.374038  0.176834
 0.879901  0.298619  0.369809  0.135873
        0         0         0         1
19	33	50
  0.997418  0.0660279 -0.0324327  0.0680456
-0.0640093   0.996286  0.0597724 -0.0295203
 0.0362548 -0.0575346   0.997813   0.497317
         0          0          0          1
16	31	50
 0.919453 0.0413457  0.391989 -0.405983
0.0142821  0.990712 -0.137996    0.2685
-0.393905  0.132429  0.909978  0.504182
        0         0         0         1
17	32	50
  0.996679 -0.0661157  0.0820238  -0.114093
 0.0740954   0.994613 -0.0986218 -0.0496266
-0.0748944   0.104138   0.993989  -0.182542
         0          0          0          1
17	33	50
 0.762859 -0.328704  0.557479  0.509224
 0.247073  0.944398  0.218745 -0.286189
-0.598151 -0.029122  0.801343  0.915143
        0         0         0         1
21	35	50
 -0.79824 -0.165023 -0.579891   2.55556
-0.262517 -0.771022  0.580778   2.37827
-0.542762  0.615618  0.571941  0.698965
        0         0         0         1
19	35	50
-0.792028  0.514638 -0.328389   2.56632
-0.606702 -0.603748  0.517109   2.69264
0.0678598  0.608799  0.790417 -0.249606
        0         0         0         1
23	37	50
 -0.980663  -0.180946 -0.0759633    3.52663
  0.103662  -0.806343   0.582475    1.73831
 -0.166631   0.563278   0.809422  -0.810382
        -0          0         -0          1
19	37	50
-0.948461  0.242999  0.204885   1.86634
 -0.10468 -0.847636   0.52073   2.48733
 0.300114  0.472302  0.829137 -0.594271
        0         0         0         1
16	36	50
 -0.214022  -0.850675  -0.480224    2.82171
  0.371204  -0.525559   0.765546    1.54637
 -0.903587 -0.0144176   0.428241    2.18534
         0          0          0          1
18	38	50
 0.967202  0.164437 -0.195577  0.790988
-0.108451  0.957497  0.268713 -0.568937
 0.231362 -0.238597  0.943564 -0.013112
        0         0         0         1
21	38	50
 -0.71104  -0.39959  0.579373   1.81983
 0.571108 -0.808893  0.143008   1.45274
 0.411317   0.43237  0.802994 -0.695906
        0         0         0         1
19	38	50
    0.8796   0.455324  -0.139742 -0.0863409
 -0.363044   0.830927    0.42226  -0.420935
  0.308297    -0.3206   0.895943   0.554704
         0          0          0          1
20	38	50
-0.718882 -0.369112  0.591605   1.48846
 0.535052 -0.836876  0.128023   1.47051
 0.447168  0.407955  0.797901 -0.647502
        0         0         0         1
22	38	50
-0.619544 -0.750079  0.231401   3.23765
 0.778938  -0.62392 0.0630827   1.29114
0.0970591   0.21933  0.970811 -0.634032
        0         0         0         1
17	38	50
  0.995378 -0.0738634   0.064011    0.42593
 0.0496367    0.94627   0.320065  -0.880134
 -0.084198  -0.315356   0.945406   0.733252
         0          0          0          1
20	39	50
 0.966253  0.193859  -0.17253 -0.124427
-0.139051  0.948355  0.286844  -0.14794
 0.219118 -0.253048  0.942839  0.453734
        0         0         0         1
16	38	50
  0.972822   0.231769  0.0120174     -0.451
 -0.218453   0.896987   0.384625 -0.0755484
 0.0783556   -0.37675   0.923127   0.224521
         0          0          0          1
19	39	50
 0.402309  0.690991 -0.603273   1.06847
-0.444211  0.723112  0.532021  0.435477
 0.802548 0.0538562  0.596888 -0.522597
        0         0         0         1
17	39	50
-0.977641 -0.167118  0.129334   2.76252
 0.078613  0.280608  0.956826 -0.576344
-0.196151  0.945393 -0.261139   1.52354
        0         0         0         1
18	40	50
-0.718787  0.450741 -0.529534   2.92248
-0.273384   0.51709  0.811239 0.0646813
 0.639402  0.727791 -0.248424  0.236291
        0         0         0         1
20	40	50
 0.153652  0.645001 -0.748885   1.18706
-0.538898  0.689987  0.483705   0.72236
 0.828519  0.329174  0.453503 -0.736311
        0         0         0         1
17	40	50
-0.711749  0.449193 -0.540282   2.79568
-0.329316   0.46608  0.821332  0.195062
 0.620669  0.762404 -0.183781  0.120399
        0         0         0         1
22	40	50
-0.608358 -0.316309 -0.728094   3.83608
-0.140256 -0.860052  0.490827   1.56821
-0.781346  0.400664  0.478791     2.087
        0         0         0         1
23	41	50
  0.96812  0.136064 -0.210674  0.222464
 -0.08044  0.964178  0.253064  0.194539
 0.237542 -0.228033  0.944313  0.244644
        0         0         0         1
20	41	50
  0.882039    0.26491  -0.390197  -0.473907
 -0.244947   0.964472    0.10109   0.220156
  0.403029 0.00641019   0.915396  -0.132285
         0          0          0          1
19	41	50
  0.988081   0.109453  -0.110332  -0.260141
-0.0917128    0.98392   0.154746 -0.0357112
  0.125466   -0.14275   0.982006   0.384392
         0          0          0          1
17	41	50
  0.795202  -0.393878   0.461616   0.147189
  0.291565   0.915345   0.278764  -0.428127
 -0.532184 -0.0870569   0.842482     1.1069
         0          0          0          1
21	41	50
 0.564203  0.481677 -0.670794   0.64238
-0.412196  0.868221  0.276748  0.409836
 0.715592  0.120338  0.688294 -0.398093
        0         0         0         1
22	41	50
 0.111842   0.57834 -0.808737   1.58792
-0.464068  0.750113   0.47224  0.526062
 0.879303  0.322326    0.3521 -0.559789
        0         0         0         1
16	41	50
  0.991934   0.096434 -0.0844971  -0.314273
-0.0852245   0.988358   0.127507   0.761703
 0.0957918  -0.119255   0.988419  -0.375249
         0          0          0          1
23	42	50
 0.743147  0.464595 -0.481577  0.510428
-0.432954   0.88259  0.183352   1.08603
 0.510211 0.0722423  0.857028 -0.822585
       -0         0         0         1
16	42	50
 0.729553 -0.390303  0.561923 -0.675568
 0.342483  0.919463  0.193994  -0.17161
-0.592283 0.0509117  0.804332   1.27077
        0         0         0         1
20	42	50
 0.937309 -0.169832   0.30577 -0.564078
 0.150565  0.985326 0.0857334 -0.510431
-0.315703 -0.034305  0.948705   1.15387
        0         0         0         1
17	42	50
  0.990102    0.10284 -0.0959299  -0.312435
-0.0889892   0.986338   0.138923 -0.0324847
  0.108902  -0.129006   0.985687   0.478041
         0          0          0          1
18	42	50
  0.812534   0.327725  -0.482513   0.108975
 -0.237974   0.941675   0.238851   0.318723
  0.532532 -0.0792317   0.842951  -0.418753
         0          0          0          1
21	42	50
  0.989576   0.113342  -0.092392  -0.178624
-0.0999722   0.985647   0.138377 -0.0537135
  0.106716  -0.127658   0.986386   0.450628
         0          0          0          1
22	42	50
  0.822772   0.349003  -0.448747   0.383723
 -0.272848   0.934987   0.226903    0.24702
   0.49873 -0.0642451   0.864448  0.0391666
         0          0          0          1
21	43	50
 -0.426758 -0.0888962  -0.900088    2.88614
  -0.60772  -0.708932   0.358154     2.3154
 -0.669878   0.699783   0.248495    1.46128
         0          0          0          1
20	43	50
 -0.159127   0.957987   0.241232  -0.333257
 -0.986233   -0.13989 -0.0950237    2.67427
-0.0572499  -0.252873   0.966453   0.773247
         0          0          0          1
22	43	50
  0.995113  0.0693624 -0.0704602 -0.0645251
-0.0620291   0.992922   0.101418  -0.178996
 0.0769947 -0.0965503   0.992359   0.261796
         0          0          0          1
23	44	50
 0.508077 -0.476295  0.717635 -0.118289
-0.697823  0.260761  0.667118   1.12969
-0.504877 -0.839729 -0.199884   3.73769
        0         0         0         1
20	44	50
-0.453456  0.326136 -0.841866   3.35067
-0.769911 -0.631723  0.169971   3.64323
-0.471531  0.717835  0.532068  0.782763
        0         0         0         1
16	44	50
 0.152523  0.903093  0.401565  -1.29474
-0.987606  0.123523 0.0973177   3.83436
0.0382828 -0.411412  0.910697  0.380267
        0         0         0         1
17	44	50
 0.404362 -0.793651  0.454556  0.597181
-0.628762  0.119706  0.768336    1.4095
  -0.6642 -0.596491 -0.450611   4.76645
        0         0         0         1
18	44	50
 -0.49403  0.302079 -0.815355   3.04362
-0.809159 -0.503009  0.303917   3.34765
-0.318305  0.809847  0.492901  0.620848
        0         0         0         1
21	44	50
-0.496278  0.390009 -0.777441    3.5437
-0.772078 -0.609706  0.186991   3.55601
-0.400519  0.692072  0.602854  0.725978
        0         0         0         1
19	44	50
-0.490813  0.370327 -0.788798   2.97333
-0.801295 -0.547577  0.241512   3.47605
-0.342448  0.750506  0.565431  0.613436
        0         0         0         1
23	45	50
   0.967505 -0.00075393    0.253983   -0.496746
   0.065307    0.967389   -0.245902   0.0658455
  -0.245445    0.254425    0.935734    0.475658
          0           0           0           1
16	47	50
  0.900267 -0.0388551   0.433671   -1.28969
  0.222116   0.897674  -0.380666    1.09755
 -0.374494   0.439014   0.816752   -0.57476
         0          0          0          1
21	47	50
 -0.114763  -0.157462   0.981033  -0.734251
  0.484779   0.853159   0.193647   -1.02193
   -0.8673   0.497711 -0.0215727     2.3306
         0          0          0          1
20	47	50
-0.978112  0.015947  0.210166   1.17672
 0.136296  0.808877  0.572948   -1.1889
-0.160771   0.58872 -0.792899   2.60536
        0         0         0         1
22	47	50
  0.948177 -0.0220579   0.319578 -0.0117222
  0.122822    0.94718  -0.299033   0.585002
 -0.295858    0.32252   0.900059  -0.400426
         0          0          0          1
17	48	50
-0.124184  0.964247  0.244085 -0.450306
  0.31624 -0.194941  0.931001 -0.126196
 0.943049  0.192346 -0.280058    1.8241
        0         0         0         1
22	48	50
 0.722793  0.159474 -0.672412   2.11899
 0.606516  0.319969  0.727846 -0.211778
 0.331223  -0.93391  0.134549   2.30838
        0         0         0         1
23	49	50
  0.88833 0.0992521 -0.448351   1.27299
 0.405097  0.290424   0.86692 -0.749631
 0.216256 -0.951736  0.217786   2.32557
        0         0         0         1
17	49	50
-0.487523  0.763189  0.425595 -0.169646
0.0172176 -0.478866   0.87844   1.02388
 0.873666  0.435312  0.220179  0.232143
        0         0         0         1
21	49	50
 0.781283  0.595692 -0.233721 -0.185692
 0.085471  0.268407   0.96981 -0.407958
 0.634169 -0.770056  0.157233    2.3958
        0         0         0         1
22	49	50
 0.883524 -0.138612 -0.448299   1.73395
 0.467468   0.17706  0.866558 -0.286307
-0.0407234   -0.9748  0.221144    3.2055
        0         0         0         1
29	30	50
   0.82759   0.127562   0.547568 0.00641249
-0.00221767   0.975145   -0.22382   0.109525
 -0.562226   0.183924   0.806897   0.860871
        -0          0         -0          1
24	25	50
  0.836311   0.271103  -0.476857    1.55995
 -0.189654   0.958749   0.212453  0.0382439
  0.514704 -0.0872252   0.853098  -0.350922
         0          0          0          1
30	31	50
 0.605658  0.521009 -0.601516 0.0644596
-0.572393  0.810365  0.125572    1.0559
 0.552845  0.268238   0.78899  -1.55856
       -0         0         0         1
28	29	50
 0.752223 -0.221458  0.620844  0.283873
-0.129995  0.873686  0.469151  0.427278
-0.646213 -0.433541  0.628315   1.45971
        0         0         0         1
27	28	50
 0.914048  0.256663   0.31481  -0.20771
-0.230727  0.966109 -0.117748 -0.448839
-0.334285 0.0349836   0.94207   1.51578
       -0         0        -0         1
29	31	50
  0.910669   0.332206  -0.246846  0.0521146
 -0.361503   0.928956 -0.0834714   0.721829
  0.201519     0.1652    0.96577  -0.659064
        -0          0          0          1
26	28	50
 0.697397  0.283267  -0.65854  0.177132
 0.520617  0.431474  0.736931 -0.621423
 0.492822 -0.856662  0.153413   2.81448
        0         0         0         1
28	30	50
   0.27485 -0.0248333   0.961359   0.615108
 -0.353804   0.927115     0.1251   0.673562
 -0.894231  -0.374447   0.245986    2.11709
         0          0          0          1
27	29	50
 0.0160837  -0.877541   0.479406    3.00566
  0.985979 -0.0659629  -0.153823 -0.0225747
  0.166595   0.475118   0.864104  -0.636324
         0          0          0          1
26	29	50
   0.933995    0.307901    0.181609   -0.795707
   -0.17096  -0.0614573    0.983426    0.827651
   0.313939     -0.9495 -0.00476223     2.83914
          0           0           0           1
28	31	50
 0.882392  0.134284  0.451329 -0.544575
-0.332619  0.856312  0.395524  0.546526
 -0.33331 -0.499041   0.80013  0.991043
        0         0         0         1
27	30	50
-0.0057889  -0.076055   0.997519    1.33495
-0.0846704   0.993994  0.0752943   -0.63215
 -0.996824 -0.0839877 -0.0121885    2.93325
         0          0          0          1
26	30	50
 0.849915 0.0596948  0.525578  -0.26202
-0.528454  0.139232  0.838751   1.21777
-0.023084 -0.989547   0.14972   3.64726
        0         0         0         1
25	29	50
 0.178936 -0.885969 -0.430588   3.41157
 0.471712 -0.307127  0.827964  0.324556
-0.864775 -0.350851  0.362537   3.51172
        0         0         0         1
29	33	50
  0.513013  -0.496578   0.700426   0.738145
  0.776804 -0.0791193  -0.625047    1.83106
  0.365734   0.864592   0.345091  -0.937466
        -0          0          0          1
30	33	50
 0.509299 -0.807702  0.300664   1.51279
  0.68958  0.172411 -0.704926   2.00108
 0.516973  0.565738  0.644087  -1.30295
       -0         0         0         1
31	33	50
-0.934891 -0.158806  0.317571   1.94812
 0.329894 -0.719264  0.611492   1.13034
 0.131302  0.676412   0.72479 -0.887114
       -0         0         0         1
27	31	50
 0.763421 0.0456303  0.645202  0.317342
-0.159686  0.980498  0.119602 -0.275011
-0.626793 -0.194222  0.755374   1.58035
        0         0         0         1
26	31	50
 -0.251515   0.889696   0.381893  -0.125084
 -0.130168   -0.42206   0.897542    1.26425
  0.959404   0.175977   0.221892 -0.0947609
        -0          0          0          1
25	30	50
  0.372064  -0.927554 -0.0777869    3.08393
-0.0943408  -0.120917   0.990616      1.244
 -0.926017  -0.360363  -0.132176    3.54183
         0          0          0          1
30	34	50
-0.817918 -0.376745  0.434917   2.18716
-0.153566 -0.585537 -0.796018   3.16998
 0.554533 -0.717837   0.42105  0.996671
        0         0         0         1
24	29	50
   1.00075 -0.0482198  0.0498329   0.593044
-0.0536908 -0.0826021   0.998304   0.936035
-0.0438831  -0.998582 -0.0849856    3.36576
         0          0          0          1
27	32	50
  0.991124 -0.0156453   0.132406  -0.173009
0.00364066   0.995948  0.0904325  -0.202105
 -0.133278  -0.089143   0.987114   0.290221
         0          0          0          1
26	33	50
  0.846507   0.299577  -0.441179    1.06713
  -0.24392   0.953546   0.179474   0.198476
  0.474225 -0.0442917   0.879835   0.225657
         0          0          0          1
24	30	50
  0.818077  -0.320455   0.477587   0.840147
 -0.478426  0.0817035   0.874337   0.736891
 -0.319201   -0.94375 -0.0864728    3.71502
         0          0          0          1
29	35	50
  0.836805   0.160589   0.523426 -0.0313977
-0.0646074   0.978304  -0.196859  -0.341308
 -0.543682   0.130915   0.829022     0.4092
        -0          0         -0          1
28	34	50
-0.894749  0.119914  0.431412   2.15368
-0.371539 -0.736849 -0.565759   3.23595
  0.24991 -0.666142  0.703471  0.101246
        0         0         0         1
30	35	50
  0.143254   0.967065  -0.211537  -0.259245
 -0.666439 -0.0638362  -0.743147      2.946
 -0.731998   0.247375   0.635192   0.497658
        -0          0          0          1
24	31	50
  0.479512   0.866857   0.139126   0.182568
-0.0554866  -0.128286   0.990552   0.855178
  0.876195  -0.482526 -0.0134108    1.18233
         0          0          0          1
25	33	50
-0.750432 -0.367811  0.549178   2.43028
 0.293257  0.559345  0.775347 -0.698005
-0.592352  0.742884 -0.311883   2.17384
        0         0         0         1
28	35	50
-0.876264  0.324027  0.358349   1.78428
-0.474549 -0.716479 -0.512549   3.62324
0.0906136 -0.618797  0.781106  0.776533
        0         0         0         1
26	35	50
 0.832162  0.104125  0.544831 -0.124791
-0.552415 0.0666575  0.831006    1.1086
0.0502072 -0.992418  0.112981   3.61092
        0         0        -0         1
29	36	50
-0.164291   0.91562  0.367266   0.10145
-0.865984 0.0444992 -0.498325   2.59214
-0.472563 -0.399869  0.785509   1.34536
        0        -0         0         1
30	36	50
  0.894657   0.302132  -0.329297  -0.363415
 -0.270426    0.95267   0.139367  -0.127845
  0.355795 -0.0356332   0.933955  -0.883831
         0          0          0          1
31	36	50
   0.904783 -0.00855542    0.426739   -0.501496
 -0.0803161    0.978925    0.189915   -0.516116
  -0.419201   -0.206022    0.884669     1.22189
         -0          -0          -0           1
28	36	50
 0.690572 -0.243446   0.68134  0.197848
-0.157345  0.868799  0.469904 -0.394179
-0.706209 -0.431626  0.561556   1.87792
        0         0         0         1
29	37	50
 -0.279246   0.831097   0.481632   -0.49462
 -0.911337 -0.0707114  -0.406367    2.93405
 -0.303572   -0.55222   0.776895     1.3313
        -0         -0          0          1
27	36	50
  0.334583 -0.0213894   0.962697   0.610994
 -0.476896   0.881708   0.185334 -0.0184276
 -0.836547  -0.511195   0.279382    3.28397
         0          0          0          1
24	33	50
 -0.315958  -0.528923    0.78783     1.8709
  0.318725   0.722959   0.613195   -0.53857
 -0.893785   0.444786 -0.0598363    2.42403
         0          0          0          1
30	37	50
 -0.296717   0.954537 -0.0412456  -0.280035
 -0.865052  -0.286735  -0.412735    3.24111
 -0.405618 -0.0867476   0.910402  0.0422019
         0         -0          0          1
31	37	50
 0.949012 0.0621755  0.310203  -0.64575
-0.136909  0.964959   0.22544 -0.817616
-0.285214 -0.256323   0.92394  0.902259
        0        -0         0         1
28	37	50
 0.813994 -0.150173  0.561733 -0.310275
-0.214149  0.821045  0.529816 -0.711721
-0.540588 -0.551374   0.63595   1.97129
        0         0         0         1
25	36	50
 -0.185502  -0.864454  -0.468816    3.66308
  0.307322  -0.504149   0.808003    1.19262
 -0.934144 0.00580481   0.358921    2.87257
        -0          0         -0          1
27	37	50
 0.599371 -0.263302  0.756163  0.653478
0.0216917  0.949546  0.313445  -1.50983
  -0.8004 -0.171437   0.57474   2.32074
        0         0         0         1
29	38	50
    0.73562   -0.233459    0.635963 -0.00531604
   0.137573    0.970706     0.19721    -1.06782
  -0.663344  -0.0575781    0.746156     1.07272
         -0          -0          -0           1
30	38	50
-0.467934   0.81516  0.341479  0.213723
-0.813626 -0.548212  0.193736    3.5429
 0.345119 -0.187175  0.919737 -0.849186
        0         0         0         1
25	37	50
  0.938238   0.330108   0.106649  -0.626594
-0.0965785 -0.0468152   0.994543   0.371875
  0.333194  -0.943118 -0.0120382    3.70656
         0          0          0          1
31	38	50
 0.852787  0.353802  -0.38432  0.259409
-0.160116  0.877382  0.452424 -0.339219
 0.497233 -0.324266  0.804819 -0.352072
        0         0         0         1
25	38	50
  0.545151    0.83011  -0.125308 -0.0558482
  0.511908  -0.210272   0.834093  -0.393721
  0.665383  -0.518341  -0.539038    3.00176
         0          0          0          1
29	39	50
0.0155269 -0.777226  0.629423   1.26748
 0.909375 -0.251046  -0.33243   1.08325
 0.416284  0.577399  0.702718  -1.28598
       -0         0         0         1
26	39	50
-0.0775834 -0.754902   0.65168   1.06978
 0.327551  0.598098  0.731829 -0.771277
-0.941953  0.270157  0.200808   2.49029
       -0        -0         0         1
30	39	50
 -0.294602  -0.955597  0.0142104     2.5603
  0.949229  -0.294302  -0.111848    1.06495
  0.111055 -0.0194602   0.993703  -0.941607
         0          0          0          1
28	39	50
 0.656964  0.731278  0.183748 -0.438107
-0.561317   0.63705 -0.528415   2.20946
-0.503442  0.243992  0.828943 -0.240641
        0         0         0         1
24	36	50
 -0.178095   0.874273   0.451585   0.581683
 -0.430838  -0.481876   0.763003    2.33085
  0.884681 -0.0586722    0.46249    0.35876
         0          0          0          1
25	39	50
 -0.544924  -0.638373   0.544003    2.43486
   0.34376   0.421752   0.839259  -0.636519
 -0.765041    0.64421 -0.0103745    2.12145
         0          0          0          1
24	37	50
   0.997402   0.0864138 -0.00966547    0.998434
  0.0245344    -0.17292    0.985834    0.682403
  0.0834192   -0.982346   -0.174385     4.18176
          0           0           0           1
26	40	50
  0.87179 -0.125564  0.473652  -1.11382
 -0.48995 -0.238745  0.838499   1.09871
0.00779601 -0.962997 -0.269638   3.33086
        0         0         0         1
29	40	50
  0.871767 -0.0541884   0.486974   -1.06874
-0.0505969   0.978625   0.199474   0.423726
  -0.48736  -0.198529   0.850367   0.652646
        -0         -0         -0          1
30	40	50
  0.996263  0.0643797 -0.0585864  -0.611691
-0.0346438   0.910739   0.411673 -0.0101863
 0.0798559   -0.40808   0.909512   -0.72032
         0          0          0          1
25	40	50
-0.923544  0.219686 -0.314464    3.2532
  -0.2218  0.363055  0.905031  0.120643
 0.312977  0.905546 -0.286559  0.930704
       -0         0        -0         1
29	41	50
 0.612005 -0.507895  0.606371  0.427783
 0.724753   0.05298  -0.68711   1.50933
 0.316824  0.859901  0.400484  -1.06448
       -0         0         0         1
30	41	50
  0.56733 -0.801534  0.189221    1.1889
 0.592938  0.238066 -0.769333   1.63371
 0.571563  0.548628  0.610284  -1.63483
       -0         0         0         1
26	41	50
-0.879042 -0.285514  0.383071    2.2613
 0.193611  0.520484  0.832217 -0.782374
-0.436778  0.805329 -0.402053   2.33218
        0         0         0         1
25	41	50
  0.830501   0.349582  -0.434261    1.15723
  -0.28725   0.936111   0.204221   0.570612
  0.477783 -0.0448529    0.87763  -0.152538
         0          0          0          1
31	41	50
-0.525444  0.702464  -0.48014   2.14071
-0.845287 -0.495517  0.200082   2.91821
-0.0973623  0.510968  0.854115 -0.649796
        0         0         0         1
28	41	50
-0.486757  0.106238   0.86728   1.03459
 0.777093 -0.401262  0.485293  0.217882
 0.399484  0.909998  0.112738  -1.35317
        0         0         0         1
26	42	50
  0.985516 -0.0679173   0.155432  -0.331994
  0.025391   0.965089   0.260717  -0.319055
 -0.167711  -0.252992   0.952828     1.4484
        -0         -0         -0          1
29	42	50
-0.225705 -0.639761  0.734686   1.72298
 0.876883 -0.461971 -0.132891  0.901788
 0.424423  0.614239  0.665264  -1.33038
       -0         0         0         1
30	42	50
 -0.797417  -0.339675  -0.498771    3.42685
-0.0582801  -0.779329   0.623918    1.63055
 -0.600629   0.526586   0.601647 -0.0715017
        -0          0          0          1
25	42	50
  0.832265    0.32828  -0.447519   0.456699
 -0.252448   0.942244   0.221704   0.314101
  0.494278 -0.0715155   0.866764   0.291064
         0          0          0          1
24	41	50
-0.739065   0.39025 -0.549079   3.38851
-0.239397  0.609733  0.755589   0.10017
  0.62966  0.689877 -0.357208  0.861329
        0         0         0         1
29	43	50
-0.0561425   0.941835   0.331447   -0.01147
 -0.116157   0.323555  -0.939086    2.33991
 -0.991674 -0.0912196  0.0912329    2.05251
         0         -0          0          1
30	43	50
 0.308149  0.951104 -0.021215 -0.137598
-0.228923  0.052487 -0.972031   3.08281
-0.923386  0.304385  0.233903   1.12893
        0         0         0         1
25	43	50
 0.567409 -0.467419  0.678131  0.126762
-0.710604  0.138496  0.690041    1.1187
-0.416395 -0.873289 -0.253529   4.02861
        0         0        -0         1
27	43	50
-0.453074 -0.427252  0.800171   1.67881
 0.196204  0.827099  0.552725 -0.899661
-0.885619  0.401817 -0.286906   2.91879
        0         0         0         1
31	43	50
 0.274105 -0.628763  0.727862   0.21941
 0.359577  0.768951  0.528845 -0.896378
-0.892093  0.116748  0.436806   1.55313
       -0        -0         0         1
28	43	50
-0.0657177  -0.432304   0.900134   0.567619
 -0.100076    0.90039   0.425121  0.0609968
 -0.993535 -0.0620983  -0.102361    2.27607
         0          0          0          1
26	44	50
-0.302178  0.884231 -0.356534   1.59245
-0.952773 -0.266452  0.146696   3.75759
0.0347076  0.383969  0.922852 -0.215802
        0         0         0         1
29	44	50
 0.546559  0.018425  0.837334 -0.322587
 0.254222  0.949033 -0.186824 0.0537224
-0.798023  0.314949  0.513968   1.64245
       -0         0         0         1
25	44	50
 0.508942 -0.160912  0.845862 -0.774542
 -0.76463  0.367294  0.529938   1.80112
-0.395875 -0.916298 0.0638807   4.11884
        0         0         0         1
30	44	50
  0.832772  -0.492058   0.254281 -0.0766673
  0.398674   0.851262   0.341613    -1.1358
 -0.384499  -0.183084   0.904948   0.509192
         0          0          0          1
27	44	50
-0.413214 -0.227895  0.881758   1.47334
 0.251505  0.902064  0.351005  -1.44823
-0.875317  0.366774 -0.315401   3.97313
        0         0         0         1
28	44	50
 -0.186282  -0.581013    0.79266    1.32665
  0.182473   0.772299   0.608971   -0.90921
 -0.965707   0.258004 -0.0378352    2.64471
         0          0          0          1
31	44	50
-0.712334  0.405827 -0.572988   2.96001
0.0667204 -0.773411 -0.630724   2.95598
 -0.69897 -0.487411  0.523737   2.53795
        0         0         0         1
28	46	50
 0.631065  0.602311  0.490103  -1.39728
 0.548944  0.100642 -0.830515   1.66932
-0.549217  0.792664  -0.26696   1.07949
        0         0         0         1
29	47	50
0.0646106 -0.136533  0.988539 0.0560612
 0.896683 -0.426808 -0.117556   1.39401
 0.437961  0.893991 0.0948498 -0.951331
       -0         0         0         1
26	47	50
 0.990976 0.0305281 -0.130827  0.414148
-0.0661746  0.958458 -0.277598  0.708425
 0.116912  0.283739   0.95179  -0.58208
        0         0         0         1
30	47	50
-0.183527 -0.614355  0.767487  0.773318
 0.959863 -0.280696 0.0048386  0.761145
 0.212442  0.737515  0.641163  -1.98279
        0         0         0         1
26	48	50
 0.222565 -0.919044 -0.325782   3.31161
 0.929085 0.0984643  0.356953  0.524532
-0.295931 -0.382066  0.875649   1.05014
        0        -0         0         1
30	48	50
-0.232478 -0.745687 -0.628725   3.60273
 0.407023  0.513203 -0.759175   2.50164
 0.886385 -0.431236  0.183709   1.05249
        0         0         0         1
31	48	50
 -0.32335   0.48291  0.813783 -0.388368
-0.665054 -0.727746  0.167601   2.06277
 0.673164 -0.487015  0.556478  0.517481
        0         0         0         1
28	48	50
    0.95954   -0.188264   -0.212086     1.05627
   0.185263    0.982677  -0.0341178   -0.025605
   0.214712 -0.00655042    0.977239   -0.355832
          0           0           0           1
27	48	50
 0.806246 -0.525465  0.272836   1.96855
 0.527042  0.426916 -0.735225   1.51776
 0.269778  0.736352   0.62096 -0.534083
        0         0         0         1
29	49	50
  -0.262499    0.933517    0.244328    -0.11505
  -0.963039   -0.269415 -0.00529146     2.14082
  0.0608846    -0.23668    0.969707   0.0365104
          0           0           0           1
30	49	50
 -0.547388   0.830051  -0.108408   0.444935
 -0.832572  -0.553297 -0.0325181    2.85158
-0.0869574  0.0724441   0.993761  -0.586999
        -0          0         -0          1
28	49	50
-0.227578  0.476668  0.849114 0.0464504
-0.611954 -0.748296  0.256056   2.60761
 0.757444 -0.461346  0.461995  0.334225
        0         0         0         1
27	49	50
-0.0883447  0.112966  0.989664  0.759332
-0.731729 -0.681481 0.0124685   2.37179
 0.675846 -0.723064  0.142866   1.91286
        0         0         0         1
31	49	50
-0.532041   0.53936  0.652705  0.349184
-0.710207 -0.703986  0.002824   2.70771
 0.461018 -0.462054  0.757607  0.555723
        0         0         0         1
36	37	50
  0.988001   0.127198 -0.0940911   -0.37917
 -0.121396   0.991064  0.0650704  -0.357327
  0.101467 -0.0528355   0.994028  -0.405602
         0          0          0          1
34	35	50
   0.97937   0.125572   0.159872  -0.838398
  -0.07044   0.947497  -0.312699 -0.0518588
 -0.190698   0.294914   0.936564  -0.260848
         0          0          0          1
35	36	50
  0.933691   0.180534  -0.311621   0.285249
 -0.171616    0.98432  0.0560534   0.287302
   0.31662 0.00114109   0.949331  -0.077154
        -0          0          0          1
35	37	50
  0.846039   0.386691  -0.367459 -0.0500886
 -0.335514   0.921369   0.197103 -0.0488958
  0.414713 -0.0434617     0.9091  -0.531085
         0          0          0          1
36	38	50
 0.583232  0.373057 -0.721632   1.51058
-0.256914  0.927464  0.271822 0.0451039
 0.770661 0.0268617  0.636744  -1.23504
       -0         0         0         1
34	36	50
-0.865963  0.141009 -0.480111   2.84987
 0.351627 -0.511266 -0.784378   2.41935
-0.356019 -0.847942  0.393099   2.92679
        0         0         0         1
37	39	50
-0.980235 -0.147051  0.132858   2.77766
  0.17081 -0.966862  0.190097   2.59369
 0.100495   0.20902  0.972804 -0.633597
       -0         0         0         1
36	39	50
-0.0498204 -0.82735 0.559605    1.727
0.906896 -0.27227  -0.3218  1.10218
0.418574 0.491435  0.76383 -1.37682
      -0        0        0        1
35	38	50
 -0.869822  -0.468283  -0.156761    3.26744
  0.205478 -0.0544868  -0.977376    2.94285
  0.449045  -0.882155   0.143583    1.31455
         0          0         -0          1
34	37	50
  0.855689   0.487425  -0.176375  -0.451145
 -0.503677   0.862281 -0.0606293  0.0950281
  0.122478   0.140653   0.982909  -0.379556
         0          0          0          1
33	36	50
 -0.552721  -0.829466 -0.0871136     3.7031
  0.686306  -0.392954  -0.612922    1.65878
  0.473905  -0.398342   0.786028   0.913501
         0          0          0          1
37	40	50
0.0941283 -0.787118 -0.609883   2.74596
  0.99494 0.0989942 0.0257961  0.033979
0.0400631 -0.609113  0.792306  0.364648
        0         0        -0         1
39	40	50
  0.995129 -0.0913613  0.0511526  -0.471951
 0.0958697   0.991566 -0.0940831  -0.280755
-0.0420995  0.0984675   0.994875   0.297371
         0          0          0          1
36	40	50
  0.907611 -0.0240262   0.419257  -0.821247
-0.0539031   0.983494    0.17305   0.760797
 -0.416471  -0.179651   0.891285   0.482877
        -0         -0         -0          1
35	39	50
 0.465236  0.224183 -0.856351   1.55042
-0.883044 0.0499239 -0.466668   3.02406
-0.0618663  0.973288  0.221185 -0.605809
        0         0         0         1
35	40	50
   0.81152  -0.578808 -0.0802556    1.20843
  0.176559   0.373801  -0.910563    2.29471
  0.557034   0.724761   0.405536   -1.00778
        -0          0          0          1
37	41	50
-0.694267  0.485453  -0.53262   2.26698
-0.646733 -0.745985  0.163089   3.61692
 -0.31794   0.45738  0.831308 -0.109517
        0         0         0         1
36	41	50
 0.187467 -0.666921  0.721259  0.938301
 0.880578  -0.21137 -0.424321   1.35644
  0.43541   0.71462  0.547612  -1.29858
       -0         0         0         1
39	41	50
 0.969823  0.144443 -0.198792 -0.138032
   -0.176  0.973136 -0.151551  0.512701
  0.17148   0.18188  0.968738 -0.492439
       -0         0         0         1
34	39	50
-0.116976 -0.934234  0.337013   2.62933
 0.858024  -0.26596 -0.439451  0.950262
 0.500168  0.237753  0.832683 -0.662627
        0         0         0         1
33	38	50
   0.19605   0.647514   0.736655    -1.8612
 -0.941387 -0.0865434   0.326608    2.45572
  0.275185  -0.757368   0.592484    1.83488
         0          0          0          1
35	41	50
-0.723784 -0.680246  0.119086   2.79515
 0.668242 -0.646338  0.369432  0.833377
-0.174267  0.346832  0.922019  -0.66126
        0         0         0         1
33	39	50
 0.868115 -0.373273  0.327576  0.342709
 0.250751  0.898872  0.359744 -0.434608
-0.428675 -0.230129  0.873808  0.751209
        0         0         0         1
36	42	50
  0.985069  -0.161564  0.0597282 0.00791948
 0.0876553   0.171677  -0.981262    2.41143
   0.14828   0.971831   0.183273  -0.908369
        -0          0          0          1
37	42	50
 0.974042  0.175678 -0.145337 0.0150373
-0.165481  0.106043 -0.980874   3.61519
-0.156848  0.979099  0.132313 0.0825392
        0         0         0         1
35	42	50
   0.634939 -0.00931963   -0.772527     1.56536
  -0.771417   0.0472746   -0.634597     3.38692
  0.0424342    0.998855    0.022827   -0.383761
         -0           0           0           1
32	40	50
 0.919486  0.232353 -0.317603 -0.375347
-0.0947649  0.914188  0.394453 0.0639019
 0.381941 -0.332545  0.862467  0.327784
        0         0         0         1
33	41	50
  0.995639  0.0646988 -0.0735356  -0.370251
-0.0569685   0.993518   0.102808  0.0994696
 0.0796758 -0.0981263   0.992428  -0.127654
         0          0          0          1
34	42	50
  0.997004   0.023038  0.0766873  -0.155464
-0.0263982   0.998936  0.0431067    0.11814
 -0.075596 -0.0449921   0.996338  -0.107721
         0         -0          0          1
37	43	50
 0.535668 -0.431126   0.72614 -0.183617
 0.425764  0.880491  0.208685  0.281873
-0.729296  0.197369   0.65518   1.00524
       -0        -0         0         1
36	43	50
 0.640088 -0.338893  0.689604 -0.367293
 0.319607  0.933634  0.162159  0.134794
-0.698752    0.1166  0.705881  0.683248
       -0        -0         0         1
35	43	50
  0.846537  -0.126698   0.517423  0.0690087
  0.098323   0.991972  0.0820353   0.140209
 -0.523557 -0.0185676   0.852026   0.637994
        -0         -0         -0          1
33	42	50
  0.928661  -0.214986   0.302825  -0.553752
  0.198824   0.976632  0.0836188  -0.489641
 -0.313673 -0.0174418   0.949546   0.841245
        -0         -0         -0          1
34	43	50
  0.789006 -0.0111523   0.614366   -0.64679
  0.194587    0.95296  -0.232602   0.119145
 -0.582843   0.303056   0.754024   0.449886
         0          0          0          1
37	44	50
  0.493414 -0.0957699   0.864525  -0.662531
   0.39962   0.907786  -0.127515   0.402249
 -0.772578   0.408393   0.486178    1.78602
         0          0          0          1
36	44	50
-0.218103  0.866823 -0.448385   1.43561
0.0560336 -0.447565 -0.892494   3.85864
-0.974316  -0.21978 0.0490437   3.49948
        0         0         0         1
39	44	50
 0.146052 -0.973014  0.179067    1.5056
-0.224224  0.143744  0.963958 -0.189752
-0.963611 -0.180926 -0.197164   4.35906
        0         0         0         1
35	44	50
 0.024441 -0.155781 -0.987506   3.26353
 0.592651 -0.793255  0.139805  0.909811
 -0.80511 -0.588654 0.0729343   3.55059
        0         0         0         1
38	44	50
-0.351986 0.0930498   0.93142  0.406151
 0.322615  0.946184 0.0273926 -0.670773
-0.878704  0.310118 -0.363046   3.94639
        0         0         0         1
38	45	50
 -0.68369 0.0242714  0.732693   1.34906
  0.47465  0.778185  0.417128  -1.23934
-0.558691  0.631426 -0.542241   2.47941
        0         0         0         1
33	44	50
 0.191672 -0.141602  0.971358  -0.34618
  0.47427  0.879881 0.0346818 -0.903525
 -0.85945  0.453964  0.235768    2.6373
        0         0         0         1
39	47	50
 0.879131 0.0572846 -0.473638  0.554551
-0.361293  0.728455   -0.5825   1.41694
  0.31158  0.683049  0.660944 -0.980936
        0         0         0         1
35	47	50
-0.243587  -0.54923  0.800038  0.604316
 0.947723 -0.311993 0.0743683  0.623542
 0.208652  0.775923  0.596202   -1.7511
        0         0         0         1
33	47	50
   0.99932 -0.0101965  0.0379945   -0.40042
 0.0259211   0.897253  -0.440969    0.78247
 -0.029591   0.441612   0.896822  -0.867377
         0          0          0          1
36	48	50
  0.429277  -0.557269  -0.710754    2.94431
 0.0874665   0.808905  -0.581396    1.95212
  0.898927   0.187413   0.395987 -0.0750469
         0          0          0          1
37	48	50
 0.695104 -0.318037 -0.644735   2.27044
 -0.13314  0.824361 -0.550185   2.20089
 0.706474  0.468275  0.530674 -0.232541
        0         0         0         1
35	48	50
 0.202914  0.221009 -0.954231   2.64761
-0.445861  0.888518   0.11098  0.261344
 0.872128   0.40282  0.278752 -0.160265
        0         0         0         1
34	48	50
  0.374229   0.115271  -0.920355    2.60672
 -0.477667   0.874673 -0.0846767   0.157919
  0.795094   0.471221   0.382315  -0.322911
         0          0          0          1
39	48	50
  0.653169  -0.325015  -0.683912    2.34285
  0.655001   0.695687   0.294947 -0.0811728
  0.379927  -0.640613   0.667286    0.79341
         0          0          0          1
33	48	50
-0.694909  0.106142  0.711837 -0.719171
 0.494925 -0.647918  0.579766  0.981672
 0.522521   0.75486  0.397537  -0.22972
        0         0         0         1
35	49	50
 0.563345  0.391249 -0.727927   1.20165
-0.510827  0.857366 0.0654892   0.43075
 0.649622    0.3349  0.682748 -0.768761
        0         0         0         1
37	49	50
 0.910056  0.233674 -0.342889  0.413604
-0.309816  0.932465 -0.186815  0.947939
 0.276027  0.276192  0.920817 -0.432014
        0         0         0         1
38	49	50
  0.902326   0.154758   0.404236   0.608163
-0.0415097   0.961254  -0.275348   0.537812
 -0.430852   0.231495   0.873112 -0.0290402
         0          0          0          1
44	45	50
 0.897443 0.0962512   0.43054   -0.1342
0.0851008  0.919827 -0.383025  0.618125
-0.432882  0.380376  0.817288  0.515864
       -0         0         0         1
43	44	50
  0.99373  0.072835 0.0854632 -0.934436
-0.0346987  0.923068 -0.383211  0.259294
-0.106794  0.377822  0.919758  0.124679
        0         0         0         1
40	41	50
  0.868091   -0.27968   0.410713   0.461562
  0.317619   0.948127 -0.0256889  -0.573018
 -0.382131   0.152713    0.91167   0.607416
         0          0          0          1
41	42	50
 0.676312 -0.456772  0.577928  0.665048
 0.439853  0.879748  0.180587  -0.84842
-0.590907  0.132068   0.79588   1.17579
       -0        -0         0         1
42	43	50
  0.877048  -0.278903   0.391843    0.12996
  0.308976   0.951244 -0.0145013  -0.641188
 -0.368594   0.133752   0.920212   0.348754
         0          0          0          1
44	47	50
  0.127333  -0.899693   0.418338    2.71995
  0.878821 -0.0935154  -0.468611    1.24309
  0.460573   0.427172   0.778501  -0.935185
        -0          0          0          1
48	49	50
 0.928709 0.0575644  0.374467 -0.933699
-0.181714  0.937579  0.306537 -0.381774
-0.332444 -0.351669  0.878549   1.50038
        0         0         0         1
40	42	50
-0.856082 -0.301108 -0.420237   3.95896
 0.189724 -0.939195  0.286456   1.47183
-0.480905  0.165489  0.861095  0.967334
       -0         0        -0         1
41	44	50
 0.232435  0.817501  0.527054 -0.725518
-0.963881  0.266286 0.0120486   2.63825
 -0.13049 -0.510787  0.849817   1.61849
        0         0         0         1
40	44	50
 0.868755 -0.173005  0.465042  -1.00195
 0.360108  0.864916  -0.35096 -0.285273
-0.341345  0.472144  0.813321  0.532112
        0         0         0         1
43	48	50
-0.238884  0.141342 -0.961229   2.60627
-0.500975  0.830197  0.246576 -0.165266
 0.832444  0.540184 -0.127448  0.612885
        0         0         0         1
42	47	50
 0.593541 -0.119455  0.795989 -0.779814
 0.475864  0.849729 -0.227315 -0.137346
 -0.64917  0.513662  0.561149   0.36976
        0         0         0         1
41	47	50
 -0.94636 0.0745996 -0.314523   2.83346
-0.153706  0.752154  0.640879  -1.08861
 0.284367  0.654817 -0.700312   1.71532
        0         0         0         1
41	48	50
  0.69301  0.123331 -0.713942   2.54066
 0.549031  0.555247  0.628851  -0.79449
 0.472747 -0.825637   0.31626    2.0702
        0         0         0         1
42	49	50
 0.745951 -0.464576 -0.477511   2.15712
 0.654282  0.375757  0.656517 -0.668775
-0.125556  -0.80204  0.584175   2.25084
        0         0         0         1
41	49	50
-0.909786 -0.240948  0.338079   1.74608
 0.396528 -0.745528   0.53574   1.47715
 0.122958  0.621446  0.773789 -0.407968
        0         0         0         1
